{"uid":"1536c150b9882075","name":"잘못된 ID,PW 입력 시 로그인이 실패하는지 확인","fullName":"src.tests.ui_tests.test_ui_login#test_login","historyId":"98e8f149c7227721782a965f730ba74a","time":{"start":1759277639240,"stop":1759277642262,"duration":3022},"status":"failed","statusMessage":"Failed: ❌ 로그인 실패 :Message: no such element: Unable to locate element: {\"method\":\"xpath\",\"selector\":\"//a[contains(text(),'로그인')]\"}\n  (Session info: chrome=140.0.7339.185); For documentation on this error, please visit: https://www.selenium.dev/documentation/webdriver/troubleshooting/errors#no-such-element-exception\nStacktrace:\n#0 0x5592076aefba <unknown>\n#1 0x5592071336d0 <unknown>\n#2 0x5592071852aa <unknown>\n#3 0x559207185541 <unknown>\n#4 0x5592071d36c4 <unknown>\n#5 0x5592071aae5d <unknown>\n#6 0x5592071d0b54 <unknown>\n#7 0x5592071aac03 <unknown>\n#8 0x5592071777a8 <unknown>\n#9 0x559207178421 <unknown>\n#10 0x559207673b28 <unknown>\n#11 0x55920767787f <unknown>\n#12 0x55920765bc49 <unknown>\n#13 0x559207678405 <unknown>\n#14 0x5592076414ff <unknown>\n#15 0x55920769c258 <unknown>\n#16 0x55920769c432 <unknown>\n#17 0x5592076adfa3 <unknown>\n#18 0x7fdbcb49caa4 <unknown>\n#19 0x7fdbcb529c6c <unknown>","statusTrace":"driver = <selenium.webdriver.chrome.webdriver.WebDriver (session=\"3a6c61d002098294aaa7d70ff4f38a4c\")>\n\n    @allure.feature(\"예외 케이스\")\n    @allure.story(\"잘못된 ID,PW 입력\")\n    @allure.title(\"잘못된 ID,PW 입력 시 로그인이 실패하는지 확인\")\n    def test_login(driver):\n        driver.get(URLs.KURLY_MAIN)\n        driver.maximize_window()\n    \n        try:\n>           login_button = driver.find_element(*Buttons.LOGIN_BUTTON)\n\nsrc/tests/ui_tests/test_ui_login.py:16: \n_ _ _ _ _ _ _ _ _ _ _ _ _ _ _ _ _ _ _ _ _ _ _ _ _ _ _ _ _ _ _ _ _ _ _ _ _ _ _ _ \nvenv/lib/python3.11/site-packages/selenium/webdriver/remote/webdriver.py:770: in find_element\n    return self.execute(Command.FIND_ELEMENT, {\"using\": by, \"value\": value})[\"value\"]\nvenv/lib/python3.11/site-packages/selenium/webdriver/remote/webdriver.py:384: in execute\n    self.error_handler.check_response(response)\n_ _ _ _ _ _ _ _ _ _ _ _ _ _ _ _ _ _ _ _ _ _ _ _ _ _ _ _ _ _ _ _ _ _ _ _ _ _ _ _ \n\nself = <selenium.webdriver.remote.errorhandler.ErrorHandler object at 0x7f15df1c7110>\nresponse = {'status': 404, 'value': '{\"value\":{\"error\":\"no such element\",\"message\":\"no such element: Unable to locate element: {\\...\\\\n#17 0x5592076adfa3 \\\\u003Cunknown>\\\\n#18 0x7fdbcb49caa4 \\\\u003Cunknown>\\\\n#19 0x7fdbcb529c6c \\\\u003Cunknown>\\\\n\"}}'}\n\n    def check_response(self, response: Dict[str, Any]) -> None:\n        \"\"\"Checks that a JSON response from the WebDriver does not have an\n        error.\n    \n        :Args:\n         - response - The JSON response from the WebDriver server as a dictionary\n           object.\n    \n        :Raises: If the response contains an error message.\n        \"\"\"\n        status = response.get(\"status\", None)\n        if not status or status == ErrorCode.SUCCESS:\n            return\n        value = None\n        message = response.get(\"message\", \"\")\n        screen: str = response.get(\"screen\", \"\")\n        stacktrace = None\n        if isinstance(status, int):\n            value_json = response.get(\"value\", None)\n            if value_json and isinstance(value_json, str):\n                import json\n    \n                try:\n                    value = json.loads(value_json)\n                    if len(value) == 1:\n                        value = value[\"value\"]\n                    status = value.get(\"error\", None)\n                    if not status:\n                        status = value.get(\"status\", ErrorCode.UNKNOWN_ERROR)\n                        message = value.get(\"value\") or value.get(\"message\")\n                        if not isinstance(message, str):\n                            value = message\n                            message = message.get(\"message\")\n                    else:\n                        message = value.get(\"message\", None)\n                except ValueError:\n                    pass\n    \n        exception_class: Type[WebDriverException]\n        e = ErrorCode()\n        error_codes = [item for item in dir(e) if not item.startswith(\"__\")]\n        for error_code in error_codes:\n            error_info = getattr(ErrorCode, error_code)\n            if isinstance(error_info, list) and status in error_info:\n                exception_class = getattr(ExceptionMapping, error_code, WebDriverException)\n                break\n        else:\n            exception_class = WebDriverException\n    \n        if not value:\n            value = response[\"value\"]\n        if isinstance(value, str):\n            raise exception_class(value)\n        if message == \"\" and \"message\" in value:\n            message = value[\"message\"]\n    \n        screen = None  # type: ignore[assignment]\n        if \"screen\" in value:\n            screen = value[\"screen\"]\n    \n        stacktrace = None\n        st_value = value.get(\"stackTrace\") or value.get(\"stacktrace\")\n        if st_value:\n            if isinstance(st_value, str):\n                stacktrace = st_value.split(\"\\n\")\n            else:\n                stacktrace = []\n                try:\n                    for frame in st_value:\n                        line = frame.get(\"lineNumber\", \"\")\n                        file = frame.get(\"fileName\", \"<anonymous>\")\n                        if line:\n                            file = f\"{file}:{line}\"\n                        meth = frame.get(\"methodName\", \"<anonymous>\")\n                        if \"className\" in frame:\n                            meth = f\"{frame['className']}.{meth}\"\n                        msg = \"    at %s (%s)\"\n                        msg = msg % (meth, file)\n                        stacktrace.append(msg)\n                except TypeError:\n                    pass\n        if exception_class == UnexpectedAlertPresentException:\n            alert_text = None\n            if \"data\" in value:\n                alert_text = value[\"data\"].get(\"text\")\n            elif \"alert\" in value:\n                alert_text = value[\"alert\"].get(\"text\")\n            raise exception_class(message, screen, stacktrace, alert_text)  # type: ignore[call-arg]  # mypy is not smart enough here\n>       raise exception_class(message, screen, stacktrace)\nE       selenium.common.exceptions.NoSuchElementException: Message: no such element: Unable to locate element: {\"method\":\"xpath\",\"selector\":\"//a[contains(text(),'로그인')]\"}\nE         (Session info: chrome=140.0.7339.185); For documentation on this error, please visit: https://www.selenium.dev/documentation/webdriver/troubleshooting/errors#no-such-element-exception\nE       Stacktrace:\nE       #0 0x5592076aefba <unknown>\nE       #1 0x5592071336d0 <unknown>\nE       #2 0x5592071852aa <unknown>\nE       #3 0x559207185541 <unknown>\nE       #4 0x5592071d36c4 <unknown>\nE       #5 0x5592071aae5d <unknown>\nE       #6 0x5592071d0b54 <unknown>\nE       #7 0x5592071aac03 <unknown>\nE       #8 0x5592071777a8 <unknown>\nE       #9 0x559207178421 <unknown>\nE       #10 0x559207673b28 <unknown>\nE       #11 0x55920767787f <unknown>\nE       #12 0x55920765bc49 <unknown>\nE       #13 0x559207678405 <unknown>\nE       #14 0x5592076414ff <unknown>\nE       #15 0x55920769c258 <unknown>\nE       #16 0x55920769c432 <unknown>\nE       #17 0x5592076adfa3 <unknown>\nE       #18 0x7fdbcb49caa4 <unknown>\nE       #19 0x7fdbcb529c6c <unknown>\n\nvenv/lib/python3.11/site-packages/selenium/webdriver/remote/errorhandler.py:232: NoSuchElementException\n\nDuring handling of the above exception, another exception occurred:\n\ndriver = <selenium.webdriver.chrome.webdriver.WebDriver (session=\"3a6c61d002098294aaa7d70ff4f38a4c\")>\n\n    @allure.feature(\"예외 케이스\")\n    @allure.story(\"잘못된 ID,PW 입력\")\n    @allure.title(\"잘못된 ID,PW 입력 시 로그인이 실패하는지 확인\")\n    def test_login(driver):\n        driver.get(URLs.KURLY_MAIN)\n        driver.maximize_window()\n    \n        try:\n            login_button = driver.find_element(*Buttons.LOGIN_BUTTON)\n            login_button.click()\n            time.sleep(2)\n    \n            #아이디 패스워드 입력\n            login_username_input = driver.find_element(*Selectors.LOGIN_USERNAME_INPUT)\n            login_password_input = driver.find_element(*Selectors.LOGIN_PASSWORD_INPUT)\n            login_submit_button = driver.find_element(*Buttons.LOGIN_SUBMIT)\n    \n            login_username_input.clear()\n            login_password_input.clear()\n    \n            login_username_input.send_keys('boksoon8')\n            login_password_input.send_keys('1232133123')\n            time.sleep(3)\n            login_submit_button.click()\n            time.sleep(3)\n    \n            success_case = driver.find_element(By.XPATH, \"//div[@class='css-hj3ig8 e15sbxqa2']\")\n            assert success_case.is_displayed(), f\"❌ 로그인 실패\"\n    \n        except Exception as e:\n            capture_screenshot(driver, \"로그인\", \"screenshots_login_failed\")\n>           pytest.fail(f\"❌ 로그인 실패 :{str(e)}\")\nE           Failed: ❌ 로그인 실패 :Message: no such element: Unable to locate element: {\"method\":\"xpath\",\"selector\":\"//a[contains(text(),'로그인')]\"}\nE             (Session info: chrome=140.0.7339.185); For documentation on this error, please visit: https://www.selenium.dev/documentation/webdriver/troubleshooting/errors#no-such-element-exception\nE           Stacktrace:\nE           #0 0x5592076aefba <unknown>\nE           #1 0x5592071336d0 <unknown>\nE           #2 0x5592071852aa <unknown>\nE           #3 0x559207185541 <unknown>\nE           #4 0x5592071d36c4 <unknown>\nE           #5 0x5592071aae5d <unknown>\nE           #6 0x5592071d0b54 <unknown>\nE           #7 0x5592071aac03 <unknown>\nE           #8 0x5592071777a8 <unknown>\nE           #9 0x559207178421 <unknown>\nE           #10 0x559207673b28 <unknown>\nE           #11 0x55920767787f <unknown>\nE           #12 0x55920765bc49 <unknown>\nE           #13 0x559207678405 <unknown>\nE           #14 0x5592076414ff <unknown>\nE           #15 0x55920769c258 <unknown>\nE           #16 0x55920769c432 <unknown>\nE           #17 0x5592076adfa3 <unknown>\nE           #18 0x7fdbcb49caa4 <unknown>\nE           #19 0x7fdbcb529c6c <unknown>\n\nsrc/tests/ui_tests/test_ui_login.py:39: Failed","flaky":false,"newFailed":false,"newBroken":false,"newPassed":false,"retriesCount":0,"retriesStatusChange":false,"beforeStages":[{"name":"driver","time":{"start":1759277638591,"stop":1759277639240,"duration":649},"status":"passed","steps":[],"attachments":[],"parameters":[],"shouldDisplayMessage":false,"stepsCount":0,"attachmentsCount":0,"hasContent":false,"attachmentStep":false}],"testStage":{"status":"failed","statusMessage":"Failed: ❌ 로그인 실패 :Message: no such element: Unable to locate element: {\"method\":\"xpath\",\"selector\":\"//a[contains(text(),'로그인')]\"}\n  (Session info: chrome=140.0.7339.185); For documentation on this error, please visit: https://www.selenium.dev/documentation/webdriver/troubleshooting/errors#no-such-element-exception\nStacktrace:\n#0 0x5592076aefba <unknown>\n#1 0x5592071336d0 <unknown>\n#2 0x5592071852aa <unknown>\n#3 0x559207185541 <unknown>\n#4 0x5592071d36c4 <unknown>\n#5 0x5592071aae5d <unknown>\n#6 0x5592071d0b54 <unknown>\n#7 0x5592071aac03 <unknown>\n#8 0x5592071777a8 <unknown>\n#9 0x559207178421 <unknown>\n#10 0x559207673b28 <unknown>\n#11 0x55920767787f <unknown>\n#12 0x55920765bc49 <unknown>\n#13 0x559207678405 <unknown>\n#14 0x5592076414ff <unknown>\n#15 0x55920769c258 <unknown>\n#16 0x55920769c432 <unknown>\n#17 0x5592076adfa3 <unknown>\n#18 0x7fdbcb49caa4 <unknown>\n#19 0x7fdbcb529c6c <unknown>","statusTrace":"driver = <selenium.webdriver.chrome.webdriver.WebDriver (session=\"3a6c61d002098294aaa7d70ff4f38a4c\")>\n\n    @allure.feature(\"예외 케이스\")\n    @allure.story(\"잘못된 ID,PW 입력\")\n    @allure.title(\"잘못된 ID,PW 입력 시 로그인이 실패하는지 확인\")\n    def test_login(driver):\n        driver.get(URLs.KURLY_MAIN)\n        driver.maximize_window()\n    \n        try:\n>           login_button = driver.find_element(*Buttons.LOGIN_BUTTON)\n\nsrc/tests/ui_tests/test_ui_login.py:16: \n_ _ _ _ _ _ _ _ _ _ _ _ _ _ _ _ _ _ _ _ _ _ _ _ _ _ _ _ _ _ _ _ _ _ _ _ _ _ _ _ \nvenv/lib/python3.11/site-packages/selenium/webdriver/remote/webdriver.py:770: in find_element\n    return self.execute(Command.FIND_ELEMENT, {\"using\": by, \"value\": value})[\"value\"]\nvenv/lib/python3.11/site-packages/selenium/webdriver/remote/webdriver.py:384: in execute\n    self.error_handler.check_response(response)\n_ _ _ _ _ _ _ _ _ _ _ _ _ _ _ _ _ _ _ _ _ _ _ _ _ _ _ _ _ _ _ _ _ _ _ _ _ _ _ _ \n\nself = <selenium.webdriver.remote.errorhandler.ErrorHandler object at 0x7f15df1c7110>\nresponse = {'status': 404, 'value': '{\"value\":{\"error\":\"no such element\",\"message\":\"no such element: Unable to locate element: {\\...\\\\n#17 0x5592076adfa3 \\\\u003Cunknown>\\\\n#18 0x7fdbcb49caa4 \\\\u003Cunknown>\\\\n#19 0x7fdbcb529c6c \\\\u003Cunknown>\\\\n\"}}'}\n\n    def check_response(self, response: Dict[str, Any]) -> None:\n        \"\"\"Checks that a JSON response from the WebDriver does not have an\n        error.\n    \n        :Args:\n         - response - The JSON response from the WebDriver server as a dictionary\n           object.\n    \n        :Raises: If the response contains an error message.\n        \"\"\"\n        status = response.get(\"status\", None)\n        if not status or status == ErrorCode.SUCCESS:\n            return\n        value = None\n        message = response.get(\"message\", \"\")\n        screen: str = response.get(\"screen\", \"\")\n        stacktrace = None\n        if isinstance(status, int):\n            value_json = response.get(\"value\", None)\n            if value_json and isinstance(value_json, str):\n                import json\n    \n                try:\n                    value = json.loads(value_json)\n                    if len(value) == 1:\n                        value = value[\"value\"]\n                    status = value.get(\"error\", None)\n                    if not status:\n                        status = value.get(\"status\", ErrorCode.UNKNOWN_ERROR)\n                        message = value.get(\"value\") or value.get(\"message\")\n                        if not isinstance(message, str):\n                            value = message\n                            message = message.get(\"message\")\n                    else:\n                        message = value.get(\"message\", None)\n                except ValueError:\n                    pass\n    \n        exception_class: Type[WebDriverException]\n        e = ErrorCode()\n        error_codes = [item for item in dir(e) if not item.startswith(\"__\")]\n        for error_code in error_codes:\n            error_info = getattr(ErrorCode, error_code)\n            if isinstance(error_info, list) and status in error_info:\n                exception_class = getattr(ExceptionMapping, error_code, WebDriverException)\n                break\n        else:\n            exception_class = WebDriverException\n    \n        if not value:\n            value = response[\"value\"]\n        if isinstance(value, str):\n            raise exception_class(value)\n        if message == \"\" and \"message\" in value:\n            message = value[\"message\"]\n    \n        screen = None  # type: ignore[assignment]\n        if \"screen\" in value:\n            screen = value[\"screen\"]\n    \n        stacktrace = None\n        st_value = value.get(\"stackTrace\") or value.get(\"stacktrace\")\n        if st_value:\n            if isinstance(st_value, str):\n                stacktrace = st_value.split(\"\\n\")\n            else:\n                stacktrace = []\n                try:\n                    for frame in st_value:\n                        line = frame.get(\"lineNumber\", \"\")\n                        file = frame.get(\"fileName\", \"<anonymous>\")\n                        if line:\n                            file = f\"{file}:{line}\"\n                        meth = frame.get(\"methodName\", \"<anonymous>\")\n                        if \"className\" in frame:\n                            meth = f\"{frame['className']}.{meth}\"\n                        msg = \"    at %s (%s)\"\n                        msg = msg % (meth, file)\n                        stacktrace.append(msg)\n                except TypeError:\n                    pass\n        if exception_class == UnexpectedAlertPresentException:\n            alert_text = None\n            if \"data\" in value:\n                alert_text = value[\"data\"].get(\"text\")\n            elif \"alert\" in value:\n                alert_text = value[\"alert\"].get(\"text\")\n            raise exception_class(message, screen, stacktrace, alert_text)  # type: ignore[call-arg]  # mypy is not smart enough here\n>       raise exception_class(message, screen, stacktrace)\nE       selenium.common.exceptions.NoSuchElementException: Message: no such element: Unable to locate element: {\"method\":\"xpath\",\"selector\":\"//a[contains(text(),'로그인')]\"}\nE         (Session info: chrome=140.0.7339.185); For documentation on this error, please visit: https://www.selenium.dev/documentation/webdriver/troubleshooting/errors#no-such-element-exception\nE       Stacktrace:\nE       #0 0x5592076aefba <unknown>\nE       #1 0x5592071336d0 <unknown>\nE       #2 0x5592071852aa <unknown>\nE       #3 0x559207185541 <unknown>\nE       #4 0x5592071d36c4 <unknown>\nE       #5 0x5592071aae5d <unknown>\nE       #6 0x5592071d0b54 <unknown>\nE       #7 0x5592071aac03 <unknown>\nE       #8 0x5592071777a8 <unknown>\nE       #9 0x559207178421 <unknown>\nE       #10 0x559207673b28 <unknown>\nE       #11 0x55920767787f <unknown>\nE       #12 0x55920765bc49 <unknown>\nE       #13 0x559207678405 <unknown>\nE       #14 0x5592076414ff <unknown>\nE       #15 0x55920769c258 <unknown>\nE       #16 0x55920769c432 <unknown>\nE       #17 0x5592076adfa3 <unknown>\nE       #18 0x7fdbcb49caa4 <unknown>\nE       #19 0x7fdbcb529c6c <unknown>\n\nvenv/lib/python3.11/site-packages/selenium/webdriver/remote/errorhandler.py:232: NoSuchElementException\n\nDuring handling of the above exception, another exception occurred:\n\ndriver = <selenium.webdriver.chrome.webdriver.WebDriver (session=\"3a6c61d002098294aaa7d70ff4f38a4c\")>\n\n    @allure.feature(\"예외 케이스\")\n    @allure.story(\"잘못된 ID,PW 입력\")\n    @allure.title(\"잘못된 ID,PW 입력 시 로그인이 실패하는지 확인\")\n    def test_login(driver):\n        driver.get(URLs.KURLY_MAIN)\n        driver.maximize_window()\n    \n        try:\n            login_button = driver.find_element(*Buttons.LOGIN_BUTTON)\n            login_button.click()\n            time.sleep(2)\n    \n            #아이디 패스워드 입력\n            login_username_input = driver.find_element(*Selectors.LOGIN_USERNAME_INPUT)\n            login_password_input = driver.find_element(*Selectors.LOGIN_PASSWORD_INPUT)\n            login_submit_button = driver.find_element(*Buttons.LOGIN_SUBMIT)\n    \n            login_username_input.clear()\n            login_password_input.clear()\n    \n            login_username_input.send_keys('boksoon8')\n            login_password_input.send_keys('1232133123')\n            time.sleep(3)\n            login_submit_button.click()\n            time.sleep(3)\n    \n            success_case = driver.find_element(By.XPATH, \"//div[@class='css-hj3ig8 e15sbxqa2']\")\n            assert success_case.is_displayed(), f\"❌ 로그인 실패\"\n    \n        except Exception as e:\n            capture_screenshot(driver, \"로그인\", \"screenshots_login_failed\")\n>           pytest.fail(f\"❌ 로그인 실패 :{str(e)}\")\nE           Failed: ❌ 로그인 실패 :Message: no such element: Unable to locate element: {\"method\":\"xpath\",\"selector\":\"//a[contains(text(),'로그인')]\"}\nE             (Session info: chrome=140.0.7339.185); For documentation on this error, please visit: https://www.selenium.dev/documentation/webdriver/troubleshooting/errors#no-such-element-exception\nE           Stacktrace:\nE           #0 0x5592076aefba <unknown>\nE           #1 0x5592071336d0 <unknown>\nE           #2 0x5592071852aa <unknown>\nE           #3 0x559207185541 <unknown>\nE           #4 0x5592071d36c4 <unknown>\nE           #5 0x5592071aae5d <unknown>\nE           #6 0x5592071d0b54 <unknown>\nE           #7 0x5592071aac03 <unknown>\nE           #8 0x5592071777a8 <unknown>\nE           #9 0x559207178421 <unknown>\nE           #10 0x559207673b28 <unknown>\nE           #11 0x55920767787f <unknown>\nE           #12 0x55920765bc49 <unknown>\nE           #13 0x559207678405 <unknown>\nE           #14 0x5592076414ff <unknown>\nE           #15 0x55920769c258 <unknown>\nE           #16 0x55920769c432 <unknown>\nE           #17 0x5592076adfa3 <unknown>\nE           #18 0x7fdbcb49caa4 <unknown>\nE           #19 0x7fdbcb529c6c <unknown>\n\nsrc/tests/ui_tests/test_ui_login.py:39: Failed","steps":[],"attachments":[{"uid":"413654e6c915b0b9","name":"Failure Screenshot","source":"413654e6c915b0b9.png","type":"image/png","size":16645},{"uid":"62278f34ed1badc2","name":"stdout","source":"62278f34ed1badc2.txt","type":"text/plain","size":88}],"parameters":[],"shouldDisplayMessage":true,"stepsCount":0,"attachmentsCount":2,"hasContent":true,"attachmentStep":false},"afterStages":[{"name":"driver::0","time":{"start":1759277642372,"stop":1759277642436,"duration":64},"status":"passed","steps":[],"attachments":[],"parameters":[],"shouldDisplayMessage":false,"stepsCount":0,"attachmentsCount":0,"hasContent":false,"attachmentStep":false}],"labels":[{"name":"feature","value":"예외 케이스"},{"name":"story","value":"잘못된 ID,PW 입력"},{"name":"parentSuite","value":"src.tests.ui_tests"},{"name":"suite","value":"test_ui_login"},{"name":"host","value":"runnervm3ublj"},{"name":"thread","value":"2675-MainThread"},{"name":"framework","value":"pytest"},{"name":"language","value":"cpython3"},{"name":"package","value":"src.tests.ui_tests.test_ui_login"},{"name":"resultFormat","value":"allure2"}],"parameters":[],"links":[],"hidden":false,"retry":false,"extra":{"severity":"normal","retries":[],"categories":[{"name":"Product defects","matchedStatuses":[],"flaky":false}],"tags":[]},"source":"1536c150b9882075.json","parameterValues":[]}