{"uid":"174eaaf98e2d8995","name":"잘못된 ID,PW 입력 시 로그인이 실패하는지 확인","fullName":"src.tests.ui_tests.test_ui_login#test_login","historyId":"98e8f149c7227721782a965f730ba74a","time":{"start":1764533253946,"stop":1764533263353,"duration":9407},"status":"failed","statusMessage":"Failed: ❌ 로그인 실패 :Message: no such element: Unable to locate element: {\"method\":\"xpath\",\"selector\":\"//div[@class='css-hj3ig8 e15sbxqa2']\"}\n  (Session info: chrome=142.0.7444.162); For documentation on this error, please visit: https://www.selenium.dev/documentation/webdriver/troubleshooting/errors#no-such-element-exception\nStacktrace:\n#0 0x5620e368c4ca <unknown>\n#1 0x5620e30dae4b <unknown>\n#2 0x5620e312d814 <unknown>\n#3 0x5620e312da51 <unknown>\n#4 0x5620e317ca44 <unknown>\n#5 0x5620e3179df7 <unknown>\n#6 0x5620e311fc2a <unknown>\n#7 0x5620e3120931 <unknown>\n#8 0x5620e3652cf9 <unknown>\n#9 0x5620e3655cdc <unknown>\n#10 0x5620e363bf79 <unknown>\n#11 0x5620e36568b5 <unknown>\n#12 0x5620e36239c3 <unknown>\n#13 0x5620e3679228 <unknown>\n#14 0x5620e3679403 <unknown>\n#15 0x5620e368b463 <unknown>\n#16 0x7f83cbc9caa4 <unknown>\n#17 0x7f83cbd29c6c <unknown>","statusTrace":"driver = <selenium.webdriver.chrome.webdriver.WebDriver (session=\"9c4ef85a71348cc3051d3f6a7f52d03b\")>\n\n    @allure.feature(\"예외 케이스\")\n    @allure.story(\"잘못된 ID,PW 입력\")\n    @allure.title(\"잘못된 ID,PW 입력 시 로그인이 실패하는지 확인\")\n    def test_login(driver):\n        driver.get(\"https://www.kurly.com/main\")\n        driver.maximize_window()\n    \n        wait = WebDriverWait(driver, 10)\n    \n        with FailureScreenshot(driver, \"로그인\", \"screenshots_login\"):\n            try:\n                login_button = wait.until(EC.element_to_be_clickable((By.XPATH, \"//a[contains(text(),'로그인')]\")))\n                login_button.click()\n                time.sleep(2)\n    \n                #아이디 패스워드 입력\n                login_username_input = wait.until(EC.presence_of_element_located((By.XPATH, \"//input[@placeholder='아이디를 입력해주세요']\")))\n                login_password_input = wait.until(EC.presence_of_element_located((By.XPATH, \"//input[@placeholder='비밀번호를 입력해주세요']\")))\n                login_submit_button = driver.find_element(By.XPATH,\"//button[@type='submit']\")\n    \n                login_username_input.clear()\n                login_password_input.clear()\n    \n                login_username_input.send_keys('boksoon8')\n                login_password_input.send_keys('1232133123')\n                time.sleep(2)\n                login_submit_button.click()\n                time.sleep(2)\n    \n>               success_case = driver.find_element(By.XPATH, \"//div[@class='css-hj3ig8 e15sbxqa2']\")\n\nsrc/tests/ui_tests/test_ui_login.py:38: \n_ _ _ _ _ _ _ _ _ _ _ _ _ _ _ _ _ _ _ _ _ _ _ _ _ _ _ _ _ _ _ _ _ _ _ _ _ _ _ _ \nvenv/lib/python3.11/site-packages/selenium/webdriver/remote/webdriver.py:770: in find_element\n    return self.execute(Command.FIND_ELEMENT, {\"using\": by, \"value\": value})[\"value\"]\nvenv/lib/python3.11/site-packages/selenium/webdriver/remote/webdriver.py:384: in execute\n    self.error_handler.check_response(response)\n_ _ _ _ _ _ _ _ _ _ _ _ _ _ _ _ _ _ _ _ _ _ _ _ _ _ _ _ _ _ _ _ _ _ _ _ _ _ _ _ \n\nself = <selenium.webdriver.remote.errorhandler.ErrorHandler object at 0x7f1e1f16cd50>\nresponse = {'status': 404, 'value': '{\"value\":{\"error\":\"no such element\",\"message\":\"no such element: Unable to locate element: {\\...\\\\n#15 0x5620e368b463 \\\\u003Cunknown>\\\\n#16 0x7f83cbc9caa4 \\\\u003Cunknown>\\\\n#17 0x7f83cbd29c6c \\\\u003Cunknown>\\\\n\"}}'}\n\n    def check_response(self, response: Dict[str, Any]) -> None:\n        \"\"\"Checks that a JSON response from the WebDriver does not have an\n        error.\n    \n        :Args:\n         - response - The JSON response from the WebDriver server as a dictionary\n           object.\n    \n        :Raises: If the response contains an error message.\n        \"\"\"\n        status = response.get(\"status\", None)\n        if not status or status == ErrorCode.SUCCESS:\n            return\n        value = None\n        message = response.get(\"message\", \"\")\n        screen: str = response.get(\"screen\", \"\")\n        stacktrace = None\n        if isinstance(status, int):\n            value_json = response.get(\"value\", None)\n            if value_json and isinstance(value_json, str):\n                import json\n    \n                try:\n                    value = json.loads(value_json)\n                    if len(value) == 1:\n                        value = value[\"value\"]\n                    status = value.get(\"error\", None)\n                    if not status:\n                        status = value.get(\"status\", ErrorCode.UNKNOWN_ERROR)\n                        message = value.get(\"value\") or value.get(\"message\")\n                        if not isinstance(message, str):\n                            value = message\n                            message = message.get(\"message\")\n                    else:\n                        message = value.get(\"message\", None)\n                except ValueError:\n                    pass\n    \n        exception_class: Type[WebDriverException]\n        e = ErrorCode()\n        error_codes = [item for item in dir(e) if not item.startswith(\"__\")]\n        for error_code in error_codes:\n            error_info = getattr(ErrorCode, error_code)\n            if isinstance(error_info, list) and status in error_info:\n                exception_class = getattr(ExceptionMapping, error_code, WebDriverException)\n                break\n        else:\n            exception_class = WebDriverException\n    \n        if not value:\n            value = response[\"value\"]\n        if isinstance(value, str):\n            raise exception_class(value)\n        if message == \"\" and \"message\" in value:\n            message = value[\"message\"]\n    \n        screen = None  # type: ignore[assignment]\n        if \"screen\" in value:\n            screen = value[\"screen\"]\n    \n        stacktrace = None\n        st_value = value.get(\"stackTrace\") or value.get(\"stacktrace\")\n        if st_value:\n            if isinstance(st_value, str):\n                stacktrace = st_value.split(\"\\n\")\n            else:\n                stacktrace = []\n                try:\n                    for frame in st_value:\n                        line = frame.get(\"lineNumber\", \"\")\n                        file = frame.get(\"fileName\", \"<anonymous>\")\n                        if line:\n                            file = f\"{file}:{line}\"\n                        meth = frame.get(\"methodName\", \"<anonymous>\")\n                        if \"className\" in frame:\n                            meth = f\"{frame['className']}.{meth}\"\n                        msg = \"    at %s (%s)\"\n                        msg = msg % (meth, file)\n                        stacktrace.append(msg)\n                except TypeError:\n                    pass\n        if exception_class == UnexpectedAlertPresentException:\n            alert_text = None\n            if \"data\" in value:\n                alert_text = value[\"data\"].get(\"text\")\n            elif \"alert\" in value:\n                alert_text = value[\"alert\"].get(\"text\")\n            raise exception_class(message, screen, stacktrace, alert_text)  # type: ignore[call-arg]  # mypy is not smart enough here\n>       raise exception_class(message, screen, stacktrace)\nE       selenium.common.exceptions.NoSuchElementException: Message: no such element: Unable to locate element: {\"method\":\"xpath\",\"selector\":\"//div[@class='css-hj3ig8 e15sbxqa2']\"}\nE         (Session info: chrome=142.0.7444.162); For documentation on this error, please visit: https://www.selenium.dev/documentation/webdriver/troubleshooting/errors#no-such-element-exception\nE       Stacktrace:\nE       #0 0x5620e368c4ca <unknown>\nE       #1 0x5620e30dae4b <unknown>\nE       #2 0x5620e312d814 <unknown>\nE       #3 0x5620e312da51 <unknown>\nE       #4 0x5620e317ca44 <unknown>\nE       #5 0x5620e3179df7 <unknown>\nE       #6 0x5620e311fc2a <unknown>\nE       #7 0x5620e3120931 <unknown>\nE       #8 0x5620e3652cf9 <unknown>\nE       #9 0x5620e3655cdc <unknown>\nE       #10 0x5620e363bf79 <unknown>\nE       #11 0x5620e36568b5 <unknown>\nE       #12 0x5620e36239c3 <unknown>\nE       #13 0x5620e3679228 <unknown>\nE       #14 0x5620e3679403 <unknown>\nE       #15 0x5620e368b463 <unknown>\nE       #16 0x7f83cbc9caa4 <unknown>\nE       #17 0x7f83cbd29c6c <unknown>\n\nvenv/lib/python3.11/site-packages/selenium/webdriver/remote/errorhandler.py:232: NoSuchElementException\n\nDuring handling of the above exception, another exception occurred:\n\ndriver = <selenium.webdriver.chrome.webdriver.WebDriver (session=\"9c4ef85a71348cc3051d3f6a7f52d03b\")>\n\n    @allure.feature(\"예외 케이스\")\n    @allure.story(\"잘못된 ID,PW 입력\")\n    @allure.title(\"잘못된 ID,PW 입력 시 로그인이 실패하는지 확인\")\n    def test_login(driver):\n        driver.get(\"https://www.kurly.com/main\")\n        driver.maximize_window()\n    \n        wait = WebDriverWait(driver, 10)\n    \n        with FailureScreenshot(driver, \"로그인\", \"screenshots_login\"):\n            try:\n                login_button = wait.until(EC.element_to_be_clickable((By.XPATH, \"//a[contains(text(),'로그인')]\")))\n                login_button.click()\n                time.sleep(2)\n    \n                #아이디 패스워드 입력\n                login_username_input = wait.until(EC.presence_of_element_located((By.XPATH, \"//input[@placeholder='아이디를 입력해주세요']\")))\n                login_password_input = wait.until(EC.presence_of_element_located((By.XPATH, \"//input[@placeholder='비밀번호를 입력해주세요']\")))\n                login_submit_button = driver.find_element(By.XPATH,\"//button[@type='submit']\")\n    \n                login_username_input.clear()\n                login_password_input.clear()\n    \n                login_username_input.send_keys('boksoon8')\n                login_password_input.send_keys('1232133123')\n                time.sleep(2)\n                login_submit_button.click()\n                time.sleep(2)\n    \n                success_case = driver.find_element(By.XPATH, \"//div[@class='css-hj3ig8 e15sbxqa2']\")\n                assert success_case.is_displayed(), f\"❌ 로그인 실패\"\n    \n            except Exception as e:\n>               pytest.fail(f\"❌ 로그인 실패 :{str(e)}\")\nE               Failed: ❌ 로그인 실패 :Message: no such element: Unable to locate element: {\"method\":\"xpath\",\"selector\":\"//div[@class='css-hj3ig8 e15sbxqa2']\"}\nE                 (Session info: chrome=142.0.7444.162); For documentation on this error, please visit: https://www.selenium.dev/documentation/webdriver/troubleshooting/errors#no-such-element-exception\nE               Stacktrace:\nE               #0 0x5620e368c4ca <unknown>\nE               #1 0x5620e30dae4b <unknown>\nE               #2 0x5620e312d814 <unknown>\nE               #3 0x5620e312da51 <unknown>\nE               #4 0x5620e317ca44 <unknown>\nE               #5 0x5620e3179df7 <unknown>\nE               #6 0x5620e311fc2a <unknown>\nE               #7 0x5620e3120931 <unknown>\nE               #8 0x5620e3652cf9 <unknown>\nE               #9 0x5620e3655cdc <unknown>\nE               #10 0x5620e363bf79 <unknown>\nE               #11 0x5620e36568b5 <unknown>\nE               #12 0x5620e36239c3 <unknown>\nE               #13 0x5620e3679228 <unknown>\nE               #14 0x5620e3679403 <unknown>\nE               #15 0x5620e368b463 <unknown>\nE               #16 0x7f83cbc9caa4 <unknown>\nE               #17 0x7f83cbd29c6c <unknown>\n\nsrc/tests/ui_tests/test_ui_login.py:42: Failed","flaky":false,"newFailed":false,"newBroken":false,"newPassed":false,"retriesCount":0,"retriesStatusChange":false,"beforeStages":[{"name":"driver","time":{"start":1764533253312,"stop":1764533253946,"duration":634},"status":"passed","steps":[],"attachments":[],"parameters":[],"shouldDisplayMessage":false,"stepsCount":0,"attachmentsCount":0,"hasContent":false,"attachmentStep":false}],"testStage":{"status":"failed","statusMessage":"Failed: ❌ 로그인 실패 :Message: no such element: Unable to locate element: {\"method\":\"xpath\",\"selector\":\"//div[@class='css-hj3ig8 e15sbxqa2']\"}\n  (Session info: chrome=142.0.7444.162); For documentation on this error, please visit: https://www.selenium.dev/documentation/webdriver/troubleshooting/errors#no-such-element-exception\nStacktrace:\n#0 0x5620e368c4ca <unknown>\n#1 0x5620e30dae4b <unknown>\n#2 0x5620e312d814 <unknown>\n#3 0x5620e312da51 <unknown>\n#4 0x5620e317ca44 <unknown>\n#5 0x5620e3179df7 <unknown>\n#6 0x5620e311fc2a <unknown>\n#7 0x5620e3120931 <unknown>\n#8 0x5620e3652cf9 <unknown>\n#9 0x5620e3655cdc <unknown>\n#10 0x5620e363bf79 <unknown>\n#11 0x5620e36568b5 <unknown>\n#12 0x5620e36239c3 <unknown>\n#13 0x5620e3679228 <unknown>\n#14 0x5620e3679403 <unknown>\n#15 0x5620e368b463 <unknown>\n#16 0x7f83cbc9caa4 <unknown>\n#17 0x7f83cbd29c6c <unknown>","statusTrace":"driver = <selenium.webdriver.chrome.webdriver.WebDriver (session=\"9c4ef85a71348cc3051d3f6a7f52d03b\")>\n\n    @allure.feature(\"예외 케이스\")\n    @allure.story(\"잘못된 ID,PW 입력\")\n    @allure.title(\"잘못된 ID,PW 입력 시 로그인이 실패하는지 확인\")\n    def test_login(driver):\n        driver.get(\"https://www.kurly.com/main\")\n        driver.maximize_window()\n    \n        wait = WebDriverWait(driver, 10)\n    \n        with FailureScreenshot(driver, \"로그인\", \"screenshots_login\"):\n            try:\n                login_button = wait.until(EC.element_to_be_clickable((By.XPATH, \"//a[contains(text(),'로그인')]\")))\n                login_button.click()\n                time.sleep(2)\n    \n                #아이디 패스워드 입력\n                login_username_input = wait.until(EC.presence_of_element_located((By.XPATH, \"//input[@placeholder='아이디를 입력해주세요']\")))\n                login_password_input = wait.until(EC.presence_of_element_located((By.XPATH, \"//input[@placeholder='비밀번호를 입력해주세요']\")))\n                login_submit_button = driver.find_element(By.XPATH,\"//button[@type='submit']\")\n    \n                login_username_input.clear()\n                login_password_input.clear()\n    \n                login_username_input.send_keys('boksoon8')\n                login_password_input.send_keys('1232133123')\n                time.sleep(2)\n                login_submit_button.click()\n                time.sleep(2)\n    \n>               success_case = driver.find_element(By.XPATH, \"//div[@class='css-hj3ig8 e15sbxqa2']\")\n\nsrc/tests/ui_tests/test_ui_login.py:38: \n_ _ _ _ _ _ _ _ _ _ _ _ _ _ _ _ _ _ _ _ _ _ _ _ _ _ _ _ _ _ _ _ _ _ _ _ _ _ _ _ \nvenv/lib/python3.11/site-packages/selenium/webdriver/remote/webdriver.py:770: in find_element\n    return self.execute(Command.FIND_ELEMENT, {\"using\": by, \"value\": value})[\"value\"]\nvenv/lib/python3.11/site-packages/selenium/webdriver/remote/webdriver.py:384: in execute\n    self.error_handler.check_response(response)\n_ _ _ _ _ _ _ _ _ _ _ _ _ _ _ _ _ _ _ _ _ _ _ _ _ _ _ _ _ _ _ _ _ _ _ _ _ _ _ _ \n\nself = <selenium.webdriver.remote.errorhandler.ErrorHandler object at 0x7f1e1f16cd50>\nresponse = {'status': 404, 'value': '{\"value\":{\"error\":\"no such element\",\"message\":\"no such element: Unable to locate element: {\\...\\\\n#15 0x5620e368b463 \\\\u003Cunknown>\\\\n#16 0x7f83cbc9caa4 \\\\u003Cunknown>\\\\n#17 0x7f83cbd29c6c \\\\u003Cunknown>\\\\n\"}}'}\n\n    def check_response(self, response: Dict[str, Any]) -> None:\n        \"\"\"Checks that a JSON response from the WebDriver does not have an\n        error.\n    \n        :Args:\n         - response - The JSON response from the WebDriver server as a dictionary\n           object.\n    \n        :Raises: If the response contains an error message.\n        \"\"\"\n        status = response.get(\"status\", None)\n        if not status or status == ErrorCode.SUCCESS:\n            return\n        value = None\n        message = response.get(\"message\", \"\")\n        screen: str = response.get(\"screen\", \"\")\n        stacktrace = None\n        if isinstance(status, int):\n            value_json = response.get(\"value\", None)\n            if value_json and isinstance(value_json, str):\n                import json\n    \n                try:\n                    value = json.loads(value_json)\n                    if len(value) == 1:\n                        value = value[\"value\"]\n                    status = value.get(\"error\", None)\n                    if not status:\n                        status = value.get(\"status\", ErrorCode.UNKNOWN_ERROR)\n                        message = value.get(\"value\") or value.get(\"message\")\n                        if not isinstance(message, str):\n                            value = message\n                            message = message.get(\"message\")\n                    else:\n                        message = value.get(\"message\", None)\n                except ValueError:\n                    pass\n    \n        exception_class: Type[WebDriverException]\n        e = ErrorCode()\n        error_codes = [item for item in dir(e) if not item.startswith(\"__\")]\n        for error_code in error_codes:\n            error_info = getattr(ErrorCode, error_code)\n            if isinstance(error_info, list) and status in error_info:\n                exception_class = getattr(ExceptionMapping, error_code, WebDriverException)\n                break\n        else:\n            exception_class = WebDriverException\n    \n        if not value:\n            value = response[\"value\"]\n        if isinstance(value, str):\n            raise exception_class(value)\n        if message == \"\" and \"message\" in value:\n            message = value[\"message\"]\n    \n        screen = None  # type: ignore[assignment]\n        if \"screen\" in value:\n            screen = value[\"screen\"]\n    \n        stacktrace = None\n        st_value = value.get(\"stackTrace\") or value.get(\"stacktrace\")\n        if st_value:\n            if isinstance(st_value, str):\n                stacktrace = st_value.split(\"\\n\")\n            else:\n                stacktrace = []\n                try:\n                    for frame in st_value:\n                        line = frame.get(\"lineNumber\", \"\")\n                        file = frame.get(\"fileName\", \"<anonymous>\")\n                        if line:\n                            file = f\"{file}:{line}\"\n                        meth = frame.get(\"methodName\", \"<anonymous>\")\n                        if \"className\" in frame:\n                            meth = f\"{frame['className']}.{meth}\"\n                        msg = \"    at %s (%s)\"\n                        msg = msg % (meth, file)\n                        stacktrace.append(msg)\n                except TypeError:\n                    pass\n        if exception_class == UnexpectedAlertPresentException:\n            alert_text = None\n            if \"data\" in value:\n                alert_text = value[\"data\"].get(\"text\")\n            elif \"alert\" in value:\n                alert_text = value[\"alert\"].get(\"text\")\n            raise exception_class(message, screen, stacktrace, alert_text)  # type: ignore[call-arg]  # mypy is not smart enough here\n>       raise exception_class(message, screen, stacktrace)\nE       selenium.common.exceptions.NoSuchElementException: Message: no such element: Unable to locate element: {\"method\":\"xpath\",\"selector\":\"//div[@class='css-hj3ig8 e15sbxqa2']\"}\nE         (Session info: chrome=142.0.7444.162); For documentation on this error, please visit: https://www.selenium.dev/documentation/webdriver/troubleshooting/errors#no-such-element-exception\nE       Stacktrace:\nE       #0 0x5620e368c4ca <unknown>\nE       #1 0x5620e30dae4b <unknown>\nE       #2 0x5620e312d814 <unknown>\nE       #3 0x5620e312da51 <unknown>\nE       #4 0x5620e317ca44 <unknown>\nE       #5 0x5620e3179df7 <unknown>\nE       #6 0x5620e311fc2a <unknown>\nE       #7 0x5620e3120931 <unknown>\nE       #8 0x5620e3652cf9 <unknown>\nE       #9 0x5620e3655cdc <unknown>\nE       #10 0x5620e363bf79 <unknown>\nE       #11 0x5620e36568b5 <unknown>\nE       #12 0x5620e36239c3 <unknown>\nE       #13 0x5620e3679228 <unknown>\nE       #14 0x5620e3679403 <unknown>\nE       #15 0x5620e368b463 <unknown>\nE       #16 0x7f83cbc9caa4 <unknown>\nE       #17 0x7f83cbd29c6c <unknown>\n\nvenv/lib/python3.11/site-packages/selenium/webdriver/remote/errorhandler.py:232: NoSuchElementException\n\nDuring handling of the above exception, another exception occurred:\n\ndriver = <selenium.webdriver.chrome.webdriver.WebDriver (session=\"9c4ef85a71348cc3051d3f6a7f52d03b\")>\n\n    @allure.feature(\"예외 케이스\")\n    @allure.story(\"잘못된 ID,PW 입력\")\n    @allure.title(\"잘못된 ID,PW 입력 시 로그인이 실패하는지 확인\")\n    def test_login(driver):\n        driver.get(\"https://www.kurly.com/main\")\n        driver.maximize_window()\n    \n        wait = WebDriverWait(driver, 10)\n    \n        with FailureScreenshot(driver, \"로그인\", \"screenshots_login\"):\n            try:\n                login_button = wait.until(EC.element_to_be_clickable((By.XPATH, \"//a[contains(text(),'로그인')]\")))\n                login_button.click()\n                time.sleep(2)\n    \n                #아이디 패스워드 입력\n                login_username_input = wait.until(EC.presence_of_element_located((By.XPATH, \"//input[@placeholder='아이디를 입력해주세요']\")))\n                login_password_input = wait.until(EC.presence_of_element_located((By.XPATH, \"//input[@placeholder='비밀번호를 입력해주세요']\")))\n                login_submit_button = driver.find_element(By.XPATH,\"//button[@type='submit']\")\n    \n                login_username_input.clear()\n                login_password_input.clear()\n    \n                login_username_input.send_keys('boksoon8')\n                login_password_input.send_keys('1232133123')\n                time.sleep(2)\n                login_submit_button.click()\n                time.sleep(2)\n    \n                success_case = driver.find_element(By.XPATH, \"//div[@class='css-hj3ig8 e15sbxqa2']\")\n                assert success_case.is_displayed(), f\"❌ 로그인 실패\"\n    \n            except Exception as e:\n>               pytest.fail(f\"❌ 로그인 실패 :{str(e)}\")\nE               Failed: ❌ 로그인 실패 :Message: no such element: Unable to locate element: {\"method\":\"xpath\",\"selector\":\"//div[@class='css-hj3ig8 e15sbxqa2']\"}\nE                 (Session info: chrome=142.0.7444.162); For documentation on this error, please visit: https://www.selenium.dev/documentation/webdriver/troubleshooting/errors#no-such-element-exception\nE               Stacktrace:\nE               #0 0x5620e368c4ca <unknown>\nE               #1 0x5620e30dae4b <unknown>\nE               #2 0x5620e312d814 <unknown>\nE               #3 0x5620e312da51 <unknown>\nE               #4 0x5620e317ca44 <unknown>\nE               #5 0x5620e3179df7 <unknown>\nE               #6 0x5620e311fc2a <unknown>\nE               #7 0x5620e3120931 <unknown>\nE               #8 0x5620e3652cf9 <unknown>\nE               #9 0x5620e3655cdc <unknown>\nE               #10 0x5620e363bf79 <unknown>\nE               #11 0x5620e36568b5 <unknown>\nE               #12 0x5620e36239c3 <unknown>\nE               #13 0x5620e3679228 <unknown>\nE               #14 0x5620e3679403 <unknown>\nE               #15 0x5620e368b463 <unknown>\nE               #16 0x7f83cbc9caa4 <unknown>\nE               #17 0x7f83cbd29c6c <unknown>\n\nsrc/tests/ui_tests/test_ui_login.py:42: Failed","steps":[],"attachments":[{"uid":"e5b5c0c1613bf9dd","name":"로그인_실패","source":"e5b5c0c1613bf9dd.png","type":"image/png","size":29516}],"parameters":[],"shouldDisplayMessage":true,"stepsCount":0,"attachmentsCount":1,"hasContent":true,"attachmentStep":false},"afterStages":[{"name":"driver::0","time":{"start":1764533263377,"stop":1764533263446,"duration":69},"status":"passed","steps":[],"attachments":[],"parameters":[],"shouldDisplayMessage":false,"stepsCount":0,"attachmentsCount":0,"hasContent":false,"attachmentStep":false}],"labels":[{"name":"story","value":"잘못된 ID,PW 입력"},{"name":"feature","value":"예외 케이스"},{"name":"parentSuite","value":"src.tests.ui_tests"},{"name":"suite","value":"test_ui_login"},{"name":"host","value":"runnervmg1sw1"},{"name":"thread","value":"2684-MainThread"},{"name":"framework","value":"pytest"},{"name":"language","value":"cpython3"},{"name":"package","value":"src.tests.ui_tests.test_ui_login"},{"name":"resultFormat","value":"allure2"}],"parameters":[],"links":[],"hidden":false,"retry":false,"extra":{"severity":"normal","retries":[],"categories":[{"name":"Product defects","matchedStatuses":[],"flaky":false}],"tags":[]},"source":"174eaaf98e2d8995.json","parameterValues":[]}