{"uid":"33968395793e2e31","name":"존재하지 않는 상품 검색 시, 결과 없음 메시지 확인","fullName":"src.tests.ui_tests.test_invalied_search#test_search_invalid_product","historyId":"8a73c4c5e9ebde1734f58ebd81cbc70e","time":{"start":1765526877644,"stop":1765526890626,"duration":12982},"status":"broken","statusMessage":"selenium.common.exceptions.TimeoutException: Message: \nStacktrace:\n#0 0x560ebf33e19a <unknown>\n#1 0x560ebedbbc4b <unknown>\n#2 0x560ebee0d318 <unknown>\n#3 0x560ebee0d551 <unknown>\n#4 0x560ebee5b764 <unknown>\n#5 0x560ebee58bee <unknown>\n#6 0x560ebedffc42 <unknown>\n#7 0x560ebee008f1 <unknown>\n#8 0x560ebf306f39 <unknown>\n#9 0x560ebf309e7d <unknown>\n#10 0x560ebf2efc81 <unknown>\n#11 0x560ebf30aa5b <unknown>\n#12 0x560ebf2d6a50 <unknown>\n#13 0x560ebf32baa8 <unknown>\n#14 0x560ebf32bc79 <unknown>\n#15 0x560ebf33d4f3 <unknown>\n#16 0x7f92bda9caa4 <unknown>\n#17 0x7f92bdb29c6c <unknown>","statusTrace":"driver = <selenium.webdriver.chrome.webdriver.WebDriver (session=\"c04ec4207b3e50ea59b7553d0e200d4a\")>\n\n    @allure.feature(\"UI 테스트\")\n    @allure.story(\"검색 실패 케이스\")\n    @allure.title(\"존재하지 않는 상품 검색 시, 결과 없음 메시지 확인\")\n    def test_search_invalid_product(driver):\n    \n        driver.get(\"https://www.kurly.com/main\")\n        driver.maximize_window()\n    \n        wait = WebDriverWait(driver, 10)\n    \n        with FailureScreenshot(driver, \"존재하지않는상품검색\", \"screenshots_invalid_search\"):\n            search_box = wait.until(\n                EC.visibility_of_element_located((By.XPATH, \"//input[@placeholder='검색어를 입력해주세요']\"))\n            )\n            search_box.send_keys(\"ㅁㄴㅇㄹ\")   # 존재하지 않는 검색어\n            search_box.send_keys(Keys.RETURN)\n    \n            # 검색 결과 없음 메시지 대기\n>           error_msg = wait.until(\n                EC.visibility_of_element_located((\n                    By.XPATH,\n                    \"//div[contains(text(), '검색 결과가 없')] | \"\n                    \"//div[contains(text(), '상품이 없')] | \"\n                    \"//div[contains(text(), '결과 없음')]\"\n                ))\n            )\n\nsrc/tests/ui_tests/test_invalied_search.py:28: \n_ _ _ _ _ _ _ _ _ _ _ _ _ _ _ _ _ _ _ _ _ _ _ _ _ _ _ _ _ _ _ _ _ _ _ _ _ _ _ _ \n\nself = <selenium.webdriver.support.wait.WebDriverWait (session=\"c04ec4207b3e50ea59b7553d0e200d4a\")>\nmethod = <function visibility_of_element_located.<locals>._predicate at 0x7f44105845e0>\nmessage = ''\n\n    def until(self, method: Callable[[D], Union[Literal[False], T]], message: str = \"\") -> T:\n        \"\"\"Calls the method provided with the driver as an argument until the \\\n        return value does not evaluate to ``False``.\n    \n        :param method: callable(WebDriver)\n        :param message: optional message for :exc:`TimeoutException`\n        :returns: the result of the last call to `method`\n        :raises: :exc:`selenium.common.exceptions.TimeoutException` if timeout occurs\n        \"\"\"\n        screen = None\n        stacktrace = None\n    \n        end_time = time.monotonic() + self._timeout\n        while True:\n            try:\n                value = method(self._driver)\n                if value:\n                    return value\n            except self._ignored_exceptions as exc:\n                screen = getattr(exc, \"screen\", None)\n                stacktrace = getattr(exc, \"stacktrace\", None)\n            if time.monotonic() > end_time:\n                break\n            time.sleep(self._poll)\n>       raise TimeoutException(message, screen, stacktrace)\nE       selenium.common.exceptions.TimeoutException: Message: \nE       Stacktrace:\nE       #0 0x560ebf33e19a <unknown>\nE       #1 0x560ebedbbc4b <unknown>\nE       #2 0x560ebee0d318 <unknown>\nE       #3 0x560ebee0d551 <unknown>\nE       #4 0x560ebee5b764 <unknown>\nE       #5 0x560ebee58bee <unknown>\nE       #6 0x560ebedffc42 <unknown>\nE       #7 0x560ebee008f1 <unknown>\nE       #8 0x560ebf306f39 <unknown>\nE       #9 0x560ebf309e7d <unknown>\nE       #10 0x560ebf2efc81 <unknown>\nE       #11 0x560ebf30aa5b <unknown>\nE       #12 0x560ebf2d6a50 <unknown>\nE       #13 0x560ebf32baa8 <unknown>\nE       #14 0x560ebf32bc79 <unknown>\nE       #15 0x560ebf33d4f3 <unknown>\nE       #16 0x7f92bda9caa4 <unknown>\nE       #17 0x7f92bdb29c6c <unknown>\n\nvenv/lib/python3.11/site-packages/selenium/webdriver/support/wait.py:105: TimeoutException","flaky":false,"newFailed":false,"newBroken":false,"newPassed":false,"retriesCount":0,"retriesStatusChange":false,"beforeStages":[{"name":"driver","time":{"start":1765526876661,"stop":1765526877643,"duration":982},"status":"passed","steps":[],"attachments":[],"parameters":[],"shouldDisplayMessage":false,"stepsCount":0,"attachmentsCount":0,"hasContent":false,"attachmentStep":false}],"testStage":{"status":"broken","statusMessage":"selenium.common.exceptions.TimeoutException: Message: \nStacktrace:\n#0 0x560ebf33e19a <unknown>\n#1 0x560ebedbbc4b <unknown>\n#2 0x560ebee0d318 <unknown>\n#3 0x560ebee0d551 <unknown>\n#4 0x560ebee5b764 <unknown>\n#5 0x560ebee58bee <unknown>\n#6 0x560ebedffc42 <unknown>\n#7 0x560ebee008f1 <unknown>\n#8 0x560ebf306f39 <unknown>\n#9 0x560ebf309e7d <unknown>\n#10 0x560ebf2efc81 <unknown>\n#11 0x560ebf30aa5b <unknown>\n#12 0x560ebf2d6a50 <unknown>\n#13 0x560ebf32baa8 <unknown>\n#14 0x560ebf32bc79 <unknown>\n#15 0x560ebf33d4f3 <unknown>\n#16 0x7f92bda9caa4 <unknown>\n#17 0x7f92bdb29c6c <unknown>","statusTrace":"driver = <selenium.webdriver.chrome.webdriver.WebDriver (session=\"c04ec4207b3e50ea59b7553d0e200d4a\")>\n\n    @allure.feature(\"UI 테스트\")\n    @allure.story(\"검색 실패 케이스\")\n    @allure.title(\"존재하지 않는 상품 검색 시, 결과 없음 메시지 확인\")\n    def test_search_invalid_product(driver):\n    \n        driver.get(\"https://www.kurly.com/main\")\n        driver.maximize_window()\n    \n        wait = WebDriverWait(driver, 10)\n    \n        with FailureScreenshot(driver, \"존재하지않는상품검색\", \"screenshots_invalid_search\"):\n            search_box = wait.until(\n                EC.visibility_of_element_located((By.XPATH, \"//input[@placeholder='검색어를 입력해주세요']\"))\n            )\n            search_box.send_keys(\"ㅁㄴㅇㄹ\")   # 존재하지 않는 검색어\n            search_box.send_keys(Keys.RETURN)\n    \n            # 검색 결과 없음 메시지 대기\n>           error_msg = wait.until(\n                EC.visibility_of_element_located((\n                    By.XPATH,\n                    \"//div[contains(text(), '검색 결과가 없')] | \"\n                    \"//div[contains(text(), '상품이 없')] | \"\n                    \"//div[contains(text(), '결과 없음')]\"\n                ))\n            )\n\nsrc/tests/ui_tests/test_invalied_search.py:28: \n_ _ _ _ _ _ _ _ _ _ _ _ _ _ _ _ _ _ _ _ _ _ _ _ _ _ _ _ _ _ _ _ _ _ _ _ _ _ _ _ \n\nself = <selenium.webdriver.support.wait.WebDriverWait (session=\"c04ec4207b3e50ea59b7553d0e200d4a\")>\nmethod = <function visibility_of_element_located.<locals>._predicate at 0x7f44105845e0>\nmessage = ''\n\n    def until(self, method: Callable[[D], Union[Literal[False], T]], message: str = \"\") -> T:\n        \"\"\"Calls the method provided with the driver as an argument until the \\\n        return value does not evaluate to ``False``.\n    \n        :param method: callable(WebDriver)\n        :param message: optional message for :exc:`TimeoutException`\n        :returns: the result of the last call to `method`\n        :raises: :exc:`selenium.common.exceptions.TimeoutException` if timeout occurs\n        \"\"\"\n        screen = None\n        stacktrace = None\n    \n        end_time = time.monotonic() + self._timeout\n        while True:\n            try:\n                value = method(self._driver)\n                if value:\n                    return value\n            except self._ignored_exceptions as exc:\n                screen = getattr(exc, \"screen\", None)\n                stacktrace = getattr(exc, \"stacktrace\", None)\n            if time.monotonic() > end_time:\n                break\n            time.sleep(self._poll)\n>       raise TimeoutException(message, screen, stacktrace)\nE       selenium.common.exceptions.TimeoutException: Message: \nE       Stacktrace:\nE       #0 0x560ebf33e19a <unknown>\nE       #1 0x560ebedbbc4b <unknown>\nE       #2 0x560ebee0d318 <unknown>\nE       #3 0x560ebee0d551 <unknown>\nE       #4 0x560ebee5b764 <unknown>\nE       #5 0x560ebee58bee <unknown>\nE       #6 0x560ebedffc42 <unknown>\nE       #7 0x560ebee008f1 <unknown>\nE       #8 0x560ebf306f39 <unknown>\nE       #9 0x560ebf309e7d <unknown>\nE       #10 0x560ebf2efc81 <unknown>\nE       #11 0x560ebf30aa5b <unknown>\nE       #12 0x560ebf2d6a50 <unknown>\nE       #13 0x560ebf32baa8 <unknown>\nE       #14 0x560ebf32bc79 <unknown>\nE       #15 0x560ebf33d4f3 <unknown>\nE       #16 0x7f92bda9caa4 <unknown>\nE       #17 0x7f92bdb29c6c <unknown>\n\nvenv/lib/python3.11/site-packages/selenium/webdriver/support/wait.py:105: TimeoutException","steps":[],"attachments":[{"uid":"93d5ad4bca3ea36f","name":"존재하지않는상품검색_실패","source":"93d5ad4bca3ea36f.png","type":"image/png","size":24109}],"parameters":[],"shouldDisplayMessage":true,"stepsCount":0,"attachmentsCount":1,"hasContent":true,"attachmentStep":false},"afterStages":[{"name":"driver::0","time":{"start":1765526890631,"stop":1765526890704,"duration":73},"status":"passed","steps":[],"attachments":[],"parameters":[],"shouldDisplayMessage":false,"stepsCount":0,"attachmentsCount":0,"hasContent":false,"attachmentStep":false}],"labels":[{"name":"story","value":"검색 실패 케이스"},{"name":"feature","value":"UI 테스트"},{"name":"parentSuite","value":"src.tests.ui_tests"},{"name":"suite","value":"test_invalied_search"},{"name":"host","value":"runnervm6qbrg"},{"name":"thread","value":"2755-MainThread"},{"name":"framework","value":"pytest"},{"name":"language","value":"cpython3"},{"name":"package","value":"src.tests.ui_tests.test_invalied_search"},{"name":"resultFormat","value":"allure2"}],"parameters":[],"links":[],"hidden":false,"retry":false,"extra":{"severity":"normal","retries":[],"categories":[{"name":"Test defects","matchedStatuses":[],"flaky":false}],"tags":[]},"source":"33968395793e2e31.json","parameterValues":[]}