{"uid":"48f2962e5b88cdb0","name":"상품 검색 후 카테고리 버튼들이 동작하는지 확인","fullName":"src.tests.ui_tests.test_ui_sort_button#test_ui_sort_button","historyId":"3ae25b53d305362960e4244ac029dc46","time":{"start":1759565260805,"stop":1759565271519,"duration":10714},"status":"failed","statusMessage":"Failed: ❌ '낮은 가격순' 테스트 실패: Message: no such element: Unable to locate element: {\"method\":\"css selector\",\"selector\":\"div[class='css-11kh0cw e1oh2pka5'] a:nth-child(1)\"}\n  (Session info: chrome=140.0.7339.207); For documentation on this error, please visit: https://www.selenium.dev/documentation/webdriver/troubleshooting/errors#no-such-element-exception\nStacktrace:\n#0 0x55e28aaf0fba <unknown>\n#1 0x55e28a5756d0 <unknown>\n#2 0x55e28a5c72aa <unknown>\n#3 0x55e28a5c7541 <unknown>\n#4 0x55e28a6156c4 <unknown>\n#5 0x55e28a5ece5d <unknown>\n#6 0x55e28a612b54 <unknown>\n#7 0x55e28a5ecc03 <unknown>\n#8 0x55e28a5b97a8 <unknown>\n#9 0x55e28a5ba421 <unknown>\n#10 0x55e28aab5b28 <unknown>\n#11 0x55e28aab987f <unknown>\n#12 0x55e28aa9dc49 <unknown>\n#13 0x55e28aaba405 <unknown>\n#14 0x55e28aa834ff <unknown>\n#15 0x55e28aade258 <unknown>\n#16 0x55e28aade432 <unknown>\n#17 0x55e28aaeffa3 <unknown>\n#18 0x7f345a49caa4 <unknown>\n#19 0x7f345a529c6c <unknown>","statusTrace":"category_name = '낮은 가격순', screenshot_name = '낮은가격순'\n\n    def click_and_verify_category(category_name, screenshot_name):\n        try:\n    \n            first_item_selector = \"div[class='css-11kh0cw e1oh2pka5'] a:nth-child(1)\"\n>           first_item_before = driver.find_element(By.CSS_SELECTOR, first_item_selector).text\n\nsrc/tests/ui_tests/test_ui_sort_button.py:28: \n_ _ _ _ _ _ _ _ _ _ _ _ _ _ _ _ _ _ _ _ _ _ _ _ _ _ _ _ _ _ _ _ _ _ _ _ _ _ _ _ \nvenv/lib/python3.11/site-packages/selenium/webdriver/remote/webdriver.py:770: in find_element\n    return self.execute(Command.FIND_ELEMENT, {\"using\": by, \"value\": value})[\"value\"]\nvenv/lib/python3.11/site-packages/selenium/webdriver/remote/webdriver.py:384: in execute\n    self.error_handler.check_response(response)\n_ _ _ _ _ _ _ _ _ _ _ _ _ _ _ _ _ _ _ _ _ _ _ _ _ _ _ _ _ _ _ _ _ _ _ _ _ _ _ _ \n\nself = <selenium.webdriver.remote.errorhandler.ErrorHandler object at 0x7f76f10c8710>\nresponse = {'status': 404, 'value': '{\"value\":{\"error\":\"no such element\",\"message\":\"no such element: Unable to locate element: {\\...\\\\n#17 0x55e28aaeffa3 \\\\u003Cunknown>\\\\n#18 0x7f345a49caa4 \\\\u003Cunknown>\\\\n#19 0x7f345a529c6c \\\\u003Cunknown>\\\\n\"}}'}\n\n    def check_response(self, response: Dict[str, Any]) -> None:\n        \"\"\"Checks that a JSON response from the WebDriver does not have an\n        error.\n    \n        :Args:\n         - response - The JSON response from the WebDriver server as a dictionary\n           object.\n    \n        :Raises: If the response contains an error message.\n        \"\"\"\n        status = response.get(\"status\", None)\n        if not status or status == ErrorCode.SUCCESS:\n            return\n        value = None\n        message = response.get(\"message\", \"\")\n        screen: str = response.get(\"screen\", \"\")\n        stacktrace = None\n        if isinstance(status, int):\n            value_json = response.get(\"value\", None)\n            if value_json and isinstance(value_json, str):\n                import json\n    \n                try:\n                    value = json.loads(value_json)\n                    if len(value) == 1:\n                        value = value[\"value\"]\n                    status = value.get(\"error\", None)\n                    if not status:\n                        status = value.get(\"status\", ErrorCode.UNKNOWN_ERROR)\n                        message = value.get(\"value\") or value.get(\"message\")\n                        if not isinstance(message, str):\n                            value = message\n                            message = message.get(\"message\")\n                    else:\n                        message = value.get(\"message\", None)\n                except ValueError:\n                    pass\n    \n        exception_class: Type[WebDriverException]\n        e = ErrorCode()\n        error_codes = [item for item in dir(e) if not item.startswith(\"__\")]\n        for error_code in error_codes:\n            error_info = getattr(ErrorCode, error_code)\n            if isinstance(error_info, list) and status in error_info:\n                exception_class = getattr(ExceptionMapping, error_code, WebDriverException)\n                break\n        else:\n            exception_class = WebDriverException\n    \n        if not value:\n            value = response[\"value\"]\n        if isinstance(value, str):\n            raise exception_class(value)\n        if message == \"\" and \"message\" in value:\n            message = value[\"message\"]\n    \n        screen = None  # type: ignore[assignment]\n        if \"screen\" in value:\n            screen = value[\"screen\"]\n    \n        stacktrace = None\n        st_value = value.get(\"stackTrace\") or value.get(\"stacktrace\")\n        if st_value:\n            if isinstance(st_value, str):\n                stacktrace = st_value.split(\"\\n\")\n            else:\n                stacktrace = []\n                try:\n                    for frame in st_value:\n                        line = frame.get(\"lineNumber\", \"\")\n                        file = frame.get(\"fileName\", \"<anonymous>\")\n                        if line:\n                            file = f\"{file}:{line}\"\n                        meth = frame.get(\"methodName\", \"<anonymous>\")\n                        if \"className\" in frame:\n                            meth = f\"{frame['className']}.{meth}\"\n                        msg = \"    at %s (%s)\"\n                        msg = msg % (meth, file)\n                        stacktrace.append(msg)\n                except TypeError:\n                    pass\n        if exception_class == UnexpectedAlertPresentException:\n            alert_text = None\n            if \"data\" in value:\n                alert_text = value[\"data\"].get(\"text\")\n            elif \"alert\" in value:\n                alert_text = value[\"alert\"].get(\"text\")\n            raise exception_class(message, screen, stacktrace, alert_text)  # type: ignore[call-arg]  # mypy is not smart enough here\n>       raise exception_class(message, screen, stacktrace)\nE       selenium.common.exceptions.NoSuchElementException: Message: no such element: Unable to locate element: {\"method\":\"css selector\",\"selector\":\"div[class='css-11kh0cw e1oh2pka5'] a:nth-child(1)\"}\nE         (Session info: chrome=140.0.7339.207); For documentation on this error, please visit: https://www.selenium.dev/documentation/webdriver/troubleshooting/errors#no-such-element-exception\nE       Stacktrace:\nE       #0 0x55e28aaf0fba <unknown>\nE       #1 0x55e28a5756d0 <unknown>\nE       #2 0x55e28a5c72aa <unknown>\nE       #3 0x55e28a5c7541 <unknown>\nE       #4 0x55e28a6156c4 <unknown>\nE       #5 0x55e28a5ece5d <unknown>\nE       #6 0x55e28a612b54 <unknown>\nE       #7 0x55e28a5ecc03 <unknown>\nE       #8 0x55e28a5b97a8 <unknown>\nE       #9 0x55e28a5ba421 <unknown>\nE       #10 0x55e28aab5b28 <unknown>\nE       #11 0x55e28aab987f <unknown>\nE       #12 0x55e28aa9dc49 <unknown>\nE       #13 0x55e28aaba405 <unknown>\nE       #14 0x55e28aa834ff <unknown>\nE       #15 0x55e28aade258 <unknown>\nE       #16 0x55e28aade432 <unknown>\nE       #17 0x55e28aaeffa3 <unknown>\nE       #18 0x7f345a49caa4 <unknown>\nE       #19 0x7f345a529c6c <unknown>\n\nvenv/lib/python3.11/site-packages/selenium/webdriver/remote/errorhandler.py:232: NoSuchElementException\n\nDuring handling of the above exception, another exception occurred:\n\ndriver = <selenium.webdriver.chrome.webdriver.WebDriver (session=\"f36751d69659f9185dcf0f94796aaf32\")>\n\n    @allure.feature(\"UI 테스트\")\n    @allure.story(\"카테고리 기능 테스트\")\n    @allure.title(\"상품 검색 후 카테고리 버튼들이 동작하는지 확인\")\n    def test_ui_sort_button(driver):\n        driver.get(URLs.KURLY_MAIN)\n        driver.maximize_window()\n    \n        try:\n            # 검색어 입력\n            search_box = driver.find_element(*Selectors.SEARCH_BOX)\n            search_box.send_keys(\"과자\")\n            search_box.send_keys(Keys.RETURN)\n            time.sleep(4)\n    \n            def click_and_verify_category(category_name, screenshot_name):\n                try:\n    \n                    first_item_selector = \"div[class='css-11kh0cw e1oh2pka5'] a:nth-child(1)\"\n                    first_item_before = driver.find_element(By.CSS_SELECTOR, first_item_selector).text\n    \n    \n                    category_button = driver.find_element(By.XPATH, f\"//a[contains(text(), '{category_name}')]\")\n                    category_button.click()\n                    time.sleep(4)\n    \n    \n                    first_item_after = driver.find_element(By.CSS_SELECTOR, first_item_selector).text\n    \n    \n                    assert first_item_before != first_item_after, f\"❌ '{category_name}' 클릭 후 상품 화면이 바뀌지 않음\"\n    \n    \n                    capture_screenshot(driver, screenshot_name, \"screenshots_category\")\n    \n                except Exception as e:\n                    capture_screenshot(driver, f\"{screenshot_name}_실패\", \"screenshots_category\")\n                    allure.attach(driver.get_screenshot_as_png(), name=f\"{screenshot_name}_실패\",\n                                  attachment_type=allure.attachment_type.PNG)\n                    pytest.fail(f\"❌ '{category_name}' 테스트 실패: {str(e)}\")\n    \n            categories = [\n                (\"낮은 가격순\", \"낮은가격순\"),\n                (\"높은 가격순\", \"높은가격순\"),\n                (\"판매량순\", \"판매량순\"),\n                (\"혜택순\", \"혜택순\"),\n                (\"신상품순\", \"신상품순\"),\n                (\"추천순\", \"추천순\"),\n            ]\n            for category_name, screenshot_name in categories:\n>               click_and_verify_category(category_name, screenshot_name)\n\nsrc/tests/ui_tests/test_ui_sort_button.py:59: \n_ _ _ _ _ _ _ _ _ _ _ _ _ _ _ _ _ _ _ _ _ _ _ _ _ _ _ _ _ _ _ _ _ _ _ _ _ _ _ _ \n\ncategory_name = '낮은 가격순', screenshot_name = '낮은가격순'\n\n    def click_and_verify_category(category_name, screenshot_name):\n        try:\n    \n            first_item_selector = \"div[class='css-11kh0cw e1oh2pka5'] a:nth-child(1)\"\n            first_item_before = driver.find_element(By.CSS_SELECTOR, first_item_selector).text\n    \n    \n            category_button = driver.find_element(By.XPATH, f\"//a[contains(text(), '{category_name}')]\")\n            category_button.click()\n            time.sleep(4)\n    \n    \n            first_item_after = driver.find_element(By.CSS_SELECTOR, first_item_selector).text\n    \n    \n            assert first_item_before != first_item_after, f\"❌ '{category_name}' 클릭 후 상품 화면이 바뀌지 않음\"\n    \n    \n            capture_screenshot(driver, screenshot_name, \"screenshots_category\")\n    \n        except Exception as e:\n            capture_screenshot(driver, f\"{screenshot_name}_실패\", \"screenshots_category\")\n            allure.attach(driver.get_screenshot_as_png(), name=f\"{screenshot_name}_실패\",\n                          attachment_type=allure.attachment_type.PNG)\n>           pytest.fail(f\"❌ '{category_name}' 테스트 실패: {str(e)}\")\nE           Failed: ❌ '낮은 가격순' 테스트 실패: Message: no such element: Unable to locate element: {\"method\":\"css selector\",\"selector\":\"div[class='css-11kh0cw e1oh2pka5'] a:nth-child(1)\"}\nE             (Session info: chrome=140.0.7339.207); For documentation on this error, please visit: https://www.selenium.dev/documentation/webdriver/troubleshooting/errors#no-such-element-exception\nE           Stacktrace:\nE           #0 0x55e28aaf0fba <unknown>\nE           #1 0x55e28a5756d0 <unknown>\nE           #2 0x55e28a5c72aa <unknown>\nE           #3 0x55e28a5c7541 <unknown>\nE           #4 0x55e28a6156c4 <unknown>\nE           #5 0x55e28a5ece5d <unknown>\nE           #6 0x55e28a612b54 <unknown>\nE           #7 0x55e28a5ecc03 <unknown>\nE           #8 0x55e28a5b97a8 <unknown>\nE           #9 0x55e28a5ba421 <unknown>\nE           #10 0x55e28aab5b28 <unknown>\nE           #11 0x55e28aab987f <unknown>\nE           #12 0x55e28aa9dc49 <unknown>\nE           #13 0x55e28aaba405 <unknown>\nE           #14 0x55e28aa834ff <unknown>\nE           #15 0x55e28aade258 <unknown>\nE           #16 0x55e28aade432 <unknown>\nE           #17 0x55e28aaeffa3 <unknown>\nE           #18 0x7f345a49caa4 <unknown>\nE           #19 0x7f345a529c6c <unknown>\n\nsrc/tests/ui_tests/test_ui_sort_button.py:48: Failed","flaky":false,"newFailed":false,"newBroken":false,"newPassed":false,"retriesCount":0,"retriesStatusChange":false,"beforeStages":[{"name":"driver","time":{"start":1759565260148,"stop":1759565260805,"duration":657},"status":"passed","steps":[],"attachments":[],"parameters":[],"shouldDisplayMessage":false,"stepsCount":0,"attachmentsCount":0,"hasContent":false,"attachmentStep":false}],"testStage":{"status":"failed","statusMessage":"Failed: ❌ '낮은 가격순' 테스트 실패: Message: no such element: Unable to locate element: {\"method\":\"css selector\",\"selector\":\"div[class='css-11kh0cw e1oh2pka5'] a:nth-child(1)\"}\n  (Session info: chrome=140.0.7339.207); For documentation on this error, please visit: https://www.selenium.dev/documentation/webdriver/troubleshooting/errors#no-such-element-exception\nStacktrace:\n#0 0x55e28aaf0fba <unknown>\n#1 0x55e28a5756d0 <unknown>\n#2 0x55e28a5c72aa <unknown>\n#3 0x55e28a5c7541 <unknown>\n#4 0x55e28a6156c4 <unknown>\n#5 0x55e28a5ece5d <unknown>\n#6 0x55e28a612b54 <unknown>\n#7 0x55e28a5ecc03 <unknown>\n#8 0x55e28a5b97a8 <unknown>\n#9 0x55e28a5ba421 <unknown>\n#10 0x55e28aab5b28 <unknown>\n#11 0x55e28aab987f <unknown>\n#12 0x55e28aa9dc49 <unknown>\n#13 0x55e28aaba405 <unknown>\n#14 0x55e28aa834ff <unknown>\n#15 0x55e28aade258 <unknown>\n#16 0x55e28aade432 <unknown>\n#17 0x55e28aaeffa3 <unknown>\n#18 0x7f345a49caa4 <unknown>\n#19 0x7f345a529c6c <unknown>","statusTrace":"category_name = '낮은 가격순', screenshot_name = '낮은가격순'\n\n    def click_and_verify_category(category_name, screenshot_name):\n        try:\n    \n            first_item_selector = \"div[class='css-11kh0cw e1oh2pka5'] a:nth-child(1)\"\n>           first_item_before = driver.find_element(By.CSS_SELECTOR, first_item_selector).text\n\nsrc/tests/ui_tests/test_ui_sort_button.py:28: \n_ _ _ _ _ _ _ _ _ _ _ _ _ _ _ _ _ _ _ _ _ _ _ _ _ _ _ _ _ _ _ _ _ _ _ _ _ _ _ _ \nvenv/lib/python3.11/site-packages/selenium/webdriver/remote/webdriver.py:770: in find_element\n    return self.execute(Command.FIND_ELEMENT, {\"using\": by, \"value\": value})[\"value\"]\nvenv/lib/python3.11/site-packages/selenium/webdriver/remote/webdriver.py:384: in execute\n    self.error_handler.check_response(response)\n_ _ _ _ _ _ _ _ _ _ _ _ _ _ _ _ _ _ _ _ _ _ _ _ _ _ _ _ _ _ _ _ _ _ _ _ _ _ _ _ \n\nself = <selenium.webdriver.remote.errorhandler.ErrorHandler object at 0x7f76f10c8710>\nresponse = {'status': 404, 'value': '{\"value\":{\"error\":\"no such element\",\"message\":\"no such element: Unable to locate element: {\\...\\\\n#17 0x55e28aaeffa3 \\\\u003Cunknown>\\\\n#18 0x7f345a49caa4 \\\\u003Cunknown>\\\\n#19 0x7f345a529c6c \\\\u003Cunknown>\\\\n\"}}'}\n\n    def check_response(self, response: Dict[str, Any]) -> None:\n        \"\"\"Checks that a JSON response from the WebDriver does not have an\n        error.\n    \n        :Args:\n         - response - The JSON response from the WebDriver server as a dictionary\n           object.\n    \n        :Raises: If the response contains an error message.\n        \"\"\"\n        status = response.get(\"status\", None)\n        if not status or status == ErrorCode.SUCCESS:\n            return\n        value = None\n        message = response.get(\"message\", \"\")\n        screen: str = response.get(\"screen\", \"\")\n        stacktrace = None\n        if isinstance(status, int):\n            value_json = response.get(\"value\", None)\n            if value_json and isinstance(value_json, str):\n                import json\n    \n                try:\n                    value = json.loads(value_json)\n                    if len(value) == 1:\n                        value = value[\"value\"]\n                    status = value.get(\"error\", None)\n                    if not status:\n                        status = value.get(\"status\", ErrorCode.UNKNOWN_ERROR)\n                        message = value.get(\"value\") or value.get(\"message\")\n                        if not isinstance(message, str):\n                            value = message\n                            message = message.get(\"message\")\n                    else:\n                        message = value.get(\"message\", None)\n                except ValueError:\n                    pass\n    \n        exception_class: Type[WebDriverException]\n        e = ErrorCode()\n        error_codes = [item for item in dir(e) if not item.startswith(\"__\")]\n        for error_code in error_codes:\n            error_info = getattr(ErrorCode, error_code)\n            if isinstance(error_info, list) and status in error_info:\n                exception_class = getattr(ExceptionMapping, error_code, WebDriverException)\n                break\n        else:\n            exception_class = WebDriverException\n    \n        if not value:\n            value = response[\"value\"]\n        if isinstance(value, str):\n            raise exception_class(value)\n        if message == \"\" and \"message\" in value:\n            message = value[\"message\"]\n    \n        screen = None  # type: ignore[assignment]\n        if \"screen\" in value:\n            screen = value[\"screen\"]\n    \n        stacktrace = None\n        st_value = value.get(\"stackTrace\") or value.get(\"stacktrace\")\n        if st_value:\n            if isinstance(st_value, str):\n                stacktrace = st_value.split(\"\\n\")\n            else:\n                stacktrace = []\n                try:\n                    for frame in st_value:\n                        line = frame.get(\"lineNumber\", \"\")\n                        file = frame.get(\"fileName\", \"<anonymous>\")\n                        if line:\n                            file = f\"{file}:{line}\"\n                        meth = frame.get(\"methodName\", \"<anonymous>\")\n                        if \"className\" in frame:\n                            meth = f\"{frame['className']}.{meth}\"\n                        msg = \"    at %s (%s)\"\n                        msg = msg % (meth, file)\n                        stacktrace.append(msg)\n                except TypeError:\n                    pass\n        if exception_class == UnexpectedAlertPresentException:\n            alert_text = None\n            if \"data\" in value:\n                alert_text = value[\"data\"].get(\"text\")\n            elif \"alert\" in value:\n                alert_text = value[\"alert\"].get(\"text\")\n            raise exception_class(message, screen, stacktrace, alert_text)  # type: ignore[call-arg]  # mypy is not smart enough here\n>       raise exception_class(message, screen, stacktrace)\nE       selenium.common.exceptions.NoSuchElementException: Message: no such element: Unable to locate element: {\"method\":\"css selector\",\"selector\":\"div[class='css-11kh0cw e1oh2pka5'] a:nth-child(1)\"}\nE         (Session info: chrome=140.0.7339.207); For documentation on this error, please visit: https://www.selenium.dev/documentation/webdriver/troubleshooting/errors#no-such-element-exception\nE       Stacktrace:\nE       #0 0x55e28aaf0fba <unknown>\nE       #1 0x55e28a5756d0 <unknown>\nE       #2 0x55e28a5c72aa <unknown>\nE       #3 0x55e28a5c7541 <unknown>\nE       #4 0x55e28a6156c4 <unknown>\nE       #5 0x55e28a5ece5d <unknown>\nE       #6 0x55e28a612b54 <unknown>\nE       #7 0x55e28a5ecc03 <unknown>\nE       #8 0x55e28a5b97a8 <unknown>\nE       #9 0x55e28a5ba421 <unknown>\nE       #10 0x55e28aab5b28 <unknown>\nE       #11 0x55e28aab987f <unknown>\nE       #12 0x55e28aa9dc49 <unknown>\nE       #13 0x55e28aaba405 <unknown>\nE       #14 0x55e28aa834ff <unknown>\nE       #15 0x55e28aade258 <unknown>\nE       #16 0x55e28aade432 <unknown>\nE       #17 0x55e28aaeffa3 <unknown>\nE       #18 0x7f345a49caa4 <unknown>\nE       #19 0x7f345a529c6c <unknown>\n\nvenv/lib/python3.11/site-packages/selenium/webdriver/remote/errorhandler.py:232: NoSuchElementException\n\nDuring handling of the above exception, another exception occurred:\n\ndriver = <selenium.webdriver.chrome.webdriver.WebDriver (session=\"f36751d69659f9185dcf0f94796aaf32\")>\n\n    @allure.feature(\"UI 테스트\")\n    @allure.story(\"카테고리 기능 테스트\")\n    @allure.title(\"상품 검색 후 카테고리 버튼들이 동작하는지 확인\")\n    def test_ui_sort_button(driver):\n        driver.get(URLs.KURLY_MAIN)\n        driver.maximize_window()\n    \n        try:\n            # 검색어 입력\n            search_box = driver.find_element(*Selectors.SEARCH_BOX)\n            search_box.send_keys(\"과자\")\n            search_box.send_keys(Keys.RETURN)\n            time.sleep(4)\n    \n            def click_and_verify_category(category_name, screenshot_name):\n                try:\n    \n                    first_item_selector = \"div[class='css-11kh0cw e1oh2pka5'] a:nth-child(1)\"\n                    first_item_before = driver.find_element(By.CSS_SELECTOR, first_item_selector).text\n    \n    \n                    category_button = driver.find_element(By.XPATH, f\"//a[contains(text(), '{category_name}')]\")\n                    category_button.click()\n                    time.sleep(4)\n    \n    \n                    first_item_after = driver.find_element(By.CSS_SELECTOR, first_item_selector).text\n    \n    \n                    assert first_item_before != first_item_after, f\"❌ '{category_name}' 클릭 후 상품 화면이 바뀌지 않음\"\n    \n    \n                    capture_screenshot(driver, screenshot_name, \"screenshots_category\")\n    \n                except Exception as e:\n                    capture_screenshot(driver, f\"{screenshot_name}_실패\", \"screenshots_category\")\n                    allure.attach(driver.get_screenshot_as_png(), name=f\"{screenshot_name}_실패\",\n                                  attachment_type=allure.attachment_type.PNG)\n                    pytest.fail(f\"❌ '{category_name}' 테스트 실패: {str(e)}\")\n    \n            categories = [\n                (\"낮은 가격순\", \"낮은가격순\"),\n                (\"높은 가격순\", \"높은가격순\"),\n                (\"판매량순\", \"판매량순\"),\n                (\"혜택순\", \"혜택순\"),\n                (\"신상품순\", \"신상품순\"),\n                (\"추천순\", \"추천순\"),\n            ]\n            for category_name, screenshot_name in categories:\n>               click_and_verify_category(category_name, screenshot_name)\n\nsrc/tests/ui_tests/test_ui_sort_button.py:59: \n_ _ _ _ _ _ _ _ _ _ _ _ _ _ _ _ _ _ _ _ _ _ _ _ _ _ _ _ _ _ _ _ _ _ _ _ _ _ _ _ \n\ncategory_name = '낮은 가격순', screenshot_name = '낮은가격순'\n\n    def click_and_verify_category(category_name, screenshot_name):\n        try:\n    \n            first_item_selector = \"div[class='css-11kh0cw e1oh2pka5'] a:nth-child(1)\"\n            first_item_before = driver.find_element(By.CSS_SELECTOR, first_item_selector).text\n    \n    \n            category_button = driver.find_element(By.XPATH, f\"//a[contains(text(), '{category_name}')]\")\n            category_button.click()\n            time.sleep(4)\n    \n    \n            first_item_after = driver.find_element(By.CSS_SELECTOR, first_item_selector).text\n    \n    \n            assert first_item_before != first_item_after, f\"❌ '{category_name}' 클릭 후 상품 화면이 바뀌지 않음\"\n    \n    \n            capture_screenshot(driver, screenshot_name, \"screenshots_category\")\n    \n        except Exception as e:\n            capture_screenshot(driver, f\"{screenshot_name}_실패\", \"screenshots_category\")\n            allure.attach(driver.get_screenshot_as_png(), name=f\"{screenshot_name}_실패\",\n                          attachment_type=allure.attachment_type.PNG)\n>           pytest.fail(f\"❌ '{category_name}' 테스트 실패: {str(e)}\")\nE           Failed: ❌ '낮은 가격순' 테스트 실패: Message: no such element: Unable to locate element: {\"method\":\"css selector\",\"selector\":\"div[class='css-11kh0cw e1oh2pka5'] a:nth-child(1)\"}\nE             (Session info: chrome=140.0.7339.207); For documentation on this error, please visit: https://www.selenium.dev/documentation/webdriver/troubleshooting/errors#no-such-element-exception\nE           Stacktrace:\nE           #0 0x55e28aaf0fba <unknown>\nE           #1 0x55e28a5756d0 <unknown>\nE           #2 0x55e28a5c72aa <unknown>\nE           #3 0x55e28a5c7541 <unknown>\nE           #4 0x55e28a6156c4 <unknown>\nE           #5 0x55e28a5ece5d <unknown>\nE           #6 0x55e28a612b54 <unknown>\nE           #7 0x55e28a5ecc03 <unknown>\nE           #8 0x55e28a5b97a8 <unknown>\nE           #9 0x55e28a5ba421 <unknown>\nE           #10 0x55e28aab5b28 <unknown>\nE           #11 0x55e28aab987f <unknown>\nE           #12 0x55e28aa9dc49 <unknown>\nE           #13 0x55e28aaba405 <unknown>\nE           #14 0x55e28aa834ff <unknown>\nE           #15 0x55e28aade258 <unknown>\nE           #16 0x55e28aade432 <unknown>\nE           #17 0x55e28aaeffa3 <unknown>\nE           #18 0x7f345a49caa4 <unknown>\nE           #19 0x7f345a529c6c <unknown>\n\nsrc/tests/ui_tests/test_ui_sort_button.py:48: Failed","steps":[],"attachments":[{"uid":"3d25b124abde94d3","name":"낮은가격순_실패","source":"3d25b124abde94d3.png","type":"image/png","size":30398},{"uid":"502d6ecffc96a8e6","name":"Failure Screenshot","source":"502d6ecffc96a8e6.png","type":"image/png","size":30398},{"uid":"c9c5c8d1c5f3da71","name":"stdout","source":"c9c5c8d1c5f3da71.txt","type":"text/plain","size":97}],"parameters":[],"shouldDisplayMessage":true,"stepsCount":0,"attachmentsCount":3,"hasContent":true,"attachmentStep":false},"afterStages":[{"name":"driver::0","time":{"start":1759565271611,"stop":1759565271681,"duration":70},"status":"passed","steps":[],"attachments":[],"parameters":[],"shouldDisplayMessage":false,"stepsCount":0,"attachmentsCount":0,"hasContent":false,"attachmentStep":false}],"labels":[{"name":"story","value":"카테고리 기능 테스트"},{"name":"feature","value":"UI 테스트"},{"name":"parentSuite","value":"src.tests.ui_tests"},{"name":"suite","value":"test_ui_sort_button"},{"name":"host","value":"runnervmwhb2z"},{"name":"thread","value":"2729-MainThread"},{"name":"framework","value":"pytest"},{"name":"language","value":"cpython3"},{"name":"package","value":"src.tests.ui_tests.test_ui_sort_button"},{"name":"resultFormat","value":"allure2"}],"parameters":[],"links":[],"hidden":false,"retry":false,"extra":{"severity":"normal","retries":[],"categories":[{"name":"Product defects","matchedStatuses":[],"flaky":false}],"tags":[]},"source":"48f2962e5b88cdb0.json","parameterValues":[]}