{"uid":"70c94b56bb5d1b73","name":"존재하지 않는 상품 검색 시, 결과 없음 메시지 확인","fullName":"src.tests.ui_tests.test_invalied_search#test_search_invalid_product","historyId":"8a73c4c5e9ebde1734f58ebd81cbc70e","time":{"start":1765195727257,"stop":1765195740880,"duration":13623},"status":"broken","statusMessage":"selenium.common.exceptions.TimeoutException: Message: \nStacktrace:\n#0 0x5611281d64ca <unknown>\n#1 0x561127c24e4b <unknown>\n#2 0x561127c77814 <unknown>\n#3 0x561127c77a51 <unknown>\n#4 0x561127cc6a44 <unknown>\n#5 0x561127cc3df7 <unknown>\n#6 0x561127c69c2a <unknown>\n#7 0x561127c6a931 <unknown>\n#8 0x56112819ccf9 <unknown>\n#9 0x56112819fcdc <unknown>\n#10 0x561128185f79 <unknown>\n#11 0x5611281a08b5 <unknown>\n#12 0x56112816d9c3 <unknown>\n#13 0x5611281c3228 <unknown>\n#14 0x5611281c3403 <unknown>\n#15 0x5611281d5463 <unknown>\n#16 0x7f6e1a69caa4 <unknown>\n#17 0x7f6e1a729c6c <unknown>","statusTrace":"driver = <selenium.webdriver.chrome.webdriver.WebDriver (session=\"5230f11e39d5493c2dab6771f336c94e\")>\n\n    @allure.feature(\"UI 테스트\")\n    @allure.story(\"검색 실패 케이스\")\n    @allure.title(\"존재하지 않는 상품 검색 시, 결과 없음 메시지 확인\")\n    def test_search_invalid_product(driver):\n    \n        driver.get(\"https://www.kurly.com/main\")\n        driver.maximize_window()\n    \n        wait = WebDriverWait(driver, 10)\n    \n        with FailureScreenshot(driver, \"존재하지않는상품검색\", \"screenshots_invalid_search\"):\n            search_box = wait.until(\n                EC.visibility_of_element_located((By.XPATH, \"//input[@placeholder='검색어를 입력해주세요']\"))\n            )\n            search_box.send_keys(\"ㅁㄴㅇㄹ\")   # 존재하지 않는 검색어\n            search_box.send_keys(Keys.RETURN)\n    \n            # 검색 결과 없음 메시지 대기\n>           error_msg = wait.until(\n                EC.visibility_of_element_located((\n                    By.XPATH,\n                    \"//div[contains(text(), '검색 결과가 없')] | \"\n                    \"//div[contains(text(), '상품이 없')] | \"\n                    \"//div[contains(text(), '결과 없음')]\"\n                ))\n            )\n\nsrc/tests/ui_tests/test_invalied_search.py:28: \n_ _ _ _ _ _ _ _ _ _ _ _ _ _ _ _ _ _ _ _ _ _ _ _ _ _ _ _ _ _ _ _ _ _ _ _ _ _ _ _ \n\nself = <selenium.webdriver.support.wait.WebDriverWait (session=\"5230f11e39d5493c2dab6771f336c94e\")>\nmethod = <function visibility_of_element_located.<locals>._predicate at 0x7fa4aa3bc5e0>\nmessage = ''\n\n    def until(self, method: Callable[[D], Union[Literal[False], T]], message: str = \"\") -> T:\n        \"\"\"Calls the method provided with the driver as an argument until the \\\n        return value does not evaluate to ``False``.\n    \n        :param method: callable(WebDriver)\n        :param message: optional message for :exc:`TimeoutException`\n        :returns: the result of the last call to `method`\n        :raises: :exc:`selenium.common.exceptions.TimeoutException` if timeout occurs\n        \"\"\"\n        screen = None\n        stacktrace = None\n    \n        end_time = time.monotonic() + self._timeout\n        while True:\n            try:\n                value = method(self._driver)\n                if value:\n                    return value\n            except self._ignored_exceptions as exc:\n                screen = getattr(exc, \"screen\", None)\n                stacktrace = getattr(exc, \"stacktrace\", None)\n            if time.monotonic() > end_time:\n                break\n            time.sleep(self._poll)\n>       raise TimeoutException(message, screen, stacktrace)\nE       selenium.common.exceptions.TimeoutException: Message: \nE       Stacktrace:\nE       #0 0x5611281d64ca <unknown>\nE       #1 0x561127c24e4b <unknown>\nE       #2 0x561127c77814 <unknown>\nE       #3 0x561127c77a51 <unknown>\nE       #4 0x561127cc6a44 <unknown>\nE       #5 0x561127cc3df7 <unknown>\nE       #6 0x561127c69c2a <unknown>\nE       #7 0x561127c6a931 <unknown>\nE       #8 0x56112819ccf9 <unknown>\nE       #9 0x56112819fcdc <unknown>\nE       #10 0x561128185f79 <unknown>\nE       #11 0x5611281a08b5 <unknown>\nE       #12 0x56112816d9c3 <unknown>\nE       #13 0x5611281c3228 <unknown>\nE       #14 0x5611281c3403 <unknown>\nE       #15 0x5611281d5463 <unknown>\nE       #16 0x7f6e1a69caa4 <unknown>\nE       #17 0x7f6e1a729c6c <unknown>\n\nvenv/lib/python3.11/site-packages/selenium/webdriver/support/wait.py:105: TimeoutException","flaky":false,"newFailed":false,"newBroken":false,"newPassed":false,"retriesCount":0,"retriesStatusChange":false,"beforeStages":[{"name":"driver","time":{"start":1765195726718,"stop":1765195727257,"duration":539},"status":"passed","steps":[],"attachments":[],"parameters":[],"shouldDisplayMessage":false,"stepsCount":0,"attachmentsCount":0,"hasContent":false,"attachmentStep":false}],"testStage":{"status":"broken","statusMessage":"selenium.common.exceptions.TimeoutException: Message: \nStacktrace:\n#0 0x5611281d64ca <unknown>\n#1 0x561127c24e4b <unknown>\n#2 0x561127c77814 <unknown>\n#3 0x561127c77a51 <unknown>\n#4 0x561127cc6a44 <unknown>\n#5 0x561127cc3df7 <unknown>\n#6 0x561127c69c2a <unknown>\n#7 0x561127c6a931 <unknown>\n#8 0x56112819ccf9 <unknown>\n#9 0x56112819fcdc <unknown>\n#10 0x561128185f79 <unknown>\n#11 0x5611281a08b5 <unknown>\n#12 0x56112816d9c3 <unknown>\n#13 0x5611281c3228 <unknown>\n#14 0x5611281c3403 <unknown>\n#15 0x5611281d5463 <unknown>\n#16 0x7f6e1a69caa4 <unknown>\n#17 0x7f6e1a729c6c <unknown>","statusTrace":"driver = <selenium.webdriver.chrome.webdriver.WebDriver (session=\"5230f11e39d5493c2dab6771f336c94e\")>\n\n    @allure.feature(\"UI 테스트\")\n    @allure.story(\"검색 실패 케이스\")\n    @allure.title(\"존재하지 않는 상품 검색 시, 결과 없음 메시지 확인\")\n    def test_search_invalid_product(driver):\n    \n        driver.get(\"https://www.kurly.com/main\")\n        driver.maximize_window()\n    \n        wait = WebDriverWait(driver, 10)\n    \n        with FailureScreenshot(driver, \"존재하지않는상품검색\", \"screenshots_invalid_search\"):\n            search_box = wait.until(\n                EC.visibility_of_element_located((By.XPATH, \"//input[@placeholder='검색어를 입력해주세요']\"))\n            )\n            search_box.send_keys(\"ㅁㄴㅇㄹ\")   # 존재하지 않는 검색어\n            search_box.send_keys(Keys.RETURN)\n    \n            # 검색 결과 없음 메시지 대기\n>           error_msg = wait.until(\n                EC.visibility_of_element_located((\n                    By.XPATH,\n                    \"//div[contains(text(), '검색 결과가 없')] | \"\n                    \"//div[contains(text(), '상품이 없')] | \"\n                    \"//div[contains(text(), '결과 없음')]\"\n                ))\n            )\n\nsrc/tests/ui_tests/test_invalied_search.py:28: \n_ _ _ _ _ _ _ _ _ _ _ _ _ _ _ _ _ _ _ _ _ _ _ _ _ _ _ _ _ _ _ _ _ _ _ _ _ _ _ _ \n\nself = <selenium.webdriver.support.wait.WebDriverWait (session=\"5230f11e39d5493c2dab6771f336c94e\")>\nmethod = <function visibility_of_element_located.<locals>._predicate at 0x7fa4aa3bc5e0>\nmessage = ''\n\n    def until(self, method: Callable[[D], Union[Literal[False], T]], message: str = \"\") -> T:\n        \"\"\"Calls the method provided with the driver as an argument until the \\\n        return value does not evaluate to ``False``.\n    \n        :param method: callable(WebDriver)\n        :param message: optional message for :exc:`TimeoutException`\n        :returns: the result of the last call to `method`\n        :raises: :exc:`selenium.common.exceptions.TimeoutException` if timeout occurs\n        \"\"\"\n        screen = None\n        stacktrace = None\n    \n        end_time = time.monotonic() + self._timeout\n        while True:\n            try:\n                value = method(self._driver)\n                if value:\n                    return value\n            except self._ignored_exceptions as exc:\n                screen = getattr(exc, \"screen\", None)\n                stacktrace = getattr(exc, \"stacktrace\", None)\n            if time.monotonic() > end_time:\n                break\n            time.sleep(self._poll)\n>       raise TimeoutException(message, screen, stacktrace)\nE       selenium.common.exceptions.TimeoutException: Message: \nE       Stacktrace:\nE       #0 0x5611281d64ca <unknown>\nE       #1 0x561127c24e4b <unknown>\nE       #2 0x561127c77814 <unknown>\nE       #3 0x561127c77a51 <unknown>\nE       #4 0x561127cc6a44 <unknown>\nE       #5 0x561127cc3df7 <unknown>\nE       #6 0x561127c69c2a <unknown>\nE       #7 0x561127c6a931 <unknown>\nE       #8 0x56112819ccf9 <unknown>\nE       #9 0x56112819fcdc <unknown>\nE       #10 0x561128185f79 <unknown>\nE       #11 0x5611281a08b5 <unknown>\nE       #12 0x56112816d9c3 <unknown>\nE       #13 0x5611281c3228 <unknown>\nE       #14 0x5611281c3403 <unknown>\nE       #15 0x5611281d5463 <unknown>\nE       #16 0x7f6e1a69caa4 <unknown>\nE       #17 0x7f6e1a729c6c <unknown>\n\nvenv/lib/python3.11/site-packages/selenium/webdriver/support/wait.py:105: TimeoutException","steps":[],"attachments":[{"uid":"5090fec5e9d869d1","name":"존재하지않는상품검색_실패","source":"5090fec5e9d869d1.png","type":"image/png","size":24134}],"parameters":[],"shouldDisplayMessage":true,"stepsCount":0,"attachmentsCount":1,"hasContent":true,"attachmentStep":false},"afterStages":[{"name":"driver::0","time":{"start":1765195740885,"stop":1765195740965,"duration":80},"status":"passed","steps":[],"attachments":[],"parameters":[],"shouldDisplayMessage":false,"stepsCount":0,"attachmentsCount":0,"hasContent":false,"attachmentStep":false}],"labels":[{"name":"feature","value":"UI 테스트"},{"name":"story","value":"검색 실패 케이스"},{"name":"parentSuite","value":"src.tests.ui_tests"},{"name":"suite","value":"test_invalied_search"},{"name":"host","value":"runnervmoqczp"},{"name":"thread","value":"2718-MainThread"},{"name":"framework","value":"pytest"},{"name":"language","value":"cpython3"},{"name":"package","value":"src.tests.ui_tests.test_invalied_search"},{"name":"resultFormat","value":"allure2"}],"parameters":[],"links":[],"hidden":false,"retry":false,"extra":{"severity":"normal","retries":[],"categories":[{"name":"Test defects","matchedStatuses":[],"flaky":false}],"tags":[]},"source":"70c94b56bb5d1b73.json","parameterValues":[]}