{"uid":"74546f8818bda145","name":"존재하지 않는 상품 검색 시, 결과 없음 메시지 확인","fullName":"src.tests.ui_tests.test_invalied_search#test_search_invalid_product","historyId":"8a73c4c5e9ebde1734f58ebd81cbc70e","time":{"start":1764274001773,"stop":1764274015243,"duration":13470},"status":"broken","statusMessage":"selenium.common.exceptions.TimeoutException: Message: \nStacktrace:\n#0 0x560c144ce4ca <unknown>\n#1 0x560c13f1ce4b <unknown>\n#2 0x560c13f6f814 <unknown>\n#3 0x560c13f6fa51 <unknown>\n#4 0x560c13fbea44 <unknown>\n#5 0x560c13fbbdf7 <unknown>\n#6 0x560c13f61c2a <unknown>\n#7 0x560c13f62931 <unknown>\n#8 0x560c14494cf9 <unknown>\n#9 0x560c14497cdc <unknown>\n#10 0x560c1447df79 <unknown>\n#11 0x560c144988b5 <unknown>\n#12 0x560c144659c3 <unknown>\n#13 0x560c144bb228 <unknown>\n#14 0x560c144bb403 <unknown>\n#15 0x560c144cd463 <unknown>\n#16 0x7f298fe9caa4 <unknown>\n#17 0x7f298ff29c6c <unknown>","statusTrace":"driver = <selenium.webdriver.chrome.webdriver.WebDriver (session=\"61b37cacaf7502ccfc9a2f506c292f8c\")>\n\n    @allure.feature(\"UI 테스트\")\n    @allure.story(\"검색 실패 케이스\")\n    @allure.title(\"존재하지 않는 상품 검색 시, 결과 없음 메시지 확인\")\n    def test_search_invalid_product(driver):\n    \n        driver.get(\"https://www.kurly.com/main\")\n        driver.maximize_window()\n    \n        wait = WebDriverWait(driver, 10)\n    \n        with FailureScreenshot(driver, \"존재하지않는상품검색\", \"screenshots_invalid_search\"):\n            search_box = wait.until(\n                EC.visibility_of_element_located((By.XPATH, \"//input[@placeholder='검색어를 입력해주세요']\"))\n            )\n            search_box.send_keys(\"ㅁㄴㅇㄹ\")   # 존재하지 않는 검색어\n            search_box.send_keys(Keys.RETURN)\n    \n            # 검색 결과 없음 메시지 대기\n>           error_msg = wait.until(\n                EC.visibility_of_element_located((\n                    By.XPATH,\n                    \"//div[contains(text(), '검색 결과가 없')] | \"\n                    \"//div[contains(text(), '상품이 없')] | \"\n                    \"//div[contains(text(), '결과 없음')]\"\n                ))\n            )\n\nsrc/tests/ui_tests/test_invalied_search.py:28: \n_ _ _ _ _ _ _ _ _ _ _ _ _ _ _ _ _ _ _ _ _ _ _ _ _ _ _ _ _ _ _ _ _ _ _ _ _ _ _ _ \n\nself = <selenium.webdriver.support.wait.WebDriverWait (session=\"61b37cacaf7502ccfc9a2f506c292f8c\")>\nmethod = <function visibility_of_element_located.<locals>._predicate at 0x7f5443495bc0>\nmessage = ''\n\n    def until(self, method: Callable[[D], Union[Literal[False], T]], message: str = \"\") -> T:\n        \"\"\"Calls the method provided with the driver as an argument until the \\\n        return value does not evaluate to ``False``.\n    \n        :param method: callable(WebDriver)\n        :param message: optional message for :exc:`TimeoutException`\n        :returns: the result of the last call to `method`\n        :raises: :exc:`selenium.common.exceptions.TimeoutException` if timeout occurs\n        \"\"\"\n        screen = None\n        stacktrace = None\n    \n        end_time = time.monotonic() + self._timeout\n        while True:\n            try:\n                value = method(self._driver)\n                if value:\n                    return value\n            except self._ignored_exceptions as exc:\n                screen = getattr(exc, \"screen\", None)\n                stacktrace = getattr(exc, \"stacktrace\", None)\n            if time.monotonic() > end_time:\n                break\n            time.sleep(self._poll)\n>       raise TimeoutException(message, screen, stacktrace)\nE       selenium.common.exceptions.TimeoutException: Message: \nE       Stacktrace:\nE       #0 0x560c144ce4ca <unknown>\nE       #1 0x560c13f1ce4b <unknown>\nE       #2 0x560c13f6f814 <unknown>\nE       #3 0x560c13f6fa51 <unknown>\nE       #4 0x560c13fbea44 <unknown>\nE       #5 0x560c13fbbdf7 <unknown>\nE       #6 0x560c13f61c2a <unknown>\nE       #7 0x560c13f62931 <unknown>\nE       #8 0x560c14494cf9 <unknown>\nE       #9 0x560c14497cdc <unknown>\nE       #10 0x560c1447df79 <unknown>\nE       #11 0x560c144988b5 <unknown>\nE       #12 0x560c144659c3 <unknown>\nE       #13 0x560c144bb228 <unknown>\nE       #14 0x560c144bb403 <unknown>\nE       #15 0x560c144cd463 <unknown>\nE       #16 0x7f298fe9caa4 <unknown>\nE       #17 0x7f298ff29c6c <unknown>\n\nvenv/lib/python3.11/site-packages/selenium/webdriver/support/wait.py:105: TimeoutException","flaky":false,"newFailed":false,"newBroken":false,"newPassed":false,"retriesCount":0,"retriesStatusChange":false,"beforeStages":[{"name":"driver","time":{"start":1764274001199,"stop":1764274001773,"duration":574},"status":"passed","steps":[],"attachments":[],"parameters":[],"shouldDisplayMessage":false,"stepsCount":0,"attachmentsCount":0,"hasContent":false,"attachmentStep":false}],"testStage":{"status":"broken","statusMessage":"selenium.common.exceptions.TimeoutException: Message: \nStacktrace:\n#0 0x560c144ce4ca <unknown>\n#1 0x560c13f1ce4b <unknown>\n#2 0x560c13f6f814 <unknown>\n#3 0x560c13f6fa51 <unknown>\n#4 0x560c13fbea44 <unknown>\n#5 0x560c13fbbdf7 <unknown>\n#6 0x560c13f61c2a <unknown>\n#7 0x560c13f62931 <unknown>\n#8 0x560c14494cf9 <unknown>\n#9 0x560c14497cdc <unknown>\n#10 0x560c1447df79 <unknown>\n#11 0x560c144988b5 <unknown>\n#12 0x560c144659c3 <unknown>\n#13 0x560c144bb228 <unknown>\n#14 0x560c144bb403 <unknown>\n#15 0x560c144cd463 <unknown>\n#16 0x7f298fe9caa4 <unknown>\n#17 0x7f298ff29c6c <unknown>","statusTrace":"driver = <selenium.webdriver.chrome.webdriver.WebDriver (session=\"61b37cacaf7502ccfc9a2f506c292f8c\")>\n\n    @allure.feature(\"UI 테스트\")\n    @allure.story(\"검색 실패 케이스\")\n    @allure.title(\"존재하지 않는 상품 검색 시, 결과 없음 메시지 확인\")\n    def test_search_invalid_product(driver):\n    \n        driver.get(\"https://www.kurly.com/main\")\n        driver.maximize_window()\n    \n        wait = WebDriverWait(driver, 10)\n    \n        with FailureScreenshot(driver, \"존재하지않는상품검색\", \"screenshots_invalid_search\"):\n            search_box = wait.until(\n                EC.visibility_of_element_located((By.XPATH, \"//input[@placeholder='검색어를 입력해주세요']\"))\n            )\n            search_box.send_keys(\"ㅁㄴㅇㄹ\")   # 존재하지 않는 검색어\n            search_box.send_keys(Keys.RETURN)\n    \n            # 검색 결과 없음 메시지 대기\n>           error_msg = wait.until(\n                EC.visibility_of_element_located((\n                    By.XPATH,\n                    \"//div[contains(text(), '검색 결과가 없')] | \"\n                    \"//div[contains(text(), '상품이 없')] | \"\n                    \"//div[contains(text(), '결과 없음')]\"\n                ))\n            )\n\nsrc/tests/ui_tests/test_invalied_search.py:28: \n_ _ _ _ _ _ _ _ _ _ _ _ _ _ _ _ _ _ _ _ _ _ _ _ _ _ _ _ _ _ _ _ _ _ _ _ _ _ _ _ \n\nself = <selenium.webdriver.support.wait.WebDriverWait (session=\"61b37cacaf7502ccfc9a2f506c292f8c\")>\nmethod = <function visibility_of_element_located.<locals>._predicate at 0x7f5443495bc0>\nmessage = ''\n\n    def until(self, method: Callable[[D], Union[Literal[False], T]], message: str = \"\") -> T:\n        \"\"\"Calls the method provided with the driver as an argument until the \\\n        return value does not evaluate to ``False``.\n    \n        :param method: callable(WebDriver)\n        :param message: optional message for :exc:`TimeoutException`\n        :returns: the result of the last call to `method`\n        :raises: :exc:`selenium.common.exceptions.TimeoutException` if timeout occurs\n        \"\"\"\n        screen = None\n        stacktrace = None\n    \n        end_time = time.monotonic() + self._timeout\n        while True:\n            try:\n                value = method(self._driver)\n                if value:\n                    return value\n            except self._ignored_exceptions as exc:\n                screen = getattr(exc, \"screen\", None)\n                stacktrace = getattr(exc, \"stacktrace\", None)\n            if time.monotonic() > end_time:\n                break\n            time.sleep(self._poll)\n>       raise TimeoutException(message, screen, stacktrace)\nE       selenium.common.exceptions.TimeoutException: Message: \nE       Stacktrace:\nE       #0 0x560c144ce4ca <unknown>\nE       #1 0x560c13f1ce4b <unknown>\nE       #2 0x560c13f6f814 <unknown>\nE       #3 0x560c13f6fa51 <unknown>\nE       #4 0x560c13fbea44 <unknown>\nE       #5 0x560c13fbbdf7 <unknown>\nE       #6 0x560c13f61c2a <unknown>\nE       #7 0x560c13f62931 <unknown>\nE       #8 0x560c14494cf9 <unknown>\nE       #9 0x560c14497cdc <unknown>\nE       #10 0x560c1447df79 <unknown>\nE       #11 0x560c144988b5 <unknown>\nE       #12 0x560c144659c3 <unknown>\nE       #13 0x560c144bb228 <unknown>\nE       #14 0x560c144bb403 <unknown>\nE       #15 0x560c144cd463 <unknown>\nE       #16 0x7f298fe9caa4 <unknown>\nE       #17 0x7f298ff29c6c <unknown>\n\nvenv/lib/python3.11/site-packages/selenium/webdriver/support/wait.py:105: TimeoutException","steps":[],"attachments":[{"uid":"27a264b2205bf5d3","name":"존재하지않는상품검색_실패","source":"27a264b2205bf5d3.png","type":"image/png","size":24295}],"parameters":[],"shouldDisplayMessage":true,"stepsCount":0,"attachmentsCount":1,"hasContent":true,"attachmentStep":false},"afterStages":[{"name":"driver::0","time":{"start":1764274015247,"stop":1764274015319,"duration":72},"status":"passed","steps":[],"attachments":[],"parameters":[],"shouldDisplayMessage":false,"stepsCount":0,"attachmentsCount":0,"hasContent":false,"attachmentStep":false}],"labels":[{"name":"story","value":"검색 실패 케이스"},{"name":"feature","value":"UI 테스트"},{"name":"parentSuite","value":"src.tests.ui_tests"},{"name":"suite","value":"test_invalied_search"},{"name":"host","value":"runnervmg1sw1"},{"name":"thread","value":"2696-MainThread"},{"name":"framework","value":"pytest"},{"name":"language","value":"cpython3"},{"name":"package","value":"src.tests.ui_tests.test_invalied_search"},{"name":"resultFormat","value":"allure2"}],"parameters":[],"links":[],"hidden":false,"retry":false,"extra":{"severity":"normal","retries":[],"categories":[{"name":"Test defects","matchedStatuses":[],"flaky":false}],"tags":[]},"source":"74546f8818bda145.json","parameterValues":[]}