{"uid":"91b135b866dd630a","name":"존재하지 않는 상품 검색 시, 결과 없음 메시지 확인","fullName":"src.tests.ui_tests.test_invalied_search#test_search_invalid_product","historyId":"8a73c4c5e9ebde1734f58ebd81cbc70e","time":{"start":1764288965145,"stop":1764288978376,"duration":13231},"status":"broken","statusMessage":"selenium.common.exceptions.TimeoutException: Message: \nStacktrace:\n#0 0x5569c25324ca <unknown>\n#1 0x5569c1f80e4b <unknown>\n#2 0x5569c1fd3814 <unknown>\n#3 0x5569c1fd3a51 <unknown>\n#4 0x5569c2022a44 <unknown>\n#5 0x5569c201fdf7 <unknown>\n#6 0x5569c1fc5c2a <unknown>\n#7 0x5569c1fc6931 <unknown>\n#8 0x5569c24f8cf9 <unknown>\n#9 0x5569c24fbcdc <unknown>\n#10 0x5569c24e1f79 <unknown>\n#11 0x5569c24fc8b5 <unknown>\n#12 0x5569c24c99c3 <unknown>\n#13 0x5569c251f228 <unknown>\n#14 0x5569c251f403 <unknown>\n#15 0x5569c2531463 <unknown>\n#16 0x7f9cfd89caa4 <unknown>\n#17 0x7f9cfd929c6c <unknown>","statusTrace":"driver = <selenium.webdriver.chrome.webdriver.WebDriver (session=\"669ba6920f8b216bbdcfed5a969be9c9\")>\n\n    @allure.feature(\"UI 테스트\")\n    @allure.story(\"검색 실패 케이스\")\n    @allure.title(\"존재하지 않는 상품 검색 시, 결과 없음 메시지 확인\")\n    def test_search_invalid_product(driver):\n    \n        driver.get(\"https://www.kurly.com/main\")\n        driver.maximize_window()\n    \n        wait = WebDriverWait(driver, 10)\n    \n        with FailureScreenshot(driver, \"존재하지않는상품검색\", \"screenshots_invalid_search\"):\n            search_box = wait.until(\n                EC.visibility_of_element_located((By.XPATH, \"//input[@placeholder='검색어를 입력해주세요']\"))\n            )\n            search_box.send_keys(\"ㅁㄴㅇㄹ\")   # 존재하지 않는 검색어\n            search_box.send_keys(Keys.RETURN)\n    \n            # 검색 결과 없음 메시지 대기\n>           error_msg = wait.until(\n                EC.visibility_of_element_located((\n                    By.XPATH,\n                    \"//div[contains(text(), '검색 결과가 없')] | \"\n                    \"//div[contains(text(), '상품이 없')] | \"\n                    \"//div[contains(text(), '결과 없음')]\"\n                ))\n            )\n\nsrc/tests/ui_tests/test_invalied_search.py:28: \n_ _ _ _ _ _ _ _ _ _ _ _ _ _ _ _ _ _ _ _ _ _ _ _ _ _ _ _ _ _ _ _ _ _ _ _ _ _ _ _ \n\nself = <selenium.webdriver.support.wait.WebDriverWait (session=\"669ba6920f8b216bbdcfed5a969be9c9\")>\nmethod = <function visibility_of_element_located.<locals>._predicate at 0x7f1d81d91bc0>\nmessage = ''\n\n    def until(self, method: Callable[[D], Union[Literal[False], T]], message: str = \"\") -> T:\n        \"\"\"Calls the method provided with the driver as an argument until the \\\n        return value does not evaluate to ``False``.\n    \n        :param method: callable(WebDriver)\n        :param message: optional message for :exc:`TimeoutException`\n        :returns: the result of the last call to `method`\n        :raises: :exc:`selenium.common.exceptions.TimeoutException` if timeout occurs\n        \"\"\"\n        screen = None\n        stacktrace = None\n    \n        end_time = time.monotonic() + self._timeout\n        while True:\n            try:\n                value = method(self._driver)\n                if value:\n                    return value\n            except self._ignored_exceptions as exc:\n                screen = getattr(exc, \"screen\", None)\n                stacktrace = getattr(exc, \"stacktrace\", None)\n            if time.monotonic() > end_time:\n                break\n            time.sleep(self._poll)\n>       raise TimeoutException(message, screen, stacktrace)\nE       selenium.common.exceptions.TimeoutException: Message: \nE       Stacktrace:\nE       #0 0x5569c25324ca <unknown>\nE       #1 0x5569c1f80e4b <unknown>\nE       #2 0x5569c1fd3814 <unknown>\nE       #3 0x5569c1fd3a51 <unknown>\nE       #4 0x5569c2022a44 <unknown>\nE       #5 0x5569c201fdf7 <unknown>\nE       #6 0x5569c1fc5c2a <unknown>\nE       #7 0x5569c1fc6931 <unknown>\nE       #8 0x5569c24f8cf9 <unknown>\nE       #9 0x5569c24fbcdc <unknown>\nE       #10 0x5569c24e1f79 <unknown>\nE       #11 0x5569c24fc8b5 <unknown>\nE       #12 0x5569c24c99c3 <unknown>\nE       #13 0x5569c251f228 <unknown>\nE       #14 0x5569c251f403 <unknown>\nE       #15 0x5569c2531463 <unknown>\nE       #16 0x7f9cfd89caa4 <unknown>\nE       #17 0x7f9cfd929c6c <unknown>\n\nvenv/lib/python3.11/site-packages/selenium/webdriver/support/wait.py:105: TimeoutException","flaky":false,"newFailed":false,"newBroken":false,"newPassed":false,"retriesCount":0,"retriesStatusChange":false,"beforeStages":[{"name":"driver","time":{"start":1764288964543,"stop":1764288965145,"duration":602},"status":"passed","steps":[],"attachments":[],"parameters":[],"shouldDisplayMessage":false,"stepsCount":0,"attachmentsCount":0,"hasContent":false,"attachmentStep":false}],"testStage":{"status":"broken","statusMessage":"selenium.common.exceptions.TimeoutException: Message: \nStacktrace:\n#0 0x5569c25324ca <unknown>\n#1 0x5569c1f80e4b <unknown>\n#2 0x5569c1fd3814 <unknown>\n#3 0x5569c1fd3a51 <unknown>\n#4 0x5569c2022a44 <unknown>\n#5 0x5569c201fdf7 <unknown>\n#6 0x5569c1fc5c2a <unknown>\n#7 0x5569c1fc6931 <unknown>\n#8 0x5569c24f8cf9 <unknown>\n#9 0x5569c24fbcdc <unknown>\n#10 0x5569c24e1f79 <unknown>\n#11 0x5569c24fc8b5 <unknown>\n#12 0x5569c24c99c3 <unknown>\n#13 0x5569c251f228 <unknown>\n#14 0x5569c251f403 <unknown>\n#15 0x5569c2531463 <unknown>\n#16 0x7f9cfd89caa4 <unknown>\n#17 0x7f9cfd929c6c <unknown>","statusTrace":"driver = <selenium.webdriver.chrome.webdriver.WebDriver (session=\"669ba6920f8b216bbdcfed5a969be9c9\")>\n\n    @allure.feature(\"UI 테스트\")\n    @allure.story(\"검색 실패 케이스\")\n    @allure.title(\"존재하지 않는 상품 검색 시, 결과 없음 메시지 확인\")\n    def test_search_invalid_product(driver):\n    \n        driver.get(\"https://www.kurly.com/main\")\n        driver.maximize_window()\n    \n        wait = WebDriverWait(driver, 10)\n    \n        with FailureScreenshot(driver, \"존재하지않는상품검색\", \"screenshots_invalid_search\"):\n            search_box = wait.until(\n                EC.visibility_of_element_located((By.XPATH, \"//input[@placeholder='검색어를 입력해주세요']\"))\n            )\n            search_box.send_keys(\"ㅁㄴㅇㄹ\")   # 존재하지 않는 검색어\n            search_box.send_keys(Keys.RETURN)\n    \n            # 검색 결과 없음 메시지 대기\n>           error_msg = wait.until(\n                EC.visibility_of_element_located((\n                    By.XPATH,\n                    \"//div[contains(text(), '검색 결과가 없')] | \"\n                    \"//div[contains(text(), '상품이 없')] | \"\n                    \"//div[contains(text(), '결과 없음')]\"\n                ))\n            )\n\nsrc/tests/ui_tests/test_invalied_search.py:28: \n_ _ _ _ _ _ _ _ _ _ _ _ _ _ _ _ _ _ _ _ _ _ _ _ _ _ _ _ _ _ _ _ _ _ _ _ _ _ _ _ \n\nself = <selenium.webdriver.support.wait.WebDriverWait (session=\"669ba6920f8b216bbdcfed5a969be9c9\")>\nmethod = <function visibility_of_element_located.<locals>._predicate at 0x7f1d81d91bc0>\nmessage = ''\n\n    def until(self, method: Callable[[D], Union[Literal[False], T]], message: str = \"\") -> T:\n        \"\"\"Calls the method provided with the driver as an argument until the \\\n        return value does not evaluate to ``False``.\n    \n        :param method: callable(WebDriver)\n        :param message: optional message for :exc:`TimeoutException`\n        :returns: the result of the last call to `method`\n        :raises: :exc:`selenium.common.exceptions.TimeoutException` if timeout occurs\n        \"\"\"\n        screen = None\n        stacktrace = None\n    \n        end_time = time.monotonic() + self._timeout\n        while True:\n            try:\n                value = method(self._driver)\n                if value:\n                    return value\n            except self._ignored_exceptions as exc:\n                screen = getattr(exc, \"screen\", None)\n                stacktrace = getattr(exc, \"stacktrace\", None)\n            if time.monotonic() > end_time:\n                break\n            time.sleep(self._poll)\n>       raise TimeoutException(message, screen, stacktrace)\nE       selenium.common.exceptions.TimeoutException: Message: \nE       Stacktrace:\nE       #0 0x5569c25324ca <unknown>\nE       #1 0x5569c1f80e4b <unknown>\nE       #2 0x5569c1fd3814 <unknown>\nE       #3 0x5569c1fd3a51 <unknown>\nE       #4 0x5569c2022a44 <unknown>\nE       #5 0x5569c201fdf7 <unknown>\nE       #6 0x5569c1fc5c2a <unknown>\nE       #7 0x5569c1fc6931 <unknown>\nE       #8 0x5569c24f8cf9 <unknown>\nE       #9 0x5569c24fbcdc <unknown>\nE       #10 0x5569c24e1f79 <unknown>\nE       #11 0x5569c24fc8b5 <unknown>\nE       #12 0x5569c24c99c3 <unknown>\nE       #13 0x5569c251f228 <unknown>\nE       #14 0x5569c251f403 <unknown>\nE       #15 0x5569c2531463 <unknown>\nE       #16 0x7f9cfd89caa4 <unknown>\nE       #17 0x7f9cfd929c6c <unknown>\n\nvenv/lib/python3.11/site-packages/selenium/webdriver/support/wait.py:105: TimeoutException","steps":[],"attachments":[{"uid":"4540af7d268879ea","name":"존재하지않는상품검색_실패","source":"4540af7d268879ea.png","type":"image/png","size":24271}],"parameters":[],"shouldDisplayMessage":true,"stepsCount":0,"attachmentsCount":1,"hasContent":true,"attachmentStep":false},"afterStages":[{"name":"driver::0","time":{"start":1764288978381,"stop":1764288978450,"duration":69},"status":"passed","steps":[],"attachments":[],"parameters":[],"shouldDisplayMessage":false,"stepsCount":0,"attachmentsCount":0,"hasContent":false,"attachmentStep":false}],"labels":[{"name":"feature","value":"UI 테스트"},{"name":"story","value":"검색 실패 케이스"},{"name":"parentSuite","value":"src.tests.ui_tests"},{"name":"suite","value":"test_invalied_search"},{"name":"host","value":"runnervmg1sw1"},{"name":"thread","value":"2679-MainThread"},{"name":"framework","value":"pytest"},{"name":"language","value":"cpython3"},{"name":"package","value":"src.tests.ui_tests.test_invalied_search"},{"name":"resultFormat","value":"allure2"}],"parameters":[],"links":[],"hidden":false,"retry":false,"extra":{"severity":"normal","retries":[],"categories":[{"name":"Test defects","matchedStatuses":[],"flaky":false}],"tags":[]},"source":"91b135b866dd630a.json","parameterValues":[]}