{"uid":"a666369d675e2d11","name":"존재하지 않는 상품 검색 시, 결과 없음 메시지 확인","fullName":"src.tests.ui_tests.test_invalied_search#test_search_invalid_product","historyId":"8a73c4c5e9ebde1734f58ebd81cbc70e","time":{"start":1764807402199,"stop":1764807415006,"duration":12807},"status":"broken","statusMessage":"selenium.common.exceptions.TimeoutException: Message: \nStacktrace:\n#0 0x563a03a5f4ca <unknown>\n#1 0x563a034ade4b <unknown>\n#2 0x563a03500814 <unknown>\n#3 0x563a03500a51 <unknown>\n#4 0x563a0354fa44 <unknown>\n#5 0x563a0354cdf7 <unknown>\n#6 0x563a034f2c2a <unknown>\n#7 0x563a034f3931 <unknown>\n#8 0x563a03a25cf9 <unknown>\n#9 0x563a03a28cdc <unknown>\n#10 0x563a03a0ef79 <unknown>\n#11 0x563a03a298b5 <unknown>\n#12 0x563a039f69c3 <unknown>\n#13 0x563a03a4c228 <unknown>\n#14 0x563a03a4c403 <unknown>\n#15 0x563a03a5e463 <unknown>\n#16 0x7f928c29caa4 <unknown>\n#17 0x7f928c329c6c <unknown>","statusTrace":"driver = <selenium.webdriver.chrome.webdriver.WebDriver (session=\"c1f20867781543b2c480918d968286c8\")>\n\n    @allure.feature(\"UI 테스트\")\n    @allure.story(\"검색 실패 케이스\")\n    @allure.title(\"존재하지 않는 상품 검색 시, 결과 없음 메시지 확인\")\n    def test_search_invalid_product(driver):\n    \n        driver.get(\"https://www.kurly.com/main\")\n        driver.maximize_window()\n    \n        wait = WebDriverWait(driver, 10)\n    \n        with FailureScreenshot(driver, \"존재하지않는상품검색\", \"screenshots_invalid_search\"):\n            search_box = wait.until(\n                EC.visibility_of_element_located((By.XPATH, \"//input[@placeholder='검색어를 입력해주세요']\"))\n            )\n            search_box.send_keys(\"ㅁㄴㅇㄹ\")   # 존재하지 않는 검색어\n            search_box.send_keys(Keys.RETURN)\n    \n            # 검색 결과 없음 메시지 대기\n>           error_msg = wait.until(\n                EC.visibility_of_element_located((\n                    By.XPATH,\n                    \"//div[contains(text(), '검색 결과가 없')] | \"\n                    \"//div[contains(text(), '상품이 없')] | \"\n                    \"//div[contains(text(), '결과 없음')]\"\n                ))\n            )\n\nsrc/tests/ui_tests/test_invalied_search.py:28: \n_ _ _ _ _ _ _ _ _ _ _ _ _ _ _ _ _ _ _ _ _ _ _ _ _ _ _ _ _ _ _ _ _ _ _ _ _ _ _ _ \n\nself = <selenium.webdriver.support.wait.WebDriverWait (session=\"c1f20867781543b2c480918d968286c8\")>\nmethod = <function visibility_of_element_located.<locals>._predicate at 0x7f50f8a9c5e0>\nmessage = ''\n\n    def until(self, method: Callable[[D], Union[Literal[False], T]], message: str = \"\") -> T:\n        \"\"\"Calls the method provided with the driver as an argument until the \\\n        return value does not evaluate to ``False``.\n    \n        :param method: callable(WebDriver)\n        :param message: optional message for :exc:`TimeoutException`\n        :returns: the result of the last call to `method`\n        :raises: :exc:`selenium.common.exceptions.TimeoutException` if timeout occurs\n        \"\"\"\n        screen = None\n        stacktrace = None\n    \n        end_time = time.monotonic() + self._timeout\n        while True:\n            try:\n                value = method(self._driver)\n                if value:\n                    return value\n            except self._ignored_exceptions as exc:\n                screen = getattr(exc, \"screen\", None)\n                stacktrace = getattr(exc, \"stacktrace\", None)\n            if time.monotonic() > end_time:\n                break\n            time.sleep(self._poll)\n>       raise TimeoutException(message, screen, stacktrace)\nE       selenium.common.exceptions.TimeoutException: Message: \nE       Stacktrace:\nE       #0 0x563a03a5f4ca <unknown>\nE       #1 0x563a034ade4b <unknown>\nE       #2 0x563a03500814 <unknown>\nE       #3 0x563a03500a51 <unknown>\nE       #4 0x563a0354fa44 <unknown>\nE       #5 0x563a0354cdf7 <unknown>\nE       #6 0x563a034f2c2a <unknown>\nE       #7 0x563a034f3931 <unknown>\nE       #8 0x563a03a25cf9 <unknown>\nE       #9 0x563a03a28cdc <unknown>\nE       #10 0x563a03a0ef79 <unknown>\nE       #11 0x563a03a298b5 <unknown>\nE       #12 0x563a039f69c3 <unknown>\nE       #13 0x563a03a4c228 <unknown>\nE       #14 0x563a03a4c403 <unknown>\nE       #15 0x563a03a5e463 <unknown>\nE       #16 0x7f928c29caa4 <unknown>\nE       #17 0x7f928c329c6c <unknown>\n\nvenv/lib/python3.11/site-packages/selenium/webdriver/support/wait.py:105: TimeoutException","flaky":false,"newFailed":false,"newBroken":false,"newPassed":false,"retriesCount":0,"retriesStatusChange":false,"beforeStages":[{"name":"driver","time":{"start":1764807401626,"stop":1764807402198,"duration":572},"status":"passed","steps":[],"attachments":[],"parameters":[],"shouldDisplayMessage":false,"stepsCount":0,"attachmentsCount":0,"hasContent":false,"attachmentStep":false}],"testStage":{"status":"broken","statusMessage":"selenium.common.exceptions.TimeoutException: Message: \nStacktrace:\n#0 0x563a03a5f4ca <unknown>\n#1 0x563a034ade4b <unknown>\n#2 0x563a03500814 <unknown>\n#3 0x563a03500a51 <unknown>\n#4 0x563a0354fa44 <unknown>\n#5 0x563a0354cdf7 <unknown>\n#6 0x563a034f2c2a <unknown>\n#7 0x563a034f3931 <unknown>\n#8 0x563a03a25cf9 <unknown>\n#9 0x563a03a28cdc <unknown>\n#10 0x563a03a0ef79 <unknown>\n#11 0x563a03a298b5 <unknown>\n#12 0x563a039f69c3 <unknown>\n#13 0x563a03a4c228 <unknown>\n#14 0x563a03a4c403 <unknown>\n#15 0x563a03a5e463 <unknown>\n#16 0x7f928c29caa4 <unknown>\n#17 0x7f928c329c6c <unknown>","statusTrace":"driver = <selenium.webdriver.chrome.webdriver.WebDriver (session=\"c1f20867781543b2c480918d968286c8\")>\n\n    @allure.feature(\"UI 테스트\")\n    @allure.story(\"검색 실패 케이스\")\n    @allure.title(\"존재하지 않는 상품 검색 시, 결과 없음 메시지 확인\")\n    def test_search_invalid_product(driver):\n    \n        driver.get(\"https://www.kurly.com/main\")\n        driver.maximize_window()\n    \n        wait = WebDriverWait(driver, 10)\n    \n        with FailureScreenshot(driver, \"존재하지않는상품검색\", \"screenshots_invalid_search\"):\n            search_box = wait.until(\n                EC.visibility_of_element_located((By.XPATH, \"//input[@placeholder='검색어를 입력해주세요']\"))\n            )\n            search_box.send_keys(\"ㅁㄴㅇㄹ\")   # 존재하지 않는 검색어\n            search_box.send_keys(Keys.RETURN)\n    \n            # 검색 결과 없음 메시지 대기\n>           error_msg = wait.until(\n                EC.visibility_of_element_located((\n                    By.XPATH,\n                    \"//div[contains(text(), '검색 결과가 없')] | \"\n                    \"//div[contains(text(), '상품이 없')] | \"\n                    \"//div[contains(text(), '결과 없음')]\"\n                ))\n            )\n\nsrc/tests/ui_tests/test_invalied_search.py:28: \n_ _ _ _ _ _ _ _ _ _ _ _ _ _ _ _ _ _ _ _ _ _ _ _ _ _ _ _ _ _ _ _ _ _ _ _ _ _ _ _ \n\nself = <selenium.webdriver.support.wait.WebDriverWait (session=\"c1f20867781543b2c480918d968286c8\")>\nmethod = <function visibility_of_element_located.<locals>._predicate at 0x7f50f8a9c5e0>\nmessage = ''\n\n    def until(self, method: Callable[[D], Union[Literal[False], T]], message: str = \"\") -> T:\n        \"\"\"Calls the method provided with the driver as an argument until the \\\n        return value does not evaluate to ``False``.\n    \n        :param method: callable(WebDriver)\n        :param message: optional message for :exc:`TimeoutException`\n        :returns: the result of the last call to `method`\n        :raises: :exc:`selenium.common.exceptions.TimeoutException` if timeout occurs\n        \"\"\"\n        screen = None\n        stacktrace = None\n    \n        end_time = time.monotonic() + self._timeout\n        while True:\n            try:\n                value = method(self._driver)\n                if value:\n                    return value\n            except self._ignored_exceptions as exc:\n                screen = getattr(exc, \"screen\", None)\n                stacktrace = getattr(exc, \"stacktrace\", None)\n            if time.monotonic() > end_time:\n                break\n            time.sleep(self._poll)\n>       raise TimeoutException(message, screen, stacktrace)\nE       selenium.common.exceptions.TimeoutException: Message: \nE       Stacktrace:\nE       #0 0x563a03a5f4ca <unknown>\nE       #1 0x563a034ade4b <unknown>\nE       #2 0x563a03500814 <unknown>\nE       #3 0x563a03500a51 <unknown>\nE       #4 0x563a0354fa44 <unknown>\nE       #5 0x563a0354cdf7 <unknown>\nE       #6 0x563a034f2c2a <unknown>\nE       #7 0x563a034f3931 <unknown>\nE       #8 0x563a03a25cf9 <unknown>\nE       #9 0x563a03a28cdc <unknown>\nE       #10 0x563a03a0ef79 <unknown>\nE       #11 0x563a03a298b5 <unknown>\nE       #12 0x563a039f69c3 <unknown>\nE       #13 0x563a03a4c228 <unknown>\nE       #14 0x563a03a4c403 <unknown>\nE       #15 0x563a03a5e463 <unknown>\nE       #16 0x7f928c29caa4 <unknown>\nE       #17 0x7f928c329c6c <unknown>\n\nvenv/lib/python3.11/site-packages/selenium/webdriver/support/wait.py:105: TimeoutException","steps":[],"attachments":[{"uid":"50ccf4c0571055fd","name":"존재하지않는상품검색_실패","source":"50ccf4c0571055fd.png","type":"image/png","size":24134}],"parameters":[],"shouldDisplayMessage":true,"stepsCount":0,"attachmentsCount":1,"hasContent":true,"attachmentStep":false},"afterStages":[{"name":"driver::0","time":{"start":1764807415011,"stop":1764807415083,"duration":72},"status":"passed","steps":[],"attachments":[],"parameters":[],"shouldDisplayMessage":false,"stepsCount":0,"attachmentsCount":0,"hasContent":false,"attachmentStep":false}],"labels":[{"name":"story","value":"검색 실패 케이스"},{"name":"feature","value":"UI 테스트"},{"name":"parentSuite","value":"src.tests.ui_tests"},{"name":"suite","value":"test_invalied_search"},{"name":"host","value":"runnervmoqczp"},{"name":"thread","value":"2776-MainThread"},{"name":"framework","value":"pytest"},{"name":"language","value":"cpython3"},{"name":"package","value":"src.tests.ui_tests.test_invalied_search"},{"name":"resultFormat","value":"allure2"}],"parameters":[],"links":[],"hidden":false,"retry":false,"extra":{"severity":"normal","retries":[],"categories":[{"name":"Test defects","matchedStatuses":[],"flaky":false}],"tags":[]},"source":"a666369d675e2d11.json","parameterValues":[]}