{"uid":"ca28c1e94fb29956","name":"수량 증가/감소 버튼 동작 확인","fullName":"src.tests.ui_tests.test_ui_quantity#test_ui_quantity","historyId":"31122071b8d50a7f2bd2278c4306f76d","time":{"start":1762820027288,"stop":1762820029154,"duration":1866},"status":"broken","statusMessage":"selenium.common.exceptions.NoSuchElementException: Message: no such element: Unable to locate element: {\"method\":\"xpath\",\"selector\":\"(//button[@type='button'][contains(text(),'담기')])[1]\"}\n  (Session info: chrome=142.0.7444.59); For documentation on this error, please visit: https://www.selenium.dev/documentation/webdriver/troubleshooting/errors#no-such-element-exception\nStacktrace:\n#0 0x55bccfdf6aca <unknown>\n#1 0x55bccf842cdb <unknown>\n#2 0x55bccf8956c4 <unknown>\n#3 0x55bccf895901 <unknown>\n#4 0x55bccf8e48b4 <unknown>\n#5 0x55bccf8e1c87 <unknown>\n#6 0x55bccf887aca <unknown>\n#7 0x55bccf8887d1 <unknown>\n#8 0x55bccfdbda99 <unknown>\n#9 0x55bccfdc0a6c <unknown>\n#10 0x55bccfda6d29 <unknown>\n#11 0x55bccfdc1665 <unknown>\n#12 0x55bccfd8e6a3 <unknown>\n#13 0x55bccfde37b8 <unknown>\n#14 0x55bccfde3993 <unknown>\n#15 0x55bccfdf5a63 <unknown>\n#16 0x7fd168e9caa4 <unknown>\n#17 0x7fd168f29c6c <unknown>","statusTrace":"driver = <selenium.webdriver.chrome.webdriver.WebDriver (session=\"c1defc607247ae3aef6d868e2b541156\")>\n\n    @allure.feature(\"UI 테스트\")\n    @allure.story(\"수량 버튼 동작 테스트\")\n    @allure.title(\"수량 증가/감소 버튼 동작 확인\")\n    def test_ui_quantity(driver):\n        driver.get(URLs.KURLY_SNACK)\n        driver.maximize_window()\n    \n    \n>       first_product = driver.find_element(*Buttons.ADD_TO_CART)\n\nsrc/tests/ui_tests/test_ui_quantity.py:15: \n_ _ _ _ _ _ _ _ _ _ _ _ _ _ _ _ _ _ _ _ _ _ _ _ _ _ _ _ _ _ _ _ _ _ _ _ _ _ _ _ \nvenv/lib/python3.11/site-packages/selenium/webdriver/remote/webdriver.py:770: in find_element\n    return self.execute(Command.FIND_ELEMENT, {\"using\": by, \"value\": value})[\"value\"]\nvenv/lib/python3.11/site-packages/selenium/webdriver/remote/webdriver.py:384: in execute\n    self.error_handler.check_response(response)\n_ _ _ _ _ _ _ _ _ _ _ _ _ _ _ _ _ _ _ _ _ _ _ _ _ _ _ _ _ _ _ _ _ _ _ _ _ _ _ _ \n\nself = <selenium.webdriver.remote.errorhandler.ErrorHandler object at 0x7f8e07aec810>\nresponse = {'status': 404, 'value': '{\"value\":{\"error\":\"no such element\",\"message\":\"no such element: Unable to locate element: {\\...\\\\n#15 0x55bccfdf5a63 \\\\u003Cunknown>\\\\n#16 0x7fd168e9caa4 \\\\u003Cunknown>\\\\n#17 0x7fd168f29c6c \\\\u003Cunknown>\\\\n\"}}'}\n\n    def check_response(self, response: Dict[str, Any]) -> None:\n        \"\"\"Checks that a JSON response from the WebDriver does not have an\n        error.\n    \n        :Args:\n         - response - The JSON response from the WebDriver server as a dictionary\n           object.\n    \n        :Raises: If the response contains an error message.\n        \"\"\"\n        status = response.get(\"status\", None)\n        if not status or status == ErrorCode.SUCCESS:\n            return\n        value = None\n        message = response.get(\"message\", \"\")\n        screen: str = response.get(\"screen\", \"\")\n        stacktrace = None\n        if isinstance(status, int):\n            value_json = response.get(\"value\", None)\n            if value_json and isinstance(value_json, str):\n                import json\n    \n                try:\n                    value = json.loads(value_json)\n                    if len(value) == 1:\n                        value = value[\"value\"]\n                    status = value.get(\"error\", None)\n                    if not status:\n                        status = value.get(\"status\", ErrorCode.UNKNOWN_ERROR)\n                        message = value.get(\"value\") or value.get(\"message\")\n                        if not isinstance(message, str):\n                            value = message\n                            message = message.get(\"message\")\n                    else:\n                        message = value.get(\"message\", None)\n                except ValueError:\n                    pass\n    \n        exception_class: Type[WebDriverException]\n        e = ErrorCode()\n        error_codes = [item for item in dir(e) if not item.startswith(\"__\")]\n        for error_code in error_codes:\n            error_info = getattr(ErrorCode, error_code)\n            if isinstance(error_info, list) and status in error_info:\n                exception_class = getattr(ExceptionMapping, error_code, WebDriverException)\n                break\n        else:\n            exception_class = WebDriverException\n    \n        if not value:\n            value = response[\"value\"]\n        if isinstance(value, str):\n            raise exception_class(value)\n        if message == \"\" and \"message\" in value:\n            message = value[\"message\"]\n    \n        screen = None  # type: ignore[assignment]\n        if \"screen\" in value:\n            screen = value[\"screen\"]\n    \n        stacktrace = None\n        st_value = value.get(\"stackTrace\") or value.get(\"stacktrace\")\n        if st_value:\n            if isinstance(st_value, str):\n                stacktrace = st_value.split(\"\\n\")\n            else:\n                stacktrace = []\n                try:\n                    for frame in st_value:\n                        line = frame.get(\"lineNumber\", \"\")\n                        file = frame.get(\"fileName\", \"<anonymous>\")\n                        if line:\n                            file = f\"{file}:{line}\"\n                        meth = frame.get(\"methodName\", \"<anonymous>\")\n                        if \"className\" in frame:\n                            meth = f\"{frame['className']}.{meth}\"\n                        msg = \"    at %s (%s)\"\n                        msg = msg % (meth, file)\n                        stacktrace.append(msg)\n                except TypeError:\n                    pass\n        if exception_class == UnexpectedAlertPresentException:\n            alert_text = None\n            if \"data\" in value:\n                alert_text = value[\"data\"].get(\"text\")\n            elif \"alert\" in value:\n                alert_text = value[\"alert\"].get(\"text\")\n            raise exception_class(message, screen, stacktrace, alert_text)  # type: ignore[call-arg]  # mypy is not smart enough here\n>       raise exception_class(message, screen, stacktrace)\nE       selenium.common.exceptions.NoSuchElementException: Message: no such element: Unable to locate element: {\"method\":\"xpath\",\"selector\":\"(//button[@type='button'][contains(text(),'담기')])[1]\"}\nE         (Session info: chrome=142.0.7444.59); For documentation on this error, please visit: https://www.selenium.dev/documentation/webdriver/troubleshooting/errors#no-such-element-exception\nE       Stacktrace:\nE       #0 0x55bccfdf6aca <unknown>\nE       #1 0x55bccf842cdb <unknown>\nE       #2 0x55bccf8956c4 <unknown>\nE       #3 0x55bccf895901 <unknown>\nE       #4 0x55bccf8e48b4 <unknown>\nE       #5 0x55bccf8e1c87 <unknown>\nE       #6 0x55bccf887aca <unknown>\nE       #7 0x55bccf8887d1 <unknown>\nE       #8 0x55bccfdbda99 <unknown>\nE       #9 0x55bccfdc0a6c <unknown>\nE       #10 0x55bccfda6d29 <unknown>\nE       #11 0x55bccfdc1665 <unknown>\nE       #12 0x55bccfd8e6a3 <unknown>\nE       #13 0x55bccfde37b8 <unknown>\nE       #14 0x55bccfde3993 <unknown>\nE       #15 0x55bccfdf5a63 <unknown>\nE       #16 0x7fd168e9caa4 <unknown>\nE       #17 0x7fd168f29c6c <unknown>\n\nvenv/lib/python3.11/site-packages/selenium/webdriver/remote/errorhandler.py:232: NoSuchElementException","flaky":false,"newFailed":false,"newBroken":false,"newPassed":false,"retriesCount":0,"retriesStatusChange":false,"beforeStages":[{"name":"driver","time":{"start":1762820026623,"stop":1762820027287,"duration":664},"status":"passed","steps":[],"attachments":[],"parameters":[],"shouldDisplayMessage":false,"stepsCount":0,"attachmentsCount":0,"hasContent":false,"attachmentStep":false}],"testStage":{"status":"broken","statusMessage":"selenium.common.exceptions.NoSuchElementException: Message: no such element: Unable to locate element: {\"method\":\"xpath\",\"selector\":\"(//button[@type='button'][contains(text(),'담기')])[1]\"}\n  (Session info: chrome=142.0.7444.59); For documentation on this error, please visit: https://www.selenium.dev/documentation/webdriver/troubleshooting/errors#no-such-element-exception\nStacktrace:\n#0 0x55bccfdf6aca <unknown>\n#1 0x55bccf842cdb <unknown>\n#2 0x55bccf8956c4 <unknown>\n#3 0x55bccf895901 <unknown>\n#4 0x55bccf8e48b4 <unknown>\n#5 0x55bccf8e1c87 <unknown>\n#6 0x55bccf887aca <unknown>\n#7 0x55bccf8887d1 <unknown>\n#8 0x55bccfdbda99 <unknown>\n#9 0x55bccfdc0a6c <unknown>\n#10 0x55bccfda6d29 <unknown>\n#11 0x55bccfdc1665 <unknown>\n#12 0x55bccfd8e6a3 <unknown>\n#13 0x55bccfde37b8 <unknown>\n#14 0x55bccfde3993 <unknown>\n#15 0x55bccfdf5a63 <unknown>\n#16 0x7fd168e9caa4 <unknown>\n#17 0x7fd168f29c6c <unknown>","statusTrace":"driver = <selenium.webdriver.chrome.webdriver.WebDriver (session=\"c1defc607247ae3aef6d868e2b541156\")>\n\n    @allure.feature(\"UI 테스트\")\n    @allure.story(\"수량 버튼 동작 테스트\")\n    @allure.title(\"수량 증가/감소 버튼 동작 확인\")\n    def test_ui_quantity(driver):\n        driver.get(URLs.KURLY_SNACK)\n        driver.maximize_window()\n    \n    \n>       first_product = driver.find_element(*Buttons.ADD_TO_CART)\n\nsrc/tests/ui_tests/test_ui_quantity.py:15: \n_ _ _ _ _ _ _ _ _ _ _ _ _ _ _ _ _ _ _ _ _ _ _ _ _ _ _ _ _ _ _ _ _ _ _ _ _ _ _ _ \nvenv/lib/python3.11/site-packages/selenium/webdriver/remote/webdriver.py:770: in find_element\n    return self.execute(Command.FIND_ELEMENT, {\"using\": by, \"value\": value})[\"value\"]\nvenv/lib/python3.11/site-packages/selenium/webdriver/remote/webdriver.py:384: in execute\n    self.error_handler.check_response(response)\n_ _ _ _ _ _ _ _ _ _ _ _ _ _ _ _ _ _ _ _ _ _ _ _ _ _ _ _ _ _ _ _ _ _ _ _ _ _ _ _ \n\nself = <selenium.webdriver.remote.errorhandler.ErrorHandler object at 0x7f8e07aec810>\nresponse = {'status': 404, 'value': '{\"value\":{\"error\":\"no such element\",\"message\":\"no such element: Unable to locate element: {\\...\\\\n#15 0x55bccfdf5a63 \\\\u003Cunknown>\\\\n#16 0x7fd168e9caa4 \\\\u003Cunknown>\\\\n#17 0x7fd168f29c6c \\\\u003Cunknown>\\\\n\"}}'}\n\n    def check_response(self, response: Dict[str, Any]) -> None:\n        \"\"\"Checks that a JSON response from the WebDriver does not have an\n        error.\n    \n        :Args:\n         - response - The JSON response from the WebDriver server as a dictionary\n           object.\n    \n        :Raises: If the response contains an error message.\n        \"\"\"\n        status = response.get(\"status\", None)\n        if not status or status == ErrorCode.SUCCESS:\n            return\n        value = None\n        message = response.get(\"message\", \"\")\n        screen: str = response.get(\"screen\", \"\")\n        stacktrace = None\n        if isinstance(status, int):\n            value_json = response.get(\"value\", None)\n            if value_json and isinstance(value_json, str):\n                import json\n    \n                try:\n                    value = json.loads(value_json)\n                    if len(value) == 1:\n                        value = value[\"value\"]\n                    status = value.get(\"error\", None)\n                    if not status:\n                        status = value.get(\"status\", ErrorCode.UNKNOWN_ERROR)\n                        message = value.get(\"value\") or value.get(\"message\")\n                        if not isinstance(message, str):\n                            value = message\n                            message = message.get(\"message\")\n                    else:\n                        message = value.get(\"message\", None)\n                except ValueError:\n                    pass\n    \n        exception_class: Type[WebDriverException]\n        e = ErrorCode()\n        error_codes = [item for item in dir(e) if not item.startswith(\"__\")]\n        for error_code in error_codes:\n            error_info = getattr(ErrorCode, error_code)\n            if isinstance(error_info, list) and status in error_info:\n                exception_class = getattr(ExceptionMapping, error_code, WebDriverException)\n                break\n        else:\n            exception_class = WebDriverException\n    \n        if not value:\n            value = response[\"value\"]\n        if isinstance(value, str):\n            raise exception_class(value)\n        if message == \"\" and \"message\" in value:\n            message = value[\"message\"]\n    \n        screen = None  # type: ignore[assignment]\n        if \"screen\" in value:\n            screen = value[\"screen\"]\n    \n        stacktrace = None\n        st_value = value.get(\"stackTrace\") or value.get(\"stacktrace\")\n        if st_value:\n            if isinstance(st_value, str):\n                stacktrace = st_value.split(\"\\n\")\n            else:\n                stacktrace = []\n                try:\n                    for frame in st_value:\n                        line = frame.get(\"lineNumber\", \"\")\n                        file = frame.get(\"fileName\", \"<anonymous>\")\n                        if line:\n                            file = f\"{file}:{line}\"\n                        meth = frame.get(\"methodName\", \"<anonymous>\")\n                        if \"className\" in frame:\n                            meth = f\"{frame['className']}.{meth}\"\n                        msg = \"    at %s (%s)\"\n                        msg = msg % (meth, file)\n                        stacktrace.append(msg)\n                except TypeError:\n                    pass\n        if exception_class == UnexpectedAlertPresentException:\n            alert_text = None\n            if \"data\" in value:\n                alert_text = value[\"data\"].get(\"text\")\n            elif \"alert\" in value:\n                alert_text = value[\"alert\"].get(\"text\")\n            raise exception_class(message, screen, stacktrace, alert_text)  # type: ignore[call-arg]  # mypy is not smart enough here\n>       raise exception_class(message, screen, stacktrace)\nE       selenium.common.exceptions.NoSuchElementException: Message: no such element: Unable to locate element: {\"method\":\"xpath\",\"selector\":\"(//button[@type='button'][contains(text(),'담기')])[1]\"}\nE         (Session info: chrome=142.0.7444.59); For documentation on this error, please visit: https://www.selenium.dev/documentation/webdriver/troubleshooting/errors#no-such-element-exception\nE       Stacktrace:\nE       #0 0x55bccfdf6aca <unknown>\nE       #1 0x55bccf842cdb <unknown>\nE       #2 0x55bccf8956c4 <unknown>\nE       #3 0x55bccf895901 <unknown>\nE       #4 0x55bccf8e48b4 <unknown>\nE       #5 0x55bccf8e1c87 <unknown>\nE       #6 0x55bccf887aca <unknown>\nE       #7 0x55bccf8887d1 <unknown>\nE       #8 0x55bccfdbda99 <unknown>\nE       #9 0x55bccfdc0a6c <unknown>\nE       #10 0x55bccfda6d29 <unknown>\nE       #11 0x55bccfdc1665 <unknown>\nE       #12 0x55bccfd8e6a3 <unknown>\nE       #13 0x55bccfde37b8 <unknown>\nE       #14 0x55bccfde3993 <unknown>\nE       #15 0x55bccfdf5a63 <unknown>\nE       #16 0x7fd168e9caa4 <unknown>\nE       #17 0x7fd168f29c6c <unknown>\n\nvenv/lib/python3.11/site-packages/selenium/webdriver/remote/errorhandler.py:232: NoSuchElementException","steps":[],"attachments":[{"uid":"357500e20fbd8db5","name":"Failure Screenshot","source":"357500e20fbd8db5.png","type":"image/png","size":17285}],"parameters":[],"shouldDisplayMessage":true,"stepsCount":0,"attachmentsCount":1,"hasContent":true,"attachmentStep":false},"afterStages":[{"name":"driver::0","time":{"start":1762820029474,"stop":1762820029543,"duration":69},"status":"passed","steps":[],"attachments":[],"parameters":[],"shouldDisplayMessage":false,"stepsCount":0,"attachmentsCount":0,"hasContent":false,"attachmentStep":false}],"labels":[{"name":"story","value":"수량 버튼 동작 테스트"},{"name":"feature","value":"UI 테스트"},{"name":"parentSuite","value":"src.tests.ui_tests"},{"name":"suite","value":"test_ui_quantity"},{"name":"host","value":"runnervmw9dnm"},{"name":"thread","value":"2677-MainThread"},{"name":"framework","value":"pytest"},{"name":"language","value":"cpython3"},{"name":"package","value":"src.tests.ui_tests.test_ui_quantity"},{"name":"resultFormat","value":"allure2"}],"parameters":[],"links":[],"hidden":false,"retry":false,"extra":{"severity":"normal","retries":[],"categories":[{"name":"Test defects","matchedStatuses":[],"flaky":false}],"tags":[]},"source":"ca28c1e94fb29956.json","parameterValues":[]}