{"uid":"ee11a75784500638","name":"수량 증가/감소 버튼 동작 확인","fullName":"src.tests.ui_tests.test_ui_quantity#test_ui_quantity","historyId":"31122071b8d50a7f2bd2278c4306f76d","time":{"start":1760702825425,"stop":1760702827546,"duration":2121},"status":"broken","statusMessage":"selenium.common.exceptions.NoSuchElementException: Message: no such element: Unable to locate element: {\"method\":\"xpath\",\"selector\":\"(//button[@type='button'][contains(text(),'담기')])[1]\"}\n  (Session info: chrome=141.0.7390.107); For documentation on this error, please visit: https://www.selenium.dev/documentation/webdriver/troubleshooting/errors#no-such-element-exception\nStacktrace:\n#0 0x562fb699467a <unknown>\n#1 0x562fb6413566 <unknown>\n#2 0x562fb646568d <unknown>\n#3 0x562fb6465921 <unknown>\n#4 0x562fb64b3e94 <unknown>\n#5 0x562fb648b65d <unknown>\n#6 0x562fb64b1328 <unknown>\n#7 0x562fb648b403 <unknown>\n#8 0x562fb6457b02 <unknown>\n#9 0x562fb64587c1 <unknown>\n#10 0x562fb6958448 <unknown>\n#11 0x562fb695c2af <unknown>\n#12 0x562fb693f8d9 <unknown>\n#13 0x562fb695ce55 <unknown>\n#14 0x562fb692513f <unknown>\n#15 0x562fb69814b8 <unknown>\n#16 0x562fb6981693 <unknown>\n#17 0x562fb6993613 <unknown>\n#18 0x7f8b5ea9caa4 <unknown>\n#19 0x7f8b5eb29c6c <unknown>","statusTrace":"driver = <selenium.webdriver.chrome.webdriver.WebDriver (session=\"4fb61f31cef22946eef6c0b2bf4580bb\")>\n\n    @allure.feature(\"UI 테스트\")\n    @allure.story(\"수량 버튼 동작 테스트\")\n    @allure.title(\"수량 증가/감소 버튼 동작 확인\")\n    def test_ui_quantity(driver):\n        driver.get(URLs.KURLY_SNACK)\n        driver.maximize_window()\n    \n    \n>       first_product = driver.find_element(*Buttons.ADD_TO_CART)\n\nsrc/tests/ui_tests/test_ui_quantity.py:15: \n_ _ _ _ _ _ _ _ _ _ _ _ _ _ _ _ _ _ _ _ _ _ _ _ _ _ _ _ _ _ _ _ _ _ _ _ _ _ _ _ \nvenv/lib/python3.11/site-packages/selenium/webdriver/remote/webdriver.py:770: in find_element\n    return self.execute(Command.FIND_ELEMENT, {\"using\": by, \"value\": value})[\"value\"]\nvenv/lib/python3.11/site-packages/selenium/webdriver/remote/webdriver.py:384: in execute\n    self.error_handler.check_response(response)\n_ _ _ _ _ _ _ _ _ _ _ _ _ _ _ _ _ _ _ _ _ _ _ _ _ _ _ _ _ _ _ _ _ _ _ _ _ _ _ _ \n\nself = <selenium.webdriver.remote.errorhandler.ErrorHandler object at 0x7f3000eebdd0>\nresponse = {'status': 404, 'value': '{\"value\":{\"error\":\"no such element\",\"message\":\"no such element: Unable to locate element: {\\...\\\\n#17 0x562fb6993613 \\\\u003Cunknown>\\\\n#18 0x7f8b5ea9caa4 \\\\u003Cunknown>\\\\n#19 0x7f8b5eb29c6c \\\\u003Cunknown>\\\\n\"}}'}\n\n    def check_response(self, response: Dict[str, Any]) -> None:\n        \"\"\"Checks that a JSON response from the WebDriver does not have an\n        error.\n    \n        :Args:\n         - response - The JSON response from the WebDriver server as a dictionary\n           object.\n    \n        :Raises: If the response contains an error message.\n        \"\"\"\n        status = response.get(\"status\", None)\n        if not status or status == ErrorCode.SUCCESS:\n            return\n        value = None\n        message = response.get(\"message\", \"\")\n        screen: str = response.get(\"screen\", \"\")\n        stacktrace = None\n        if isinstance(status, int):\n            value_json = response.get(\"value\", None)\n            if value_json and isinstance(value_json, str):\n                import json\n    \n                try:\n                    value = json.loads(value_json)\n                    if len(value) == 1:\n                        value = value[\"value\"]\n                    status = value.get(\"error\", None)\n                    if not status:\n                        status = value.get(\"status\", ErrorCode.UNKNOWN_ERROR)\n                        message = value.get(\"value\") or value.get(\"message\")\n                        if not isinstance(message, str):\n                            value = message\n                            message = message.get(\"message\")\n                    else:\n                        message = value.get(\"message\", None)\n                except ValueError:\n                    pass\n    \n        exception_class: Type[WebDriverException]\n        e = ErrorCode()\n        error_codes = [item for item in dir(e) if not item.startswith(\"__\")]\n        for error_code in error_codes:\n            error_info = getattr(ErrorCode, error_code)\n            if isinstance(error_info, list) and status in error_info:\n                exception_class = getattr(ExceptionMapping, error_code, WebDriverException)\n                break\n        else:\n            exception_class = WebDriverException\n    \n        if not value:\n            value = response[\"value\"]\n        if isinstance(value, str):\n            raise exception_class(value)\n        if message == \"\" and \"message\" in value:\n            message = value[\"message\"]\n    \n        screen = None  # type: ignore[assignment]\n        if \"screen\" in value:\n            screen = value[\"screen\"]\n    \n        stacktrace = None\n        st_value = value.get(\"stackTrace\") or value.get(\"stacktrace\")\n        if st_value:\n            if isinstance(st_value, str):\n                stacktrace = st_value.split(\"\\n\")\n            else:\n                stacktrace = []\n                try:\n                    for frame in st_value:\n                        line = frame.get(\"lineNumber\", \"\")\n                        file = frame.get(\"fileName\", \"<anonymous>\")\n                        if line:\n                            file = f\"{file}:{line}\"\n                        meth = frame.get(\"methodName\", \"<anonymous>\")\n                        if \"className\" in frame:\n                            meth = f\"{frame['className']}.{meth}\"\n                        msg = \"    at %s (%s)\"\n                        msg = msg % (meth, file)\n                        stacktrace.append(msg)\n                except TypeError:\n                    pass\n        if exception_class == UnexpectedAlertPresentException:\n            alert_text = None\n            if \"data\" in value:\n                alert_text = value[\"data\"].get(\"text\")\n            elif \"alert\" in value:\n                alert_text = value[\"alert\"].get(\"text\")\n            raise exception_class(message, screen, stacktrace, alert_text)  # type: ignore[call-arg]  # mypy is not smart enough here\n>       raise exception_class(message, screen, stacktrace)\nE       selenium.common.exceptions.NoSuchElementException: Message: no such element: Unable to locate element: {\"method\":\"xpath\",\"selector\":\"(//button[@type='button'][contains(text(),'담기')])[1]\"}\nE         (Session info: chrome=141.0.7390.107); For documentation on this error, please visit: https://www.selenium.dev/documentation/webdriver/troubleshooting/errors#no-such-element-exception\nE       Stacktrace:\nE       #0 0x562fb699467a <unknown>\nE       #1 0x562fb6413566 <unknown>\nE       #2 0x562fb646568d <unknown>\nE       #3 0x562fb6465921 <unknown>\nE       #4 0x562fb64b3e94 <unknown>\nE       #5 0x562fb648b65d <unknown>\nE       #6 0x562fb64b1328 <unknown>\nE       #7 0x562fb648b403 <unknown>\nE       #8 0x562fb6457b02 <unknown>\nE       #9 0x562fb64587c1 <unknown>\nE       #10 0x562fb6958448 <unknown>\nE       #11 0x562fb695c2af <unknown>\nE       #12 0x562fb693f8d9 <unknown>\nE       #13 0x562fb695ce55 <unknown>\nE       #14 0x562fb692513f <unknown>\nE       #15 0x562fb69814b8 <unknown>\nE       #16 0x562fb6981693 <unknown>\nE       #17 0x562fb6993613 <unknown>\nE       #18 0x7f8b5ea9caa4 <unknown>\nE       #19 0x7f8b5eb29c6c <unknown>\n\nvenv/lib/python3.11/site-packages/selenium/webdriver/remote/errorhandler.py:232: NoSuchElementException","flaky":false,"newFailed":false,"newBroken":false,"newPassed":false,"retriesCount":0,"retriesStatusChange":false,"beforeStages":[{"name":"driver","time":{"start":1760702824773,"stop":1760702825425,"duration":652},"status":"passed","steps":[],"attachments":[],"parameters":[],"shouldDisplayMessage":false,"stepsCount":0,"attachmentsCount":0,"hasContent":false,"attachmentStep":false}],"testStage":{"status":"broken","statusMessage":"selenium.common.exceptions.NoSuchElementException: Message: no such element: Unable to locate element: {\"method\":\"xpath\",\"selector\":\"(//button[@type='button'][contains(text(),'담기')])[1]\"}\n  (Session info: chrome=141.0.7390.107); For documentation on this error, please visit: https://www.selenium.dev/documentation/webdriver/troubleshooting/errors#no-such-element-exception\nStacktrace:\n#0 0x562fb699467a <unknown>\n#1 0x562fb6413566 <unknown>\n#2 0x562fb646568d <unknown>\n#3 0x562fb6465921 <unknown>\n#4 0x562fb64b3e94 <unknown>\n#5 0x562fb648b65d <unknown>\n#6 0x562fb64b1328 <unknown>\n#7 0x562fb648b403 <unknown>\n#8 0x562fb6457b02 <unknown>\n#9 0x562fb64587c1 <unknown>\n#10 0x562fb6958448 <unknown>\n#11 0x562fb695c2af <unknown>\n#12 0x562fb693f8d9 <unknown>\n#13 0x562fb695ce55 <unknown>\n#14 0x562fb692513f <unknown>\n#15 0x562fb69814b8 <unknown>\n#16 0x562fb6981693 <unknown>\n#17 0x562fb6993613 <unknown>\n#18 0x7f8b5ea9caa4 <unknown>\n#19 0x7f8b5eb29c6c <unknown>","statusTrace":"driver = <selenium.webdriver.chrome.webdriver.WebDriver (session=\"4fb61f31cef22946eef6c0b2bf4580bb\")>\n\n    @allure.feature(\"UI 테스트\")\n    @allure.story(\"수량 버튼 동작 테스트\")\n    @allure.title(\"수량 증가/감소 버튼 동작 확인\")\n    def test_ui_quantity(driver):\n        driver.get(URLs.KURLY_SNACK)\n        driver.maximize_window()\n    \n    \n>       first_product = driver.find_element(*Buttons.ADD_TO_CART)\n\nsrc/tests/ui_tests/test_ui_quantity.py:15: \n_ _ _ _ _ _ _ _ _ _ _ _ _ _ _ _ _ _ _ _ _ _ _ _ _ _ _ _ _ _ _ _ _ _ _ _ _ _ _ _ \nvenv/lib/python3.11/site-packages/selenium/webdriver/remote/webdriver.py:770: in find_element\n    return self.execute(Command.FIND_ELEMENT, {\"using\": by, \"value\": value})[\"value\"]\nvenv/lib/python3.11/site-packages/selenium/webdriver/remote/webdriver.py:384: in execute\n    self.error_handler.check_response(response)\n_ _ _ _ _ _ _ _ _ _ _ _ _ _ _ _ _ _ _ _ _ _ _ _ _ _ _ _ _ _ _ _ _ _ _ _ _ _ _ _ \n\nself = <selenium.webdriver.remote.errorhandler.ErrorHandler object at 0x7f3000eebdd0>\nresponse = {'status': 404, 'value': '{\"value\":{\"error\":\"no such element\",\"message\":\"no such element: Unable to locate element: {\\...\\\\n#17 0x562fb6993613 \\\\u003Cunknown>\\\\n#18 0x7f8b5ea9caa4 \\\\u003Cunknown>\\\\n#19 0x7f8b5eb29c6c \\\\u003Cunknown>\\\\n\"}}'}\n\n    def check_response(self, response: Dict[str, Any]) -> None:\n        \"\"\"Checks that a JSON response from the WebDriver does not have an\n        error.\n    \n        :Args:\n         - response - The JSON response from the WebDriver server as a dictionary\n           object.\n    \n        :Raises: If the response contains an error message.\n        \"\"\"\n        status = response.get(\"status\", None)\n        if not status or status == ErrorCode.SUCCESS:\n            return\n        value = None\n        message = response.get(\"message\", \"\")\n        screen: str = response.get(\"screen\", \"\")\n        stacktrace = None\n        if isinstance(status, int):\n            value_json = response.get(\"value\", None)\n            if value_json and isinstance(value_json, str):\n                import json\n    \n                try:\n                    value = json.loads(value_json)\n                    if len(value) == 1:\n                        value = value[\"value\"]\n                    status = value.get(\"error\", None)\n                    if not status:\n                        status = value.get(\"status\", ErrorCode.UNKNOWN_ERROR)\n                        message = value.get(\"value\") or value.get(\"message\")\n                        if not isinstance(message, str):\n                            value = message\n                            message = message.get(\"message\")\n                    else:\n                        message = value.get(\"message\", None)\n                except ValueError:\n                    pass\n    \n        exception_class: Type[WebDriverException]\n        e = ErrorCode()\n        error_codes = [item for item in dir(e) if not item.startswith(\"__\")]\n        for error_code in error_codes:\n            error_info = getattr(ErrorCode, error_code)\n            if isinstance(error_info, list) and status in error_info:\n                exception_class = getattr(ExceptionMapping, error_code, WebDriverException)\n                break\n        else:\n            exception_class = WebDriverException\n    \n        if not value:\n            value = response[\"value\"]\n        if isinstance(value, str):\n            raise exception_class(value)\n        if message == \"\" and \"message\" in value:\n            message = value[\"message\"]\n    \n        screen = None  # type: ignore[assignment]\n        if \"screen\" in value:\n            screen = value[\"screen\"]\n    \n        stacktrace = None\n        st_value = value.get(\"stackTrace\") or value.get(\"stacktrace\")\n        if st_value:\n            if isinstance(st_value, str):\n                stacktrace = st_value.split(\"\\n\")\n            else:\n                stacktrace = []\n                try:\n                    for frame in st_value:\n                        line = frame.get(\"lineNumber\", \"\")\n                        file = frame.get(\"fileName\", \"<anonymous>\")\n                        if line:\n                            file = f\"{file}:{line}\"\n                        meth = frame.get(\"methodName\", \"<anonymous>\")\n                        if \"className\" in frame:\n                            meth = f\"{frame['className']}.{meth}\"\n                        msg = \"    at %s (%s)\"\n                        msg = msg % (meth, file)\n                        stacktrace.append(msg)\n                except TypeError:\n                    pass\n        if exception_class == UnexpectedAlertPresentException:\n            alert_text = None\n            if \"data\" in value:\n                alert_text = value[\"data\"].get(\"text\")\n            elif \"alert\" in value:\n                alert_text = value[\"alert\"].get(\"text\")\n            raise exception_class(message, screen, stacktrace, alert_text)  # type: ignore[call-arg]  # mypy is not smart enough here\n>       raise exception_class(message, screen, stacktrace)\nE       selenium.common.exceptions.NoSuchElementException: Message: no such element: Unable to locate element: {\"method\":\"xpath\",\"selector\":\"(//button[@type='button'][contains(text(),'담기')])[1]\"}\nE         (Session info: chrome=141.0.7390.107); For documentation on this error, please visit: https://www.selenium.dev/documentation/webdriver/troubleshooting/errors#no-such-element-exception\nE       Stacktrace:\nE       #0 0x562fb699467a <unknown>\nE       #1 0x562fb6413566 <unknown>\nE       #2 0x562fb646568d <unknown>\nE       #3 0x562fb6465921 <unknown>\nE       #4 0x562fb64b3e94 <unknown>\nE       #5 0x562fb648b65d <unknown>\nE       #6 0x562fb64b1328 <unknown>\nE       #7 0x562fb648b403 <unknown>\nE       #8 0x562fb6457b02 <unknown>\nE       #9 0x562fb64587c1 <unknown>\nE       #10 0x562fb6958448 <unknown>\nE       #11 0x562fb695c2af <unknown>\nE       #12 0x562fb693f8d9 <unknown>\nE       #13 0x562fb695ce55 <unknown>\nE       #14 0x562fb692513f <unknown>\nE       #15 0x562fb69814b8 <unknown>\nE       #16 0x562fb6981693 <unknown>\nE       #17 0x562fb6993613 <unknown>\nE       #18 0x7f8b5ea9caa4 <unknown>\nE       #19 0x7f8b5eb29c6c <unknown>\n\nvenv/lib/python3.11/site-packages/selenium/webdriver/remote/errorhandler.py:232: NoSuchElementException","steps":[],"attachments":[{"uid":"a8f87e265806e085","name":"Failure Screenshot","source":"a8f87e265806e085.png","type":"image/png","size":17616}],"parameters":[],"shouldDisplayMessage":true,"stepsCount":0,"attachmentsCount":1,"hasContent":true,"attachmentStep":false},"afterStages":[{"name":"driver::0","time":{"start":1760702827770,"stop":1760702827830,"duration":60},"status":"passed","steps":[],"attachments":[],"parameters":[],"shouldDisplayMessage":false,"stepsCount":0,"attachmentsCount":0,"hasContent":false,"attachmentStep":false}],"labels":[{"name":"story","value":"수량 버튼 동작 테스트"},{"name":"feature","value":"UI 테스트"},{"name":"parentSuite","value":"src.tests.ui_tests"},{"name":"suite","value":"test_ui_quantity"},{"name":"host","value":"runnervmzdgdc"},{"name":"thread","value":"2720-MainThread"},{"name":"framework","value":"pytest"},{"name":"language","value":"cpython3"},{"name":"package","value":"src.tests.ui_tests.test_ui_quantity"},{"name":"resultFormat","value":"allure2"}],"parameters":[],"links":[],"hidden":false,"retry":false,"extra":{"severity":"normal","retries":[],"categories":[{"name":"Test defects","matchedStatuses":[],"flaky":false}],"tags":[]},"source":"ee11a75784500638.json","parameterValues":[]}