{"uid":"f422073b2c454654","name":"장바구니 버튼이 동작 하는지 확인","fullName":"src.tests.ui_tests.test_ui_cart#test_cart","historyId":"a5c99d53abd33890bbdde8e20d7870d0","time":{"start":1763539615008,"stop":1763539618180,"duration":3172},"status":"failed","statusMessage":"Failed: ❌ 테스트 실패: Message: no such element: Unable to locate element: {\"method\":\"xpath\",\"selector\":\"//button[@class='css-g25h97 e14oy6dx1']\"}\n  (Session info: chrome=142.0.7444.162); For documentation on this error, please visit: https://www.selenium.dev/documentation/webdriver/troubleshooting/errors#no-such-element-exception\nStacktrace:\n#0 0x55fe48f644ca <unknown>\n#1 0x55fe489b2e4b <unknown>\n#2 0x55fe48a05814 <unknown>\n#3 0x55fe48a05a51 <unknown>\n#4 0x55fe48a54a44 <unknown>\n#5 0x55fe48a51df7 <unknown>\n#6 0x55fe489f7c2a <unknown>\n#7 0x55fe489f8931 <unknown>\n#8 0x55fe48f2acf9 <unknown>\n#9 0x55fe48f2dcdc <unknown>\n#10 0x55fe48f13f79 <unknown>\n#11 0x55fe48f2e8b5 <unknown>\n#12 0x55fe48efb9c3 <unknown>\n#13 0x55fe48f51228 <unknown>\n#14 0x55fe48f51403 <unknown>\n#15 0x55fe48f63463 <unknown>\n#16 0x7f1471c9caa4 <unknown>\n#17 0x7f1471d29c6c <unknown>","statusTrace":"driver = <selenium.webdriver.chrome.webdriver.WebDriver (session=\"407587bfa02ae9fe6fabae06372e219c\")>\n\n    @allure.feature(\"UI 테스트\")\n    @allure.story(\"장바구니 화면 체크 테스트\")\n    @allure.title(\"장바구니 버튼이 동작 하는지 확인\")\n    def test_cart(driver):\n    \n        driver.get(\"https://www.kurly.com/main\")\n        driver.maximize_window()\n    \n        try:\n>         cart_button = driver.find_element(By.XPATH,\"//button[@class='css-g25h97 e14oy6dx1']\")\n\nsrc/tests/ui_tests/test_ui_cart.py:17: \n_ _ _ _ _ _ _ _ _ _ _ _ _ _ _ _ _ _ _ _ _ _ _ _ _ _ _ _ _ _ _ _ _ _ _ _ _ _ _ _ \nvenv/lib/python3.11/site-packages/selenium/webdriver/remote/webdriver.py:770: in find_element\n    return self.execute(Command.FIND_ELEMENT, {\"using\": by, \"value\": value})[\"value\"]\nvenv/lib/python3.11/site-packages/selenium/webdriver/remote/webdriver.py:384: in execute\n    self.error_handler.check_response(response)\n_ _ _ _ _ _ _ _ _ _ _ _ _ _ _ _ _ _ _ _ _ _ _ _ _ _ _ _ _ _ _ _ _ _ _ _ _ _ _ _ \n\nself = <selenium.webdriver.remote.errorhandler.ErrorHandler object at 0x7f370446cdd0>\nresponse = {'status': 404, 'value': '{\"value\":{\"error\":\"no such element\",\"message\":\"no such element: Unable to locate element: {\\...\\\\n#15 0x55fe48f63463 \\\\u003Cunknown>\\\\n#16 0x7f1471c9caa4 \\\\u003Cunknown>\\\\n#17 0x7f1471d29c6c \\\\u003Cunknown>\\\\n\"}}'}\n\n    def check_response(self, response: Dict[str, Any]) -> None:\n        \"\"\"Checks that a JSON response from the WebDriver does not have an\n        error.\n    \n        :Args:\n         - response - The JSON response from the WebDriver server as a dictionary\n           object.\n    \n        :Raises: If the response contains an error message.\n        \"\"\"\n        status = response.get(\"status\", None)\n        if not status or status == ErrorCode.SUCCESS:\n            return\n        value = None\n        message = response.get(\"message\", \"\")\n        screen: str = response.get(\"screen\", \"\")\n        stacktrace = None\n        if isinstance(status, int):\n            value_json = response.get(\"value\", None)\n            if value_json and isinstance(value_json, str):\n                import json\n    \n                try:\n                    value = json.loads(value_json)\n                    if len(value) == 1:\n                        value = value[\"value\"]\n                    status = value.get(\"error\", None)\n                    if not status:\n                        status = value.get(\"status\", ErrorCode.UNKNOWN_ERROR)\n                        message = value.get(\"value\") or value.get(\"message\")\n                        if not isinstance(message, str):\n                            value = message\n                            message = message.get(\"message\")\n                    else:\n                        message = value.get(\"message\", None)\n                except ValueError:\n                    pass\n    \n        exception_class: Type[WebDriverException]\n        e = ErrorCode()\n        error_codes = [item for item in dir(e) if not item.startswith(\"__\")]\n        for error_code in error_codes:\n            error_info = getattr(ErrorCode, error_code)\n            if isinstance(error_info, list) and status in error_info:\n                exception_class = getattr(ExceptionMapping, error_code, WebDriverException)\n                break\n        else:\n            exception_class = WebDriverException\n    \n        if not value:\n            value = response[\"value\"]\n        if isinstance(value, str):\n            raise exception_class(value)\n        if message == \"\" and \"message\" in value:\n            message = value[\"message\"]\n    \n        screen = None  # type: ignore[assignment]\n        if \"screen\" in value:\n            screen = value[\"screen\"]\n    \n        stacktrace = None\n        st_value = value.get(\"stackTrace\") or value.get(\"stacktrace\")\n        if st_value:\n            if isinstance(st_value, str):\n                stacktrace = st_value.split(\"\\n\")\n            else:\n                stacktrace = []\n                try:\n                    for frame in st_value:\n                        line = frame.get(\"lineNumber\", \"\")\n                        file = frame.get(\"fileName\", \"<anonymous>\")\n                        if line:\n                            file = f\"{file}:{line}\"\n                        meth = frame.get(\"methodName\", \"<anonymous>\")\n                        if \"className\" in frame:\n                            meth = f\"{frame['className']}.{meth}\"\n                        msg = \"    at %s (%s)\"\n                        msg = msg % (meth, file)\n                        stacktrace.append(msg)\n                except TypeError:\n                    pass\n        if exception_class == UnexpectedAlertPresentException:\n            alert_text = None\n            if \"data\" in value:\n                alert_text = value[\"data\"].get(\"text\")\n            elif \"alert\" in value:\n                alert_text = value[\"alert\"].get(\"text\")\n            raise exception_class(message, screen, stacktrace, alert_text)  # type: ignore[call-arg]  # mypy is not smart enough here\n>       raise exception_class(message, screen, stacktrace)\nE       selenium.common.exceptions.NoSuchElementException: Message: no such element: Unable to locate element: {\"method\":\"xpath\",\"selector\":\"//button[@class='css-g25h97 e14oy6dx1']\"}\nE         (Session info: chrome=142.0.7444.162); For documentation on this error, please visit: https://www.selenium.dev/documentation/webdriver/troubleshooting/errors#no-such-element-exception\nE       Stacktrace:\nE       #0 0x55fe48f644ca <unknown>\nE       #1 0x55fe489b2e4b <unknown>\nE       #2 0x55fe48a05814 <unknown>\nE       #3 0x55fe48a05a51 <unknown>\nE       #4 0x55fe48a54a44 <unknown>\nE       #5 0x55fe48a51df7 <unknown>\nE       #6 0x55fe489f7c2a <unknown>\nE       #7 0x55fe489f8931 <unknown>\nE       #8 0x55fe48f2acf9 <unknown>\nE       #9 0x55fe48f2dcdc <unknown>\nE       #10 0x55fe48f13f79 <unknown>\nE       #11 0x55fe48f2e8b5 <unknown>\nE       #12 0x55fe48efb9c3 <unknown>\nE       #13 0x55fe48f51228 <unknown>\nE       #14 0x55fe48f51403 <unknown>\nE       #15 0x55fe48f63463 <unknown>\nE       #16 0x7f1471c9caa4 <unknown>\nE       #17 0x7f1471d29c6c <unknown>\n\nvenv/lib/python3.11/site-packages/selenium/webdriver/remote/errorhandler.py:232: NoSuchElementException\n\nDuring handling of the above exception, another exception occurred:\n\ndriver = <selenium.webdriver.chrome.webdriver.WebDriver (session=\"407587bfa02ae9fe6fabae06372e219c\")>\n\n    @allure.feature(\"UI 테스트\")\n    @allure.story(\"장바구니 화면 체크 테스트\")\n    @allure.title(\"장바구니 버튼이 동작 하는지 확인\")\n    def test_cart(driver):\n    \n        driver.get(\"https://www.kurly.com/main\")\n        driver.maximize_window()\n    \n        try:\n          cart_button = driver.find_element(By.XPATH,\"//button[@class='css-g25h97 e14oy6dx1']\")\n          cart_button.click()\n          time.sleep(4)\n    \n          assert \"컬리 - 마켓컬리/뷰티컬리\" in driver.title, \"❌ 장바구니 페이지가 열리지 않았습니다!\"\n          capture_screenshot(driver,\"장바구니\",\"screenshots_cart\")\n    \n        except Exception as e:\n            capture_screenshot(driver,\"장바구니_실패\",\"screenshots_cart\")\n            allure.attach(driver.get_screenshot_as_png(), name=\"장바구니_실패\", attachment_type=allure.attachment_type.PNG)\n>           pytest.fail(f\"❌ 테스트 실패: {str(e)}\")\nE           Failed: ❌ 테스트 실패: Message: no such element: Unable to locate element: {\"method\":\"xpath\",\"selector\":\"//button[@class='css-g25h97 e14oy6dx1']\"}\nE             (Session info: chrome=142.0.7444.162); For documentation on this error, please visit: https://www.selenium.dev/documentation/webdriver/troubleshooting/errors#no-such-element-exception\nE           Stacktrace:\nE           #0 0x55fe48f644ca <unknown>\nE           #1 0x55fe489b2e4b <unknown>\nE           #2 0x55fe48a05814 <unknown>\nE           #3 0x55fe48a05a51 <unknown>\nE           #4 0x55fe48a54a44 <unknown>\nE           #5 0x55fe48a51df7 <unknown>\nE           #6 0x55fe489f7c2a <unknown>\nE           #7 0x55fe489f8931 <unknown>\nE           #8 0x55fe48f2acf9 <unknown>\nE           #9 0x55fe48f2dcdc <unknown>\nE           #10 0x55fe48f13f79 <unknown>\nE           #11 0x55fe48f2e8b5 <unknown>\nE           #12 0x55fe48efb9c3 <unknown>\nE           #13 0x55fe48f51228 <unknown>\nE           #14 0x55fe48f51403 <unknown>\nE           #15 0x55fe48f63463 <unknown>\nE           #16 0x7f1471c9caa4 <unknown>\nE           #17 0x7f1471d29c6c <unknown>\n\nsrc/tests/ui_tests/test_ui_cart.py:27: Failed","flaky":false,"newFailed":false,"newBroken":false,"newPassed":false,"retriesCount":0,"retriesStatusChange":false,"beforeStages":[{"name":"driver","time":{"start":1763539614359,"stop":1763539615007,"duration":648},"status":"passed","steps":[],"attachments":[],"parameters":[],"shouldDisplayMessage":false,"stepsCount":0,"attachmentsCount":0,"hasContent":false,"attachmentStep":false}],"testStage":{"status":"failed","statusMessage":"Failed: ❌ 테스트 실패: Message: no such element: Unable to locate element: {\"method\":\"xpath\",\"selector\":\"//button[@class='css-g25h97 e14oy6dx1']\"}\n  (Session info: chrome=142.0.7444.162); For documentation on this error, please visit: https://www.selenium.dev/documentation/webdriver/troubleshooting/errors#no-such-element-exception\nStacktrace:\n#0 0x55fe48f644ca <unknown>\n#1 0x55fe489b2e4b <unknown>\n#2 0x55fe48a05814 <unknown>\n#3 0x55fe48a05a51 <unknown>\n#4 0x55fe48a54a44 <unknown>\n#5 0x55fe48a51df7 <unknown>\n#6 0x55fe489f7c2a <unknown>\n#7 0x55fe489f8931 <unknown>\n#8 0x55fe48f2acf9 <unknown>\n#9 0x55fe48f2dcdc <unknown>\n#10 0x55fe48f13f79 <unknown>\n#11 0x55fe48f2e8b5 <unknown>\n#12 0x55fe48efb9c3 <unknown>\n#13 0x55fe48f51228 <unknown>\n#14 0x55fe48f51403 <unknown>\n#15 0x55fe48f63463 <unknown>\n#16 0x7f1471c9caa4 <unknown>\n#17 0x7f1471d29c6c <unknown>","statusTrace":"driver = <selenium.webdriver.chrome.webdriver.WebDriver (session=\"407587bfa02ae9fe6fabae06372e219c\")>\n\n    @allure.feature(\"UI 테스트\")\n    @allure.story(\"장바구니 화면 체크 테스트\")\n    @allure.title(\"장바구니 버튼이 동작 하는지 확인\")\n    def test_cart(driver):\n    \n        driver.get(\"https://www.kurly.com/main\")\n        driver.maximize_window()\n    \n        try:\n>         cart_button = driver.find_element(By.XPATH,\"//button[@class='css-g25h97 e14oy6dx1']\")\n\nsrc/tests/ui_tests/test_ui_cart.py:17: \n_ _ _ _ _ _ _ _ _ _ _ _ _ _ _ _ _ _ _ _ _ _ _ _ _ _ _ _ _ _ _ _ _ _ _ _ _ _ _ _ \nvenv/lib/python3.11/site-packages/selenium/webdriver/remote/webdriver.py:770: in find_element\n    return self.execute(Command.FIND_ELEMENT, {\"using\": by, \"value\": value})[\"value\"]\nvenv/lib/python3.11/site-packages/selenium/webdriver/remote/webdriver.py:384: in execute\n    self.error_handler.check_response(response)\n_ _ _ _ _ _ _ _ _ _ _ _ _ _ _ _ _ _ _ _ _ _ _ _ _ _ _ _ _ _ _ _ _ _ _ _ _ _ _ _ \n\nself = <selenium.webdriver.remote.errorhandler.ErrorHandler object at 0x7f370446cdd0>\nresponse = {'status': 404, 'value': '{\"value\":{\"error\":\"no such element\",\"message\":\"no such element: Unable to locate element: {\\...\\\\n#15 0x55fe48f63463 \\\\u003Cunknown>\\\\n#16 0x7f1471c9caa4 \\\\u003Cunknown>\\\\n#17 0x7f1471d29c6c \\\\u003Cunknown>\\\\n\"}}'}\n\n    def check_response(self, response: Dict[str, Any]) -> None:\n        \"\"\"Checks that a JSON response from the WebDriver does not have an\n        error.\n    \n        :Args:\n         - response - The JSON response from the WebDriver server as a dictionary\n           object.\n    \n        :Raises: If the response contains an error message.\n        \"\"\"\n        status = response.get(\"status\", None)\n        if not status or status == ErrorCode.SUCCESS:\n            return\n        value = None\n        message = response.get(\"message\", \"\")\n        screen: str = response.get(\"screen\", \"\")\n        stacktrace = None\n        if isinstance(status, int):\n            value_json = response.get(\"value\", None)\n            if value_json and isinstance(value_json, str):\n                import json\n    \n                try:\n                    value = json.loads(value_json)\n                    if len(value) == 1:\n                        value = value[\"value\"]\n                    status = value.get(\"error\", None)\n                    if not status:\n                        status = value.get(\"status\", ErrorCode.UNKNOWN_ERROR)\n                        message = value.get(\"value\") or value.get(\"message\")\n                        if not isinstance(message, str):\n                            value = message\n                            message = message.get(\"message\")\n                    else:\n                        message = value.get(\"message\", None)\n                except ValueError:\n                    pass\n    \n        exception_class: Type[WebDriverException]\n        e = ErrorCode()\n        error_codes = [item for item in dir(e) if not item.startswith(\"__\")]\n        for error_code in error_codes:\n            error_info = getattr(ErrorCode, error_code)\n            if isinstance(error_info, list) and status in error_info:\n                exception_class = getattr(ExceptionMapping, error_code, WebDriverException)\n                break\n        else:\n            exception_class = WebDriverException\n    \n        if not value:\n            value = response[\"value\"]\n        if isinstance(value, str):\n            raise exception_class(value)\n        if message == \"\" and \"message\" in value:\n            message = value[\"message\"]\n    \n        screen = None  # type: ignore[assignment]\n        if \"screen\" in value:\n            screen = value[\"screen\"]\n    \n        stacktrace = None\n        st_value = value.get(\"stackTrace\") or value.get(\"stacktrace\")\n        if st_value:\n            if isinstance(st_value, str):\n                stacktrace = st_value.split(\"\\n\")\n            else:\n                stacktrace = []\n                try:\n                    for frame in st_value:\n                        line = frame.get(\"lineNumber\", \"\")\n                        file = frame.get(\"fileName\", \"<anonymous>\")\n                        if line:\n                            file = f\"{file}:{line}\"\n                        meth = frame.get(\"methodName\", \"<anonymous>\")\n                        if \"className\" in frame:\n                            meth = f\"{frame['className']}.{meth}\"\n                        msg = \"    at %s (%s)\"\n                        msg = msg % (meth, file)\n                        stacktrace.append(msg)\n                except TypeError:\n                    pass\n        if exception_class == UnexpectedAlertPresentException:\n            alert_text = None\n            if \"data\" in value:\n                alert_text = value[\"data\"].get(\"text\")\n            elif \"alert\" in value:\n                alert_text = value[\"alert\"].get(\"text\")\n            raise exception_class(message, screen, stacktrace, alert_text)  # type: ignore[call-arg]  # mypy is not smart enough here\n>       raise exception_class(message, screen, stacktrace)\nE       selenium.common.exceptions.NoSuchElementException: Message: no such element: Unable to locate element: {\"method\":\"xpath\",\"selector\":\"//button[@class='css-g25h97 e14oy6dx1']\"}\nE         (Session info: chrome=142.0.7444.162); For documentation on this error, please visit: https://www.selenium.dev/documentation/webdriver/troubleshooting/errors#no-such-element-exception\nE       Stacktrace:\nE       #0 0x55fe48f644ca <unknown>\nE       #1 0x55fe489b2e4b <unknown>\nE       #2 0x55fe48a05814 <unknown>\nE       #3 0x55fe48a05a51 <unknown>\nE       #4 0x55fe48a54a44 <unknown>\nE       #5 0x55fe48a51df7 <unknown>\nE       #6 0x55fe489f7c2a <unknown>\nE       #7 0x55fe489f8931 <unknown>\nE       #8 0x55fe48f2acf9 <unknown>\nE       #9 0x55fe48f2dcdc <unknown>\nE       #10 0x55fe48f13f79 <unknown>\nE       #11 0x55fe48f2e8b5 <unknown>\nE       #12 0x55fe48efb9c3 <unknown>\nE       #13 0x55fe48f51228 <unknown>\nE       #14 0x55fe48f51403 <unknown>\nE       #15 0x55fe48f63463 <unknown>\nE       #16 0x7f1471c9caa4 <unknown>\nE       #17 0x7f1471d29c6c <unknown>\n\nvenv/lib/python3.11/site-packages/selenium/webdriver/remote/errorhandler.py:232: NoSuchElementException\n\nDuring handling of the above exception, another exception occurred:\n\ndriver = <selenium.webdriver.chrome.webdriver.WebDriver (session=\"407587bfa02ae9fe6fabae06372e219c\")>\n\n    @allure.feature(\"UI 테스트\")\n    @allure.story(\"장바구니 화면 체크 테스트\")\n    @allure.title(\"장바구니 버튼이 동작 하는지 확인\")\n    def test_cart(driver):\n    \n        driver.get(\"https://www.kurly.com/main\")\n        driver.maximize_window()\n    \n        try:\n          cart_button = driver.find_element(By.XPATH,\"//button[@class='css-g25h97 e14oy6dx1']\")\n          cart_button.click()\n          time.sleep(4)\n    \n          assert \"컬리 - 마켓컬리/뷰티컬리\" in driver.title, \"❌ 장바구니 페이지가 열리지 않았습니다!\"\n          capture_screenshot(driver,\"장바구니\",\"screenshots_cart\")\n    \n        except Exception as e:\n            capture_screenshot(driver,\"장바구니_실패\",\"screenshots_cart\")\n            allure.attach(driver.get_screenshot_as_png(), name=\"장바구니_실패\", attachment_type=allure.attachment_type.PNG)\n>           pytest.fail(f\"❌ 테스트 실패: {str(e)}\")\nE           Failed: ❌ 테스트 실패: Message: no such element: Unable to locate element: {\"method\":\"xpath\",\"selector\":\"//button[@class='css-g25h97 e14oy6dx1']\"}\nE             (Session info: chrome=142.0.7444.162); For documentation on this error, please visit: https://www.selenium.dev/documentation/webdriver/troubleshooting/errors#no-such-element-exception\nE           Stacktrace:\nE           #0 0x55fe48f644ca <unknown>\nE           #1 0x55fe489b2e4b <unknown>\nE           #2 0x55fe48a05814 <unknown>\nE           #3 0x55fe48a05a51 <unknown>\nE           #4 0x55fe48a54a44 <unknown>\nE           #5 0x55fe48a51df7 <unknown>\nE           #6 0x55fe489f7c2a <unknown>\nE           #7 0x55fe489f8931 <unknown>\nE           #8 0x55fe48f2acf9 <unknown>\nE           #9 0x55fe48f2dcdc <unknown>\nE           #10 0x55fe48f13f79 <unknown>\nE           #11 0x55fe48f2e8b5 <unknown>\nE           #12 0x55fe48efb9c3 <unknown>\nE           #13 0x55fe48f51228 <unknown>\nE           #14 0x55fe48f51403 <unknown>\nE           #15 0x55fe48f63463 <unknown>\nE           #16 0x7f1471c9caa4 <unknown>\nE           #17 0x7f1471d29c6c <unknown>\n\nsrc/tests/ui_tests/test_ui_cart.py:27: Failed","steps":[],"attachments":[{"uid":"9aae2cbce0638fd2","name":"장바구니_실패","source":"9aae2cbce0638fd2.png","type":"image/png","size":16793},{"uid":"6d629d64c0399524","name":"Failure Screenshot","source":"6d629d64c0399524.png","type":"image/png","size":23311},{"uid":"593a475886f24448","name":"stdout","source":"593a475886f24448.txt","type":"text/plain","size":90}],"parameters":[],"shouldDisplayMessage":true,"stepsCount":0,"attachmentsCount":3,"hasContent":true,"attachmentStep":false},"afterStages":[{"name":"driver::0","time":{"start":1763539618299,"stop":1763539618362,"duration":63},"status":"passed","steps":[],"attachments":[],"parameters":[],"shouldDisplayMessage":false,"stepsCount":0,"attachmentsCount":0,"hasContent":false,"attachmentStep":false}],"labels":[{"name":"feature","value":"UI 테스트"},{"name":"story","value":"장바구니 화면 체크 테스트"},{"name":"parentSuite","value":"src.tests.ui_tests"},{"name":"suite","value":"test_ui_cart"},{"name":"host","value":"runnervmg1sw1"},{"name":"thread","value":"2718-MainThread"},{"name":"framework","value":"pytest"},{"name":"language","value":"cpython3"},{"name":"package","value":"src.tests.ui_tests.test_ui_cart"},{"name":"resultFormat","value":"allure2"}],"parameters":[],"links":[],"hidden":false,"retry":false,"extra":{"severity":"normal","retries":[],"categories":[{"name":"Product defects","matchedStatuses":[],"flaky":false}],"tags":[]},"source":"f422073b2c454654.json","parameterValues":[]}