{"uid":"11c1e8ca23f3c1fb","name":"여러 상품을 장바구니에 담기","fullName":"src.tests.ui.test_cart_management.TestCartManagement#test_add_multiple_items_to_cart","historyId":"b10392ec03b6bdb85794b4326da8c28d","time":{"start":1769142318807,"stop":1769142333982,"duration":15175},"description":"여러 상품을 장바구니에 담고 모두 장바구니에 있는지 확인","descriptionHtml":"<p>여러 상품을 장바구니에 담고 모두 장바구니에 있는지 확인</p>\n","status":"broken","statusMessage":"selenium.common.exceptions.TimeoutException: Message: ❌ 요소를 찾을 수 없습니다(visible): ('xpath', \"//p[@class='kpds_97oqoup kpds_97oqouw kpds_97oqou6 kpds_ldmw177h kpds_97oqou1a kpds_97oqouk kpds_ldmw177x kpds_97oqou12 kpds_97oqouc kpds_ldmw177p kpds_126coma4 kpds_126coma7 kpds_126coma8 kpds_126coma3 kpds_ldmw171a0']\")","statusTrace":"src/pages/base_page.py:233: in find_element\n    return self.wait_visible(locator, timeout)\nsrc/pages/base_page.py:117: in wait_visible\n    return wait.until(EC.visibility_of_element_located(locator))\nvenv/lib/python3.11/site-packages/selenium/webdriver/support/wait.py:105: in until\n    raise TimeoutException(message, screen, stacktrace)\nE   selenium.common.exceptions.TimeoutException: Message: \nE   Stacktrace:\nE   #0 0x558c01f0dafa <unknown>\nE   #1 0x558c0192760f <unknown>\nE   #2 0x558c0197ca16 <unknown>\nE   #3 0x558c0197cc51 <unknown>\nE   #4 0x558c019c8404 <unknown>\nE   #5 0x558c019c562b <unknown>\nE   #6 0x558c0196e842 <unknown>\nE   #7 0x558c0196f631 <unknown>\nE   #8 0x558c01ed3689 <unknown>\nE   #9 0x558c01ed6581 <unknown>\nE   #10 0x558c01ebfca9 <unknown>\nE   #11 0x558c01ed713e <unknown>\nE   #12 0x558c01ea63a0 <unknown>\nE   #13 0x558c01efafc8 <unknown>\nE   #14 0x558c01efb19b <unknown>\nE   #15 0x558c01f0ce68 <unknown>\nE   #16 0x7f94bd49caa4 <unknown>\nE   #17 0x7f94bd529c6c <unknown>\n\nDuring handling of the above exception, another exception occurred:\nsrc/tests/ui/test_cart_management.py:47: in test_add_multiple_items_to_cart\n    cart_count = kurly_cart_page.get_cart_item_count()\nsrc/pages/kurly_cart_page.py:94: in get_cart_item_count\n    element = self.get_text(self.CART_ITEM_COUNT, timeout=0.5)\nsrc/pages/base_page.py:312: in get_text\n    element = self.find_element(locator, timeout)\nsrc/pages/base_page.py:238: in find_element\n    raise TimeoutException(f\"❌ 요소를 찾을 수 없습니다(visible): {locator}\")\nE   selenium.common.exceptions.TimeoutException: Message: ❌ 요소를 찾을 수 없습니다(visible): ('xpath', \"//p[@class='kpds_97oqoup kpds_97oqouw kpds_97oqou6 kpds_ldmw177h kpds_97oqou1a kpds_97oqouk kpds_ldmw177x kpds_97oqou12 kpds_97oqouc kpds_ldmw177p kpds_126coma4 kpds_126coma7 kpds_126coma8 kpds_126coma3 kpds_ldmw171a0']\")","flaky":false,"newFailed":false,"newBroken":false,"newPassed":false,"retriesCount":0,"retriesStatusChange":false,"beforeStages":[{"name":"driver","time":{"start":1769142318162,"stop":1769142318806,"duration":644},"status":"passed","steps":[],"attachments":[],"parameters":[],"shouldDisplayMessage":false,"stepsCount":0,"attachmentsCount":0,"hasContent":false,"attachmentStep":false},{"name":"kurly_search_page","time":{"start":1769142318806,"stop":1769142318806,"duration":0},"status":"passed","steps":[],"attachments":[],"parameters":[],"shouldDisplayMessage":false,"stepsCount":0,"attachmentsCount":0,"hasContent":false,"attachmentStep":false},{"name":"kurly_main_page","time":{"start":1769142318806,"stop":1769142318806,"duration":0},"status":"passed","steps":[],"attachments":[],"parameters":[],"shouldDisplayMessage":false,"stepsCount":0,"attachmentsCount":0,"hasContent":false,"attachmentStep":false},{"name":"kurly_cart_page","time":{"start":1769142318807,"stop":1769142318807,"duration":0},"status":"passed","steps":[],"attachments":[],"parameters":[],"shouldDisplayMessage":false,"stepsCount":0,"attachmentsCount":0,"hasContent":false,"attachmentStep":false}],"testStage":{"description":"여러 상품을 장바구니에 담고 모두 장바구니에 있는지 확인","status":"broken","statusMessage":"selenium.common.exceptions.TimeoutException: Message: ❌ 요소를 찾을 수 없습니다(visible): ('xpath', \"//p[@class='kpds_97oqoup kpds_97oqouw kpds_97oqou6 kpds_ldmw177h kpds_97oqou1a kpds_97oqouk kpds_ldmw177x kpds_97oqou12 kpds_97oqouc kpds_ldmw177p kpds_126coma4 kpds_126coma7 kpds_126coma8 kpds_126coma3 kpds_ldmw171a0']\")","statusTrace":"src/pages/base_page.py:233: in find_element\n    return self.wait_visible(locator, timeout)\nsrc/pages/base_page.py:117: in wait_visible\n    return wait.until(EC.visibility_of_element_located(locator))\nvenv/lib/python3.11/site-packages/selenium/webdriver/support/wait.py:105: in until\n    raise TimeoutException(message, screen, stacktrace)\nE   selenium.common.exceptions.TimeoutException: Message: \nE   Stacktrace:\nE   #0 0x558c01f0dafa <unknown>\nE   #1 0x558c0192760f <unknown>\nE   #2 0x558c0197ca16 <unknown>\nE   #3 0x558c0197cc51 <unknown>\nE   #4 0x558c019c8404 <unknown>\nE   #5 0x558c019c562b <unknown>\nE   #6 0x558c0196e842 <unknown>\nE   #7 0x558c0196f631 <unknown>\nE   #8 0x558c01ed3689 <unknown>\nE   #9 0x558c01ed6581 <unknown>\nE   #10 0x558c01ebfca9 <unknown>\nE   #11 0x558c01ed713e <unknown>\nE   #12 0x558c01ea63a0 <unknown>\nE   #13 0x558c01efafc8 <unknown>\nE   #14 0x558c01efb19b <unknown>\nE   #15 0x558c01f0ce68 <unknown>\nE   #16 0x7f94bd49caa4 <unknown>\nE   #17 0x7f94bd529c6c <unknown>\n\nDuring handling of the above exception, another exception occurred:\nsrc/tests/ui/test_cart_management.py:47: in test_add_multiple_items_to_cart\n    cart_count = kurly_cart_page.get_cart_item_count()\nsrc/pages/kurly_cart_page.py:94: in get_cart_item_count\n    element = self.get_text(self.CART_ITEM_COUNT, timeout=0.5)\nsrc/pages/base_page.py:312: in get_text\n    element = self.find_element(locator, timeout)\nsrc/pages/base_page.py:238: in find_element\n    raise TimeoutException(f\"❌ 요소를 찾을 수 없습니다(visible): {locator}\")\nE   selenium.common.exceptions.TimeoutException: Message: ❌ 요소를 찾을 수 없습니다(visible): ('xpath', \"//p[@class='kpds_97oqoup kpds_97oqouw kpds_97oqou6 kpds_ldmw177h kpds_97oqou1a kpds_97oqouk kpds_ldmw177x kpds_97oqou12 kpds_97oqouc kpds_ldmw177p kpds_126coma4 kpds_126coma7 kpds_126coma8 kpds_126coma3 kpds_ldmw171a0']\")","steps":[{"name":"메인 페이지 접속","time":{"start":1769142318807,"stop":1769142320598,"duration":1791},"status":"passed","steps":[],"attachments":[],"parameters":[],"shouldDisplayMessage":false,"stepsCount":0,"attachmentsCount":0,"hasContent":false,"attachmentStep":false},{"name":"'과자' 검색","time":{"start":1769142320598,"stop":1769142320990,"duration":392},"status":"passed","steps":[],"attachments":[],"parameters":[],"shouldDisplayMessage":false,"stepsCount":0,"attachmentsCount":0,"hasContent":false,"attachmentStep":false},{"name":"3개 상품을 장바구니에 담기","time":{"start":1769142320990,"stop":1769142331112,"duration":10122},"status":"passed","steps":[],"attachments":[],"parameters":[],"shouldDisplayMessage":false,"stepsCount":0,"attachmentsCount":0,"hasContent":false,"attachmentStep":false},{"name":"장바구니로 이동","time":{"start":1769142331112,"stop":1769142333359,"duration":2247},"status":"passed","steps":[],"attachments":[],"parameters":[],"shouldDisplayMessage":false,"stepsCount":0,"attachmentsCount":0,"hasContent":false,"attachmentStep":false},{"name":"장바구니에 3개 상품이 있는지 확인","time":{"start":1769142333359,"stop":1769142333981,"duration":622},"status":"broken","statusMessage":"selenium.common.exceptions.TimeoutException: Message: ❌ 요소를 찾을 수 없습니다(visible): ('xpath', \"//p[@class='kpds_97oqoup kpds_97oqouw kpds_97oqou6 kpds_ldmw177h kpds_97oqou1a kpds_97oqouk kpds_ldmw177x kpds_97oqou12 kpds_97oqouc kpds_ldmw177p kpds_126coma4 kpds_126coma7 kpds_126coma8 kpds_126coma3 kpds_ldmw171a0']\")\n\n","statusTrace":"  File \"/home/runner/work/QATEST/QATEST/src/tests/ui/test_cart_management.py\", line 47, in test_add_multiple_items_to_cart\n    cart_count = kurly_cart_page.get_cart_item_count()\n                 ^^^^^^^^^^^^^^^^^^^^^^^^^^^^^^^^^^^^^\n  File \"/home/runner/work/QATEST/QATEST/src/pages/kurly_cart_page.py\", line 94, in get_cart_item_count\n    element = self.get_text(self.CART_ITEM_COUNT, timeout=0.5)\n              ^^^^^^^^^^^^^^^^^^^^^^^^^^^^^^^^^^^^^^^^^^^^^^^^\n  File \"/home/runner/work/QATEST/QATEST/src/pages/base_page.py\", line 312, in get_text\n    element = self.find_element(locator, timeout)\n              ^^^^^^^^^^^^^^^^^^^^^^^^^^^^^^^^^^^\n  File \"/home/runner/work/QATEST/QATEST/src/pages/base_page.py\", line 238, in find_element\n    raise TimeoutException(f\"❌ 요소를 찾을 수 없습니다(visible): {locator}\")\n","steps":[],"attachments":[],"parameters":[],"shouldDisplayMessage":true,"stepsCount":0,"attachmentsCount":0,"hasContent":true,"attachmentStep":false}],"attachments":[{"uid":"ad82f43af440ecff","name":"log","source":"ad82f43af440ecff.txt","type":"text/plain","size":111162},{"uid":"2c9e846ed065fc8","name":"stderr","source":"2c9e846ed065fc8.txt","type":"text/plain","size":722}],"parameters":[],"shouldDisplayMessage":true,"stepsCount":5,"attachmentsCount":2,"hasContent":true,"attachmentStep":false},"afterStages":[{"name":"driver::0","time":{"start":1769142341110,"stop":1769142341201,"duration":91},"status":"passed","steps":[],"attachments":[],"parameters":[],"shouldDisplayMessage":false,"stepsCount":0,"attachmentsCount":0,"hasContent":false,"attachmentStep":false}],"labels":[{"name":"story","value":"장바구니 상품 관리"},{"name":"feature","value":"장바구니 관리"},{"name":"tag","value":"ui"},{"name":"parentSuite","value":"src.tests.ui"},{"name":"suite","value":"test_cart_management"},{"name":"subSuite","value":"TestCartManagement"},{"name":"host","value":"runnervmymu0l"},{"name":"thread","value":"2666-MainThread"},{"name":"framework","value":"pytest"},{"name":"language","value":"cpython3"},{"name":"package","value":"src.tests.ui.test_cart_management"},{"name":"resultFormat","value":"allure2"}],"parameters":[],"links":[],"hidden":false,"retry":false,"extra":{"severity":"normal","retries":[],"categories":[{"name":"Test defects","matchedStatuses":[],"flaky":false}],"tags":["ui"]},"source":"11c1e8ca23f3c1fb.json","parameterValues":[]}