{"uid":"178b3423d9b2dfc5","name":"잘못된 계정 정보로 로그인 실패 테스트","fullName":"src.tests.ui.test_ui_login.TestLogin#test_login_with_invalid_credentials","historyId":"8f0047e196f3e4f4d5eb2bb33a90049e","time":{"start":1769631219702,"stop":1769631224627,"duration":4925},"description":"\n    **목적:** 잘못된 아이디와 비밀번호로 로그인 시도 시 적절한 에러 메시지가 표시되는지 확인\n\n    **테스트 단계:**\n    1. 마켓컬리 메인 페이지 접속\n    2. 로그인 버튼 클릭\n    3. 잘못된 아이디 입력\n    4. 잘못된 비밀번호 입력\n    5. 로그인 버튼 클릭\n    6. 에러 메시지 표시 확인\n\n    **예상 결과:** 로그인 실패 메시지가 화면에 표시됨\n    ","descriptionHtml":"<pre><code>**목적:** 잘못된 아이디와 비밀번호로 로그인 시도 시 적절한 에러 메시지가 표시되는지 확인\n\n**테스트 단계:**\n1. 마켓컬리 메인 페이지 접속\n2. 로그인 버튼 클릭\n3. 잘못된 아이디 입력\n4. 잘못된 비밀번호 입력\n5. 로그인 버튼 클릭\n6. 에러 메시지 표시 확인\n\n**예상 결과:** 로그인 실패 메시지가 화면에 표시됨\n</code></pre>\n","status":"broken","statusMessage":"selenium.common.exceptions.ElementClickInterceptedException: Message: element click intercepted: Element <button class=\"css-4ojrwk e4nu7ef3\" type=\"submit\" height=\"54\" radius=\"6\">...</button> is not clickable at point (525, 419). Other element would receive the click: <input data-testid=\"input-box\" name=\"password\" placeholder=\"비밀번호를 입력해주세요\" type=\"password\" autocomplete=\"off\" class=\"css-u52dqk e1uzxhvi2\" value=\"wrong_password123\">\n  (Session info: chrome=144.0.7559.96)\nStacktrace:\n#0 0x556cdd7024ba <unknown>\n#1 0x556cdd16b492 <unknown>\n#2 0x556cdd1c7c9b <unknown>\n#3 0x556cdd1c58d2 <unknown>\n#4 0x556cdd1c2e09 <unknown>\n#5 0x556cdd1c1f07 <unknown>\n#6 0x556cdd1b4792 <unknown>\n#7 0x556cdd1b40d7 <unknown>\n#8 0x556cdd209700 <unknown>\n#9 0x556cdd1b26a2 <unknown>\n#10 0x556cdd1b3491 <unknown>\n#11 0x556cdd6c8479 <unknown>\n#12 0x556cdd6cb391 <unknown>\n#13 0x556cdd6b4a89 <unknown>\n#14 0x556cdd6cbf4e <unknown>\n#15 0x556cdd69b070 <unknown>\n#16 0x556cdd6efca8 <unknown>\n#17 0x556cdd6efe78 <unknown>\n#18 0x556cdd701828 <unknown>\n#19 0x7fec3be9caa4 <unknown>\n#20 0x7fec3bf29c6c <unknown>","statusTrace":"src/tests/ui/test_ui_login.py:40: in test_login_with_invalid_credentials\n    kurly_login_page.click_login_button()\nsrc/pages/kurly_login_page.py:67: in click_login_button\n    self.click(self.SUBMIT_BUTTON)\nsrc/pages/base_page.py:273: in click\n    element.click()\nvenv/lib/python3.11/site-packages/selenium/webdriver/remote/webelement.py:94: in click\n    self._execute(Command.CLICK_ELEMENT)\nvenv/lib/python3.11/site-packages/selenium/webdriver/remote/webelement.py:402: in _execute\n    return self._parent.execute(command, params)\nvenv/lib/python3.11/site-packages/selenium/webdriver/remote/webdriver.py:384: in execute\n    self.error_handler.check_response(response)\nvenv/lib/python3.11/site-packages/selenium/webdriver/remote/errorhandler.py:232: in check_response\n    raise exception_class(message, screen, stacktrace)\nE   selenium.common.exceptions.ElementClickInterceptedException: Message: element click intercepted: Element <button class=\"css-4ojrwk e4nu7ef3\" type=\"submit\" height=\"54\" radius=\"6\">...</button> is not clickable at point (525, 419). Other element would receive the click: <input data-testid=\"input-box\" name=\"password\" placeholder=\"비밀번호를 입력해주세요\" type=\"password\" autocomplete=\"off\" class=\"css-u52dqk e1uzxhvi2\" value=\"wrong_password123\">\nE     (Session info: chrome=144.0.7559.96)\nE   Stacktrace:\nE   #0 0x556cdd7024ba <unknown>\nE   #1 0x556cdd16b492 <unknown>\nE   #2 0x556cdd1c7c9b <unknown>\nE   #3 0x556cdd1c58d2 <unknown>\nE   #4 0x556cdd1c2e09 <unknown>\nE   #5 0x556cdd1c1f07 <unknown>\nE   #6 0x556cdd1b4792 <unknown>\nE   #7 0x556cdd1b40d7 <unknown>\nE   #8 0x556cdd209700 <unknown>\nE   #9 0x556cdd1b26a2 <unknown>\nE   #10 0x556cdd1b3491 <unknown>\nE   #11 0x556cdd6c8479 <unknown>\nE   #12 0x556cdd6cb391 <unknown>\nE   #13 0x556cdd6b4a89 <unknown>\nE   #14 0x556cdd6cbf4e <unknown>\nE   #15 0x556cdd69b070 <unknown>\nE   #16 0x556cdd6efca8 <unknown>\nE   #17 0x556cdd6efe78 <unknown>\nE   #18 0x556cdd701828 <unknown>\nE   #19 0x7fec3be9caa4 <unknown>\nE   #20 0x7fec3bf29c6c <unknown>","flaky":false,"newFailed":false,"newBroken":false,"newPassed":false,"retriesCount":0,"retriesStatusChange":false,"beforeStages":[{"name":"driver","time":{"start":1769631219041,"stop":1769631219701,"duration":660},"status":"passed","steps":[],"attachments":[],"parameters":[],"shouldDisplayMessage":false,"stepsCount":0,"attachmentsCount":0,"hasContent":false,"attachmentStep":false},{"name":"kurly_login_page","time":{"start":1769631219701,"stop":1769631219701,"duration":0},"status":"passed","steps":[],"attachments":[],"parameters":[],"shouldDisplayMessage":false,"stepsCount":0,"attachmentsCount":0,"hasContent":false,"attachmentStep":false},{"name":"test_credentials_invalid","time":{"start":1769631219701,"stop":1769631219701,"duration":0},"status":"passed","steps":[],"attachments":[],"parameters":[],"shouldDisplayMessage":false,"stepsCount":0,"attachmentsCount":0,"hasContent":false,"attachmentStep":false}],"testStage":{"description":"\n    **목적:** 잘못된 아이디와 비밀번호로 로그인 시도 시 적절한 에러 메시지가 표시되는지 확인\n\n    **테스트 단계:**\n    1. 마켓컬리 메인 페이지 접속\n    2. 로그인 버튼 클릭\n    3. 잘못된 아이디 입력\n    4. 잘못된 비밀번호 입력\n    5. 로그인 버튼 클릭\n    6. 에러 메시지 표시 확인\n\n    **예상 결과:** 로그인 실패 메시지가 화면에 표시됨\n    ","status":"broken","statusMessage":"selenium.common.exceptions.ElementClickInterceptedException: Message: element click intercepted: Element <button class=\"css-4ojrwk e4nu7ef3\" type=\"submit\" height=\"54\" radius=\"6\">...</button> is not clickable at point (525, 419). Other element would receive the click: <input data-testid=\"input-box\" name=\"password\" placeholder=\"비밀번호를 입력해주세요\" type=\"password\" autocomplete=\"off\" class=\"css-u52dqk e1uzxhvi2\" value=\"wrong_password123\">\n  (Session info: chrome=144.0.7559.96)\nStacktrace:\n#0 0x556cdd7024ba <unknown>\n#1 0x556cdd16b492 <unknown>\n#2 0x556cdd1c7c9b <unknown>\n#3 0x556cdd1c58d2 <unknown>\n#4 0x556cdd1c2e09 <unknown>\n#5 0x556cdd1c1f07 <unknown>\n#6 0x556cdd1b4792 <unknown>\n#7 0x556cdd1b40d7 <unknown>\n#8 0x556cdd209700 <unknown>\n#9 0x556cdd1b26a2 <unknown>\n#10 0x556cdd1b3491 <unknown>\n#11 0x556cdd6c8479 <unknown>\n#12 0x556cdd6cb391 <unknown>\n#13 0x556cdd6b4a89 <unknown>\n#14 0x556cdd6cbf4e <unknown>\n#15 0x556cdd69b070 <unknown>\n#16 0x556cdd6efca8 <unknown>\n#17 0x556cdd6efe78 <unknown>\n#18 0x556cdd701828 <unknown>\n#19 0x7fec3be9caa4 <unknown>\n#20 0x7fec3bf29c6c <unknown>","statusTrace":"src/tests/ui/test_ui_login.py:40: in test_login_with_invalid_credentials\n    kurly_login_page.click_login_button()\nsrc/pages/kurly_login_page.py:67: in click_login_button\n    self.click(self.SUBMIT_BUTTON)\nsrc/pages/base_page.py:273: in click\n    element.click()\nvenv/lib/python3.11/site-packages/selenium/webdriver/remote/webelement.py:94: in click\n    self._execute(Command.CLICK_ELEMENT)\nvenv/lib/python3.11/site-packages/selenium/webdriver/remote/webelement.py:402: in _execute\n    return self._parent.execute(command, params)\nvenv/lib/python3.11/site-packages/selenium/webdriver/remote/webdriver.py:384: in execute\n    self.error_handler.check_response(response)\nvenv/lib/python3.11/site-packages/selenium/webdriver/remote/errorhandler.py:232: in check_response\n    raise exception_class(message, screen, stacktrace)\nE   selenium.common.exceptions.ElementClickInterceptedException: Message: element click intercepted: Element <button class=\"css-4ojrwk e4nu7ef3\" type=\"submit\" height=\"54\" radius=\"6\">...</button> is not clickable at point (525, 419). Other element would receive the click: <input data-testid=\"input-box\" name=\"password\" placeholder=\"비밀번호를 입력해주세요\" type=\"password\" autocomplete=\"off\" class=\"css-u52dqk e1uzxhvi2\" value=\"wrong_password123\">\nE     (Session info: chrome=144.0.7559.96)\nE   Stacktrace:\nE   #0 0x556cdd7024ba <unknown>\nE   #1 0x556cdd16b492 <unknown>\nE   #2 0x556cdd1c7c9b <unknown>\nE   #3 0x556cdd1c58d2 <unknown>\nE   #4 0x556cdd1c2e09 <unknown>\nE   #5 0x556cdd1c1f07 <unknown>\nE   #6 0x556cdd1b4792 <unknown>\nE   #7 0x556cdd1b40d7 <unknown>\nE   #8 0x556cdd209700 <unknown>\nE   #9 0x556cdd1b26a2 <unknown>\nE   #10 0x556cdd1b3491 <unknown>\nE   #11 0x556cdd6c8479 <unknown>\nE   #12 0x556cdd6cb391 <unknown>\nE   #13 0x556cdd6b4a89 <unknown>\nE   #14 0x556cdd6cbf4e <unknown>\nE   #15 0x556cdd69b070 <unknown>\nE   #16 0x556cdd6efca8 <unknown>\nE   #17 0x556cdd6efe78 <unknown>\nE   #18 0x556cdd701828 <unknown>\nE   #19 0x7fec3be9caa4 <unknown>\nE   #20 0x7fec3bf29c6c <unknown>","steps":[{"name":"마켓컬리 메인 페이지로 이동","time":{"start":1769631219702,"stop":1769631222100,"duration":2398},"status":"passed","steps":[],"attachments":[],"parameters":[],"shouldDisplayMessage":false,"stepsCount":0,"attachmentsCount":0,"hasContent":false,"attachmentStep":false},{"name":"로그인 페이지로 이동","time":{"start":1769631222100,"stop":1769631222208,"duration":108},"status":"passed","steps":[],"attachments":[],"parameters":[],"shouldDisplayMessage":false,"stepsCount":0,"attachmentsCount":0,"hasContent":false,"attachmentStep":false},{"name":"잘못된 계정 정보 입력 및 로그인 시도","time":{"start":1769631222208,"stop":1769631224626,"duration":2418},"status":"broken","statusMessage":"selenium.common.exceptions.ElementClickInterceptedException: Message: element click intercepted: Element <button class=\"css-4ojrwk e4nu7ef3\" type=\"submit\" height=\"54\" radius=\"6\">...</button> is not clickable at point (525, 419). Other element would receive the click: <input data-testid=\"input-box\" name=\"password\" placeholder=\"비밀번호를 입력해주세요\" type=\"password\" autocomplete=\"off\" class=\"css-u52dqk e1uzxhvi2\" value=\"wrong_password123\">\n  (Session info: chrome=144.0.7559.96)\nStacktrace:\n#0 0x556cdd7024ba <unknown>\n#1 0x556cdd16b492 <unknown>\n#2 0x556cdd1c7c9b <unknown>\n#3 0x556cdd1c58d2 <unknown>\n#4 0x556cdd1c2e09 <unknown>\n#5 0x556cdd1c1f07 <unknown>\n#6 0x556cdd1b4792 <unknown>\n#7 0x556cdd1b40d7 <unknown>\n#8 0x556cdd209700 <unknown>\n#9 0x556cdd1b26a2 <unknown>\n#10 0x556cdd1b3491 <unknown>\n#11 0x556cdd6c8479 <unknown>\n#12 0x556cdd6cb391 <unknown>\n#13 0x556cdd6b4a89 <unknown>\n#14 0x556cdd6cbf4e <unknown>\n#15 0x556cdd69b070 <unknown>\n#16 0x556cdd6efca8 <unknown>\n#17 0x556cdd6efe78 <unknown>\n#18 0x556cdd701828 <unknown>\n#19 0x7fec3be9caa4 <unknown>\n#20 0x7fec3bf29c6c <unknown>\n\n","statusTrace":"  File \"/home/runner/work/QATEST/QATEST/src/tests/ui/test_ui_login.py\", line 40, in test_login_with_invalid_credentials\n    kurly_login_page.click_login_button()\n  File \"/home/runner/work/QATEST/QATEST/src/pages/kurly_login_page.py\", line 67, in click_login_button\n    self.click(self.SUBMIT_BUTTON)\n  File \"/home/runner/work/QATEST/QATEST/src/pages/base_page.py\", line 273, in click\n    element.click()\n  File \"/home/runner/work/QATEST/QATEST/venv/lib/python3.11/site-packages/selenium/webdriver/remote/webelement.py\", line 94, in click\n    self._execute(Command.CLICK_ELEMENT)\n  File \"/home/runner/work/QATEST/QATEST/venv/lib/python3.11/site-packages/selenium/webdriver/remote/webelement.py\", line 402, in _execute\n    return self._parent.execute(command, params)\n           ^^^^^^^^^^^^^^^^^^^^^^^^^^^^^^^^^^^^^\n  File \"/home/runner/work/QATEST/QATEST/venv/lib/python3.11/site-packages/selenium/webdriver/remote/webdriver.py\", line 384, in execute\n    self.error_handler.check_response(response)\n  File \"/home/runner/work/QATEST/QATEST/venv/lib/python3.11/site-packages/selenium/webdriver/remote/errorhandler.py\", line 232, in check_response\n    raise exception_class(message, screen, stacktrace)\n","steps":[],"attachments":[],"parameters":[],"shouldDisplayMessage":true,"stepsCount":0,"attachmentsCount":0,"hasContent":true,"attachmentStep":false}],"attachments":[{"uid":"3cda54308da1b4f2","name":"log","source":"3cda54308da1b4f2.txt","type":"text/plain","size":27147},{"uid":"b0c083e66e133cd","name":"stderr","source":"b0c083e66e133cd.txt","type":"text/plain","size":198}],"parameters":[],"shouldDisplayMessage":true,"stepsCount":3,"attachmentsCount":2,"hasContent":true,"attachmentStep":false},"afterStages":[{"name":"driver::0","time":{"start":1769631229615,"stop":1769631229688,"duration":73},"status":"passed","steps":[],"attachments":[],"parameters":[],"shouldDisplayMessage":false,"stepsCount":0,"attachmentsCount":0,"hasContent":false,"attachmentStep":false}],"labels":[{"name":"severity","value":"critical"},{"name":"story","value":"로그인"},{"name":"feature","value":"사용자 인증"},{"name":"tag","value":"ui"},{"name":"parentSuite","value":"src.tests.ui"},{"name":"suite","value":"test_ui_login"},{"name":"subSuite","value":"TestLogin"},{"name":"host","value":"runnervmkj6or"},{"name":"thread","value":"2668-MainThread"},{"name":"framework","value":"pytest"},{"name":"language","value":"cpython3"},{"name":"package","value":"src.tests.ui.test_ui_login"},{"name":"resultFormat","value":"allure2"}],"parameters":[],"links":[],"hidden":false,"retry":false,"extra":{"severity":"critical","retries":[],"categories":[{"name":"Test defects","matchedStatuses":[],"flaky":false}],"tags":["ui"]},"source":"178b3423d9b2dfc5.json","parameterValues":[]}