{"uid":"18ac80c352aece4c","name":"빈 계정 정보로 로그인 실패 테스트","fullName":"src.tests.ui.test_ui_login.TestLogin#test_login_with_empty_credentials","historyId":"c0b6c4c52adebffb925d6b84b9b80bd4","time":{"start":1770180007560,"stop":1770180011275,"duration":3715},"description":"\n    **목적:** 아이디나 비밀번호를 입력하지 않고 로그인 시도 시 적절한 처리가 되는지 확인\n\n    **테스트 단계:**\n    1. 마켓컬리 메인 페이지 접속\n    2. 로그인 버튼 클릭\n    3. 아이디와 비밀번호를 입력하지 않음\n    4. 로그인 버튼 클릭\n    5. 에러 메시지 또는 유효성 검사 메시지 표시 확인\n    ","descriptionHtml":"<pre><code>**목적:** 아이디나 비밀번호를 입력하지 않고 로그인 시도 시 적절한 처리가 되는지 확인\n\n**테스트 단계:**\n1. 마켓컬리 메인 페이지 접속\n2. 로그인 버튼 클릭\n3. 아이디와 비밀번호를 입력하지 않음\n4. 로그인 버튼 클릭\n5. 에러 메시지 또는 유효성 검사 메시지 표시 확인\n</code></pre>\n","status":"broken","statusMessage":"selenium.common.exceptions.ElementClickInterceptedException: Message: element click intercepted: Element <button class=\"css-4ojrwk e4nu7ef3\" type=\"submit\" height=\"54\" radius=\"6\">...</button> is not clickable at point (525, 419). Other element would receive the click: <input data-testid=\"input-box\" name=\"password\" placeholder=\"비밀번호를 입력해주세요\" type=\"password\" autocomplete=\"off\" class=\"css-u52dqk e1uzxhvi2\" value=\"\">\n  (Session info: chrome=144.0.7559.96)\nStacktrace:\n#0 0x5623ca1a6a4a <unknown>\n#1 0x5623c9bbf6a2 <unknown>\n#2 0x5623c9c1bd6b <unknown>\n#3 0x5623c9c199a2 <unknown>\n#4 0x5623c9c16ee9 <unknown>\n#5 0x5623c9c15fe7 <unknown>\n#6 0x5623c9c08992 <unknown>\n#7 0x5623c9c082d7 <unknown>\n#8 0x5623c9c5d7f0 <unknown>\n#9 0x5623c9c068b2 <unknown>\n#10 0x5623c9c076a1 <unknown>\n#11 0x5623ca16c8a9 <unknown>\n#12 0x5623ca16f7b1 <unknown>\n#13 0x5623ca158ea9 <unknown>\n#14 0x5623ca17036e <unknown>\n#15 0x5623ca13f410 <unknown>\n#16 0x5623ca1940c8 <unknown>\n#17 0x5623ca19429b <unknown>\n#18 0x5623ca1a5db8 <unknown>\n#19 0x7f5a7789caa4 <unknown>\n#20 0x7f5a77929c6c <unknown>","statusTrace":"src/tests/ui/test_ui_login.py:75: in test_login_with_empty_credentials\n    kurly_login_page.click_login_button()\nsrc/pages/kurly_login_page.py:67: in click_login_button\n    self.click(self.SUBMIT_BUTTON)\nsrc/pages/base_page.py:273: in click\n    element.click()\nvenv/lib/python3.11/site-packages/selenium/webdriver/remote/webelement.py:94: in click\n    self._execute(Command.CLICK_ELEMENT)\nvenv/lib/python3.11/site-packages/selenium/webdriver/remote/webelement.py:402: in _execute\n    return self._parent.execute(command, params)\nvenv/lib/python3.11/site-packages/selenium/webdriver/remote/webdriver.py:384: in execute\n    self.error_handler.check_response(response)\nvenv/lib/python3.11/site-packages/selenium/webdriver/remote/errorhandler.py:232: in check_response\n    raise exception_class(message, screen, stacktrace)\nE   selenium.common.exceptions.ElementClickInterceptedException: Message: element click intercepted: Element <button class=\"css-4ojrwk e4nu7ef3\" type=\"submit\" height=\"54\" radius=\"6\">...</button> is not clickable at point (525, 419). Other element would receive the click: <input data-testid=\"input-box\" name=\"password\" placeholder=\"비밀번호를 입력해주세요\" type=\"password\" autocomplete=\"off\" class=\"css-u52dqk e1uzxhvi2\" value=\"\">\nE     (Session info: chrome=144.0.7559.96)\nE   Stacktrace:\nE   #0 0x5623ca1a6a4a <unknown>\nE   #1 0x5623c9bbf6a2 <unknown>\nE   #2 0x5623c9c1bd6b <unknown>\nE   #3 0x5623c9c199a2 <unknown>\nE   #4 0x5623c9c16ee9 <unknown>\nE   #5 0x5623c9c15fe7 <unknown>\nE   #6 0x5623c9c08992 <unknown>\nE   #7 0x5623c9c082d7 <unknown>\nE   #8 0x5623c9c5d7f0 <unknown>\nE   #9 0x5623c9c068b2 <unknown>\nE   #10 0x5623c9c076a1 <unknown>\nE   #11 0x5623ca16c8a9 <unknown>\nE   #12 0x5623ca16f7b1 <unknown>\nE   #13 0x5623ca158ea9 <unknown>\nE   #14 0x5623ca17036e <unknown>\nE   #15 0x5623ca13f410 <unknown>\nE   #16 0x5623ca1940c8 <unknown>\nE   #17 0x5623ca19429b <unknown>\nE   #18 0x5623ca1a5db8 <unknown>\nE   #19 0x7f5a7789caa4 <unknown>\nE   #20 0x7f5a77929c6c <unknown>","flaky":false,"newFailed":false,"newBroken":false,"newPassed":false,"retriesCount":0,"retriesStatusChange":false,"beforeStages":[{"name":"driver","time":{"start":1770180001714,"stop":1770180002331,"duration":617},"status":"passed","steps":[],"attachments":[],"parameters":[],"shouldDisplayMessage":false,"stepsCount":0,"attachmentsCount":0,"hasContent":false,"attachmentStep":false},{"name":"kurly_login_page","time":{"start":1770180007560,"stop":1770180007560,"duration":0},"status":"passed","steps":[],"attachments":[],"parameters":[],"shouldDisplayMessage":false,"stepsCount":0,"attachmentsCount":0,"hasContent":false,"attachmentStep":false}],"testStage":{"description":"\n    **목적:** 아이디나 비밀번호를 입력하지 않고 로그인 시도 시 적절한 처리가 되는지 확인\n\n    **테스트 단계:**\n    1. 마켓컬리 메인 페이지 접속\n    2. 로그인 버튼 클릭\n    3. 아이디와 비밀번호를 입력하지 않음\n    4. 로그인 버튼 클릭\n    5. 에러 메시지 또는 유효성 검사 메시지 표시 확인\n    ","status":"broken","statusMessage":"selenium.common.exceptions.ElementClickInterceptedException: Message: element click intercepted: Element <button class=\"css-4ojrwk e4nu7ef3\" type=\"submit\" height=\"54\" radius=\"6\">...</button> is not clickable at point (525, 419). Other element would receive the click: <input data-testid=\"input-box\" name=\"password\" placeholder=\"비밀번호를 입력해주세요\" type=\"password\" autocomplete=\"off\" class=\"css-u52dqk e1uzxhvi2\" value=\"\">\n  (Session info: chrome=144.0.7559.96)\nStacktrace:\n#0 0x5623ca1a6a4a <unknown>\n#1 0x5623c9bbf6a2 <unknown>\n#2 0x5623c9c1bd6b <unknown>\n#3 0x5623c9c199a2 <unknown>\n#4 0x5623c9c16ee9 <unknown>\n#5 0x5623c9c15fe7 <unknown>\n#6 0x5623c9c08992 <unknown>\n#7 0x5623c9c082d7 <unknown>\n#8 0x5623c9c5d7f0 <unknown>\n#9 0x5623c9c068b2 <unknown>\n#10 0x5623c9c076a1 <unknown>\n#11 0x5623ca16c8a9 <unknown>\n#12 0x5623ca16f7b1 <unknown>\n#13 0x5623ca158ea9 <unknown>\n#14 0x5623ca17036e <unknown>\n#15 0x5623ca13f410 <unknown>\n#16 0x5623ca1940c8 <unknown>\n#17 0x5623ca19429b <unknown>\n#18 0x5623ca1a5db8 <unknown>\n#19 0x7f5a7789caa4 <unknown>\n#20 0x7f5a77929c6c <unknown>","statusTrace":"src/tests/ui/test_ui_login.py:75: in test_login_with_empty_credentials\n    kurly_login_page.click_login_button()\nsrc/pages/kurly_login_page.py:67: in click_login_button\n    self.click(self.SUBMIT_BUTTON)\nsrc/pages/base_page.py:273: in click\n    element.click()\nvenv/lib/python3.11/site-packages/selenium/webdriver/remote/webelement.py:94: in click\n    self._execute(Command.CLICK_ELEMENT)\nvenv/lib/python3.11/site-packages/selenium/webdriver/remote/webelement.py:402: in _execute\n    return self._parent.execute(command, params)\nvenv/lib/python3.11/site-packages/selenium/webdriver/remote/webdriver.py:384: in execute\n    self.error_handler.check_response(response)\nvenv/lib/python3.11/site-packages/selenium/webdriver/remote/errorhandler.py:232: in check_response\n    raise exception_class(message, screen, stacktrace)\nE   selenium.common.exceptions.ElementClickInterceptedException: Message: element click intercepted: Element <button class=\"css-4ojrwk e4nu7ef3\" type=\"submit\" height=\"54\" radius=\"6\">...</button> is not clickable at point (525, 419). Other element would receive the click: <input data-testid=\"input-box\" name=\"password\" placeholder=\"비밀번호를 입력해주세요\" type=\"password\" autocomplete=\"off\" class=\"css-u52dqk e1uzxhvi2\" value=\"\">\nE     (Session info: chrome=144.0.7559.96)\nE   Stacktrace:\nE   #0 0x5623ca1a6a4a <unknown>\nE   #1 0x5623c9bbf6a2 <unknown>\nE   #2 0x5623c9c1bd6b <unknown>\nE   #3 0x5623c9c199a2 <unknown>\nE   #4 0x5623c9c16ee9 <unknown>\nE   #5 0x5623c9c15fe7 <unknown>\nE   #6 0x5623c9c08992 <unknown>\nE   #7 0x5623c9c082d7 <unknown>\nE   #8 0x5623c9c5d7f0 <unknown>\nE   #9 0x5623c9c068b2 <unknown>\nE   #10 0x5623c9c076a1 <unknown>\nE   #11 0x5623ca16c8a9 <unknown>\nE   #12 0x5623ca16f7b1 <unknown>\nE   #13 0x5623ca158ea9 <unknown>\nE   #14 0x5623ca17036e <unknown>\nE   #15 0x5623ca13f410 <unknown>\nE   #16 0x5623ca1940c8 <unknown>\nE   #17 0x5623ca19429b <unknown>\nE   #18 0x5623ca1a5db8 <unknown>\nE   #19 0x7f5a7789caa4 <unknown>\nE   #20 0x7f5a77929c6c <unknown>","steps":[{"name":"빈 계정 정보로 로그인 시도","time":{"start":1770180009406,"stop":1770180011274,"duration":1868},"status":"broken","statusMessage":"selenium.common.exceptions.ElementClickInterceptedException: Message: element click intercepted: Element <button class=\"css-4ojrwk e4nu7ef3\" type=\"submit\" height=\"54\" radius=\"6\">...</button> is not clickable at point (525, 419). Other element would receive the click: <input data-testid=\"input-box\" name=\"password\" placeholder=\"비밀번호를 입력해주세요\" type=\"password\" autocomplete=\"off\" class=\"css-u52dqk e1uzxhvi2\" value=\"\">\n  (Session info: chrome=144.0.7559.96)\nStacktrace:\n#0 0x5623ca1a6a4a <unknown>\n#1 0x5623c9bbf6a2 <unknown>\n#2 0x5623c9c1bd6b <unknown>\n#3 0x5623c9c199a2 <unknown>\n#4 0x5623c9c16ee9 <unknown>\n#5 0x5623c9c15fe7 <unknown>\n#6 0x5623c9c08992 <unknown>\n#7 0x5623c9c082d7 <unknown>\n#8 0x5623c9c5d7f0 <unknown>\n#9 0x5623c9c068b2 <unknown>\n#10 0x5623c9c076a1 <unknown>\n#11 0x5623ca16c8a9 <unknown>\n#12 0x5623ca16f7b1 <unknown>\n#13 0x5623ca158ea9 <unknown>\n#14 0x5623ca17036e <unknown>\n#15 0x5623ca13f410 <unknown>\n#16 0x5623ca1940c8 <unknown>\n#17 0x5623ca19429b <unknown>\n#18 0x5623ca1a5db8 <unknown>\n#19 0x7f5a7789caa4 <unknown>\n#20 0x7f5a77929c6c <unknown>\n\n","statusTrace":"  File \"/home/runner/work/QATEST/QATEST/src/tests/ui/test_ui_login.py\", line 75, in test_login_with_empty_credentials\n    kurly_login_page.click_login_button()\n  File \"/home/runner/work/QATEST/QATEST/src/pages/kurly_login_page.py\", line 67, in click_login_button\n    self.click(self.SUBMIT_BUTTON)\n  File \"/home/runner/work/QATEST/QATEST/src/pages/base_page.py\", line 273, in click\n    element.click()\n  File \"/home/runner/work/QATEST/QATEST/venv/lib/python3.11/site-packages/selenium/webdriver/remote/webelement.py\", line 94, in click\n    self._execute(Command.CLICK_ELEMENT)\n  File \"/home/runner/work/QATEST/QATEST/venv/lib/python3.11/site-packages/selenium/webdriver/remote/webelement.py\", line 402, in _execute\n    return self._parent.execute(command, params)\n           ^^^^^^^^^^^^^^^^^^^^^^^^^^^^^^^^^^^^^\n  File \"/home/runner/work/QATEST/QATEST/venv/lib/python3.11/site-packages/selenium/webdriver/remote/webdriver.py\", line 384, in execute\n    self.error_handler.check_response(response)\n  File \"/home/runner/work/QATEST/QATEST/venv/lib/python3.11/site-packages/selenium/webdriver/remote/errorhandler.py\", line 232, in check_response\n    raise exception_class(message, screen, stacktrace)\n","steps":[],"attachments":[],"parameters":[],"shouldDisplayMessage":true,"stepsCount":0,"attachmentsCount":0,"hasContent":true,"attachmentStep":false}],"attachments":[{"uid":"3931213725c5b1f0","name":"log","source":"3931213725c5b1f0.txt","type":"text/plain","size":13156},{"uid":"a7cf8a20e9c63842","name":"stderr","source":"a7cf8a20e9c63842.txt","type":"text/plain","size":198}],"parameters":[],"shouldDisplayMessage":true,"stepsCount":1,"attachmentsCount":2,"hasContent":true,"attachmentStep":false},"afterStages":[{"name":"driver::0","time":{"start":1770180013266,"stop":1770180013340,"duration":74},"status":"passed","steps":[],"attachments":[],"parameters":[],"shouldDisplayMessage":false,"stepsCount":0,"attachmentsCount":0,"hasContent":false,"attachmentStep":false}],"labels":[{"name":"feature","value":"사용자 인증"},{"name":"story","value":"로그인"},{"name":"severity","value":"critical"},{"name":"tag","value":"ui"},{"name":"parentSuite","value":"src.tests.ui"},{"name":"suite","value":"test_ui_login"},{"name":"subSuite","value":"TestLogin"},{"name":"host","value":"runnervmkj6or"},{"name":"thread","value":"2648-MainThread"},{"name":"framework","value":"pytest"},{"name":"language","value":"cpython3"},{"name":"package","value":"src.tests.ui.test_ui_login"},{"name":"resultFormat","value":"allure2"}],"parameters":[],"links":[],"hidden":false,"retry":false,"extra":{"severity":"critical","retries":[],"categories":[{"name":"Test defects","matchedStatuses":[],"flaky":false}],"tags":["ui"]},"source":"18ac80c352aece4c.json","parameterValues":[]}