{"uid":"1987c2df4882ff2","name":"상품 검색 후 장바구니 추가 테스트","fullName":"src.tests.ui.test_ui_add_product.TestAddProduct#test_add_product_to_cart","historyId":"9bb41fc4cd930b70589b2e1b17a7b01a","time":{"start":1767227810375,"stop":1767227814964,"duration":4589},"description":"\n    **목적:** 상품 검색 → 수량 조절 → 장바구니 담기 플로우가 정상 동작하는지 확인\n\n    **테스트 단계:**\n    1. 마켓컬리 메인 페이지 접속\n    2. '과자' 검색\n    3. 세 번째 상품의 장바구니 추가 버튼 클릭\n    4. 수량 올리기 (2회)\n    5. 수량 내리기 (2회)\n    6. 장바구니 담기 버튼 클릭\n    7. 검색 결과 확인\n\n    **예상 결과:** 상품이 장바구니에 정상적으로 담김\n    ","descriptionHtml":"<pre><code>**목적:** 상품 검색 → 수량 조절 → 장바구니 담기 플로우가 정상 동작하는지 확인\n\n**테스트 단계:**\n1. 마켓컬리 메인 페이지 접속\n2. '과자' 검색\n3. 세 번째 상품의 장바구니 추가 버튼 클릭\n4. 수량 올리기 (2회)\n5. 수량 내리기 (2회)\n6. 장바구니 담기 버튼 클릭\n7. 검색 결과 확인\n\n**예상 결과:** 상품이 장바구니에 정상적으로 담김\n</code></pre>\n","status":"broken","statusMessage":"selenium.common.exceptions.StaleElementReferenceException: Message: stale element reference: stale element not found in the current frame\n  (Session info: chrome=143.0.7499.109); For documentation on this error, please visit: https://www.selenium.dev/documentation/webdriver/troubleshooting/errors#stale-element-reference-exception\nStacktrace:\n#0 0x5589fe03b61a <unknown>\n#1 0x5589fdab820b <unknown>\n#2 0x5589fdabef5f <unknown>\n#3 0x5589fdac15f4 <unknown>\n#4 0x5589fdac16c3 <unknown>\n#5 0x5589fdb04708 <unknown>\n#6 0x5589fdafda67 <unknown>\n#7 0x5589fdb5520e <unknown>\n#8 0x5589fdafc232 <unknown>\n#9 0x5589fdafcee1 <unknown>\n#10 0x5589fe0043f9 <unknown>\n#11 0x5589fe00734d <unknown>\n#12 0x5589fdfed122 <unknown>\n#13 0x5589fe007f2b <unknown>\n#14 0x5589fdfd3c30 <unknown>\n#15 0x5589fe028d78 <unknown>\n#16 0x5589fe028f4c <unknown>\n#17 0x5589fe03a973 <unknown>\n#18 0x7fc1d629caa4 <unknown>\n#19 0x7fc1d6329c6c <unknown>","statusTrace":"src/tests/ui/test_ui_add_product.py:46: in test_add_product_to_cart\n    kurly_product_page.increase_quantity(2)\nsrc/pages/kurly_product_page.py:49: in increase_quantity\n    self.click(self.QUANTITY_UP_BUTTON)\nsrc/pages/base_page.py:272: in click\n    element = self.wait_clickable(locator, timeout)\nsrc/pages/base_page.py:127: in wait_clickable\n    return wait.until(EC.element_to_be_clickable(locator))\nvenv/lib/python3.11/site-packages/selenium/webdriver/support/wait.py:96: in until\n    value = method(self._driver)\nvenv/lib/python3.11/site-packages/selenium/webdriver/support/expected_conditions.py:365: in _predicate\n    if element and element.is_enabled():\nvenv/lib/python3.11/site-packages/selenium/webdriver/remote/webelement.py:199: in is_enabled\n    return self._execute(Command.IS_ELEMENT_ENABLED)[\"value\"]\nvenv/lib/python3.11/site-packages/selenium/webdriver/remote/webelement.py:402: in _execute\n    return self._parent.execute(command, params)\nvenv/lib/python3.11/site-packages/selenium/webdriver/remote/webdriver.py:384: in execute\n    self.error_handler.check_response(response)\nvenv/lib/python3.11/site-packages/selenium/webdriver/remote/errorhandler.py:232: in check_response\n    raise exception_class(message, screen, stacktrace)\nE   selenium.common.exceptions.StaleElementReferenceException: Message: stale element reference: stale element not found in the current frame\nE     (Session info: chrome=143.0.7499.109); For documentation on this error, please visit: https://www.selenium.dev/documentation/webdriver/troubleshooting/errors#stale-element-reference-exception\nE   Stacktrace:\nE   #0 0x5589fe03b61a <unknown>\nE   #1 0x5589fdab820b <unknown>\nE   #2 0x5589fdabef5f <unknown>\nE   #3 0x5589fdac15f4 <unknown>\nE   #4 0x5589fdac16c3 <unknown>\nE   #5 0x5589fdb04708 <unknown>\nE   #6 0x5589fdafda67 <unknown>\nE   #7 0x5589fdb5520e <unknown>\nE   #8 0x5589fdafc232 <unknown>\nE   #9 0x5589fdafcee1 <unknown>\nE   #10 0x5589fe0043f9 <unknown>\nE   #11 0x5589fe00734d <unknown>\nE   #12 0x5589fdfed122 <unknown>\nE   #13 0x5589fe007f2b <unknown>\nE   #14 0x5589fdfd3c30 <unknown>\nE   #15 0x5589fe028d78 <unknown>\nE   #16 0x5589fe028f4c <unknown>\nE   #17 0x5589fe03a973 <unknown>\nE   #18 0x7fc1d629caa4 <unknown>\nE   #19 0x7fc1d6329c6c <unknown>","flaky":false,"newFailed":false,"newBroken":false,"newPassed":false,"retriesCount":0,"retriesStatusChange":false,"beforeStages":[{"name":"driver","time":{"start":1767227809782,"stop":1767227810374,"duration":592},"status":"passed","steps":[],"attachments":[],"parameters":[],"shouldDisplayMessage":false,"stepsCount":0,"attachmentsCount":0,"hasContent":false,"attachmentStep":false},{"name":"kurly_main_page","time":{"start":1767227810374,"stop":1767227810374,"duration":0},"status":"passed","steps":[],"attachments":[],"parameters":[],"shouldDisplayMessage":false,"stepsCount":0,"attachmentsCount":0,"hasContent":false,"attachmentStep":false},{"name":"kurly_search_page","time":{"start":1767227810374,"stop":1767227810374,"duration":0},"status":"passed","steps":[],"attachments":[],"parameters":[],"shouldDisplayMessage":false,"stepsCount":0,"attachmentsCount":0,"hasContent":false,"attachmentStep":false},{"name":"kurly_product_page","time":{"start":1767227810374,"stop":1767227810374,"duration":0},"status":"passed","steps":[],"attachments":[],"parameters":[],"shouldDisplayMessage":false,"stepsCount":0,"attachmentsCount":0,"hasContent":false,"attachmentStep":false}],"testStage":{"description":"\n    **목적:** 상품 검색 → 수량 조절 → 장바구니 담기 플로우가 정상 동작하는지 확인\n\n    **테스트 단계:**\n    1. 마켓컬리 메인 페이지 접속\n    2. '과자' 검색\n    3. 세 번째 상품의 장바구니 추가 버튼 클릭\n    4. 수량 올리기 (2회)\n    5. 수량 내리기 (2회)\n    6. 장바구니 담기 버튼 클릭\n    7. 검색 결과 확인\n\n    **예상 결과:** 상품이 장바구니에 정상적으로 담김\n    ","status":"broken","statusMessage":"selenium.common.exceptions.StaleElementReferenceException: Message: stale element reference: stale element not found in the current frame\n  (Session info: chrome=143.0.7499.109); For documentation on this error, please visit: https://www.selenium.dev/documentation/webdriver/troubleshooting/errors#stale-element-reference-exception\nStacktrace:\n#0 0x5589fe03b61a <unknown>\n#1 0x5589fdab820b <unknown>\n#2 0x5589fdabef5f <unknown>\n#3 0x5589fdac15f4 <unknown>\n#4 0x5589fdac16c3 <unknown>\n#5 0x5589fdb04708 <unknown>\n#6 0x5589fdafda67 <unknown>\n#7 0x5589fdb5520e <unknown>\n#8 0x5589fdafc232 <unknown>\n#9 0x5589fdafcee1 <unknown>\n#10 0x5589fe0043f9 <unknown>\n#11 0x5589fe00734d <unknown>\n#12 0x5589fdfed122 <unknown>\n#13 0x5589fe007f2b <unknown>\n#14 0x5589fdfd3c30 <unknown>\n#15 0x5589fe028d78 <unknown>\n#16 0x5589fe028f4c <unknown>\n#17 0x5589fe03a973 <unknown>\n#18 0x7fc1d629caa4 <unknown>\n#19 0x7fc1d6329c6c <unknown>","statusTrace":"src/tests/ui/test_ui_add_product.py:46: in test_add_product_to_cart\n    kurly_product_page.increase_quantity(2)\nsrc/pages/kurly_product_page.py:49: in increase_quantity\n    self.click(self.QUANTITY_UP_BUTTON)\nsrc/pages/base_page.py:272: in click\n    element = self.wait_clickable(locator, timeout)\nsrc/pages/base_page.py:127: in wait_clickable\n    return wait.until(EC.element_to_be_clickable(locator))\nvenv/lib/python3.11/site-packages/selenium/webdriver/support/wait.py:96: in until\n    value = method(self._driver)\nvenv/lib/python3.11/site-packages/selenium/webdriver/support/expected_conditions.py:365: in _predicate\n    if element and element.is_enabled():\nvenv/lib/python3.11/site-packages/selenium/webdriver/remote/webelement.py:199: in is_enabled\n    return self._execute(Command.IS_ELEMENT_ENABLED)[\"value\"]\nvenv/lib/python3.11/site-packages/selenium/webdriver/remote/webelement.py:402: in _execute\n    return self._parent.execute(command, params)\nvenv/lib/python3.11/site-packages/selenium/webdriver/remote/webdriver.py:384: in execute\n    self.error_handler.check_response(response)\nvenv/lib/python3.11/site-packages/selenium/webdriver/remote/errorhandler.py:232: in check_response\n    raise exception_class(message, screen, stacktrace)\nE   selenium.common.exceptions.StaleElementReferenceException: Message: stale element reference: stale element not found in the current frame\nE     (Session info: chrome=143.0.7499.109); For documentation on this error, please visit: https://www.selenium.dev/documentation/webdriver/troubleshooting/errors#stale-element-reference-exception\nE   Stacktrace:\nE   #0 0x5589fe03b61a <unknown>\nE   #1 0x5589fdab820b <unknown>\nE   #2 0x5589fdabef5f <unknown>\nE   #3 0x5589fdac15f4 <unknown>\nE   #4 0x5589fdac16c3 <unknown>\nE   #5 0x5589fdb04708 <unknown>\nE   #6 0x5589fdafda67 <unknown>\nE   #7 0x5589fdb5520e <unknown>\nE   #8 0x5589fdafc232 <unknown>\nE   #9 0x5589fdafcee1 <unknown>\nE   #10 0x5589fe0043f9 <unknown>\nE   #11 0x5589fe00734d <unknown>\nE   #12 0x5589fdfed122 <unknown>\nE   #13 0x5589fe007f2b <unknown>\nE   #14 0x5589fdfd3c30 <unknown>\nE   #15 0x5589fe028d78 <unknown>\nE   #16 0x5589fe028f4c <unknown>\nE   #17 0x5589fe03a973 <unknown>\nE   #18 0x7fc1d629caa4 <unknown>\nE   #19 0x7fc1d6329c6c <unknown>","steps":[{"name":"마켓컬리 메인 페이지로 이동","time":{"start":1767227810375,"stop":1767227813665,"duration":3290},"status":"passed","steps":[],"attachments":[],"parameters":[],"shouldDisplayMessage":false,"stepsCount":0,"attachmentsCount":0,"hasContent":false,"attachmentStep":false},{"name":"'과자' 검색","time":{"start":1767227813665,"stop":1767227813957,"duration":292},"status":"passed","steps":[],"attachments":[],"parameters":[],"shouldDisplayMessage":false,"stepsCount":0,"attachmentsCount":0,"hasContent":false,"attachmentStep":false},{"name":"세 번째 상품의 장바구니 추가 버튼 클릭","time":{"start":1767227813957,"stop":1767227814147,"duration":190},"status":"passed","steps":[],"attachments":[],"parameters":[],"shouldDisplayMessage":false,"stepsCount":0,"attachmentsCount":0,"hasContent":false,"attachmentStep":false},{"name":"수량 조절 (2회 증가, 2회 감소)","time":{"start":1767227814147,"stop":1767227814962,"duration":815},"status":"broken","statusMessage":"selenium.common.exceptions.StaleElementReferenceException: Message: stale element reference: stale element not found in the current frame\n  (Session info: chrome=143.0.7499.109); For documentation on this error, please visit: https://www.selenium.dev/documentation/webdriver/troubleshooting/errors#stale-element-reference-exception\nStacktrace:\n#0 0x5589fe03b61a <unknown>\n#1 0x5589fdab820b <unknown>\n#2 0x5589fdabef5f <unknown>\n#3 0x5589fdac15f4 <unknown>\n#4 0x5589fdac16c3 <unknown>\n#5 0x5589fdb04708 <unknown>\n#6 0x5589fdafda67 <unknown>\n#7 0x5589fdb5520e <unknown>\n#8 0x5589fdafc232 <unknown>\n#9 0x5589fdafcee1 <unknown>\n#10 0x5589fe0043f9 <unknown>\n#11 0x5589fe00734d <unknown>\n#12 0x5589fdfed122 <unknown>\n#13 0x5589fe007f2b <unknown>\n#14 0x5589fdfd3c30 <unknown>\n#15 0x5589fe028d78 <unknown>\n#16 0x5589fe028f4c <unknown>\n#17 0x5589fe03a973 <unknown>\n#18 0x7fc1d629caa4 <unknown>\n#19 0x7fc1d6329c6c <unknown>\n\n","statusTrace":"  File \"/home/runner/work/QATEST/QATEST/src/tests/ui/test_ui_add_product.py\", line 46, in test_add_product_to_cart\n    kurly_product_page.increase_quantity(2)\n  File \"/home/runner/work/QATEST/QATEST/src/pages/kurly_product_page.py\", line 49, in increase_quantity\n    self.click(self.QUANTITY_UP_BUTTON)\n  File \"/home/runner/work/QATEST/QATEST/src/pages/base_page.py\", line 272, in click\n    element = self.wait_clickable(locator, timeout)\n              ^^^^^^^^^^^^^^^^^^^^^^^^^^^^^^^^^^^^^\n  File \"/home/runner/work/QATEST/QATEST/src/pages/base_page.py\", line 127, in wait_clickable\n    return wait.until(EC.element_to_be_clickable(locator))\n           ^^^^^^^^^^^^^^^^^^^^^^^^^^^^^^^^^^^^^^^^^^^^^^^\n  File \"/home/runner/work/QATEST/QATEST/venv/lib/python3.11/site-packages/selenium/webdriver/support/wait.py\", line 96, in until\n    value = method(self._driver)\n            ^^^^^^^^^^^^^^^^^^^^\n  File \"/home/runner/work/QATEST/QATEST/venv/lib/python3.11/site-packages/selenium/webdriver/support/expected_conditions.py\", line 365, in _predicate\n    if element and element.is_enabled():\n                   ^^^^^^^^^^^^^^^^^^^^\n  File \"/home/runner/work/QATEST/QATEST/venv/lib/python3.11/site-packages/selenium/webdriver/remote/webelement.py\", line 199, in is_enabled\n    return self._execute(Command.IS_ELEMENT_ENABLED)[\"value\"]\n           ^^^^^^^^^^^^^^^^^^^^^^^^^^^^^^^^^^^^^^^^^\n  File \"/home/runner/work/QATEST/QATEST/venv/lib/python3.11/site-packages/selenium/webdriver/remote/webelement.py\", line 402, in _execute\n    return self._parent.execute(command, params)\n           ^^^^^^^^^^^^^^^^^^^^^^^^^^^^^^^^^^^^^\n  File \"/home/runner/work/QATEST/QATEST/venv/lib/python3.11/site-packages/selenium/webdriver/remote/webdriver.py\", line 384, in execute\n    self.error_handler.check_response(response)\n  File \"/home/runner/work/QATEST/QATEST/venv/lib/python3.11/site-packages/selenium/webdriver/remote/errorhandler.py\", line 232, in check_response\n    raise exception_class(message, screen, stacktrace)\n","steps":[],"attachments":[],"parameters":[],"shouldDisplayMessage":true,"stepsCount":0,"attachmentsCount":0,"hasContent":true,"attachmentStep":false}],"attachments":[{"uid":"8be25a980f8af14","name":"log","source":"8be25a980f8af14.txt","type":"text/plain","size":28210},{"uid":"2dfa19d1834fc372","name":"stderr","source":"2dfa19d1834fc372.txt","type":"text/plain","size":198}],"parameters":[],"shouldDisplayMessage":true,"stepsCount":4,"attachmentsCount":2,"hasContent":true,"attachmentStep":false},"afterStages":[{"name":"driver::0","time":{"start":1767227815001,"stop":1767227816069,"duration":1068},"status":"passed","steps":[],"attachments":[],"parameters":[],"shouldDisplayMessage":false,"stepsCount":0,"attachmentsCount":0,"hasContent":false,"attachmentStep":false}],"labels":[{"name":"story","value":"상품 추가"},{"name":"feature","value":"상품 관리"},{"name":"severity","value":"critical"},{"name":"tag","value":"ui"},{"name":"parentSuite","value":"src.tests.ui"},{"name":"suite","value":"test_ui_add_product"},{"name":"subSuite","value":"TestAddProduct"},{"name":"host","value":"runnervmh13bl"},{"name":"thread","value":"2648-MainThread"},{"name":"framework","value":"pytest"},{"name":"language","value":"cpython3"},{"name":"package","value":"src.tests.ui.test_ui_add_product"},{"name":"resultFormat","value":"allure2"}],"parameters":[],"links":[],"hidden":false,"retry":false,"extra":{"severity":"critical","retries":[],"categories":[{"name":"Test defects","matchedStatuses":[],"flaky":false}],"tags":["ui"]},"source":"1987c2df4882ff2.json","parameterValues":[]}