{"uid":"23d37b2eeaede6d6","name":"상품을 장바구니에 추가하는 전체 플로우 테스트","fullName":"src.tests.ui.test_add_goods_to_cart#test_add_good_to_cart_flow","historyId":"ffe282402330c5f1c02c05e3664378c1","time":{"start":1767816565110,"stop":1767816575221,"duration":10111},"description":"\n    상품을 장바구니에 추가하는 전체 플로우 테스트\n    Steps:\n        1. 상품 검색\n        2. 세 번째 상품의 추가 버튼 클릭\n        3. 수량 2회 증가\n        4. 수량 2회 감소\n        5. 장바구니에 담기\n    ","descriptionHtml":"<pre><code>상품을 장바구니에 추가하는 전체 플로우 테스트\nSteps:\n    1. 상품 검색\n    2. 세 번째 상품의 추가 버튼 클릭\n    3. 수량 2회 증가\n    4. 수량 2회 감소\n    5. 장바구니에 담기\n</code></pre>\n","status":"broken","statusMessage":"selenium.common.exceptions.TimeoutException: Message: ❌ 요소를 클릭할 수 없습니다: ('xpath', \"//button[@aria-label='수량올리기']\")","statusTrace":"src/pages/base_page.py:272: in click\n    element = self.wait_clickable(locator, timeout)\nsrc/pages/base_page.py:127: in wait_clickable\n    return wait.until(EC.element_to_be_clickable(locator))\nvenv/lib/python3.11/site-packages/selenium/webdriver/support/wait.py:105: in until\n    raise TimeoutException(message, screen, stacktrace)\nE   selenium.common.exceptions.TimeoutException: Message: \nE   Stacktrace:\nE   #0 0x55a80a57340a <unknown>\nE   #1 0x55a809fa776b <unknown>\nE   #2 0x55a809ff8e88 <unknown>\nE   #3 0x55a809ff90c1 <unknown>\nE   #4 0x55a80a0472c4 <unknown>\nE   #5 0x55a80a044760 <unknown>\nE   #6 0x55a809feb7b2 <unknown>\nE   #7 0x55a809fec461 <unknown>\nE   #8 0x55a80a53bdf9 <unknown>\nE   #9 0x55a80a53ed5d <unknown>\nE   #10 0x55a80a524b41 <unknown>\nE   #11 0x55a80a53f93b <unknown>\nE   #12 0x55a80a50b870 <unknown>\nE   #13 0x55a80a560828 <unknown>\nE   #14 0x55a80a5609fc <unknown>\nE   #15 0x55a80a572763 <unknown>\nE   #16 0x7f514b09caa4 <unknown>\nE   #17 0x7f514b129c6c <unknown>\n\nDuring handling of the above exception, another exception occurred:\nsrc/tests/ui/test_add_goods_to_cart.py:35: in test_add_good_to_cart_flow\n    kurly_search_page.quantity_up_in_alt(increase_count)\nsrc/pages/kurly_search_page.py:197: in quantity_up_in_alt\n    self.click(self.QUANTITY_UP_BUTTON_IN_ALT)\nsrc/pages/base_page.py:277: in click\n    raise TimeoutException(f\"❌ 요소를 클릭할 수 없습니다: {locator}\")\nE   selenium.common.exceptions.TimeoutException: Message: ❌ 요소를 클릭할 수 없습니다: ('xpath', \"//button[@aria-label='수량올리기']\")","flaky":false,"newFailed":false,"newBroken":false,"newPassed":false,"retriesCount":0,"retriesStatusChange":false,"beforeStages":[{"name":"driver","time":{"start":1767816564095,"stop":1767816565109,"duration":1014},"status":"passed","steps":[],"attachments":[],"parameters":[],"shouldDisplayMessage":false,"stepsCount":0,"attachmentsCount":0,"hasContent":false,"attachmentStep":false},{"name":"kurly_main_page","time":{"start":1767816565109,"stop":1767816565109,"duration":0},"status":"passed","steps":[],"attachments":[],"parameters":[],"shouldDisplayMessage":false,"stepsCount":0,"attachmentsCount":0,"hasContent":false,"attachmentStep":false},{"name":"kurly_goods_page","time":{"start":1767816565110,"stop":1767816565110,"duration":0},"status":"passed","steps":[],"attachments":[],"parameters":[],"shouldDisplayMessage":false,"stepsCount":0,"attachmentsCount":0,"hasContent":false,"attachmentStep":false},{"name":"kurly_search_page","time":{"start":1767816565110,"stop":1767816565110,"duration":0},"status":"passed","steps":[],"attachments":[],"parameters":[],"shouldDisplayMessage":false,"stepsCount":0,"attachmentsCount":0,"hasContent":false,"attachmentStep":false}],"testStage":{"description":"\n    상품을 장바구니에 추가하는 전체 플로우 테스트\n    Steps:\n        1. 상품 검색\n        2. 세 번째 상품의 추가 버튼 클릭\n        3. 수량 2회 증가\n        4. 수량 2회 감소\n        5. 장바구니에 담기\n    ","status":"broken","statusMessage":"selenium.common.exceptions.TimeoutException: Message: ❌ 요소를 클릭할 수 없습니다: ('xpath', \"//button[@aria-label='수량올리기']\")","statusTrace":"src/pages/base_page.py:272: in click\n    element = self.wait_clickable(locator, timeout)\nsrc/pages/base_page.py:127: in wait_clickable\n    return wait.until(EC.element_to_be_clickable(locator))\nvenv/lib/python3.11/site-packages/selenium/webdriver/support/wait.py:105: in until\n    raise TimeoutException(message, screen, stacktrace)\nE   selenium.common.exceptions.TimeoutException: Message: \nE   Stacktrace:\nE   #0 0x55a80a57340a <unknown>\nE   #1 0x55a809fa776b <unknown>\nE   #2 0x55a809ff8e88 <unknown>\nE   #3 0x55a809ff90c1 <unknown>\nE   #4 0x55a80a0472c4 <unknown>\nE   #5 0x55a80a044760 <unknown>\nE   #6 0x55a809feb7b2 <unknown>\nE   #7 0x55a809fec461 <unknown>\nE   #8 0x55a80a53bdf9 <unknown>\nE   #9 0x55a80a53ed5d <unknown>\nE   #10 0x55a80a524b41 <unknown>\nE   #11 0x55a80a53f93b <unknown>\nE   #12 0x55a80a50b870 <unknown>\nE   #13 0x55a80a560828 <unknown>\nE   #14 0x55a80a5609fc <unknown>\nE   #15 0x55a80a572763 <unknown>\nE   #16 0x7f514b09caa4 <unknown>\nE   #17 0x7f514b129c6c <unknown>\n\nDuring handling of the above exception, another exception occurred:\nsrc/tests/ui/test_add_goods_to_cart.py:35: in test_add_good_to_cart_flow\n    kurly_search_page.quantity_up_in_alt(increase_count)\nsrc/pages/kurly_search_page.py:197: in quantity_up_in_alt\n    self.click(self.QUANTITY_UP_BUTTON_IN_ALT)\nsrc/pages/base_page.py:277: in click\n    raise TimeoutException(f\"❌ 요소를 클릭할 수 없습니다: {locator}\")\nE   selenium.common.exceptions.TimeoutException: Message: ❌ 요소를 클릭할 수 없습니다: ('xpath', \"//button[@aria-label='수량올리기']\")","steps":[{"name":"메인 페이지 접속","time":{"start":1767816565110,"stop":1767816568761,"duration":3651},"status":"passed","steps":[],"attachments":[],"parameters":[],"shouldDisplayMessage":false,"stepsCount":0,"attachmentsCount":0,"hasContent":false,"attachmentStep":false},{"name":"'과자' 검색","time":{"start":1767816568762,"stop":1767816569180,"duration":418},"status":"passed","steps":[],"attachments":[],"parameters":[],"shouldDisplayMessage":false,"stepsCount":0,"attachmentsCount":0,"hasContent":false,"attachmentStep":false},{"name":"세 번째 상품 담기 버튼 클릭","time":{"start":1767816569181,"stop":1767816569872,"duration":691},"status":"passed","steps":[],"attachments":[],"parameters":[],"shouldDisplayMessage":false,"stepsCount":0,"attachmentsCount":0,"hasContent":false,"attachmentStep":false},{"name":"수량 2회 증가","time":{"start":1767816569872,"stop":1767816575220,"duration":5348},"status":"broken","statusMessage":"selenium.common.exceptions.TimeoutException: Message: ❌ 요소를 클릭할 수 없습니다: ('xpath', \"//button[@aria-label='수량올리기']\")\n\n","statusTrace":"  File \"/home/runner/work/QATEST/QATEST/src/tests/ui/test_add_goods_to_cart.py\", line 35, in test_add_good_to_cart_flow\n    kurly_search_page.quantity_up_in_alt(increase_count)\n  File \"/home/runner/work/QATEST/QATEST/src/pages/kurly_search_page.py\", line 197, in quantity_up_in_alt\n    self.click(self.QUANTITY_UP_BUTTON_IN_ALT)\n  File \"/home/runner/work/QATEST/QATEST/src/pages/base_page.py\", line 277, in click\n    raise TimeoutException(f\"❌ 요소를 클릭할 수 없습니다: {locator}\")\n","steps":[],"attachments":[],"parameters":[],"shouldDisplayMessage":true,"stepsCount":0,"attachmentsCount":0,"hasContent":true,"attachmentStep":false}],"attachments":[{"uid":"1ad34d3b6251b487","name":"log","source":"1ad34d3b6251b487.txt","type":"text/plain","size":152540},{"uid":"c0ac177587e319d","name":"stderr","source":"c0ac177587e319d.txt","type":"text/plain","size":470}],"parameters":[],"shouldDisplayMessage":true,"stepsCount":4,"attachmentsCount":2,"hasContent":true,"attachmentStep":false},"afterStages":[{"name":"driver::0","time":{"start":1767816575274,"stop":1767816575346,"duration":72},"status":"passed","steps":[],"attachments":[],"parameters":[],"shouldDisplayMessage":false,"stepsCount":0,"attachmentsCount":0,"hasContent":false,"attachmentStep":false}],"labels":[{"name":"feature","value":"장바구니 기능"},{"name":"story","value":"상품 추가 플로우"},{"name":"tag","value":"ui"},{"name":"parentSuite","value":"src.tests.ui"},{"name":"suite","value":"test_add_goods_to_cart"},{"name":"host","value":"runnervmh13bl"},{"name":"thread","value":"2645-MainThread"},{"name":"framework","value":"pytest"},{"name":"language","value":"cpython3"},{"name":"package","value":"src.tests.ui.test_add_goods_to_cart"},{"name":"resultFormat","value":"allure2"}],"parameters":[],"links":[],"hidden":false,"retry":false,"extra":{"severity":"normal","retries":[],"categories":[{"name":"Test defects","matchedStatuses":[],"flaky":false}],"tags":["ui"]},"source":"23d37b2eeaede6d6.json","parameterValues":[]}