{"uid":"297d7fb6316bb7f3","name":"여러 상품을 장바구니에 담기","fullName":"src.tests.ui.test_cart_management.TestCartManagement#test_add_multiple_items_to_cart","historyId":"b10392ec03b6bdb85794b4326da8c28d","time":{"start":1769775498706,"stop":1769775507480,"duration":8774},"description":"여러 상품을 장바구니에 담고 모두 장바구니에 있는지 확인","descriptionHtml":"<p>여러 상품을 장바구니에 담고 모두 장바구니에 있는지 확인</p>\n","status":"broken","statusMessage":"selenium.common.exceptions.TimeoutException: Message: ❌ 요소를 클릭할 수 없습니다: ('xpath', \"//button[contains(text(),'장바구니 담기')]\")","statusTrace":"src/pages/base_page.py:272: in click\n    element = self.wait_clickable(locator, timeout)\nsrc/pages/base_page.py:127: in wait_clickable\n    return wait.until(EC.element_to_be_clickable(locator))\nvenv/lib/python3.11/site-packages/selenium/webdriver/support/wait.py:105: in until\n    raise TimeoutException(message, screen, stacktrace)\nE   selenium.common.exceptions.TimeoutException: Message: \nE   Stacktrace:\nE   #0 0x56057e3684ba <unknown>\nE   #1 0x56057ddd1492 <unknown>\nE   #2 0x56057de269b6 <unknown>\nE   #3 0x56057de26bf1 <unknown>\nE   #4 0x56057de724d4 <unknown>\nE   #5 0x56057de6f700 <unknown>\nE   #6 0x56057de186a2 <unknown>\nE   #7 0x56057de19491 <unknown>\nE   #8 0x56057e32e479 <unknown>\nE   #9 0x56057e331391 <unknown>\nE   #10 0x56057e31aa89 <unknown>\nE   #11 0x56057e331f4e <unknown>\nE   #12 0x56057e301070 <unknown>\nE   #13 0x56057e355ca8 <unknown>\nE   #14 0x56057e355e78 <unknown>\nE   #15 0x56057e367828 <unknown>\nE   #16 0x7fa00529caa4 <unknown>\nE   #17 0x7fa005329c6c <unknown>\n\nDuring handling of the above exception, another exception occurred:\nsrc/tests/ui/test_cart_management.py:32: in test_add_multiple_items_to_cart\n    kurly_search_page.add_to_cart_in_alt()\nsrc/pages/kurly_search_page.py:238: in add_to_cart_in_alt\n    self.click(self.ADD_TO_CART_BUTTONS_IN_ALT)\nsrc/pages/base_page.py:277: in click\n    raise TimeoutException(f\"❌ 요소를 클릭할 수 없습니다: {locator}\")\nE   selenium.common.exceptions.TimeoutException: Message: ❌ 요소를 클릭할 수 없습니다: ('xpath', \"//button[contains(text(),'장바구니 담기')]\")","flaky":false,"newFailed":false,"newBroken":false,"newPassed":false,"retriesCount":0,"retriesStatusChange":false,"beforeStages":[{"name":"driver","time":{"start":1769775498091,"stop":1769775498705,"duration":614},"status":"passed","steps":[],"attachments":[],"parameters":[],"shouldDisplayMessage":false,"stepsCount":0,"attachmentsCount":0,"hasContent":false,"attachmentStep":false},{"name":"kurly_search_page","time":{"start":1769775498705,"stop":1769775498705,"duration":0},"status":"passed","steps":[],"attachments":[],"parameters":[],"shouldDisplayMessage":false,"stepsCount":0,"attachmentsCount":0,"hasContent":false,"attachmentStep":false},{"name":"kurly_cart_page","time":{"start":1769775498705,"stop":1769775498705,"duration":0},"status":"passed","steps":[],"attachments":[],"parameters":[],"shouldDisplayMessage":false,"stepsCount":0,"attachmentsCount":0,"hasContent":false,"attachmentStep":false},{"name":"kurly_main_page","time":{"start":1769775498705,"stop":1769775498705,"duration":0},"status":"passed","steps":[],"attachments":[],"parameters":[],"shouldDisplayMessage":false,"stepsCount":0,"attachmentsCount":0,"hasContent":false,"attachmentStep":false}],"testStage":{"description":"여러 상품을 장바구니에 담고 모두 장바구니에 있는지 확인","status":"broken","statusMessage":"selenium.common.exceptions.TimeoutException: Message: ❌ 요소를 클릭할 수 없습니다: ('xpath', \"//button[contains(text(),'장바구니 담기')]\")","statusTrace":"src/pages/base_page.py:272: in click\n    element = self.wait_clickable(locator, timeout)\nsrc/pages/base_page.py:127: in wait_clickable\n    return wait.until(EC.element_to_be_clickable(locator))\nvenv/lib/python3.11/site-packages/selenium/webdriver/support/wait.py:105: in until\n    raise TimeoutException(message, screen, stacktrace)\nE   selenium.common.exceptions.TimeoutException: Message: \nE   Stacktrace:\nE   #0 0x56057e3684ba <unknown>\nE   #1 0x56057ddd1492 <unknown>\nE   #2 0x56057de269b6 <unknown>\nE   #3 0x56057de26bf1 <unknown>\nE   #4 0x56057de724d4 <unknown>\nE   #5 0x56057de6f700 <unknown>\nE   #6 0x56057de186a2 <unknown>\nE   #7 0x56057de19491 <unknown>\nE   #8 0x56057e32e479 <unknown>\nE   #9 0x56057e331391 <unknown>\nE   #10 0x56057e31aa89 <unknown>\nE   #11 0x56057e331f4e <unknown>\nE   #12 0x56057e301070 <unknown>\nE   #13 0x56057e355ca8 <unknown>\nE   #14 0x56057e355e78 <unknown>\nE   #15 0x56057e367828 <unknown>\nE   #16 0x7fa00529caa4 <unknown>\nE   #17 0x7fa005329c6c <unknown>\n\nDuring handling of the above exception, another exception occurred:\nsrc/tests/ui/test_cart_management.py:32: in test_add_multiple_items_to_cart\n    kurly_search_page.add_to_cart_in_alt()\nsrc/pages/kurly_search_page.py:238: in add_to_cart_in_alt\n    self.click(self.ADD_TO_CART_BUTTONS_IN_ALT)\nsrc/pages/base_page.py:277: in click\n    raise TimeoutException(f\"❌ 요소를 클릭할 수 없습니다: {locator}\")\nE   selenium.common.exceptions.TimeoutException: Message: ❌ 요소를 클릭할 수 없습니다: ('xpath', \"//button[contains(text(),'장바구니 담기')]\")","steps":[{"name":"메인 페이지 접속","time":{"start":1769775498706,"stop":1769775500628,"duration":1922},"status":"passed","steps":[],"attachments":[],"parameters":[],"shouldDisplayMessage":false,"stepsCount":0,"attachmentsCount":0,"hasContent":false,"attachmentStep":false},{"name":"'과자' 검색","time":{"start":1769775500628,"stop":1769775501700,"duration":1072},"status":"passed","steps":[],"attachments":[],"parameters":[],"shouldDisplayMessage":false,"stepsCount":0,"attachmentsCount":0,"hasContent":false,"attachmentStep":false},{"name":"3개 상품을 장바구니에 담기","time":{"start":1769775501700,"stop":1769775507479,"duration":5779},"status":"broken","statusMessage":"selenium.common.exceptions.TimeoutException: Message: ❌ 요소를 클릭할 수 없습니다: ('xpath', \"//button[contains(text(),'장바구니 담기')]\")\n\n","statusTrace":"  File \"/home/runner/work/QATEST/QATEST/src/tests/ui/test_cart_management.py\", line 32, in test_add_multiple_items_to_cart\n    kurly_search_page.add_to_cart_in_alt()\n  File \"/home/runner/work/QATEST/QATEST/src/pages/kurly_search_page.py\", line 238, in add_to_cart_in_alt\n    self.click(self.ADD_TO_CART_BUTTONS_IN_ALT)\n  File \"/home/runner/work/QATEST/QATEST/src/pages/base_page.py\", line 277, in click\n    raise TimeoutException(f\"❌ 요소를 클릭할 수 없습니다: {locator}\")\n","steps":[],"attachments":[],"parameters":[],"shouldDisplayMessage":true,"stepsCount":0,"attachmentsCount":0,"hasContent":true,"attachmentStep":false}],"attachments":[{"uid":"f040b946a06b8199","name":"log","source":"f040b946a06b8199.txt","type":"text/plain","size":119671},{"uid":"c505a0fff43ef09e","name":"stderr","source":"c505a0fff43ef09e.txt","type":"text/plain","size":486}],"parameters":[],"shouldDisplayMessage":true,"stepsCount":3,"attachmentsCount":2,"hasContent":true,"attachmentStep":false},"afterStages":[{"name":"driver::0","time":{"start":1769775513828,"stop":1769775513914,"duration":86},"status":"passed","steps":[],"attachments":[],"parameters":[],"shouldDisplayMessage":false,"stepsCount":0,"attachmentsCount":0,"hasContent":false,"attachmentStep":false}],"labels":[{"name":"story","value":"장바구니 상품 관리"},{"name":"feature","value":"장바구니 관리"},{"name":"tag","value":"ui"},{"name":"parentSuite","value":"src.tests.ui"},{"name":"suite","value":"test_cart_management"},{"name":"subSuite","value":"TestCartManagement"},{"name":"host","value":"runnervmkj6or"},{"name":"thread","value":"2664-MainThread"},{"name":"framework","value":"pytest"},{"name":"language","value":"cpython3"},{"name":"package","value":"src.tests.ui.test_cart_management"},{"name":"resultFormat","value":"allure2"}],"parameters":[],"links":[],"hidden":false,"retry":false,"extra":{"severity":"normal","retries":[],"categories":[{"name":"Test defects","matchedStatuses":[],"flaky":false}],"tags":["ui"]},"source":"297d7fb6316bb7f3.json","parameterValues":[]}