{"uid":"2aea67338a764fd","name":"상품 검색 후 장바구니 추가 테스트","fullName":"src.tests.ui.test_ui_add_goods.TestAddGoods#test_add_goods_to_cart","historyId":"ae408fe597612d1ee15a91992e32f921","time":{"start":1767888682209,"stop":1767888686085,"duration":3876},"description":"\n    **목적:** 상품 검색 → 수량 조절 → 장바구니 담기 플로우가 정상 동작하는지 확인\n\n    **테스트 단계:**\n    1. 마켓컬리 메인 페이지 접속\n    2. '과자' 검색\n    3. 세 번째 상품의 장바구니 추가 버튼 클릭\n    4. 수량 올리기 (2회)\n    5. 수량 내리기 (2회)\n    6. 장바구니 담기 버튼 클릭\n    7. 검색 결과 확인\n\n    **예상 결과:** 상품이 장바구니에 정상적으로 담김\n    ","descriptionHtml":"<pre><code>**목적:** 상품 검색 → 수량 조절 → 장바구니 담기 플로우가 정상 동작하는지 확인\n\n**테스트 단계:**\n1. 마켓컬리 메인 페이지 접속\n2. '과자' 검색\n3. 세 번째 상품의 장바구니 추가 버튼 클릭\n4. 수량 올리기 (2회)\n5. 수량 내리기 (2회)\n6. 장바구니 담기 버튼 클릭\n7. 검색 결과 확인\n\n**예상 결과:** 상품이 장바구니에 정상적으로 담김\n</code></pre>\n","status":"broken","statusMessage":"selenium.common.exceptions.StaleElementReferenceException: Message: stale element reference: stale element not found in the current frame\n  (Session info: chrome=143.0.7499.169); For documentation on this error, please visit: https://www.selenium.dev/documentation/webdriver/troubleshooting/errors#stale-element-reference-exception\nStacktrace:\n#0 0x564b4010240a <unknown>\n#1 0x564b3fb3676b <unknown>\n#2 0x564b3fb3d4cf <unknown>\n#3 0x564b3fb3fb54 <unknown>\n#4 0x564b3fb3fc23 <unknown>\n#5 0x564b3fb89e8c <unknown>\n#6 0x564b3fb89133 <unknown>\n#7 0x564b3fb7cabe <unknown>\n#8 0x564b3fb7bfe7 <unknown>\n#9 0x564b3fbd3760 <unknown>\n#10 0x564b3fb7a7b2 <unknown>\n#11 0x564b3fb7b461 <unknown>\n#12 0x564b400cadf9 <unknown>\n#13 0x564b400cdd5d <unknown>\n#14 0x564b400b3b41 <unknown>\n#15 0x564b400ce93b <unknown>\n#16 0x564b4009a870 <unknown>\n#17 0x564b400ef828 <unknown>\n#18 0x564b400ef9fc <unknown>\n#19 0x564b40101763 <unknown>\n#20 0x7f6b6709caa4 <unknown>\n#21 0x7f6b67129c6c <unknown>","statusTrace":"src/tests/ui/test_ui_add_goods.py:46: in test_add_goods_to_cart\n    kurly_goods_page.increase_quantity(2)\nsrc/pages/kurly_goods_page.py:52: in increase_quantity\n    self.click(self.QUANTITY_UP_BUTTON)\nsrc/pages/base_page.py:273: in click\n    element.click()\nvenv/lib/python3.11/site-packages/selenium/webdriver/remote/webelement.py:94: in click\n    self._execute(Command.CLICK_ELEMENT)\nvenv/lib/python3.11/site-packages/selenium/webdriver/remote/webelement.py:402: in _execute\n    return self._parent.execute(command, params)\nvenv/lib/python3.11/site-packages/selenium/webdriver/remote/webdriver.py:384: in execute\n    self.error_handler.check_response(response)\nvenv/lib/python3.11/site-packages/selenium/webdriver/remote/errorhandler.py:232: in check_response\n    raise exception_class(message, screen, stacktrace)\nE   selenium.common.exceptions.StaleElementReferenceException: Message: stale element reference: stale element not found in the current frame\nE     (Session info: chrome=143.0.7499.169); For documentation on this error, please visit: https://www.selenium.dev/documentation/webdriver/troubleshooting/errors#stale-element-reference-exception\nE   Stacktrace:\nE   #0 0x564b4010240a <unknown>\nE   #1 0x564b3fb3676b <unknown>\nE   #2 0x564b3fb3d4cf <unknown>\nE   #3 0x564b3fb3fb54 <unknown>\nE   #4 0x564b3fb3fc23 <unknown>\nE   #5 0x564b3fb89e8c <unknown>\nE   #6 0x564b3fb89133 <unknown>\nE   #7 0x564b3fb7cabe <unknown>\nE   #8 0x564b3fb7bfe7 <unknown>\nE   #9 0x564b3fbd3760 <unknown>\nE   #10 0x564b3fb7a7b2 <unknown>\nE   #11 0x564b3fb7b461 <unknown>\nE   #12 0x564b400cadf9 <unknown>\nE   #13 0x564b400cdd5d <unknown>\nE   #14 0x564b400b3b41 <unknown>\nE   #15 0x564b400ce93b <unknown>\nE   #16 0x564b4009a870 <unknown>\nE   #17 0x564b400ef828 <unknown>\nE   #18 0x564b400ef9fc <unknown>\nE   #19 0x564b40101763 <unknown>\nE   #20 0x7f6b6709caa4 <unknown>\nE   #21 0x7f6b67129c6c <unknown>","flaky":false,"newFailed":false,"newBroken":false,"newPassed":false,"retriesCount":0,"retriesStatusChange":false,"beforeStages":[{"name":"driver","time":{"start":1767888681641,"stop":1767888682209,"duration":568},"status":"passed","steps":[],"attachments":[],"parameters":[],"shouldDisplayMessage":false,"stepsCount":0,"attachmentsCount":0,"hasContent":false,"attachmentStep":false},{"name":"kurly_main_page","time":{"start":1767888682209,"stop":1767888682209,"duration":0},"status":"passed","steps":[],"attachments":[],"parameters":[],"shouldDisplayMessage":false,"stepsCount":0,"attachmentsCount":0,"hasContent":false,"attachmentStep":false},{"name":"kurly_search_page","time":{"start":1767888682209,"stop":1767888682209,"duration":0},"status":"passed","steps":[],"attachments":[],"parameters":[],"shouldDisplayMessage":false,"stepsCount":0,"attachmentsCount":0,"hasContent":false,"attachmentStep":false},{"name":"kurly_goods_page","time":{"start":1767888682209,"stop":1767888682209,"duration":0},"status":"passed","steps":[],"attachments":[],"parameters":[],"shouldDisplayMessage":false,"stepsCount":0,"attachmentsCount":0,"hasContent":false,"attachmentStep":false}],"testStage":{"description":"\n    **목적:** 상품 검색 → 수량 조절 → 장바구니 담기 플로우가 정상 동작하는지 확인\n\n    **테스트 단계:**\n    1. 마켓컬리 메인 페이지 접속\n    2. '과자' 검색\n    3. 세 번째 상품의 장바구니 추가 버튼 클릭\n    4. 수량 올리기 (2회)\n    5. 수량 내리기 (2회)\n    6. 장바구니 담기 버튼 클릭\n    7. 검색 결과 확인\n\n    **예상 결과:** 상품이 장바구니에 정상적으로 담김\n    ","status":"broken","statusMessage":"selenium.common.exceptions.StaleElementReferenceException: Message: stale element reference: stale element not found in the current frame\n  (Session info: chrome=143.0.7499.169); For documentation on this error, please visit: https://www.selenium.dev/documentation/webdriver/troubleshooting/errors#stale-element-reference-exception\nStacktrace:\n#0 0x564b4010240a <unknown>\n#1 0x564b3fb3676b <unknown>\n#2 0x564b3fb3d4cf <unknown>\n#3 0x564b3fb3fb54 <unknown>\n#4 0x564b3fb3fc23 <unknown>\n#5 0x564b3fb89e8c <unknown>\n#6 0x564b3fb89133 <unknown>\n#7 0x564b3fb7cabe <unknown>\n#8 0x564b3fb7bfe7 <unknown>\n#9 0x564b3fbd3760 <unknown>\n#10 0x564b3fb7a7b2 <unknown>\n#11 0x564b3fb7b461 <unknown>\n#12 0x564b400cadf9 <unknown>\n#13 0x564b400cdd5d <unknown>\n#14 0x564b400b3b41 <unknown>\n#15 0x564b400ce93b <unknown>\n#16 0x564b4009a870 <unknown>\n#17 0x564b400ef828 <unknown>\n#18 0x564b400ef9fc <unknown>\n#19 0x564b40101763 <unknown>\n#20 0x7f6b6709caa4 <unknown>\n#21 0x7f6b67129c6c <unknown>","statusTrace":"src/tests/ui/test_ui_add_goods.py:46: in test_add_goods_to_cart\n    kurly_goods_page.increase_quantity(2)\nsrc/pages/kurly_goods_page.py:52: in increase_quantity\n    self.click(self.QUANTITY_UP_BUTTON)\nsrc/pages/base_page.py:273: in click\n    element.click()\nvenv/lib/python3.11/site-packages/selenium/webdriver/remote/webelement.py:94: in click\n    self._execute(Command.CLICK_ELEMENT)\nvenv/lib/python3.11/site-packages/selenium/webdriver/remote/webelement.py:402: in _execute\n    return self._parent.execute(command, params)\nvenv/lib/python3.11/site-packages/selenium/webdriver/remote/webdriver.py:384: in execute\n    self.error_handler.check_response(response)\nvenv/lib/python3.11/site-packages/selenium/webdriver/remote/errorhandler.py:232: in check_response\n    raise exception_class(message, screen, stacktrace)\nE   selenium.common.exceptions.StaleElementReferenceException: Message: stale element reference: stale element not found in the current frame\nE     (Session info: chrome=143.0.7499.169); For documentation on this error, please visit: https://www.selenium.dev/documentation/webdriver/troubleshooting/errors#stale-element-reference-exception\nE   Stacktrace:\nE   #0 0x564b4010240a <unknown>\nE   #1 0x564b3fb3676b <unknown>\nE   #2 0x564b3fb3d4cf <unknown>\nE   #3 0x564b3fb3fb54 <unknown>\nE   #4 0x564b3fb3fc23 <unknown>\nE   #5 0x564b3fb89e8c <unknown>\nE   #6 0x564b3fb89133 <unknown>\nE   #7 0x564b3fb7cabe <unknown>\nE   #8 0x564b3fb7bfe7 <unknown>\nE   #9 0x564b3fbd3760 <unknown>\nE   #10 0x564b3fb7a7b2 <unknown>\nE   #11 0x564b3fb7b461 <unknown>\nE   #12 0x564b400cadf9 <unknown>\nE   #13 0x564b400cdd5d <unknown>\nE   #14 0x564b400b3b41 <unknown>\nE   #15 0x564b400ce93b <unknown>\nE   #16 0x564b4009a870 <unknown>\nE   #17 0x564b400ef828 <unknown>\nE   #18 0x564b400ef9fc <unknown>\nE   #19 0x564b40101763 <unknown>\nE   #20 0x7f6b6709caa4 <unknown>\nE   #21 0x7f6b67129c6c <unknown>","steps":[{"name":"마켓컬리 메인 페이지로 이동","time":{"start":1767888682210,"stop":1767888684784,"duration":2574},"status":"passed","steps":[],"attachments":[],"parameters":[],"shouldDisplayMessage":false,"stepsCount":0,"attachmentsCount":0,"hasContent":false,"attachmentStep":false},{"name":"'과자' 검색","time":{"start":1767888684784,"stop":1767888685085,"duration":301},"status":"passed","steps":[],"attachments":[],"parameters":[],"shouldDisplayMessage":false,"stepsCount":0,"attachmentsCount":0,"hasContent":false,"attachmentStep":false},{"name":"세 번째 상품의 장바구니 추가 버튼 클릭","time":{"start":1767888685085,"stop":1767888685245,"duration":160},"status":"passed","steps":[],"attachments":[],"parameters":[],"shouldDisplayMessage":false,"stepsCount":0,"attachmentsCount":0,"hasContent":false,"attachmentStep":false},{"name":"수량 조절 (2회 증가, 2회 감소)","time":{"start":1767888685245,"stop":1767888686084,"duration":839},"status":"broken","statusMessage":"selenium.common.exceptions.StaleElementReferenceException: Message: stale element reference: stale element not found in the current frame\n  (Session info: chrome=143.0.7499.169); For documentation on this error, please visit: https://www.selenium.dev/documentation/webdriver/troubleshooting/errors#stale-element-reference-exception\nStacktrace:\n#0 0x564b4010240a <unknown>\n#1 0x564b3fb3676b <unknown>\n#2 0x564b3fb3d4cf <unknown>\n#3 0x564b3fb3fb54 <unknown>\n#4 0x564b3fb3fc23 <unknown>\n#5 0x564b3fb89e8c <unknown>\n#6 0x564b3fb89133 <unknown>\n#7 0x564b3fb7cabe <unknown>\n#8 0x564b3fb7bfe7 <unknown>\n#9 0x564b3fbd3760 <unknown>\n#10 0x564b3fb7a7b2 <unknown>\n#11 0x564b3fb7b461 <unknown>\n#12 0x564b400cadf9 <unknown>\n#13 0x564b400cdd5d <unknown>\n#14 0x564b400b3b41 <unknown>\n#15 0x564b400ce93b <unknown>\n#16 0x564b4009a870 <unknown>\n#17 0x564b400ef828 <unknown>\n#18 0x564b400ef9fc <unknown>\n#19 0x564b40101763 <unknown>\n#20 0x7f6b6709caa4 <unknown>\n#21 0x7f6b67129c6c <unknown>\n\n","statusTrace":"  File \"/home/runner/work/QATEST/QATEST/src/tests/ui/test_ui_add_goods.py\", line 46, in test_add_goods_to_cart\n    kurly_goods_page.increase_quantity(2)\n  File \"/home/runner/work/QATEST/QATEST/src/pages/kurly_goods_page.py\", line 52, in increase_quantity\n    self.click(self.QUANTITY_UP_BUTTON)\n  File \"/home/runner/work/QATEST/QATEST/src/pages/base_page.py\", line 273, in click\n    element.click()\n  File \"/home/runner/work/QATEST/QATEST/venv/lib/python3.11/site-packages/selenium/webdriver/remote/webelement.py\", line 94, in click\n    self._execute(Command.CLICK_ELEMENT)\n  File \"/home/runner/work/QATEST/QATEST/venv/lib/python3.11/site-packages/selenium/webdriver/remote/webelement.py\", line 402, in _execute\n    return self._parent.execute(command, params)\n           ^^^^^^^^^^^^^^^^^^^^^^^^^^^^^^^^^^^^^\n  File \"/home/runner/work/QATEST/QATEST/venv/lib/python3.11/site-packages/selenium/webdriver/remote/webdriver.py\", line 384, in execute\n    self.error_handler.check_response(response)\n  File \"/home/runner/work/QATEST/QATEST/venv/lib/python3.11/site-packages/selenium/webdriver/remote/errorhandler.py\", line 232, in check_response\n    raise exception_class(message, screen, stacktrace)\n","steps":[],"attachments":[],"parameters":[],"shouldDisplayMessage":true,"stepsCount":0,"attachmentsCount":0,"hasContent":true,"attachmentStep":false}],"attachments":[{"uid":"d9f3fcbffc5e1253","name":"log","source":"d9f3fcbffc5e1253.txt","type":"text/plain","size":29141},{"uid":"7cc458dd0b51074a","name":"stderr","source":"7cc458dd0b51074a.txt","type":"text/plain","size":198}],"parameters":[],"shouldDisplayMessage":true,"stepsCount":4,"attachmentsCount":2,"hasContent":true,"attachmentStep":false},"afterStages":[{"name":"driver::0","time":{"start":1767888686111,"stop":1767888686180,"duration":69},"status":"passed","steps":[],"attachments":[],"parameters":[],"shouldDisplayMessage":false,"stepsCount":0,"attachmentsCount":0,"hasContent":false,"attachmentStep":false}],"labels":[{"name":"story","value":"상품 추가"},{"name":"severity","value":"critical"},{"name":"feature","value":"상품 관리"},{"name":"tag","value":"ui"},{"name":"parentSuite","value":"src.tests.ui"},{"name":"suite","value":"test_ui_add_goods"},{"name":"subSuite","value":"TestAddGoods"},{"name":"host","value":"runnervmi13qx"},{"name":"thread","value":"2581-MainThread"},{"name":"framework","value":"pytest"},{"name":"language","value":"cpython3"},{"name":"package","value":"src.tests.ui.test_ui_add_goods"},{"name":"resultFormat","value":"allure2"}],"parameters":[],"links":[],"hidden":false,"retry":false,"extra":{"severity":"critical","retries":[],"categories":[{"name":"Test defects","matchedStatuses":[],"flaky":false}],"tags":["ui"]},"source":"2aea67338a764fd.json","parameterValues":[]}