{"uid":"2c6b4230c9d91f37","name":"여러 상품을 장바구니에 담기","fullName":"src.tests.ui.test_cart_management.TestCartManagement#test_add_multiple_items_to_cart","historyId":"b10392ec03b6bdb85794b4326da8c28d","time":{"start":1767573432131,"stop":1767573440850,"duration":8719},"description":"여러 상품을 장바구니에 담고 모두 장바구니에 있는지 확인","descriptionHtml":"<p>여러 상품을 장바구니에 담고 모두 장바구니에 있는지 확인</p>\n","status":"broken","statusMessage":"selenium.common.exceptions.TimeoutException: Message: ❌ 요소를 클릭할 수 없습니다: ('css selector', '.css-ahkst0.e4nu7ef3')","statusTrace":"src/pages/base_page.py:272: in click\n    element = self.wait_clickable(locator, timeout)\nsrc/pages/base_page.py:127: in wait_clickable\n    return wait.until(EC.element_to_be_clickable(locator))\nvenv/lib/python3.11/site-packages/selenium/webdriver/support/wait.py:105: in until\n    raise TimeoutException(message, screen, stacktrace)\nE   selenium.common.exceptions.TimeoutException: Message: \nE   Stacktrace:\nE   #0 0x55d7d20e261a <unknown>\nE   #1 0x55d7d1b5f20b <unknown>\nE   #2 0x55d7d1bb090f <unknown>\nE   #3 0x55d7d1bb0b51 <unknown>\nE   #4 0x55d7d1bfed84 <unknown>\nE   #5 0x55d7d1bfc20e <unknown>\nE   #6 0x55d7d1ba3232 <unknown>\nE   #7 0x55d7d1ba3ee1 <unknown>\nE   #8 0x55d7d20ab3f9 <unknown>\nE   #9 0x55d7d20ae34d <unknown>\nE   #10 0x55d7d2094122 <unknown>\nE   #11 0x55d7d20aef2b <unknown>\nE   #12 0x55d7d207ac30 <unknown>\nE   #13 0x55d7d20cfd78 <unknown>\nE   #14 0x55d7d20cff4c <unknown>\nE   #15 0x55d7d20e1973 <unknown>\nE   #16 0x7fa9d969caa4 <unknown>\nE   #17 0x7fa9d9729c6c <unknown>\n\nDuring handling of the above exception, another exception occurred:\nsrc/tests/ui/test_cart_management.py:32: in test_add_multiple_items_to_cart\n    kurly_search_page.add_to_cart_in_alt()\nsrc/pages/kurly_search_page.py:211: in add_to_cart_in_alt\n    self.click(self.ADD_TO_CART_BUTTONS_IN_ALT)\nsrc/pages/base_page.py:277: in click\n    raise TimeoutException(f\"❌ 요소를 클릭할 수 없습니다: {locator}\")\nE   selenium.common.exceptions.TimeoutException: Message: ❌ 요소를 클릭할 수 없습니다: ('css selector', '.css-ahkst0.e4nu7ef3')","flaky":false,"newFailed":false,"newBroken":false,"newPassed":false,"retriesCount":0,"retriesStatusChange":false,"beforeStages":[{"name":"driver","time":{"start":1767573431534,"stop":1767573432130,"duration":596},"status":"passed","steps":[],"attachments":[],"parameters":[],"shouldDisplayMessage":false,"stepsCount":0,"attachmentsCount":0,"hasContent":false,"attachmentStep":false},{"name":"kurly_main_page","time":{"start":1767573432130,"stop":1767573432130,"duration":0},"status":"passed","steps":[],"attachments":[],"parameters":[],"shouldDisplayMessage":false,"stepsCount":0,"attachmentsCount":0,"hasContent":false,"attachmentStep":false},{"name":"kurly_cart_page","time":{"start":1767573432131,"stop":1767573432131,"duration":0},"status":"passed","steps":[],"attachments":[],"parameters":[],"shouldDisplayMessage":false,"stepsCount":0,"attachmentsCount":0,"hasContent":false,"attachmentStep":false},{"name":"kurly_search_page","time":{"start":1767573432131,"stop":1767573432131,"duration":0},"status":"passed","steps":[],"attachments":[],"parameters":[],"shouldDisplayMessage":false,"stepsCount":0,"attachmentsCount":0,"hasContent":false,"attachmentStep":false}],"testStage":{"description":"여러 상품을 장바구니에 담고 모두 장바구니에 있는지 확인","status":"broken","statusMessage":"selenium.common.exceptions.TimeoutException: Message: ❌ 요소를 클릭할 수 없습니다: ('css selector', '.css-ahkst0.e4nu7ef3')","statusTrace":"src/pages/base_page.py:272: in click\n    element = self.wait_clickable(locator, timeout)\nsrc/pages/base_page.py:127: in wait_clickable\n    return wait.until(EC.element_to_be_clickable(locator))\nvenv/lib/python3.11/site-packages/selenium/webdriver/support/wait.py:105: in until\n    raise TimeoutException(message, screen, stacktrace)\nE   selenium.common.exceptions.TimeoutException: Message: \nE   Stacktrace:\nE   #0 0x55d7d20e261a <unknown>\nE   #1 0x55d7d1b5f20b <unknown>\nE   #2 0x55d7d1bb090f <unknown>\nE   #3 0x55d7d1bb0b51 <unknown>\nE   #4 0x55d7d1bfed84 <unknown>\nE   #5 0x55d7d1bfc20e <unknown>\nE   #6 0x55d7d1ba3232 <unknown>\nE   #7 0x55d7d1ba3ee1 <unknown>\nE   #8 0x55d7d20ab3f9 <unknown>\nE   #9 0x55d7d20ae34d <unknown>\nE   #10 0x55d7d2094122 <unknown>\nE   #11 0x55d7d20aef2b <unknown>\nE   #12 0x55d7d207ac30 <unknown>\nE   #13 0x55d7d20cfd78 <unknown>\nE   #14 0x55d7d20cff4c <unknown>\nE   #15 0x55d7d20e1973 <unknown>\nE   #16 0x7fa9d969caa4 <unknown>\nE   #17 0x7fa9d9729c6c <unknown>\n\nDuring handling of the above exception, another exception occurred:\nsrc/tests/ui/test_cart_management.py:32: in test_add_multiple_items_to_cart\n    kurly_search_page.add_to_cart_in_alt()\nsrc/pages/kurly_search_page.py:211: in add_to_cart_in_alt\n    self.click(self.ADD_TO_CART_BUTTONS_IN_ALT)\nsrc/pages/base_page.py:277: in click\n    raise TimeoutException(f\"❌ 요소를 클릭할 수 없습니다: {locator}\")\nE   selenium.common.exceptions.TimeoutException: Message: ❌ 요소를 클릭할 수 없습니다: ('css selector', '.css-ahkst0.e4nu7ef3')","steps":[{"name":"메인 페이지 접속","time":{"start":1767573432131,"stop":1767573434007,"duration":1876},"status":"passed","steps":[],"attachments":[],"parameters":[],"shouldDisplayMessage":false,"stepsCount":0,"attachmentsCount":0,"hasContent":false,"attachmentStep":false},{"name":"'과자' 검색","time":{"start":1767573434007,"stop":1767573434388,"duration":381},"status":"passed","steps":[],"attachments":[],"parameters":[],"shouldDisplayMessage":false,"stepsCount":0,"attachmentsCount":0,"hasContent":false,"attachmentStep":false},{"name":"3개 상품을 장바구니에 담기","time":{"start":1767573434388,"stop":1767573440849,"duration":6461},"status":"broken","statusMessage":"selenium.common.exceptions.TimeoutException: Message: ❌ 요소를 클릭할 수 없습니다: ('css selector', '.css-ahkst0.e4nu7ef3')\n\n","statusTrace":"  File \"/home/runner/work/QATEST/QATEST/src/tests/ui/test_cart_management.py\", line 32, in test_add_multiple_items_to_cart\n    kurly_search_page.add_to_cart_in_alt()\n  File \"/home/runner/work/QATEST/QATEST/src/pages/kurly_search_page.py\", line 211, in add_to_cart_in_alt\n    self.click(self.ADD_TO_CART_BUTTONS_IN_ALT)\n  File \"/home/runner/work/QATEST/QATEST/src/pages/base_page.py\", line 277, in click\n    raise TimeoutException(f\"❌ 요소를 클릭할 수 없습니다: {locator}\")\n","steps":[],"attachments":[],"parameters":[],"shouldDisplayMessage":true,"stepsCount":0,"attachmentsCount":0,"hasContent":true,"attachmentStep":false}],"attachments":[{"uid":"4d0843cd89d228fa","name":"log","source":"4d0843cd89d228fa.txt","type":"text/plain","size":156073},{"uid":"7d9b81986be5e435","name":"stderr","source":"7d9b81986be5e435.txt","type":"text/plain","size":453}],"parameters":[],"shouldDisplayMessage":true,"stepsCount":3,"attachmentsCount":2,"hasContent":true,"attachmentStep":false},"afterStages":[{"name":"driver::0","time":{"start":1767573447993,"stop":1767573448073,"duration":80},"status":"passed","steps":[],"attachments":[],"parameters":[],"shouldDisplayMessage":false,"stepsCount":0,"attachmentsCount":0,"hasContent":false,"attachmentStep":false}],"labels":[{"name":"story","value":"장바구니 상품 관리"},{"name":"feature","value":"장바구니 관리"},{"name":"tag","value":"ui"},{"name":"parentSuite","value":"src.tests.ui"},{"name":"suite","value":"test_cart_management"},{"name":"subSuite","value":"TestCartManagement"},{"name":"host","value":"runnervmh13bl"},{"name":"thread","value":"2612-MainThread"},{"name":"framework","value":"pytest"},{"name":"language","value":"cpython3"},{"name":"package","value":"src.tests.ui.test_cart_management"},{"name":"resultFormat","value":"allure2"}],"parameters":[],"links":[],"hidden":false,"retry":false,"extra":{"severity":"normal","retries":[],"categories":[{"name":"Test defects","matchedStatuses":[],"flaky":false}],"tags":["ui"]},"source":"2c6b4230c9d91f37.json","parameterValues":[]}