{"uid":"306705c6cf31fdc4","name":"상품을 장바구니에 추가하는 전체 플로우 테스트","fullName":"src.tests.ui.test_add_goods_to_cart#test_add_good_to_cart_flow","historyId":"ffe282402330c5f1c02c05e3664378c1","time":{"start":1767384528688,"stop":1767384533727,"duration":5039},"description":"\n    상품을 장바구니에 추가하는 전체 플로우 테스트\n    Steps:\n        1. 상품 검색\n        2. 세 번째 상품의 추가 버튼 클릭\n        3. 수량 2회 증가\n        4. 수량 2회 감소\n        5. 장바구니에 담기\n    ","descriptionHtml":"<pre><code>상품을 장바구니에 추가하는 전체 플로우 테스트\nSteps:\n    1. 상품 검색\n    2. 세 번째 상품의 추가 버튼 클릭\n    3. 수량 2회 증가\n    4. 수량 2회 감소\n    5. 장바구니에 담기\n</code></pre>\n","status":"broken","statusMessage":"selenium.common.exceptions.StaleElementReferenceException: Message: stale element reference: stale element not found in the current frame\n  (Session info: chrome=143.0.7499.109); For documentation on this error, please visit: https://www.selenium.dev/documentation/webdriver/troubleshooting/errors#stale-element-reference-exception\nStacktrace:\n#0 0x55e68768061a <unknown>\n#1 0x55e6870fd20b <unknown>\n#2 0x55e687103f5f <unknown>\n#3 0x55e6871065f4 <unknown>\n#4 0x55e6871066c3 <unknown>\n#5 0x55e68715091c <unknown>\n#6 0x55e68714fbc3 <unknown>\n#7 0x55e6871430c2 <unknown>\n#8 0x55e687142a67 <unknown>\n#9 0x55e68719a20e <unknown>\n#10 0x55e687141232 <unknown>\n#11 0x55e687141ee1 <unknown>\n#12 0x55e6876493f9 <unknown>\n#13 0x55e68764c34d <unknown>\n#14 0x55e687632122 <unknown>\n#15 0x55e68764cf2b <unknown>\n#16 0x55e687618c30 <unknown>\n#17 0x55e68766dd78 <unknown>\n#18 0x55e68766df4c <unknown>\n#19 0x55e68767f973 <unknown>\n#20 0x7f173be9caa4 <unknown>\n#21 0x7f173bf29c6c <unknown>","statusTrace":"src/tests/ui/test_add_goods_to_cart.py:31: in test_add_good_to_cart_flow\n    kurly_search_page.click_nth_add_button(3)\nsrc/pages/kurly_search_page.py:175: in click_nth_add_button\n    self.click(nth_add_button)\nsrc/pages/base_page.py:273: in click\n    element.click()\nvenv/lib/python3.11/site-packages/selenium/webdriver/remote/webelement.py:94: in click\n    self._execute(Command.CLICK_ELEMENT)\nvenv/lib/python3.11/site-packages/selenium/webdriver/remote/webelement.py:402: in _execute\n    return self._parent.execute(command, params)\nvenv/lib/python3.11/site-packages/selenium/webdriver/remote/webdriver.py:384: in execute\n    self.error_handler.check_response(response)\nvenv/lib/python3.11/site-packages/selenium/webdriver/remote/errorhandler.py:232: in check_response\n    raise exception_class(message, screen, stacktrace)\nE   selenium.common.exceptions.StaleElementReferenceException: Message: stale element reference: stale element not found in the current frame\nE     (Session info: chrome=143.0.7499.109); For documentation on this error, please visit: https://www.selenium.dev/documentation/webdriver/troubleshooting/errors#stale-element-reference-exception\nE   Stacktrace:\nE   #0 0x55e68768061a <unknown>\nE   #1 0x55e6870fd20b <unknown>\nE   #2 0x55e687103f5f <unknown>\nE   #3 0x55e6871065f4 <unknown>\nE   #4 0x55e6871066c3 <unknown>\nE   #5 0x55e68715091c <unknown>\nE   #6 0x55e68714fbc3 <unknown>\nE   #7 0x55e6871430c2 <unknown>\nE   #8 0x55e687142a67 <unknown>\nE   #9 0x55e68719a20e <unknown>\nE   #10 0x55e687141232 <unknown>\nE   #11 0x55e687141ee1 <unknown>\nE   #12 0x55e6876493f9 <unknown>\nE   #13 0x55e68764c34d <unknown>\nE   #14 0x55e687632122 <unknown>\nE   #15 0x55e68764cf2b <unknown>\nE   #16 0x55e687618c30 <unknown>\nE   #17 0x55e68766dd78 <unknown>\nE   #18 0x55e68766df4c <unknown>\nE   #19 0x55e68767f973 <unknown>\nE   #20 0x7f173be9caa4 <unknown>\nE   #21 0x7f173bf29c6c <unknown>","flaky":false,"newFailed":false,"newBroken":false,"newPassed":false,"retriesCount":0,"retriesStatusChange":false,"beforeStages":[{"name":"driver","time":{"start":1767384519858,"stop":1767384528687,"duration":8829},"status":"passed","steps":[],"attachments":[],"parameters":[],"shouldDisplayMessage":false,"stepsCount":0,"attachmentsCount":0,"hasContent":false,"attachmentStep":false},{"name":"kurly_goods_page","time":{"start":1767384528687,"stop":1767384528687,"duration":0},"status":"passed","steps":[],"attachments":[],"parameters":[],"shouldDisplayMessage":false,"stepsCount":0,"attachmentsCount":0,"hasContent":false,"attachmentStep":false},{"name":"kurly_main_page","time":{"start":1767384528687,"stop":1767384528687,"duration":0},"status":"passed","steps":[],"attachments":[],"parameters":[],"shouldDisplayMessage":false,"stepsCount":0,"attachmentsCount":0,"hasContent":false,"attachmentStep":false},{"name":"kurly_search_page","time":{"start":1767384528687,"stop":1767384528687,"duration":0},"status":"passed","steps":[],"attachments":[],"parameters":[],"shouldDisplayMessage":false,"stepsCount":0,"attachmentsCount":0,"hasContent":false,"attachmentStep":false}],"testStage":{"description":"\n    상품을 장바구니에 추가하는 전체 플로우 테스트\n    Steps:\n        1. 상품 검색\n        2. 세 번째 상품의 추가 버튼 클릭\n        3. 수량 2회 증가\n        4. 수량 2회 감소\n        5. 장바구니에 담기\n    ","status":"broken","statusMessage":"selenium.common.exceptions.StaleElementReferenceException: Message: stale element reference: stale element not found in the current frame\n  (Session info: chrome=143.0.7499.109); For documentation on this error, please visit: https://www.selenium.dev/documentation/webdriver/troubleshooting/errors#stale-element-reference-exception\nStacktrace:\n#0 0x55e68768061a <unknown>\n#1 0x55e6870fd20b <unknown>\n#2 0x55e687103f5f <unknown>\n#3 0x55e6871065f4 <unknown>\n#4 0x55e6871066c3 <unknown>\n#5 0x55e68715091c <unknown>\n#6 0x55e68714fbc3 <unknown>\n#7 0x55e6871430c2 <unknown>\n#8 0x55e687142a67 <unknown>\n#9 0x55e68719a20e <unknown>\n#10 0x55e687141232 <unknown>\n#11 0x55e687141ee1 <unknown>\n#12 0x55e6876493f9 <unknown>\n#13 0x55e68764c34d <unknown>\n#14 0x55e687632122 <unknown>\n#15 0x55e68764cf2b <unknown>\n#16 0x55e687618c30 <unknown>\n#17 0x55e68766dd78 <unknown>\n#18 0x55e68766df4c <unknown>\n#19 0x55e68767f973 <unknown>\n#20 0x7f173be9caa4 <unknown>\n#21 0x7f173bf29c6c <unknown>","statusTrace":"src/tests/ui/test_add_goods_to_cart.py:31: in test_add_good_to_cart_flow\n    kurly_search_page.click_nth_add_button(3)\nsrc/pages/kurly_search_page.py:175: in click_nth_add_button\n    self.click(nth_add_button)\nsrc/pages/base_page.py:273: in click\n    element.click()\nvenv/lib/python3.11/site-packages/selenium/webdriver/remote/webelement.py:94: in click\n    self._execute(Command.CLICK_ELEMENT)\nvenv/lib/python3.11/site-packages/selenium/webdriver/remote/webelement.py:402: in _execute\n    return self._parent.execute(command, params)\nvenv/lib/python3.11/site-packages/selenium/webdriver/remote/webdriver.py:384: in execute\n    self.error_handler.check_response(response)\nvenv/lib/python3.11/site-packages/selenium/webdriver/remote/errorhandler.py:232: in check_response\n    raise exception_class(message, screen, stacktrace)\nE   selenium.common.exceptions.StaleElementReferenceException: Message: stale element reference: stale element not found in the current frame\nE     (Session info: chrome=143.0.7499.109); For documentation on this error, please visit: https://www.selenium.dev/documentation/webdriver/troubleshooting/errors#stale-element-reference-exception\nE   Stacktrace:\nE   #0 0x55e68768061a <unknown>\nE   #1 0x55e6870fd20b <unknown>\nE   #2 0x55e687103f5f <unknown>\nE   #3 0x55e6871065f4 <unknown>\nE   #4 0x55e6871066c3 <unknown>\nE   #5 0x55e68715091c <unknown>\nE   #6 0x55e68714fbc3 <unknown>\nE   #7 0x55e6871430c2 <unknown>\nE   #8 0x55e687142a67 <unknown>\nE   #9 0x55e68719a20e <unknown>\nE   #10 0x55e687141232 <unknown>\nE   #11 0x55e687141ee1 <unknown>\nE   #12 0x55e6876493f9 <unknown>\nE   #13 0x55e68764c34d <unknown>\nE   #14 0x55e687632122 <unknown>\nE   #15 0x55e68764cf2b <unknown>\nE   #16 0x55e687618c30 <unknown>\nE   #17 0x55e68766dd78 <unknown>\nE   #18 0x55e68766df4c <unknown>\nE   #19 0x55e68767f973 <unknown>\nE   #20 0x7f173be9caa4 <unknown>\nE   #21 0x7f173bf29c6c <unknown>","steps":[{"name":"메인 페이지 접속","time":{"start":1767384528688,"stop":1767384532024,"duration":3336},"status":"passed","steps":[],"attachments":[],"parameters":[],"shouldDisplayMessage":false,"stepsCount":0,"attachmentsCount":0,"hasContent":false,"attachmentStep":false},{"name":"'과자' 검색","time":{"start":1767384532025,"stop":1767384532451,"duration":426},"status":"passed","steps":[],"attachments":[],"parameters":[],"shouldDisplayMessage":false,"stepsCount":0,"attachmentsCount":0,"hasContent":false,"attachmentStep":false},{"name":"세 번째 상품 담기 버튼 클릭","time":{"start":1767384532451,"stop":1767384533725,"duration":1274},"status":"broken","statusMessage":"selenium.common.exceptions.StaleElementReferenceException: Message: stale element reference: stale element not found in the current frame\n  (Session info: chrome=143.0.7499.109); For documentation on this error, please visit: https://www.selenium.dev/documentation/webdriver/troubleshooting/errors#stale-element-reference-exception\nStacktrace:\n#0 0x55e68768061a <unknown>\n#1 0x55e6870fd20b <unknown>\n#2 0x55e687103f5f <unknown>\n#3 0x55e6871065f4 <unknown>\n#4 0x55e6871066c3 <unknown>\n#5 0x55e68715091c <unknown>\n#6 0x55e68714fbc3 <unknown>\n#7 0x55e6871430c2 <unknown>\n#8 0x55e687142a67 <unknown>\n#9 0x55e68719a20e <unknown>\n#10 0x55e687141232 <unknown>\n#11 0x55e687141ee1 <unknown>\n#12 0x55e6876493f9 <unknown>\n#13 0x55e68764c34d <unknown>\n#14 0x55e687632122 <unknown>\n#15 0x55e68764cf2b <unknown>\n#16 0x55e687618c30 <unknown>\n#17 0x55e68766dd78 <unknown>\n#18 0x55e68766df4c <unknown>\n#19 0x55e68767f973 <unknown>\n#20 0x7f173be9caa4 <unknown>\n#21 0x7f173bf29c6c <unknown>\n\n","statusTrace":"  File \"/home/runner/work/QATEST/QATEST/src/tests/ui/test_add_goods_to_cart.py\", line 31, in test_add_good_to_cart_flow\n    kurly_search_page.click_nth_add_button(3)\n  File \"/home/runner/work/QATEST/QATEST/src/pages/kurly_search_page.py\", line 175, in click_nth_add_button\n    self.click(nth_add_button)\n  File \"/home/runner/work/QATEST/QATEST/src/pages/base_page.py\", line 273, in click\n    element.click()\n  File \"/home/runner/work/QATEST/QATEST/venv/lib/python3.11/site-packages/selenium/webdriver/remote/webelement.py\", line 94, in click\n    self._execute(Command.CLICK_ELEMENT)\n  File \"/home/runner/work/QATEST/QATEST/venv/lib/python3.11/site-packages/selenium/webdriver/remote/webelement.py\", line 402, in _execute\n    return self._parent.execute(command, params)\n           ^^^^^^^^^^^^^^^^^^^^^^^^^^^^^^^^^^^^^\n  File \"/home/runner/work/QATEST/QATEST/venv/lib/python3.11/site-packages/selenium/webdriver/remote/webdriver.py\", line 384, in execute\n    self.error_handler.check_response(response)\n  File \"/home/runner/work/QATEST/QATEST/venv/lib/python3.11/site-packages/selenium/webdriver/remote/errorhandler.py\", line 232, in check_response\n    raise exception_class(message, screen, stacktrace)\n","steps":[],"attachments":[],"parameters":[],"shouldDisplayMessage":true,"stepsCount":0,"attachmentsCount":0,"hasContent":true,"attachmentStep":false}],"attachments":[{"uid":"330a2978c2f5b1be","name":"log","source":"330a2978c2f5b1be.txt","type":"text/plain","size":23582},{"uid":"767c387576de2848","name":"stderr","source":"767c387576de2848.txt","type":"text/plain","size":198}],"parameters":[],"shouldDisplayMessage":true,"stepsCount":3,"attachmentsCount":2,"hasContent":true,"attachmentStep":false},"afterStages":[{"name":"driver::0","time":{"start":1767384533782,"stop":1767384533841,"duration":59},"status":"passed","steps":[],"attachments":[],"parameters":[],"shouldDisplayMessage":false,"stepsCount":0,"attachmentsCount":0,"hasContent":false,"attachmentStep":false}],"labels":[{"name":"story","value":"상품 추가 플로우"},{"name":"feature","value":"장바구니 기능"},{"name":"tag","value":"ui"},{"name":"parentSuite","value":"src.tests.ui"},{"name":"suite","value":"test_add_goods_to_cart"},{"name":"host","value":"runnervmh13bl"},{"name":"thread","value":"2617-MainThread"},{"name":"framework","value":"pytest"},{"name":"language","value":"cpython3"},{"name":"package","value":"src.tests.ui.test_add_goods_to_cart"},{"name":"resultFormat","value":"allure2"}],"parameters":[],"links":[],"hidden":false,"retry":false,"extra":{"severity":"normal","retries":[],"categories":[{"name":"Test defects","matchedStatuses":[],"flaky":false}],"tags":["ui"]},"source":"306705c6cf31fdc4.json","parameterValues":[]}