{"uid":"3cdbf8397216ec9d","name":"빈 계정 정보로 로그인 실패 테스트","fullName":"src.tests.ui.test_ui_login.TestLogin#test_login_with_empty_credentials","historyId":"c0b6c4c52adebffb925d6b84b9b80bd4","time":{"start":1768162186224,"stop":1768162190221,"duration":3997},"description":"\n    **목적:** 아이디나 비밀번호를 입력하지 않고 로그인 시도 시 적절한 처리가 되는지 확인\n\n    **테스트 단계:**\n    1. 마켓컬리 메인 페이지 접속\n    2. 로그인 버튼 클릭\n    3. 아이디와 비밀번호를 입력하지 않음\n    4. 로그인 버튼 클릭\n    5. 에러 메시지 또는 유효성 검사 메시지 표시 확인\n    ","descriptionHtml":"<pre><code>**목적:** 아이디나 비밀번호를 입력하지 않고 로그인 시도 시 적절한 처리가 되는지 확인\n\n**테스트 단계:**\n1. 마켓컬리 메인 페이지 접속\n2. 로그인 버튼 클릭\n3. 아이디와 비밀번호를 입력하지 않음\n4. 로그인 버튼 클릭\n5. 에러 메시지 또는 유효성 검사 메시지 표시 확인\n</code></pre>\n","status":"broken","statusMessage":"selenium.common.exceptions.ElementClickInterceptedException: Message: element click intercepted: Element <button class=\"css-4ojrwk e4nu7ef3\" type=\"submit\" height=\"54\" radius=\"6\">...</button> is not clickable at point (525, 419). Other element would receive the click: <input data-testid=\"input-box\" name=\"password\" placeholder=\"비밀번호를 입력해주세요\" type=\"password\" autocomplete=\"off\" class=\"css-u52dqk e1uzxhvi2\" value=\"\">\n  (Session info: chrome=143.0.7499.169)\nStacktrace:\n#0 0x55cfccfad40a <unknown>\n#1 0x55cfcc9e176b <unknown>\n#2 0x55cfcca39c04 <unknown>\n#3 0x55cfcca37ac8 <unknown>\n#4 0x55cfcca351ea <unknown>\n#5 0x55cfcca34329 <unknown>\n#6 0x55cfcca27642 <unknown>\n#7 0x55cfcca26fe7 <unknown>\n#8 0x55cfcca7e760 <unknown>\n#9 0x55cfcca257b2 <unknown>\n#10 0x55cfcca26461 <unknown>\n#11 0x55cfccf75df9 <unknown>\n#12 0x55cfccf78d5d <unknown>\n#13 0x55cfccf5eb41 <unknown>\n#14 0x55cfccf7993b <unknown>\n#15 0x55cfccf45870 <unknown>\n#16 0x55cfccf9a828 <unknown>\n#17 0x55cfccf9a9fc <unknown>\n#18 0x55cfccfac763 <unknown>\n#19 0x7f227709caa4 <unknown>\n#20 0x7f2277129c6c <unknown>","statusTrace":"src/tests/ui/test_ui_login.py:77: in test_login_with_empty_credentials\n    kurly_login_page.click_login_button()\nsrc/pages/kurly_login_page.py:67: in click_login_button\n    self.click(self.SUBMIT_BUTTON)\nsrc/pages/base_page.py:273: in click\n    element.click()\nvenv/lib/python3.11/site-packages/selenium/webdriver/remote/webelement.py:94: in click\n    self._execute(Command.CLICK_ELEMENT)\nvenv/lib/python3.11/site-packages/selenium/webdriver/remote/webelement.py:402: in _execute\n    return self._parent.execute(command, params)\nvenv/lib/python3.11/site-packages/selenium/webdriver/remote/webdriver.py:384: in execute\n    self.error_handler.check_response(response)\nvenv/lib/python3.11/site-packages/selenium/webdriver/remote/errorhandler.py:232: in check_response\n    raise exception_class(message, screen, stacktrace)\nE   selenium.common.exceptions.ElementClickInterceptedException: Message: element click intercepted: Element <button class=\"css-4ojrwk e4nu7ef3\" type=\"submit\" height=\"54\" radius=\"6\">...</button> is not clickable at point (525, 419). Other element would receive the click: <input data-testid=\"input-box\" name=\"password\" placeholder=\"비밀번호를 입력해주세요\" type=\"password\" autocomplete=\"off\" class=\"css-u52dqk e1uzxhvi2\" value=\"\">\nE     (Session info: chrome=143.0.7499.169)\nE   Stacktrace:\nE   #0 0x55cfccfad40a <unknown>\nE   #1 0x55cfcc9e176b <unknown>\nE   #2 0x55cfcca39c04 <unknown>\nE   #3 0x55cfcca37ac8 <unknown>\nE   #4 0x55cfcca351ea <unknown>\nE   #5 0x55cfcca34329 <unknown>\nE   #6 0x55cfcca27642 <unknown>\nE   #7 0x55cfcca26fe7 <unknown>\nE   #8 0x55cfcca7e760 <unknown>\nE   #9 0x55cfcca257b2 <unknown>\nE   #10 0x55cfcca26461 <unknown>\nE   #11 0x55cfccf75df9 <unknown>\nE   #12 0x55cfccf78d5d <unknown>\nE   #13 0x55cfccf5eb41 <unknown>\nE   #14 0x55cfccf7993b <unknown>\nE   #15 0x55cfccf45870 <unknown>\nE   #16 0x55cfccf9a828 <unknown>\nE   #17 0x55cfccf9a9fc <unknown>\nE   #18 0x55cfccfac763 <unknown>\nE   #19 0x7f227709caa4 <unknown>\nE   #20 0x7f2277129c6c <unknown>","flaky":false,"newFailed":false,"newBroken":false,"newPassed":false,"retriesCount":0,"retriesStatusChange":false,"beforeStages":[{"name":"driver","time":{"start":1768162179696,"stop":1768162180652,"duration":956},"status":"passed","steps":[],"attachments":[],"parameters":[],"shouldDisplayMessage":false,"stepsCount":0,"attachmentsCount":0,"hasContent":false,"attachmentStep":false},{"name":"kurly_login_page","time":{"start":1768162186224,"stop":1768162186224,"duration":0},"status":"passed","steps":[],"attachments":[],"parameters":[],"shouldDisplayMessage":false,"stepsCount":0,"attachmentsCount":0,"hasContent":false,"attachmentStep":false}],"testStage":{"description":"\n    **목적:** 아이디나 비밀번호를 입력하지 않고 로그인 시도 시 적절한 처리가 되는지 확인\n\n    **테스트 단계:**\n    1. 마켓컬리 메인 페이지 접속\n    2. 로그인 버튼 클릭\n    3. 아이디와 비밀번호를 입력하지 않음\n    4. 로그인 버튼 클릭\n    5. 에러 메시지 또는 유효성 검사 메시지 표시 확인\n    ","status":"broken","statusMessage":"selenium.common.exceptions.ElementClickInterceptedException: Message: element click intercepted: Element <button class=\"css-4ojrwk e4nu7ef3\" type=\"submit\" height=\"54\" radius=\"6\">...</button> is not clickable at point (525, 419). Other element would receive the click: <input data-testid=\"input-box\" name=\"password\" placeholder=\"비밀번호를 입력해주세요\" type=\"password\" autocomplete=\"off\" class=\"css-u52dqk e1uzxhvi2\" value=\"\">\n  (Session info: chrome=143.0.7499.169)\nStacktrace:\n#0 0x55cfccfad40a <unknown>\n#1 0x55cfcc9e176b <unknown>\n#2 0x55cfcca39c04 <unknown>\n#3 0x55cfcca37ac8 <unknown>\n#4 0x55cfcca351ea <unknown>\n#5 0x55cfcca34329 <unknown>\n#6 0x55cfcca27642 <unknown>\n#7 0x55cfcca26fe7 <unknown>\n#8 0x55cfcca7e760 <unknown>\n#9 0x55cfcca257b2 <unknown>\n#10 0x55cfcca26461 <unknown>\n#11 0x55cfccf75df9 <unknown>\n#12 0x55cfccf78d5d <unknown>\n#13 0x55cfccf5eb41 <unknown>\n#14 0x55cfccf7993b <unknown>\n#15 0x55cfccf45870 <unknown>\n#16 0x55cfccf9a828 <unknown>\n#17 0x55cfccf9a9fc <unknown>\n#18 0x55cfccfac763 <unknown>\n#19 0x7f227709caa4 <unknown>\n#20 0x7f2277129c6c <unknown>","statusTrace":"src/tests/ui/test_ui_login.py:77: in test_login_with_empty_credentials\n    kurly_login_page.click_login_button()\nsrc/pages/kurly_login_page.py:67: in click_login_button\n    self.click(self.SUBMIT_BUTTON)\nsrc/pages/base_page.py:273: in click\n    element.click()\nvenv/lib/python3.11/site-packages/selenium/webdriver/remote/webelement.py:94: in click\n    self._execute(Command.CLICK_ELEMENT)\nvenv/lib/python3.11/site-packages/selenium/webdriver/remote/webelement.py:402: in _execute\n    return self._parent.execute(command, params)\nvenv/lib/python3.11/site-packages/selenium/webdriver/remote/webdriver.py:384: in execute\n    self.error_handler.check_response(response)\nvenv/lib/python3.11/site-packages/selenium/webdriver/remote/errorhandler.py:232: in check_response\n    raise exception_class(message, screen, stacktrace)\nE   selenium.common.exceptions.ElementClickInterceptedException: Message: element click intercepted: Element <button class=\"css-4ojrwk e4nu7ef3\" type=\"submit\" height=\"54\" radius=\"6\">...</button> is not clickable at point (525, 419). Other element would receive the click: <input data-testid=\"input-box\" name=\"password\" placeholder=\"비밀번호를 입력해주세요\" type=\"password\" autocomplete=\"off\" class=\"css-u52dqk e1uzxhvi2\" value=\"\">\nE     (Session info: chrome=143.0.7499.169)\nE   Stacktrace:\nE   #0 0x55cfccfad40a <unknown>\nE   #1 0x55cfcc9e176b <unknown>\nE   #2 0x55cfcca39c04 <unknown>\nE   #3 0x55cfcca37ac8 <unknown>\nE   #4 0x55cfcca351ea <unknown>\nE   #5 0x55cfcca34329 <unknown>\nE   #6 0x55cfcca27642 <unknown>\nE   #7 0x55cfcca26fe7 <unknown>\nE   #8 0x55cfcca7e760 <unknown>\nE   #9 0x55cfcca257b2 <unknown>\nE   #10 0x55cfcca26461 <unknown>\nE   #11 0x55cfccf75df9 <unknown>\nE   #12 0x55cfccf78d5d <unknown>\nE   #13 0x55cfccf5eb41 <unknown>\nE   #14 0x55cfccf7993b <unknown>\nE   #15 0x55cfccf45870 <unknown>\nE   #16 0x55cfccf9a828 <unknown>\nE   #17 0x55cfccf9a9fc <unknown>\nE   #18 0x55cfccfac763 <unknown>\nE   #19 0x7f227709caa4 <unknown>\nE   #20 0x7f2277129c6c <unknown>","steps":[{"name":"빈 계정 정보로 로그인 시도","time":{"start":1768162188554,"stop":1768162190220,"duration":1666},"status":"broken","statusMessage":"selenium.common.exceptions.ElementClickInterceptedException: Message: element click intercepted: Element <button class=\"css-4ojrwk e4nu7ef3\" type=\"submit\" height=\"54\" radius=\"6\">...</button> is not clickable at point (525, 419). Other element would receive the click: <input data-testid=\"input-box\" name=\"password\" placeholder=\"비밀번호를 입력해주세요\" type=\"password\" autocomplete=\"off\" class=\"css-u52dqk e1uzxhvi2\" value=\"\">\n  (Session info: chrome=143.0.7499.169)\nStacktrace:\n#0 0x55cfccfad40a <unknown>\n#1 0x55cfcc9e176b <unknown>\n#2 0x55cfcca39c04 <unknown>\n#3 0x55cfcca37ac8 <unknown>\n#4 0x55cfcca351ea <unknown>\n#5 0x55cfcca34329 <unknown>\n#6 0x55cfcca27642 <unknown>\n#7 0x55cfcca26fe7 <unknown>\n#8 0x55cfcca7e760 <unknown>\n#9 0x55cfcca257b2 <unknown>\n#10 0x55cfcca26461 <unknown>\n#11 0x55cfccf75df9 <unknown>\n#12 0x55cfccf78d5d <unknown>\n#13 0x55cfccf5eb41 <unknown>\n#14 0x55cfccf7993b <unknown>\n#15 0x55cfccf45870 <unknown>\n#16 0x55cfccf9a828 <unknown>\n#17 0x55cfccf9a9fc <unknown>\n#18 0x55cfccfac763 <unknown>\n#19 0x7f227709caa4 <unknown>\n#20 0x7f2277129c6c <unknown>\n\n","statusTrace":"  File \"/home/runner/work/QATEST/QATEST/src/tests/ui/test_ui_login.py\", line 77, in test_login_with_empty_credentials\n    kurly_login_page.click_login_button()\n  File \"/home/runner/work/QATEST/QATEST/src/pages/kurly_login_page.py\", line 67, in click_login_button\n    self.click(self.SUBMIT_BUTTON)\n  File \"/home/runner/work/QATEST/QATEST/src/pages/base_page.py\", line 273, in click\n    element.click()\n  File \"/home/runner/work/QATEST/QATEST/venv/lib/python3.11/site-packages/selenium/webdriver/remote/webelement.py\", line 94, in click\n    self._execute(Command.CLICK_ELEMENT)\n  File \"/home/runner/work/QATEST/QATEST/venv/lib/python3.11/site-packages/selenium/webdriver/remote/webelement.py\", line 402, in _execute\n    return self._parent.execute(command, params)\n           ^^^^^^^^^^^^^^^^^^^^^^^^^^^^^^^^^^^^^\n  File \"/home/runner/work/QATEST/QATEST/venv/lib/python3.11/site-packages/selenium/webdriver/remote/webdriver.py\", line 384, in execute\n    self.error_handler.check_response(response)\n  File \"/home/runner/work/QATEST/QATEST/venv/lib/python3.11/site-packages/selenium/webdriver/remote/errorhandler.py\", line 232, in check_response\n    raise exception_class(message, screen, stacktrace)\n","steps":[],"attachments":[],"parameters":[],"shouldDisplayMessage":true,"stepsCount":0,"attachmentsCount":0,"hasContent":true,"attachmentStep":false}],"attachments":[{"uid":"458def84a3725b7e","name":"log","source":"458def84a3725b7e.txt","type":"text/plain","size":13159},{"uid":"1a0dc9299162e2f6","name":"stderr","source":"1a0dc9299162e2f6.txt","type":"text/plain","size":198}],"parameters":[],"shouldDisplayMessage":true,"stepsCount":1,"attachmentsCount":2,"hasContent":true,"attachmentStep":false},"afterStages":[{"name":"driver::0","time":{"start":1768162192140,"stop":1768162192212,"duration":72},"status":"passed","steps":[],"attachments":[],"parameters":[],"shouldDisplayMessage":false,"stepsCount":0,"attachmentsCount":0,"hasContent":false,"attachmentStep":false}],"labels":[{"name":"story","value":"로그인"},{"name":"feature","value":"사용자 인증"},{"name":"severity","value":"critical"},{"name":"tag","value":"ui"},{"name":"parentSuite","value":"src.tests.ui"},{"name":"suite","value":"test_ui_login"},{"name":"subSuite","value":"TestLogin"},{"name":"host","value":"runnervmi13qx"},{"name":"thread","value":"2627-MainThread"},{"name":"framework","value":"pytest"},{"name":"language","value":"cpython3"},{"name":"package","value":"src.tests.ui.test_ui_login"},{"name":"resultFormat","value":"allure2"}],"parameters":[],"links":[],"hidden":false,"retry":false,"extra":{"severity":"critical","retries":[],"categories":[{"name":"Test defects","matchedStatuses":[],"flaky":false}],"tags":["ui"]},"source":"3cdbf8397216ec9d.json","parameterValues":[]}