{"uid":"4616712bcd7514cc","name":"상품을 장바구니에 추가하는 전체 플로우 테스트","fullName":"src.tests.ui.test_add_goods_to_cart#test_add_good_to_cart_flow","historyId":"ffe282402330c5f1c02c05e3664378c1","time":{"start":1768652919355,"stop":1768652929642,"duration":10287},"description":"\n    상품을 장바구니에 추가하는 전체 플로우 테스트\n    Steps:\n        1. 상품 검색\n        2. 세 번째 상품의 추가 버튼 클릭\n        3. 수량 2회 증가\n        4. 수량 2회 감소\n        5. 장바구니에 담기\n    ","descriptionHtml":"<pre><code>상품을 장바구니에 추가하는 전체 플로우 테스트\nSteps:\n    1. 상품 검색\n    2. 세 번째 상품의 추가 버튼 클릭\n    3. 수량 2회 증가\n    4. 수량 2회 감소\n    5. 장바구니에 담기\n</code></pre>\n","status":"broken","statusMessage":"selenium.common.exceptions.TimeoutException: Message: ❌ 요소를 클릭할 수 없습니다: ('xpath', \"//button[@class='kpds_j1jks21 kpds_j1jks25']\")","statusTrace":"src/pages/base_page.py:272: in click\n    element = self.wait_clickable(locator, timeout)\nsrc/pages/base_page.py:127: in wait_clickable\n    return wait.until(EC.element_to_be_clickable(locator))\nvenv/lib/python3.11/site-packages/selenium/webdriver/support/wait.py:105: in until\n    raise TimeoutException(message, screen, stacktrace)\nE   selenium.common.exceptions.TimeoutException: Message: \nE   Stacktrace:\nE   #0 0x562410a7740a <unknown>\nE   #1 0x5624104ab76b <unknown>\nE   #2 0x5624104fce88 <unknown>\nE   #3 0x5624104fd0c1 <unknown>\nE   #4 0x56241054b2c4 <unknown>\nE   #5 0x562410548760 <unknown>\nE   #6 0x5624104ef7b2 <unknown>\nE   #7 0x5624104f0461 <unknown>\nE   #8 0x562410a3fdf9 <unknown>\nE   #9 0x562410a42d5d <unknown>\nE   #10 0x562410a28b41 <unknown>\nE   #11 0x562410a4393b <unknown>\nE   #12 0x562410a0f870 <unknown>\nE   #13 0x562410a64828 <unknown>\nE   #14 0x562410a649fc <unknown>\nE   #15 0x562410a76763 <unknown>\nE   #16 0x7f226da9caa4 <unknown>\nE   #17 0x7f226db29c6c <unknown>\n\nDuring handling of the above exception, another exception occurred:\nsrc/tests/ui/test_add_goods_to_cart.py:35: in test_add_good_to_cart_flow\n    kurly_search_page.quantity_up_in_alt(increase_count)\nsrc/pages/kurly_search_page.py:198: in quantity_up_in_alt\n    self.click(self.QUANTITY_UP_BUTTON_IN_ALT)\nsrc/pages/base_page.py:277: in click\n    raise TimeoutException(f\"❌ 요소를 클릭할 수 없습니다: {locator}\")\nE   selenium.common.exceptions.TimeoutException: Message: ❌ 요소를 클릭할 수 없습니다: ('xpath', \"//button[@class='kpds_j1jks21 kpds_j1jks25']\")","flaky":false,"newFailed":false,"newBroken":false,"newPassed":false,"retriesCount":0,"retriesStatusChange":false,"beforeStages":[{"name":"driver","time":{"start":1768652913308,"stop":1768652919354,"duration":6046},"status":"passed","steps":[],"attachments":[],"parameters":[],"shouldDisplayMessage":false,"stepsCount":0,"attachmentsCount":0,"hasContent":false,"attachmentStep":false},{"name":"kurly_goods_page","time":{"start":1768652919354,"stop":1768652919354,"duration":0},"status":"passed","steps":[],"attachments":[],"parameters":[],"shouldDisplayMessage":false,"stepsCount":0,"attachmentsCount":0,"hasContent":false,"attachmentStep":false},{"name":"kurly_search_page","time":{"start":1768652919354,"stop":1768652919354,"duration":0},"status":"passed","steps":[],"attachments":[],"parameters":[],"shouldDisplayMessage":false,"stepsCount":0,"attachmentsCount":0,"hasContent":false,"attachmentStep":false},{"name":"kurly_main_page","time":{"start":1768652919354,"stop":1768652919354,"duration":0},"status":"passed","steps":[],"attachments":[],"parameters":[],"shouldDisplayMessage":false,"stepsCount":0,"attachmentsCount":0,"hasContent":false,"attachmentStep":false}],"testStage":{"description":"\n    상품을 장바구니에 추가하는 전체 플로우 테스트\n    Steps:\n        1. 상품 검색\n        2. 세 번째 상품의 추가 버튼 클릭\n        3. 수량 2회 증가\n        4. 수량 2회 감소\n        5. 장바구니에 담기\n    ","status":"broken","statusMessage":"selenium.common.exceptions.TimeoutException: Message: ❌ 요소를 클릭할 수 없습니다: ('xpath', \"//button[@class='kpds_j1jks21 kpds_j1jks25']\")","statusTrace":"src/pages/base_page.py:272: in click\n    element = self.wait_clickable(locator, timeout)\nsrc/pages/base_page.py:127: in wait_clickable\n    return wait.until(EC.element_to_be_clickable(locator))\nvenv/lib/python3.11/site-packages/selenium/webdriver/support/wait.py:105: in until\n    raise TimeoutException(message, screen, stacktrace)\nE   selenium.common.exceptions.TimeoutException: Message: \nE   Stacktrace:\nE   #0 0x562410a7740a <unknown>\nE   #1 0x5624104ab76b <unknown>\nE   #2 0x5624104fce88 <unknown>\nE   #3 0x5624104fd0c1 <unknown>\nE   #4 0x56241054b2c4 <unknown>\nE   #5 0x562410548760 <unknown>\nE   #6 0x5624104ef7b2 <unknown>\nE   #7 0x5624104f0461 <unknown>\nE   #8 0x562410a3fdf9 <unknown>\nE   #9 0x562410a42d5d <unknown>\nE   #10 0x562410a28b41 <unknown>\nE   #11 0x562410a4393b <unknown>\nE   #12 0x562410a0f870 <unknown>\nE   #13 0x562410a64828 <unknown>\nE   #14 0x562410a649fc <unknown>\nE   #15 0x562410a76763 <unknown>\nE   #16 0x7f226da9caa4 <unknown>\nE   #17 0x7f226db29c6c <unknown>\n\nDuring handling of the above exception, another exception occurred:\nsrc/tests/ui/test_add_goods_to_cart.py:35: in test_add_good_to_cart_flow\n    kurly_search_page.quantity_up_in_alt(increase_count)\nsrc/pages/kurly_search_page.py:198: in quantity_up_in_alt\n    self.click(self.QUANTITY_UP_BUTTON_IN_ALT)\nsrc/pages/base_page.py:277: in click\n    raise TimeoutException(f\"❌ 요소를 클릭할 수 없습니다: {locator}\")\nE   selenium.common.exceptions.TimeoutException: Message: ❌ 요소를 클릭할 수 없습니다: ('xpath', \"//button[@class='kpds_j1jks21 kpds_j1jks25']\")","steps":[{"name":"메인 페이지 접속","time":{"start":1768652919355,"stop":1768652922823,"duration":3468},"status":"passed","steps":[],"attachments":[],"parameters":[],"shouldDisplayMessage":false,"stepsCount":0,"attachmentsCount":0,"hasContent":false,"attachmentStep":false},{"name":"'과자' 검색","time":{"start":1768652922823,"stop":1768652923245,"duration":422},"status":"passed","steps":[],"attachments":[],"parameters":[],"shouldDisplayMessage":false,"stepsCount":0,"attachmentsCount":0,"hasContent":false,"attachmentStep":false},{"name":"세 번째 상품 담기 버튼 클릭","time":{"start":1768652923245,"stop":1768652924303,"duration":1058},"status":"passed","steps":[],"attachments":[],"parameters":[],"shouldDisplayMessage":false,"stepsCount":0,"attachmentsCount":0,"hasContent":false,"attachmentStep":false},{"name":"수량 2회 증가","time":{"start":1768652924303,"stop":1768652929641,"duration":5338},"status":"broken","statusMessage":"selenium.common.exceptions.TimeoutException: Message: ❌ 요소를 클릭할 수 없습니다: ('xpath', \"//button[@class='kpds_j1jks21 kpds_j1jks25']\")\n\n","statusTrace":"  File \"/home/runner/work/QATEST/QATEST/src/tests/ui/test_add_goods_to_cart.py\", line 35, in test_add_good_to_cart_flow\n    kurly_search_page.quantity_up_in_alt(increase_count)\n  File \"/home/runner/work/QATEST/QATEST/src/pages/kurly_search_page.py\", line 198, in quantity_up_in_alt\n    self.click(self.QUANTITY_UP_BUTTON_IN_ALT)\n  File \"/home/runner/work/QATEST/QATEST/src/pages/base_page.py\", line 277, in click\n    raise TimeoutException(f\"❌ 요소를 클릭할 수 없습니다: {locator}\")\n","steps":[],"attachments":[],"parameters":[],"shouldDisplayMessage":true,"stepsCount":0,"attachmentsCount":0,"hasContent":true,"attachmentStep":false}],"attachments":[{"uid":"dc71faf0cdf93fcc","name":"log","source":"dc71faf0cdf93fcc.txt","type":"text/plain","size":120365},{"uid":"2aa3b04fd9e399e8","name":"stderr","source":"2aa3b04fd9e399e8.txt","type":"text/plain","size":480}],"parameters":[],"shouldDisplayMessage":true,"stepsCount":4,"attachmentsCount":2,"hasContent":true,"attachmentStep":false},"afterStages":[{"name":"driver::0","time":{"start":1768652929695,"stop":1768652929766,"duration":71},"status":"passed","steps":[],"attachments":[],"parameters":[],"shouldDisplayMessage":false,"stepsCount":0,"attachmentsCount":0,"hasContent":false,"attachmentStep":false}],"labels":[{"name":"story","value":"상품 추가 플로우"},{"name":"feature","value":"장바구니 기능"},{"name":"tag","value":"ui"},{"name":"parentSuite","value":"src.tests.ui"},{"name":"suite","value":"test_add_goods_to_cart"},{"name":"host","value":"runnervmmtnos"},{"name":"thread","value":"2589-MainThread"},{"name":"framework","value":"pytest"},{"name":"language","value":"cpython3"},{"name":"package","value":"src.tests.ui.test_add_goods_to_cart"},{"name":"resultFormat","value":"allure2"}],"parameters":[],"links":[],"hidden":false,"retry":false,"extra":{"severity":"normal","retries":[],"categories":[{"name":"Test defects","matchedStatuses":[],"flaky":false}],"tags":["ui"]},"source":"4616712bcd7514cc.json","parameterValues":[]}