{"uid":"46a9fd38569645f9","name":"여러 상품을 장바구니에 담기","fullName":"src.tests.ui.test_cart_management.TestCartManagement#test_add_multiple_items_to_cart","historyId":"b10392ec03b6bdb85794b4326da8c28d","time":{"start":1770193152566,"stop":1770193161231,"duration":8665},"description":"여러 상품을 장바구니에 담고 모두 장바구니에 있는지 확인","descriptionHtml":"<p>여러 상품을 장바구니에 담고 모두 장바구니에 있는지 확인</p>\n","status":"broken","statusMessage":"selenium.common.exceptions.TimeoutException: Message: ❌ 요소를 클릭할 수 없습니다: ('xpath', \"//button[contains(text(),'장바구니 담기')]\")","statusTrace":"src/pages/base_page.py:272: in click\n    element = self.wait_clickable(locator, timeout)\nsrc/pages/base_page.py:127: in wait_clickable\n    return wait.until(EC.element_to_be_clickable(locator))\nvenv/lib/python3.11/site-packages/selenium/webdriver/support/wait.py:105: in until\n    raise TimeoutException(message, screen, stacktrace)\nE   selenium.common.exceptions.TimeoutException: Message: \nE   Stacktrace:\nE   #0 0x56478c098a4a <unknown>\nE   #1 0x56478bab16a2 <unknown>\nE   #2 0x56478bb06a8d <unknown>\nE   #3 0x56478bb06cd1 <unknown>\nE   #4 0x56478bb525c4 <unknown>\nE   #5 0x56478bb4f7f0 <unknown>\nE   #6 0x56478baf88b2 <unknown>\nE   #7 0x56478baf96a1 <unknown>\nE   #8 0x56478c05e8a9 <unknown>\nE   #9 0x56478c0617b1 <unknown>\nE   #10 0x56478c04aea9 <unknown>\nE   #11 0x56478c06236e <unknown>\nE   #12 0x56478c031410 <unknown>\nE   #13 0x56478c0860c8 <unknown>\nE   #14 0x56478c08629b <unknown>\nE   #15 0x56478c097db8 <unknown>\nE   #16 0x7fa6bb49caa4 <unknown>\nE   #17 0x7fa6bb529c6c <unknown>\n\nDuring handling of the above exception, another exception occurred:\nsrc/tests/ui/test_cart_management.py:32: in test_add_multiple_items_to_cart\n    kurly_search_page.add_to_cart_in_alt()\nsrc/pages/kurly_search_page.py:238: in add_to_cart_in_alt\n    self.click(self.ADD_TO_CART_BUTTONS_IN_ALT)\nsrc/pages/base_page.py:277: in click\n    raise TimeoutException(f\"❌ 요소를 클릭할 수 없습니다: {locator}\")\nE   selenium.common.exceptions.TimeoutException: Message: ❌ 요소를 클릭할 수 없습니다: ('xpath', \"//button[contains(text(),'장바구니 담기')]\")","flaky":false,"newFailed":false,"newBroken":false,"newPassed":false,"retriesCount":0,"retriesStatusChange":false,"beforeStages":[{"name":"driver","time":{"start":1770193152008,"stop":1770193152565,"duration":557},"status":"passed","steps":[],"attachments":[],"parameters":[],"shouldDisplayMessage":false,"stepsCount":0,"attachmentsCount":0,"hasContent":false,"attachmentStep":false},{"name":"kurly_search_page","time":{"start":1770193152566,"stop":1770193152566,"duration":0},"status":"passed","steps":[],"attachments":[],"parameters":[],"shouldDisplayMessage":false,"stepsCount":0,"attachmentsCount":0,"hasContent":false,"attachmentStep":false},{"name":"kurly_cart_page","time":{"start":1770193152566,"stop":1770193152566,"duration":0},"status":"passed","steps":[],"attachments":[],"parameters":[],"shouldDisplayMessage":false,"stepsCount":0,"attachmentsCount":0,"hasContent":false,"attachmentStep":false},{"name":"kurly_main_page","time":{"start":1770193152566,"stop":1770193152566,"duration":0},"status":"passed","steps":[],"attachments":[],"parameters":[],"shouldDisplayMessage":false,"stepsCount":0,"attachmentsCount":0,"hasContent":false,"attachmentStep":false}],"testStage":{"description":"여러 상품을 장바구니에 담고 모두 장바구니에 있는지 확인","status":"broken","statusMessage":"selenium.common.exceptions.TimeoutException: Message: ❌ 요소를 클릭할 수 없습니다: ('xpath', \"//button[contains(text(),'장바구니 담기')]\")","statusTrace":"src/pages/base_page.py:272: in click\n    element = self.wait_clickable(locator, timeout)\nsrc/pages/base_page.py:127: in wait_clickable\n    return wait.until(EC.element_to_be_clickable(locator))\nvenv/lib/python3.11/site-packages/selenium/webdriver/support/wait.py:105: in until\n    raise TimeoutException(message, screen, stacktrace)\nE   selenium.common.exceptions.TimeoutException: Message: \nE   Stacktrace:\nE   #0 0x56478c098a4a <unknown>\nE   #1 0x56478bab16a2 <unknown>\nE   #2 0x56478bb06a8d <unknown>\nE   #3 0x56478bb06cd1 <unknown>\nE   #4 0x56478bb525c4 <unknown>\nE   #5 0x56478bb4f7f0 <unknown>\nE   #6 0x56478baf88b2 <unknown>\nE   #7 0x56478baf96a1 <unknown>\nE   #8 0x56478c05e8a9 <unknown>\nE   #9 0x56478c0617b1 <unknown>\nE   #10 0x56478c04aea9 <unknown>\nE   #11 0x56478c06236e <unknown>\nE   #12 0x56478c031410 <unknown>\nE   #13 0x56478c0860c8 <unknown>\nE   #14 0x56478c08629b <unknown>\nE   #15 0x56478c097db8 <unknown>\nE   #16 0x7fa6bb49caa4 <unknown>\nE   #17 0x7fa6bb529c6c <unknown>\n\nDuring handling of the above exception, another exception occurred:\nsrc/tests/ui/test_cart_management.py:32: in test_add_multiple_items_to_cart\n    kurly_search_page.add_to_cart_in_alt()\nsrc/pages/kurly_search_page.py:238: in add_to_cart_in_alt\n    self.click(self.ADD_TO_CART_BUTTONS_IN_ALT)\nsrc/pages/base_page.py:277: in click\n    raise TimeoutException(f\"❌ 요소를 클릭할 수 없습니다: {locator}\")\nE   selenium.common.exceptions.TimeoutException: Message: ❌ 요소를 클릭할 수 없습니다: ('xpath', \"//button[contains(text(),'장바구니 담기')]\")","steps":[{"name":"메인 페이지 접속","time":{"start":1770193152566,"stop":1770193154905,"duration":2339},"status":"passed","steps":[],"attachments":[],"parameters":[],"shouldDisplayMessage":false,"stepsCount":0,"attachmentsCount":0,"hasContent":false,"attachmentStep":false},{"name":"'과자' 검색","time":{"start":1770193154905,"stop":1770193155834,"duration":929},"status":"passed","steps":[],"attachments":[],"parameters":[],"shouldDisplayMessage":false,"stepsCount":0,"attachmentsCount":0,"hasContent":false,"attachmentStep":false},{"name":"3개 상품을 장바구니에 담기","time":{"start":1770193155834,"stop":1770193161231,"duration":5397},"status":"broken","statusMessage":"selenium.common.exceptions.TimeoutException: Message: ❌ 요소를 클릭할 수 없습니다: ('xpath', \"//button[contains(text(),'장바구니 담기')]\")\n\n","statusTrace":"  File \"/home/runner/work/QATEST/QATEST/src/tests/ui/test_cart_management.py\", line 32, in test_add_multiple_items_to_cart\n    kurly_search_page.add_to_cart_in_alt()\n  File \"/home/runner/work/QATEST/QATEST/src/pages/kurly_search_page.py\", line 238, in add_to_cart_in_alt\n    self.click(self.ADD_TO_CART_BUTTONS_IN_ALT)\n  File \"/home/runner/work/QATEST/QATEST/src/pages/base_page.py\", line 277, in click\n    raise TimeoutException(f\"❌ 요소를 클릭할 수 없습니다: {locator}\")\n","steps":[],"attachments":[],"parameters":[],"shouldDisplayMessage":true,"stepsCount":0,"attachmentsCount":0,"hasContent":true,"attachmentStep":false}],"attachments":[{"uid":"145bd3df804077ff","name":"log","source":"145bd3df804077ff.txt","type":"text/plain","size":121505},{"uid":"46d9a132a6f78e93","name":"stderr","source":"46d9a132a6f78e93.txt","type":"text/plain","size":486}],"parameters":[],"shouldDisplayMessage":true,"stepsCount":3,"attachmentsCount":2,"hasContent":true,"attachmentStep":false},"afterStages":[{"name":"driver::0","time":{"start":1770193169609,"stop":1770193169687,"duration":78},"status":"passed","steps":[],"attachments":[],"parameters":[],"shouldDisplayMessage":false,"stepsCount":0,"attachmentsCount":0,"hasContent":false,"attachmentStep":false}],"labels":[{"name":"feature","value":"장바구니 관리"},{"name":"story","value":"장바구니 상품 관리"},{"name":"tag","value":"ui"},{"name":"parentSuite","value":"src.tests.ui"},{"name":"suite","value":"test_cart_management"},{"name":"subSuite","value":"TestCartManagement"},{"name":"host","value":"runnervmkj6or"},{"name":"thread","value":"2636-MainThread"},{"name":"framework","value":"pytest"},{"name":"language","value":"cpython3"},{"name":"package","value":"src.tests.ui.test_cart_management"},{"name":"resultFormat","value":"allure2"}],"parameters":[],"links":[],"hidden":false,"retry":false,"extra":{"severity":"normal","retries":[],"categories":[{"name":"Test defects","matchedStatuses":[],"flaky":false}],"tags":["ui"]},"source":"46a9fd38569645f9.json","parameterValues":[]}