{"uid":"4871da6ab99dcdb7","name":"여러 상품을 장바구니에 담기","fullName":"src.tests.ui.test_cart_management.TestCartManagement#test_add_multiple_items_to_cart","historyId":"b10392ec03b6bdb85794b4326da8c28d","time":{"start":1769301521766,"stop":1769301532808,"duration":11042},"description":"여러 상품을 장바구니에 담고 모두 장바구니에 있는지 확인","descriptionHtml":"<p>여러 상품을 장바구니에 담고 모두 장바구니에 있는지 확인</p>\n","status":"broken","statusMessage":"selenium.common.exceptions.StaleElementReferenceException: Message: stale element reference: stale element not found in the current frame\n  (Session info: chrome=144.0.7559.59); For documentation on this error, please visit: https://www.selenium.dev/documentation/webdriver/troubleshooting/errors#stale-element-reference-exception\nStacktrace:\n#0 0x56552a1b2afa <unknown>\n#1 0x565529bcc60f <unknown>\n#2 0x565529bd3712 <unknown>\n#3 0x565529bd6289 <unknown>\n#4 0x565529c6b6c9 <unknown>\n#5 0x565529c6a62b <unknown>\n#6 0x565529c13842 <unknown>\n#7 0x565529c14631 <unknown>\n#8 0x56552a178689 <unknown>\n#9 0x56552a17b581 <unknown>\n#10 0x56552a164ca9 <unknown>\n#11 0x56552a17c13e <unknown>\n#12 0x56552a14b3a0 <unknown>\n#13 0x56552a19ffc8 <unknown>\n#14 0x56552a1a019b <unknown>\n#15 0x56552a1b1e68 <unknown>\n#16 0x7efe3309caa4 <unknown>\n#17 0x7efe33129c6c <unknown>","statusTrace":"src/tests/ui/test_cart_management.py:43: in test_add_multiple_items_to_cart\n    kurly_main_page.go_to_cart()\nsrc/pages/kurly_main_page.py:117: in go_to_cart\n    self.driver.execute_script(\"arguments[0].click();\", cart_icon_el)\nvenv/lib/python3.11/site-packages/selenium/webdriver/remote/webdriver.py:444: in execute_script\n    return self.execute(command, {\"script\": script, \"args\": converted_args})[\"value\"]\nvenv/lib/python3.11/site-packages/selenium/webdriver/remote/webdriver.py:384: in execute\n    self.error_handler.check_response(response)\nvenv/lib/python3.11/site-packages/selenium/webdriver/remote/errorhandler.py:232: in check_response\n    raise exception_class(message, screen, stacktrace)\nE   selenium.common.exceptions.StaleElementReferenceException: Message: stale element reference: stale element not found in the current frame\nE     (Session info: chrome=144.0.7559.59); For documentation on this error, please visit: https://www.selenium.dev/documentation/webdriver/troubleshooting/errors#stale-element-reference-exception\nE   Stacktrace:\nE   #0 0x56552a1b2afa <unknown>\nE   #1 0x565529bcc60f <unknown>\nE   #2 0x565529bd3712 <unknown>\nE   #3 0x565529bd6289 <unknown>\nE   #4 0x565529c6b6c9 <unknown>\nE   #5 0x565529c6a62b <unknown>\nE   #6 0x565529c13842 <unknown>\nE   #7 0x565529c14631 <unknown>\nE   #8 0x56552a178689 <unknown>\nE   #9 0x56552a17b581 <unknown>\nE   #10 0x56552a164ca9 <unknown>\nE   #11 0x56552a17c13e <unknown>\nE   #12 0x56552a14b3a0 <unknown>\nE   #13 0x56552a19ffc8 <unknown>\nE   #14 0x56552a1a019b <unknown>\nE   #15 0x56552a1b1e68 <unknown>\nE   #16 0x7efe3309caa4 <unknown>\nE   #17 0x7efe33129c6c <unknown>","flaky":false,"newFailed":false,"newBroken":false,"newPassed":false,"retriesCount":0,"retriesStatusChange":false,"beforeStages":[{"name":"driver","time":{"start":1769301521083,"stop":1769301521765,"duration":682},"status":"passed","steps":[],"attachments":[],"parameters":[],"shouldDisplayMessage":false,"stepsCount":0,"attachmentsCount":0,"hasContent":false,"attachmentStep":false},{"name":"kurly_main_page","time":{"start":1769301521765,"stop":1769301521766,"duration":1},"status":"passed","steps":[],"attachments":[],"parameters":[],"shouldDisplayMessage":false,"stepsCount":0,"attachmentsCount":0,"hasContent":false,"attachmentStep":false},{"name":"kurly_search_page","time":{"start":1769301521766,"stop":1769301521766,"duration":0},"status":"passed","steps":[],"attachments":[],"parameters":[],"shouldDisplayMessage":false,"stepsCount":0,"attachmentsCount":0,"hasContent":false,"attachmentStep":false},{"name":"kurly_cart_page","time":{"start":1769301521766,"stop":1769301521766,"duration":0},"status":"passed","steps":[],"attachments":[],"parameters":[],"shouldDisplayMessage":false,"stepsCount":0,"attachmentsCount":0,"hasContent":false,"attachmentStep":false}],"testStage":{"description":"여러 상품을 장바구니에 담고 모두 장바구니에 있는지 확인","status":"broken","statusMessage":"selenium.common.exceptions.StaleElementReferenceException: Message: stale element reference: stale element not found in the current frame\n  (Session info: chrome=144.0.7559.59); For documentation on this error, please visit: https://www.selenium.dev/documentation/webdriver/troubleshooting/errors#stale-element-reference-exception\nStacktrace:\n#0 0x56552a1b2afa <unknown>\n#1 0x565529bcc60f <unknown>\n#2 0x565529bd3712 <unknown>\n#3 0x565529bd6289 <unknown>\n#4 0x565529c6b6c9 <unknown>\n#5 0x565529c6a62b <unknown>\n#6 0x565529c13842 <unknown>\n#7 0x565529c14631 <unknown>\n#8 0x56552a178689 <unknown>\n#9 0x56552a17b581 <unknown>\n#10 0x56552a164ca9 <unknown>\n#11 0x56552a17c13e <unknown>\n#12 0x56552a14b3a0 <unknown>\n#13 0x56552a19ffc8 <unknown>\n#14 0x56552a1a019b <unknown>\n#15 0x56552a1b1e68 <unknown>\n#16 0x7efe3309caa4 <unknown>\n#17 0x7efe33129c6c <unknown>","statusTrace":"src/tests/ui/test_cart_management.py:43: in test_add_multiple_items_to_cart\n    kurly_main_page.go_to_cart()\nsrc/pages/kurly_main_page.py:117: in go_to_cart\n    self.driver.execute_script(\"arguments[0].click();\", cart_icon_el)\nvenv/lib/python3.11/site-packages/selenium/webdriver/remote/webdriver.py:444: in execute_script\n    return self.execute(command, {\"script\": script, \"args\": converted_args})[\"value\"]\nvenv/lib/python3.11/site-packages/selenium/webdriver/remote/webdriver.py:384: in execute\n    self.error_handler.check_response(response)\nvenv/lib/python3.11/site-packages/selenium/webdriver/remote/errorhandler.py:232: in check_response\n    raise exception_class(message, screen, stacktrace)\nE   selenium.common.exceptions.StaleElementReferenceException: Message: stale element reference: stale element not found in the current frame\nE     (Session info: chrome=144.0.7559.59); For documentation on this error, please visit: https://www.selenium.dev/documentation/webdriver/troubleshooting/errors#stale-element-reference-exception\nE   Stacktrace:\nE   #0 0x56552a1b2afa <unknown>\nE   #1 0x565529bcc60f <unknown>\nE   #2 0x565529bd3712 <unknown>\nE   #3 0x565529bd6289 <unknown>\nE   #4 0x565529c6b6c9 <unknown>\nE   #5 0x565529c6a62b <unknown>\nE   #6 0x565529c13842 <unknown>\nE   #7 0x565529c14631 <unknown>\nE   #8 0x56552a178689 <unknown>\nE   #9 0x56552a17b581 <unknown>\nE   #10 0x56552a164ca9 <unknown>\nE   #11 0x56552a17c13e <unknown>\nE   #12 0x56552a14b3a0 <unknown>\nE   #13 0x56552a19ffc8 <unknown>\nE   #14 0x56552a1a019b <unknown>\nE   #15 0x56552a1b1e68 <unknown>\nE   #16 0x7efe3309caa4 <unknown>\nE   #17 0x7efe33129c6c <unknown>","steps":[{"name":"메인 페이지 접속","time":{"start":1769301521766,"stop":1769301523997,"duration":2231},"status":"passed","steps":[],"attachments":[],"parameters":[],"shouldDisplayMessage":false,"stepsCount":0,"attachmentsCount":0,"hasContent":false,"attachmentStep":false},{"name":"'과자' 검색","time":{"start":1769301523997,"stop":1769301524285,"duration":288},"status":"passed","steps":[],"attachments":[],"parameters":[],"shouldDisplayMessage":false,"stepsCount":0,"attachmentsCount":0,"hasContent":false,"attachmentStep":false},{"name":"3개 상품을 장바구니에 담기","time":{"start":1769301524285,"stop":1769301532672,"duration":8387},"status":"passed","steps":[],"attachments":[],"parameters":[],"shouldDisplayMessage":false,"stepsCount":0,"attachmentsCount":0,"hasContent":false,"attachmentStep":false},{"name":"장바구니로 이동","time":{"start":1769301532672,"stop":1769301532807,"duration":135},"status":"broken","statusMessage":"selenium.common.exceptions.StaleElementReferenceException: Message: stale element reference: stale element not found in the current frame\n  (Session info: chrome=144.0.7559.59); For documentation on this error, please visit: https://www.selenium.dev/documentation/webdriver/troubleshooting/errors#stale-element-reference-exception\nStacktrace:\n#0 0x56552a1b2afa <unknown>\n#1 0x565529bcc60f <unknown>\n#2 0x565529bd3712 <unknown>\n#3 0x565529bd6289 <unknown>\n#4 0x565529c6b6c9 <unknown>\n#5 0x565529c6a62b <unknown>\n#6 0x565529c13842 <unknown>\n#7 0x565529c14631 <unknown>\n#8 0x56552a178689 <unknown>\n#9 0x56552a17b581 <unknown>\n#10 0x56552a164ca9 <unknown>\n#11 0x56552a17c13e <unknown>\n#12 0x56552a14b3a0 <unknown>\n#13 0x56552a19ffc8 <unknown>\n#14 0x56552a1a019b <unknown>\n#15 0x56552a1b1e68 <unknown>\n#16 0x7efe3309caa4 <unknown>\n#17 0x7efe33129c6c <unknown>\n\n","statusTrace":"  File \"/home/runner/work/QATEST/QATEST/src/tests/ui/test_cart_management.py\", line 43, in test_add_multiple_items_to_cart\n    kurly_main_page.go_to_cart()\n  File \"/home/runner/work/QATEST/QATEST/src/pages/kurly_main_page.py\", line 117, in go_to_cart\n    self.driver.execute_script(\"arguments[0].click();\", cart_icon_el)\n  File \"/home/runner/work/QATEST/QATEST/venv/lib/python3.11/site-packages/selenium/webdriver/remote/webdriver.py\", line 444, in execute_script\n    return self.execute(command, {\"script\": script, \"args\": converted_args})[\"value\"]\n           ^^^^^^^^^^^^^^^^^^^^^^^^^^^^^^^^^^^^^^^^^^^^^^^^^^^^^^^^^^^^^^^^^\n  File \"/home/runner/work/QATEST/QATEST/venv/lib/python3.11/site-packages/selenium/webdriver/remote/webdriver.py\", line 384, in execute\n    self.error_handler.check_response(response)\n  File \"/home/runner/work/QATEST/QATEST/venv/lib/python3.11/site-packages/selenium/webdriver/remote/errorhandler.py\", line 232, in check_response\n    raise exception_class(message, screen, stacktrace)\n","steps":[],"attachments":[],"parameters":[],"shouldDisplayMessage":true,"stepsCount":0,"attachmentsCount":0,"hasContent":true,"attachmentStep":false}],"attachments":[{"uid":"9c16ca388da407","name":"log","source":"9c16ca388da407.txt","type":"text/plain","size":53800},{"uid":"bb6444f40b6ec39e","name":"stderr","source":"bb6444f40b6ec39e.txt","type":"text/plain","size":198}],"parameters":[],"shouldDisplayMessage":true,"stepsCount":4,"attachmentsCount":2,"hasContent":true,"attachmentStep":false},"afterStages":[{"name":"driver::0","time":{"start":1769301541241,"stop":1769301541337,"duration":96},"status":"passed","steps":[],"attachments":[],"parameters":[],"shouldDisplayMessage":false,"stepsCount":0,"attachmentsCount":0,"hasContent":false,"attachmentStep":false}],"labels":[{"name":"story","value":"장바구니 상품 관리"},{"name":"feature","value":"장바구니 관리"},{"name":"tag","value":"ui"},{"name":"parentSuite","value":"src.tests.ui"},{"name":"suite","value":"test_cart_management"},{"name":"subSuite","value":"TestCartManagement"},{"name":"host","value":"runnervmymu0l"},{"name":"thread","value":"2671-MainThread"},{"name":"framework","value":"pytest"},{"name":"language","value":"cpython3"},{"name":"package","value":"src.tests.ui.test_cart_management"},{"name":"resultFormat","value":"allure2"}],"parameters":[],"links":[],"hidden":false,"retry":false,"extra":{"severity":"normal","retries":[],"categories":[{"name":"Test defects","matchedStatuses":[],"flaky":false}],"tags":["ui"]},"source":"4871da6ab99dcdb7.json","parameterValues":[]}