{"uid":"4bd975e045cb28cf","name":"상품을 장바구니에 추가하는 전체 플로우 테스트","fullName":"src.tests.ui.test_add_goods_to_cart#test_add_good_to_cart_flow","historyId":"ffe282402330c5f1c02c05e3664378c1","time":{"start":1769775490624,"stop":1769775494437,"duration":3813},"description":"\n    상품을 장바구니에 추가하는 전체 플로우 테스트\n    Steps:\n        1. 상품 검색\n        2. 세 번째 상품의 추가 버튼 클릭\n        3. 수량 2회 증가\n        4. 수량 2회 감소\n        5. 장바구니에 담기\n    ","descriptionHtml":"<pre><code>상품을 장바구니에 추가하는 전체 플로우 테스트\nSteps:\n    1. 상품 검색\n    2. 세 번째 상품의 추가 버튼 클릭\n    3. 수량 2회 증가\n    4. 수량 2회 감소\n    5. 장바구니에 담기\n</code></pre>\n","status":"broken","statusMessage":"selenium.common.exceptions.StaleElementReferenceException: Message: stale element reference: stale element not found in the current frame\n  (Session info: chrome=144.0.7559.96); For documentation on this error, please visit: https://www.selenium.dev/documentation/webdriver/troubleshooting/errors#stale-element-reference-exception\nStacktrace:\n#0 0x563165d244ba <unknown>\n#1 0x56316578d492 <unknown>\n#2 0x5631657945ab <unknown>\n#3 0x563165796e19 <unknown>\n#4 0x563165796ec3 <unknown>\n#5 0x5631657dd339 <unknown>\n#6 0x5631657d60d7 <unknown>\n#7 0x56316582b700 <unknown>\n#8 0x5631657d46a2 <unknown>\n#9 0x5631657d5491 <unknown>\n#10 0x563165cea479 <unknown>\n#11 0x563165ced391 <unknown>\n#12 0x563165cd6a89 <unknown>\n#13 0x563165cedf4e <unknown>\n#14 0x563165cbd070 <unknown>\n#15 0x563165d11ca8 <unknown>\n#16 0x563165d11e78 <unknown>\n#17 0x563165d23828 <unknown>\n#18 0x7f044349caa4 <unknown>\n#19 0x7f0443529c6c <unknown>","statusTrace":"src/tests/ui/test_add_goods_to_cart.py:31: in test_add_good_to_cart_flow\n    kurly_search_page.click_nth_add_button(3)\nsrc/pages/kurly_search_page.py:176: in click_nth_add_button\n    self.click(nth_add_button)\nsrc/pages/base_page.py:272: in click\n    element = self.wait_clickable(locator, timeout)\nsrc/pages/base_page.py:127: in wait_clickable\n    return wait.until(EC.element_to_be_clickable(locator))\nvenv/lib/python3.11/site-packages/selenium/webdriver/support/wait.py:96: in until\n    value = method(self._driver)\nvenv/lib/python3.11/site-packages/selenium/webdriver/support/expected_conditions.py:365: in _predicate\n    if element and element.is_enabled():\nvenv/lib/python3.11/site-packages/selenium/webdriver/remote/webelement.py:199: in is_enabled\n    return self._execute(Command.IS_ELEMENT_ENABLED)[\"value\"]\nvenv/lib/python3.11/site-packages/selenium/webdriver/remote/webelement.py:402: in _execute\n    return self._parent.execute(command, params)\nvenv/lib/python3.11/site-packages/selenium/webdriver/remote/webdriver.py:384: in execute\n    self.error_handler.check_response(response)\nvenv/lib/python3.11/site-packages/selenium/webdriver/remote/errorhandler.py:232: in check_response\n    raise exception_class(message, screen, stacktrace)\nE   selenium.common.exceptions.StaleElementReferenceException: Message: stale element reference: stale element not found in the current frame\nE     (Session info: chrome=144.0.7559.96); For documentation on this error, please visit: https://www.selenium.dev/documentation/webdriver/troubleshooting/errors#stale-element-reference-exception\nE   Stacktrace:\nE   #0 0x563165d244ba <unknown>\nE   #1 0x56316578d492 <unknown>\nE   #2 0x5631657945ab <unknown>\nE   #3 0x563165796e19 <unknown>\nE   #4 0x563165796ec3 <unknown>\nE   #5 0x5631657dd339 <unknown>\nE   #6 0x5631657d60d7 <unknown>\nE   #7 0x56316582b700 <unknown>\nE   #8 0x5631657d46a2 <unknown>\nE   #9 0x5631657d5491 <unknown>\nE   #10 0x563165cea479 <unknown>\nE   #11 0x563165ced391 <unknown>\nE   #12 0x563165cd6a89 <unknown>\nE   #13 0x563165cedf4e <unknown>\nE   #14 0x563165cbd070 <unknown>\nE   #15 0x563165d11ca8 <unknown>\nE   #16 0x563165d11e78 <unknown>\nE   #17 0x563165d23828 <unknown>\nE   #18 0x7f044349caa4 <unknown>\nE   #19 0x7f0443529c6c <unknown>","flaky":false,"newFailed":false,"newBroken":false,"newPassed":false,"retriesCount":0,"retriesStatusChange":false,"beforeStages":[{"name":"driver","time":{"start":1769775489369,"stop":1769775490623,"duration":1254},"status":"passed","steps":[],"attachments":[],"parameters":[],"shouldDisplayMessage":false,"stepsCount":0,"attachmentsCount":0,"hasContent":false,"attachmentStep":false},{"name":"kurly_goods_page","time":{"start":1769775490624,"stop":1769775490624,"duration":0},"status":"passed","steps":[],"attachments":[],"parameters":[],"shouldDisplayMessage":false,"stepsCount":0,"attachmentsCount":0,"hasContent":false,"attachmentStep":false},{"name":"kurly_search_page","time":{"start":1769775490624,"stop":1769775490624,"duration":0},"status":"passed","steps":[],"attachments":[],"parameters":[],"shouldDisplayMessage":false,"stepsCount":0,"attachmentsCount":0,"hasContent":false,"attachmentStep":false},{"name":"kurly_main_page","time":{"start":1769775490624,"stop":1769775490624,"duration":0},"status":"passed","steps":[],"attachments":[],"parameters":[],"shouldDisplayMessage":false,"stepsCount":0,"attachmentsCount":0,"hasContent":false,"attachmentStep":false}],"testStage":{"description":"\n    상품을 장바구니에 추가하는 전체 플로우 테스트\n    Steps:\n        1. 상품 검색\n        2. 세 번째 상품의 추가 버튼 클릭\n        3. 수량 2회 증가\n        4. 수량 2회 감소\n        5. 장바구니에 담기\n    ","status":"broken","statusMessage":"selenium.common.exceptions.StaleElementReferenceException: Message: stale element reference: stale element not found in the current frame\n  (Session info: chrome=144.0.7559.96); For documentation on this error, please visit: https://www.selenium.dev/documentation/webdriver/troubleshooting/errors#stale-element-reference-exception\nStacktrace:\n#0 0x563165d244ba <unknown>\n#1 0x56316578d492 <unknown>\n#2 0x5631657945ab <unknown>\n#3 0x563165796e19 <unknown>\n#4 0x563165796ec3 <unknown>\n#5 0x5631657dd339 <unknown>\n#6 0x5631657d60d7 <unknown>\n#7 0x56316582b700 <unknown>\n#8 0x5631657d46a2 <unknown>\n#9 0x5631657d5491 <unknown>\n#10 0x563165cea479 <unknown>\n#11 0x563165ced391 <unknown>\n#12 0x563165cd6a89 <unknown>\n#13 0x563165cedf4e <unknown>\n#14 0x563165cbd070 <unknown>\n#15 0x563165d11ca8 <unknown>\n#16 0x563165d11e78 <unknown>\n#17 0x563165d23828 <unknown>\n#18 0x7f044349caa4 <unknown>\n#19 0x7f0443529c6c <unknown>","statusTrace":"src/tests/ui/test_add_goods_to_cart.py:31: in test_add_good_to_cart_flow\n    kurly_search_page.click_nth_add_button(3)\nsrc/pages/kurly_search_page.py:176: in click_nth_add_button\n    self.click(nth_add_button)\nsrc/pages/base_page.py:272: in click\n    element = self.wait_clickable(locator, timeout)\nsrc/pages/base_page.py:127: in wait_clickable\n    return wait.until(EC.element_to_be_clickable(locator))\nvenv/lib/python3.11/site-packages/selenium/webdriver/support/wait.py:96: in until\n    value = method(self._driver)\nvenv/lib/python3.11/site-packages/selenium/webdriver/support/expected_conditions.py:365: in _predicate\n    if element and element.is_enabled():\nvenv/lib/python3.11/site-packages/selenium/webdriver/remote/webelement.py:199: in is_enabled\n    return self._execute(Command.IS_ELEMENT_ENABLED)[\"value\"]\nvenv/lib/python3.11/site-packages/selenium/webdriver/remote/webelement.py:402: in _execute\n    return self._parent.execute(command, params)\nvenv/lib/python3.11/site-packages/selenium/webdriver/remote/webdriver.py:384: in execute\n    self.error_handler.check_response(response)\nvenv/lib/python3.11/site-packages/selenium/webdriver/remote/errorhandler.py:232: in check_response\n    raise exception_class(message, screen, stacktrace)\nE   selenium.common.exceptions.StaleElementReferenceException: Message: stale element reference: stale element not found in the current frame\nE     (Session info: chrome=144.0.7559.96); For documentation on this error, please visit: https://www.selenium.dev/documentation/webdriver/troubleshooting/errors#stale-element-reference-exception\nE   Stacktrace:\nE   #0 0x563165d244ba <unknown>\nE   #1 0x56316578d492 <unknown>\nE   #2 0x5631657945ab <unknown>\nE   #3 0x563165796e19 <unknown>\nE   #4 0x563165796ec3 <unknown>\nE   #5 0x5631657dd339 <unknown>\nE   #6 0x5631657d60d7 <unknown>\nE   #7 0x56316582b700 <unknown>\nE   #8 0x5631657d46a2 <unknown>\nE   #9 0x5631657d5491 <unknown>\nE   #10 0x563165cea479 <unknown>\nE   #11 0x563165ced391 <unknown>\nE   #12 0x563165cd6a89 <unknown>\nE   #13 0x563165cedf4e <unknown>\nE   #14 0x563165cbd070 <unknown>\nE   #15 0x563165d11ca8 <unknown>\nE   #16 0x563165d11e78 <unknown>\nE   #17 0x563165d23828 <unknown>\nE   #18 0x7f044349caa4 <unknown>\nE   #19 0x7f0443529c6c <unknown>","steps":[{"name":"메인 페이지 접속","time":{"start":1769775490624,"stop":1769775493030,"duration":2406},"status":"passed","steps":[],"attachments":[],"parameters":[],"shouldDisplayMessage":false,"stepsCount":0,"attachmentsCount":0,"hasContent":false,"attachmentStep":false},{"name":"'과자' 검색","time":{"start":1769775493030,"stop":1769775493477,"duration":447},"status":"passed","steps":[],"attachments":[],"parameters":[],"shouldDisplayMessage":false,"stepsCount":0,"attachmentsCount":0,"hasContent":false,"attachmentStep":false},{"name":"세 번째 상품 담기 버튼 클릭","time":{"start":1769775493477,"stop":1769775494435,"duration":958},"status":"broken","statusMessage":"selenium.common.exceptions.StaleElementReferenceException: Message: stale element reference: stale element not found in the current frame\n  (Session info: chrome=144.0.7559.96); For documentation on this error, please visit: https://www.selenium.dev/documentation/webdriver/troubleshooting/errors#stale-element-reference-exception\nStacktrace:\n#0 0x563165d244ba <unknown>\n#1 0x56316578d492 <unknown>\n#2 0x5631657945ab <unknown>\n#3 0x563165796e19 <unknown>\n#4 0x563165796ec3 <unknown>\n#5 0x5631657dd339 <unknown>\n#6 0x5631657d60d7 <unknown>\n#7 0x56316582b700 <unknown>\n#8 0x5631657d46a2 <unknown>\n#9 0x5631657d5491 <unknown>\n#10 0x563165cea479 <unknown>\n#11 0x563165ced391 <unknown>\n#12 0x563165cd6a89 <unknown>\n#13 0x563165cedf4e <unknown>\n#14 0x563165cbd070 <unknown>\n#15 0x563165d11ca8 <unknown>\n#16 0x563165d11e78 <unknown>\n#17 0x563165d23828 <unknown>\n#18 0x7f044349caa4 <unknown>\n#19 0x7f0443529c6c <unknown>\n\n","statusTrace":"  File \"/home/runner/work/QATEST/QATEST/src/tests/ui/test_add_goods_to_cart.py\", line 31, in test_add_good_to_cart_flow\n    kurly_search_page.click_nth_add_button(3)\n  File \"/home/runner/work/QATEST/QATEST/src/pages/kurly_search_page.py\", line 176, in click_nth_add_button\n    self.click(nth_add_button)\n  File \"/home/runner/work/QATEST/QATEST/src/pages/base_page.py\", line 272, in click\n    element = self.wait_clickable(locator, timeout)\n              ^^^^^^^^^^^^^^^^^^^^^^^^^^^^^^^^^^^^^\n  File \"/home/runner/work/QATEST/QATEST/src/pages/base_page.py\", line 127, in wait_clickable\n    return wait.until(EC.element_to_be_clickable(locator))\n           ^^^^^^^^^^^^^^^^^^^^^^^^^^^^^^^^^^^^^^^^^^^^^^^\n  File \"/home/runner/work/QATEST/QATEST/venv/lib/python3.11/site-packages/selenium/webdriver/support/wait.py\", line 96, in until\n    value = method(self._driver)\n            ^^^^^^^^^^^^^^^^^^^^\n  File \"/home/runner/work/QATEST/QATEST/venv/lib/python3.11/site-packages/selenium/webdriver/support/expected_conditions.py\", line 365, in _predicate\n    if element and element.is_enabled():\n                   ^^^^^^^^^^^^^^^^^^^^\n  File \"/home/runner/work/QATEST/QATEST/venv/lib/python3.11/site-packages/selenium/webdriver/remote/webelement.py\", line 199, in is_enabled\n    return self._execute(Command.IS_ELEMENT_ENABLED)[\"value\"]\n           ^^^^^^^^^^^^^^^^^^^^^^^^^^^^^^^^^^^^^^^^^\n  File \"/home/runner/work/QATEST/QATEST/venv/lib/python3.11/site-packages/selenium/webdriver/remote/webelement.py\", line 402, in _execute\n    return self._parent.execute(command, params)\n           ^^^^^^^^^^^^^^^^^^^^^^^^^^^^^^^^^^^^^\n  File \"/home/runner/work/QATEST/QATEST/venv/lib/python3.11/site-packages/selenium/webdriver/remote/webdriver.py\", line 384, in execute\n    self.error_handler.check_response(response)\n  File \"/home/runner/work/QATEST/QATEST/venv/lib/python3.11/site-packages/selenium/webdriver/remote/errorhandler.py\", line 232, in check_response\n    raise exception_class(message, screen, stacktrace)\n","steps":[],"attachments":[],"parameters":[],"shouldDisplayMessage":true,"stepsCount":0,"attachmentsCount":0,"hasContent":true,"attachmentStep":false}],"attachments":[{"uid":"47ddd35c02504ef","name":"log","source":"47ddd35c02504ef.txt","type":"text/plain","size":21066},{"uid":"6903fcad4b2a799e","name":"stderr","source":"6903fcad4b2a799e.txt","type":"text/plain","size":198}],"parameters":[],"shouldDisplayMessage":true,"stepsCount":3,"attachmentsCount":2,"hasContent":true,"attachmentStep":false},"afterStages":[{"name":"driver::0","time":{"start":1769775494513,"stop":1769775494577,"duration":64},"status":"passed","steps":[],"attachments":[],"parameters":[],"shouldDisplayMessage":false,"stepsCount":0,"attachmentsCount":0,"hasContent":false,"attachmentStep":false}],"labels":[{"name":"story","value":"상품 추가 플로우"},{"name":"feature","value":"장바구니 기능"},{"name":"tag","value":"ui"},{"name":"parentSuite","value":"src.tests.ui"},{"name":"suite","value":"test_add_goods_to_cart"},{"name":"host","value":"runnervmkj6or"},{"name":"thread","value":"2664-MainThread"},{"name":"framework","value":"pytest"},{"name":"language","value":"cpython3"},{"name":"package","value":"src.tests.ui.test_add_goods_to_cart"},{"name":"resultFormat","value":"allure2"}],"parameters":[],"links":[],"hidden":false,"retry":false,"extra":{"severity":"normal","retries":[],"categories":[{"name":"Test defects","matchedStatuses":[],"flaky":false}],"tags":["ui"]},"source":"4bd975e045cb28cf.json","parameterValues":[]}