{"uid":"53322d5f0e5c3e07","name":"상품 검색 후 장바구니 추가 테스트","fullName":"src.tests.ui.test_ui_add_goods.TestAddGoods#test_add_goods_to_cart","historyId":"ae408fe597612d1ee15a91992e32f921","time":{"start":1767746058636,"stop":1767746063946,"duration":5310},"description":"\n    **목적:** 상품 검색 → 수량 조절 → 장바구니 담기 플로우가 정상 동작하는지 확인\n\n    **테스트 단계:**\n    1. 마켓컬리 메인 페이지 접속\n    2. '과자' 검색\n    3. 세 번째 상품의 장바구니 추가 버튼 클릭\n    4. 수량 올리기 (2회)\n    5. 수량 내리기 (2회)\n    6. 장바구니 담기 버튼 클릭\n    7. 검색 결과 확인\n\n    **예상 결과:** 상품이 장바구니에 정상적으로 담김\n    ","descriptionHtml":"<pre><code>**목적:** 상품 검색 → 수량 조절 → 장바구니 담기 플로우가 정상 동작하는지 확인\n\n**테스트 단계:**\n1. 마켓컬리 메인 페이지 접속\n2. '과자' 검색\n3. 세 번째 상품의 장바구니 추가 버튼 클릭\n4. 수량 올리기 (2회)\n5. 수량 내리기 (2회)\n6. 장바구니 담기 버튼 클릭\n7. 검색 결과 확인\n\n**예상 결과:** 상품이 장바구니에 정상적으로 담김\n</code></pre>\n","status":"broken","statusMessage":"selenium.common.exceptions.StaleElementReferenceException: Message: stale element reference: stale element not found in the current frame\n  (Session info: chrome=143.0.7499.109); For documentation on this error, please visit: https://www.selenium.dev/documentation/webdriver/troubleshooting/errors#stale-element-reference-exception\nStacktrace:\n#0 0x5561c30de40a <unknown>\n#1 0x5561c2b1276b <unknown>\n#2 0x5561c2b194cf <unknown>\n#3 0x5561c2b1bb54 <unknown>\n#4 0x5561c2b1bc23 <unknown>\n#5 0x5561c2b65b7b <unknown>\n#6 0x5561c2b585b7 <unknown>\n#7 0x5561c2b57fe7 <unknown>\n#8 0x5561c2baf760 <unknown>\n#9 0x5561c2b567b2 <unknown>\n#10 0x5561c2b57461 <unknown>\n#11 0x5561c30a6df9 <unknown>\n#12 0x5561c30a9d5d <unknown>\n#13 0x5561c308fb41 <unknown>\n#14 0x5561c30aa93b <unknown>\n#15 0x5561c3076870 <unknown>\n#16 0x5561c30cb828 <unknown>\n#17 0x5561c30cb9fc <unknown>\n#18 0x5561c30dd763 <unknown>\n#19 0x7f5cff89caa4 <unknown>\n#20 0x7f5cff929c6c <unknown>","statusTrace":"src/tests/ui/test_ui_add_goods.py:46: in test_add_goods_to_cart\n    kurly_goods_page.increase_quantity(2)\nsrc/pages/kurly_goods_page.py:52: in increase_quantity\n    self.click(self.QUANTITY_UP_BUTTON)\nsrc/pages/base_page.py:273: in click\n    element.click()\nvenv/lib/python3.11/site-packages/selenium/webdriver/remote/webelement.py:94: in click\n    self._execute(Command.CLICK_ELEMENT)\nvenv/lib/python3.11/site-packages/selenium/webdriver/remote/webelement.py:402: in _execute\n    return self._parent.execute(command, params)\nvenv/lib/python3.11/site-packages/selenium/webdriver/remote/webdriver.py:384: in execute\n    self.error_handler.check_response(response)\nvenv/lib/python3.11/site-packages/selenium/webdriver/remote/errorhandler.py:232: in check_response\n    raise exception_class(message, screen, stacktrace)\nE   selenium.common.exceptions.StaleElementReferenceException: Message: stale element reference: stale element not found in the current frame\nE     (Session info: chrome=143.0.7499.109); For documentation on this error, please visit: https://www.selenium.dev/documentation/webdriver/troubleshooting/errors#stale-element-reference-exception\nE   Stacktrace:\nE   #0 0x5561c30de40a <unknown>\nE   #1 0x5561c2b1276b <unknown>\nE   #2 0x5561c2b194cf <unknown>\nE   #3 0x5561c2b1bb54 <unknown>\nE   #4 0x5561c2b1bc23 <unknown>\nE   #5 0x5561c2b65b7b <unknown>\nE   #6 0x5561c2b585b7 <unknown>\nE   #7 0x5561c2b57fe7 <unknown>\nE   #8 0x5561c2baf760 <unknown>\nE   #9 0x5561c2b567b2 <unknown>\nE   #10 0x5561c2b57461 <unknown>\nE   #11 0x5561c30a6df9 <unknown>\nE   #12 0x5561c30a9d5d <unknown>\nE   #13 0x5561c308fb41 <unknown>\nE   #14 0x5561c30aa93b <unknown>\nE   #15 0x5561c3076870 <unknown>\nE   #16 0x5561c30cb828 <unknown>\nE   #17 0x5561c30cb9fc <unknown>\nE   #18 0x5561c30dd763 <unknown>\nE   #19 0x7f5cff89caa4 <unknown>\nE   #20 0x7f5cff929c6c <unknown>","flaky":false,"newFailed":false,"newBroken":false,"newPassed":false,"retriesCount":0,"retriesStatusChange":false,"beforeStages":[{"name":"driver","time":{"start":1767746058050,"stop":1767746058635,"duration":585},"status":"passed","steps":[],"attachments":[],"parameters":[],"shouldDisplayMessage":false,"stepsCount":0,"attachmentsCount":0,"hasContent":false,"attachmentStep":false},{"name":"kurly_main_page","time":{"start":1767746058635,"stop":1767746058635,"duration":0},"status":"passed","steps":[],"attachments":[],"parameters":[],"shouldDisplayMessage":false,"stepsCount":0,"attachmentsCount":0,"hasContent":false,"attachmentStep":false},{"name":"kurly_search_page","time":{"start":1767746058635,"stop":1767746058635,"duration":0},"status":"passed","steps":[],"attachments":[],"parameters":[],"shouldDisplayMessage":false,"stepsCount":0,"attachmentsCount":0,"hasContent":false,"attachmentStep":false},{"name":"kurly_goods_page","time":{"start":1767746058635,"stop":1767746058635,"duration":0},"status":"passed","steps":[],"attachments":[],"parameters":[],"shouldDisplayMessage":false,"stepsCount":0,"attachmentsCount":0,"hasContent":false,"attachmentStep":false}],"testStage":{"description":"\n    **목적:** 상품 검색 → 수량 조절 → 장바구니 담기 플로우가 정상 동작하는지 확인\n\n    **테스트 단계:**\n    1. 마켓컬리 메인 페이지 접속\n    2. '과자' 검색\n    3. 세 번째 상품의 장바구니 추가 버튼 클릭\n    4. 수량 올리기 (2회)\n    5. 수량 내리기 (2회)\n    6. 장바구니 담기 버튼 클릭\n    7. 검색 결과 확인\n\n    **예상 결과:** 상품이 장바구니에 정상적으로 담김\n    ","status":"broken","statusMessage":"selenium.common.exceptions.StaleElementReferenceException: Message: stale element reference: stale element not found in the current frame\n  (Session info: chrome=143.0.7499.109); For documentation on this error, please visit: https://www.selenium.dev/documentation/webdriver/troubleshooting/errors#stale-element-reference-exception\nStacktrace:\n#0 0x5561c30de40a <unknown>\n#1 0x5561c2b1276b <unknown>\n#2 0x5561c2b194cf <unknown>\n#3 0x5561c2b1bb54 <unknown>\n#4 0x5561c2b1bc23 <unknown>\n#5 0x5561c2b65b7b <unknown>\n#6 0x5561c2b585b7 <unknown>\n#7 0x5561c2b57fe7 <unknown>\n#8 0x5561c2baf760 <unknown>\n#9 0x5561c2b567b2 <unknown>\n#10 0x5561c2b57461 <unknown>\n#11 0x5561c30a6df9 <unknown>\n#12 0x5561c30a9d5d <unknown>\n#13 0x5561c308fb41 <unknown>\n#14 0x5561c30aa93b <unknown>\n#15 0x5561c3076870 <unknown>\n#16 0x5561c30cb828 <unknown>\n#17 0x5561c30cb9fc <unknown>\n#18 0x5561c30dd763 <unknown>\n#19 0x7f5cff89caa4 <unknown>\n#20 0x7f5cff929c6c <unknown>","statusTrace":"src/tests/ui/test_ui_add_goods.py:46: in test_add_goods_to_cart\n    kurly_goods_page.increase_quantity(2)\nsrc/pages/kurly_goods_page.py:52: in increase_quantity\n    self.click(self.QUANTITY_UP_BUTTON)\nsrc/pages/base_page.py:273: in click\n    element.click()\nvenv/lib/python3.11/site-packages/selenium/webdriver/remote/webelement.py:94: in click\n    self._execute(Command.CLICK_ELEMENT)\nvenv/lib/python3.11/site-packages/selenium/webdriver/remote/webelement.py:402: in _execute\n    return self._parent.execute(command, params)\nvenv/lib/python3.11/site-packages/selenium/webdriver/remote/webdriver.py:384: in execute\n    self.error_handler.check_response(response)\nvenv/lib/python3.11/site-packages/selenium/webdriver/remote/errorhandler.py:232: in check_response\n    raise exception_class(message, screen, stacktrace)\nE   selenium.common.exceptions.StaleElementReferenceException: Message: stale element reference: stale element not found in the current frame\nE     (Session info: chrome=143.0.7499.109); For documentation on this error, please visit: https://www.selenium.dev/documentation/webdriver/troubleshooting/errors#stale-element-reference-exception\nE   Stacktrace:\nE   #0 0x5561c30de40a <unknown>\nE   #1 0x5561c2b1276b <unknown>\nE   #2 0x5561c2b194cf <unknown>\nE   #3 0x5561c2b1bb54 <unknown>\nE   #4 0x5561c2b1bc23 <unknown>\nE   #5 0x5561c2b65b7b <unknown>\nE   #6 0x5561c2b585b7 <unknown>\nE   #7 0x5561c2b57fe7 <unknown>\nE   #8 0x5561c2baf760 <unknown>\nE   #9 0x5561c2b567b2 <unknown>\nE   #10 0x5561c2b57461 <unknown>\nE   #11 0x5561c30a6df9 <unknown>\nE   #12 0x5561c30a9d5d <unknown>\nE   #13 0x5561c308fb41 <unknown>\nE   #14 0x5561c30aa93b <unknown>\nE   #15 0x5561c3076870 <unknown>\nE   #16 0x5561c30cb828 <unknown>\nE   #17 0x5561c30cb9fc <unknown>\nE   #18 0x5561c30dd763 <unknown>\nE   #19 0x7f5cff89caa4 <unknown>\nE   #20 0x7f5cff929c6c <unknown>","steps":[{"name":"마켓컬리 메인 페이지로 이동","time":{"start":1767746058636,"stop":1767746062662,"duration":4026},"status":"passed","steps":[],"attachments":[],"parameters":[],"shouldDisplayMessage":false,"stepsCount":0,"attachmentsCount":0,"hasContent":false,"attachmentStep":false},{"name":"'과자' 검색","time":{"start":1767746062662,"stop":1767746062942,"duration":280},"status":"passed","steps":[],"attachments":[],"parameters":[],"shouldDisplayMessage":false,"stepsCount":0,"attachmentsCount":0,"hasContent":false,"attachmentStep":false},{"name":"세 번째 상품의 장바구니 추가 버튼 클릭","time":{"start":1767746062942,"stop":1767746063111,"duration":169},"status":"passed","steps":[],"attachments":[],"parameters":[],"shouldDisplayMessage":false,"stepsCount":0,"attachmentsCount":0,"hasContent":false,"attachmentStep":false},{"name":"수량 조절 (2회 증가, 2회 감소)","time":{"start":1767746063111,"stop":1767746063944,"duration":833},"status":"broken","statusMessage":"selenium.common.exceptions.StaleElementReferenceException: Message: stale element reference: stale element not found in the current frame\n  (Session info: chrome=143.0.7499.109); For documentation on this error, please visit: https://www.selenium.dev/documentation/webdriver/troubleshooting/errors#stale-element-reference-exception\nStacktrace:\n#0 0x5561c30de40a <unknown>\n#1 0x5561c2b1276b <unknown>\n#2 0x5561c2b194cf <unknown>\n#3 0x5561c2b1bb54 <unknown>\n#4 0x5561c2b1bc23 <unknown>\n#5 0x5561c2b65b7b <unknown>\n#6 0x5561c2b585b7 <unknown>\n#7 0x5561c2b57fe7 <unknown>\n#8 0x5561c2baf760 <unknown>\n#9 0x5561c2b567b2 <unknown>\n#10 0x5561c2b57461 <unknown>\n#11 0x5561c30a6df9 <unknown>\n#12 0x5561c30a9d5d <unknown>\n#13 0x5561c308fb41 <unknown>\n#14 0x5561c30aa93b <unknown>\n#15 0x5561c3076870 <unknown>\n#16 0x5561c30cb828 <unknown>\n#17 0x5561c30cb9fc <unknown>\n#18 0x5561c30dd763 <unknown>\n#19 0x7f5cff89caa4 <unknown>\n#20 0x7f5cff929c6c <unknown>\n\n","statusTrace":"  File \"/home/runner/work/QATEST/QATEST/src/tests/ui/test_ui_add_goods.py\", line 46, in test_add_goods_to_cart\n    kurly_goods_page.increase_quantity(2)\n  File \"/home/runner/work/QATEST/QATEST/src/pages/kurly_goods_page.py\", line 52, in increase_quantity\n    self.click(self.QUANTITY_UP_BUTTON)\n  File \"/home/runner/work/QATEST/QATEST/src/pages/base_page.py\", line 273, in click\n    element.click()\n  File \"/home/runner/work/QATEST/QATEST/venv/lib/python3.11/site-packages/selenium/webdriver/remote/webelement.py\", line 94, in click\n    self._execute(Command.CLICK_ELEMENT)\n  File \"/home/runner/work/QATEST/QATEST/venv/lib/python3.11/site-packages/selenium/webdriver/remote/webelement.py\", line 402, in _execute\n    return self._parent.execute(command, params)\n           ^^^^^^^^^^^^^^^^^^^^^^^^^^^^^^^^^^^^^\n  File \"/home/runner/work/QATEST/QATEST/venv/lib/python3.11/site-packages/selenium/webdriver/remote/webdriver.py\", line 384, in execute\n    self.error_handler.check_response(response)\n  File \"/home/runner/work/QATEST/QATEST/venv/lib/python3.11/site-packages/selenium/webdriver/remote/errorhandler.py\", line 232, in check_response\n    raise exception_class(message, screen, stacktrace)\n","steps":[],"attachments":[],"parameters":[],"shouldDisplayMessage":true,"stepsCount":0,"attachmentsCount":0,"hasContent":true,"attachmentStep":false}],"attachments":[{"uid":"fd47c8047a80fab6","name":"log","source":"fd47c8047a80fab6.txt","type":"text/plain","size":29106},{"uid":"29a090ea0dd24188","name":"stderr","source":"29a090ea0dd24188.txt","type":"text/plain","size":198}],"parameters":[],"shouldDisplayMessage":true,"stepsCount":4,"attachmentsCount":2,"hasContent":true,"attachmentStep":false},"afterStages":[{"name":"driver::0","time":{"start":1767746063976,"stop":1767746064049,"duration":73},"status":"passed","steps":[],"attachments":[],"parameters":[],"shouldDisplayMessage":false,"stepsCount":0,"attachmentsCount":0,"hasContent":false,"attachmentStep":false}],"labels":[{"name":"story","value":"상품 추가"},{"name":"severity","value":"critical"},{"name":"feature","value":"상품 관리"},{"name":"tag","value":"ui"},{"name":"parentSuite","value":"src.tests.ui"},{"name":"suite","value":"test_ui_add_goods"},{"name":"subSuite","value":"TestAddGoods"},{"name":"host","value":"runnervmh13bl"},{"name":"thread","value":"2572-MainThread"},{"name":"framework","value":"pytest"},{"name":"language","value":"cpython3"},{"name":"package","value":"src.tests.ui.test_ui_add_goods"},{"name":"resultFormat","value":"allure2"}],"parameters":[],"links":[],"hidden":false,"retry":false,"extra":{"severity":"critical","retries":[],"categories":[{"name":"Test defects","matchedStatuses":[],"flaky":false}],"tags":["ui"]},"source":"53322d5f0e5c3e07.json","parameterValues":[]}