{"uid":"591fee8858e66c69","name":"상품을 장바구니에 추가하는 전체 플로우 테스트","fullName":"src.tests.ui.test_add_goods_to_cart#test_add_good_to_cart_flow","historyId":"ffe282402330c5f1c02c05e3664378c1","time":{"start":1768178178735,"stop":1768178189119,"duration":10384},"description":"\n    상품을 장바구니에 추가하는 전체 플로우 테스트\n    Steps:\n        1. 상품 검색\n        2. 세 번째 상품의 추가 버튼 클릭\n        3. 수량 2회 증가\n        4. 수량 2회 감소\n        5. 장바구니에 담기\n    ","descriptionHtml":"<pre><code>상품을 장바구니에 추가하는 전체 플로우 테스트\nSteps:\n    1. 상품 검색\n    2. 세 번째 상품의 추가 버튼 클릭\n    3. 수량 2회 증가\n    4. 수량 2회 감소\n    5. 장바구니에 담기\n</code></pre>\n","status":"broken","statusMessage":"selenium.common.exceptions.TimeoutException: Message: ❌ 요소를 클릭할 수 없습니다: ('xpath', \"//button[@aria-label='수량올리기']\")","statusTrace":"src/pages/base_page.py:272: in click\n    element = self.wait_clickable(locator, timeout)\nsrc/pages/base_page.py:127: in wait_clickable\n    return wait.until(EC.element_to_be_clickable(locator))\nvenv/lib/python3.11/site-packages/selenium/webdriver/support/wait.py:105: in until\n    raise TimeoutException(message, screen, stacktrace)\nE   selenium.common.exceptions.TimeoutException: Message: \nE   Stacktrace:\nE   #0 0x5616f483840a <unknown>\nE   #1 0x5616f426c76b <unknown>\nE   #2 0x5616f42bde88 <unknown>\nE   #3 0x5616f42be0c1 <unknown>\nE   #4 0x5616f430c2c4 <unknown>\nE   #5 0x5616f4309760 <unknown>\nE   #6 0x5616f42b07b2 <unknown>\nE   #7 0x5616f42b1461 <unknown>\nE   #8 0x5616f4800df9 <unknown>\nE   #9 0x5616f4803d5d <unknown>\nE   #10 0x5616f47e9b41 <unknown>\nE   #11 0x5616f480493b <unknown>\nE   #12 0x5616f47d0870 <unknown>\nE   #13 0x5616f4825828 <unknown>\nE   #14 0x5616f48259fc <unknown>\nE   #15 0x5616f4837763 <unknown>\nE   #16 0x7fd7aa49caa4 <unknown>\nE   #17 0x7fd7aa529c6c <unknown>\n\nDuring handling of the above exception, another exception occurred:\nsrc/tests/ui/test_add_goods_to_cart.py:35: in test_add_good_to_cart_flow\n    kurly_search_page.quantity_up_in_alt(increase_count)\nsrc/pages/kurly_search_page.py:197: in quantity_up_in_alt\n    self.click(self.QUANTITY_UP_BUTTON_IN_ALT)\nsrc/pages/base_page.py:277: in click\n    raise TimeoutException(f\"❌ 요소를 클릭할 수 없습니다: {locator}\")\nE   selenium.common.exceptions.TimeoutException: Message: ❌ 요소를 클릭할 수 없습니다: ('xpath', \"//button[@aria-label='수량올리기']\")","flaky":false,"newFailed":false,"newBroken":false,"newPassed":false,"retriesCount":0,"retriesStatusChange":false,"beforeStages":[{"name":"driver","time":{"start":1768178169664,"stop":1768178178734,"duration":9070},"status":"passed","steps":[],"attachments":[],"parameters":[],"shouldDisplayMessage":false,"stepsCount":0,"attachmentsCount":0,"hasContent":false,"attachmentStep":false},{"name":"kurly_goods_page","time":{"start":1768178178734,"stop":1768178178734,"duration":0},"status":"passed","steps":[],"attachments":[],"parameters":[],"shouldDisplayMessage":false,"stepsCount":0,"attachmentsCount":0,"hasContent":false,"attachmentStep":false},{"name":"kurly_search_page","time":{"start":1768178178734,"stop":1768178178734,"duration":0},"status":"passed","steps":[],"attachments":[],"parameters":[],"shouldDisplayMessage":false,"stepsCount":0,"attachmentsCount":0,"hasContent":false,"attachmentStep":false},{"name":"kurly_main_page","time":{"start":1768178178734,"stop":1768178178734,"duration":0},"status":"passed","steps":[],"attachments":[],"parameters":[],"shouldDisplayMessage":false,"stepsCount":0,"attachmentsCount":0,"hasContent":false,"attachmentStep":false}],"testStage":{"description":"\n    상품을 장바구니에 추가하는 전체 플로우 테스트\n    Steps:\n        1. 상품 검색\n        2. 세 번째 상품의 추가 버튼 클릭\n        3. 수량 2회 증가\n        4. 수량 2회 감소\n        5. 장바구니에 담기\n    ","status":"broken","statusMessage":"selenium.common.exceptions.TimeoutException: Message: ❌ 요소를 클릭할 수 없습니다: ('xpath', \"//button[@aria-label='수량올리기']\")","statusTrace":"src/pages/base_page.py:272: in click\n    element = self.wait_clickable(locator, timeout)\nsrc/pages/base_page.py:127: in wait_clickable\n    return wait.until(EC.element_to_be_clickable(locator))\nvenv/lib/python3.11/site-packages/selenium/webdriver/support/wait.py:105: in until\n    raise TimeoutException(message, screen, stacktrace)\nE   selenium.common.exceptions.TimeoutException: Message: \nE   Stacktrace:\nE   #0 0x5616f483840a <unknown>\nE   #1 0x5616f426c76b <unknown>\nE   #2 0x5616f42bde88 <unknown>\nE   #3 0x5616f42be0c1 <unknown>\nE   #4 0x5616f430c2c4 <unknown>\nE   #5 0x5616f4309760 <unknown>\nE   #6 0x5616f42b07b2 <unknown>\nE   #7 0x5616f42b1461 <unknown>\nE   #8 0x5616f4800df9 <unknown>\nE   #9 0x5616f4803d5d <unknown>\nE   #10 0x5616f47e9b41 <unknown>\nE   #11 0x5616f480493b <unknown>\nE   #12 0x5616f47d0870 <unknown>\nE   #13 0x5616f4825828 <unknown>\nE   #14 0x5616f48259fc <unknown>\nE   #15 0x5616f4837763 <unknown>\nE   #16 0x7fd7aa49caa4 <unknown>\nE   #17 0x7fd7aa529c6c <unknown>\n\nDuring handling of the above exception, another exception occurred:\nsrc/tests/ui/test_add_goods_to_cart.py:35: in test_add_good_to_cart_flow\n    kurly_search_page.quantity_up_in_alt(increase_count)\nsrc/pages/kurly_search_page.py:197: in quantity_up_in_alt\n    self.click(self.QUANTITY_UP_BUTTON_IN_ALT)\nsrc/pages/base_page.py:277: in click\n    raise TimeoutException(f\"❌ 요소를 클릭할 수 없습니다: {locator}\")\nE   selenium.common.exceptions.TimeoutException: Message: ❌ 요소를 클릭할 수 없습니다: ('xpath', \"//button[@aria-label='수량올리기']\")","steps":[{"name":"메인 페이지 접속","time":{"start":1768178178735,"stop":1768178182302,"duration":3567},"status":"passed","steps":[],"attachments":[],"parameters":[],"shouldDisplayMessage":false,"stepsCount":0,"attachmentsCount":0,"hasContent":false,"attachmentStep":false},{"name":"'과자' 검색","time":{"start":1768178182302,"stop":1768178182802,"duration":500},"status":"passed","steps":[],"attachments":[],"parameters":[],"shouldDisplayMessage":false,"stepsCount":0,"attachmentsCount":0,"hasContent":false,"attachmentStep":false},{"name":"세 번째 상품 담기 버튼 클릭","time":{"start":1768178182802,"stop":1768178183805,"duration":1003},"status":"passed","steps":[],"attachments":[],"parameters":[],"shouldDisplayMessage":false,"stepsCount":0,"attachmentsCount":0,"hasContent":false,"attachmentStep":false},{"name":"수량 2회 증가","time":{"start":1768178183805,"stop":1768178189118,"duration":5313},"status":"broken","statusMessage":"selenium.common.exceptions.TimeoutException: Message: ❌ 요소를 클릭할 수 없습니다: ('xpath', \"//button[@aria-label='수량올리기']\")\n\n","statusTrace":"  File \"/home/runner/work/QATEST/QATEST/src/tests/ui/test_add_goods_to_cart.py\", line 35, in test_add_good_to_cart_flow\n    kurly_search_page.quantity_up_in_alt(increase_count)\n  File \"/home/runner/work/QATEST/QATEST/src/pages/kurly_search_page.py\", line 197, in quantity_up_in_alt\n    self.click(self.QUANTITY_UP_BUTTON_IN_ALT)\n  File \"/home/runner/work/QATEST/QATEST/src/pages/base_page.py\", line 277, in click\n    raise TimeoutException(f\"❌ 요소를 클릭할 수 없습니다: {locator}\")\n","steps":[],"attachments":[],"parameters":[],"shouldDisplayMessage":true,"stepsCount":0,"attachmentsCount":0,"hasContent":true,"attachmentStep":false}],"attachments":[{"uid":"338375cbcc4de83f","name":"log","source":"338375cbcc4de83f.txt","type":"text/plain","size":120398},{"uid":"838caa13df9d64cc","name":"stderr","source":"838caa13df9d64cc.txt","type":"text/plain","size":470}],"parameters":[],"shouldDisplayMessage":true,"stepsCount":4,"attachmentsCount":2,"hasContent":true,"attachmentStep":false},"afterStages":[{"name":"driver::0","time":{"start":1768178189175,"stop":1768178189242,"duration":67},"status":"passed","steps":[],"attachments":[],"parameters":[],"shouldDisplayMessage":false,"stepsCount":0,"attachmentsCount":0,"hasContent":false,"attachmentStep":false}],"labels":[{"name":"story","value":"상품 추가 플로우"},{"name":"feature","value":"장바구니 기능"},{"name":"tag","value":"ui"},{"name":"parentSuite","value":"src.tests.ui"},{"name":"suite","value":"test_add_goods_to_cart"},{"name":"host","value":"runnervmi13qx"},{"name":"thread","value":"2608-MainThread"},{"name":"framework","value":"pytest"},{"name":"language","value":"cpython3"},{"name":"package","value":"src.tests.ui.test_add_goods_to_cart"},{"name":"resultFormat","value":"allure2"}],"parameters":[],"links":[],"hidden":false,"retry":false,"extra":{"severity":"normal","retries":[],"categories":[{"name":"Test defects","matchedStatuses":[],"flaky":false}],"tags":["ui"]},"source":"591fee8858e66c69.json","parameterValues":[]}