{"uid":"5998968dc67a9f32","name":"장바구니에서 상품 삭제","fullName":"src.tests.ui.test_cart_management.TestCartManagement#test_remove_item_from_cart","historyId":"b65bd31b2e0db8f54d0c135be914a15a","time":{"start":1769560517232,"stop":1769560520274,"duration":3042},"description":"장바구니에 담긴 상품을 삭제하고 개수가 줄어드는지 확인","descriptionHtml":"<p>장바구니에 담긴 상품을 삭제하고 개수가 줄어드는지 확인</p>\n","status":"broken","statusMessage":"selenium.common.exceptions.StaleElementReferenceException: Message: stale element reference: stale element not found in the current frame\n  (Session info: chrome=144.0.7559.59); For documentation on this error, please visit: https://www.selenium.dev/documentation/webdriver/troubleshooting/errors#stale-element-reference-exception\nStacktrace:\n#0 0x55b6c310a4ba <unknown>\n#1 0x55b6c2b73492 <unknown>\n#2 0x55b6c2b7a5ab <unknown>\n#3 0x55b6c2b7ce19 <unknown>\n#4 0x55b6c2b7cec3 <unknown>\n#5 0x55b6c2bc3339 <unknown>\n#6 0x55b6c2bbc0d7 <unknown>\n#7 0x55b6c2c11700 <unknown>\n#8 0x55b6c2bba6a2 <unknown>\n#9 0x55b6c2bbb491 <unknown>\n#10 0x55b6c30d0479 <unknown>\n#11 0x55b6c30d3391 <unknown>\n#12 0x55b6c30bca89 <unknown>\n#13 0x55b6c30d3f4e <unknown>\n#14 0x55b6c30a3070 <unknown>\n#15 0x55b6c30f7ca8 <unknown>\n#16 0x55b6c30f7e78 <unknown>\n#17 0x55b6c3109828 <unknown>\n#18 0x7f457a09caa4 <unknown>\n#19 0x7f457a129c6c <unknown>","statusTrace":"src/tests/ui/test_cart_management.py:69: in test_remove_item_from_cart\n    kurly_search_page.click_nth_add_button(n=1)\nsrc/pages/kurly_search_page.py:176: in click_nth_add_button\n    self.click(nth_add_button)\nsrc/pages/base_page.py:272: in click\n    element = self.wait_clickable(locator, timeout)\nsrc/pages/base_page.py:127: in wait_clickable\n    return wait.until(EC.element_to_be_clickable(locator))\nvenv/lib/python3.11/site-packages/selenium/webdriver/support/wait.py:96: in until\n    value = method(self._driver)\nvenv/lib/python3.11/site-packages/selenium/webdriver/support/expected_conditions.py:365: in _predicate\n    if element and element.is_enabled():\nvenv/lib/python3.11/site-packages/selenium/webdriver/remote/webelement.py:199: in is_enabled\n    return self._execute(Command.IS_ELEMENT_ENABLED)[\"value\"]\nvenv/lib/python3.11/site-packages/selenium/webdriver/remote/webelement.py:402: in _execute\n    return self._parent.execute(command, params)\nvenv/lib/python3.11/site-packages/selenium/webdriver/remote/webdriver.py:384: in execute\n    self.error_handler.check_response(response)\nvenv/lib/python3.11/site-packages/selenium/webdriver/remote/errorhandler.py:232: in check_response\n    raise exception_class(message, screen, stacktrace)\nE   selenium.common.exceptions.StaleElementReferenceException: Message: stale element reference: stale element not found in the current frame\nE     (Session info: chrome=144.0.7559.59); For documentation on this error, please visit: https://www.selenium.dev/documentation/webdriver/troubleshooting/errors#stale-element-reference-exception\nE   Stacktrace:\nE   #0 0x55b6c310a4ba <unknown>\nE   #1 0x55b6c2b73492 <unknown>\nE   #2 0x55b6c2b7a5ab <unknown>\nE   #3 0x55b6c2b7ce19 <unknown>\nE   #4 0x55b6c2b7cec3 <unknown>\nE   #5 0x55b6c2bc3339 <unknown>\nE   #6 0x55b6c2bbc0d7 <unknown>\nE   #7 0x55b6c2c11700 <unknown>\nE   #8 0x55b6c2bba6a2 <unknown>\nE   #9 0x55b6c2bbb491 <unknown>\nE   #10 0x55b6c30d0479 <unknown>\nE   #11 0x55b6c30d3391 <unknown>\nE   #12 0x55b6c30bca89 <unknown>\nE   #13 0x55b6c30d3f4e <unknown>\nE   #14 0x55b6c30a3070 <unknown>\nE   #15 0x55b6c30f7ca8 <unknown>\nE   #16 0x55b6c30f7e78 <unknown>\nE   #17 0x55b6c3109828 <unknown>\nE   #18 0x7f457a09caa4 <unknown>\nE   #19 0x7f457a129c6c <unknown>","flaky":false,"newFailed":false,"newBroken":false,"newPassed":false,"retriesCount":0,"retriesStatusChange":false,"beforeStages":[{"name":"driver","time":{"start":1769560502412,"stop":1769560503385,"duration":973},"status":"passed","steps":[],"attachments":[],"parameters":[],"shouldDisplayMessage":false,"stepsCount":0,"attachmentsCount":0,"hasContent":false,"attachmentStep":false},{"name":"kurly_cart_page","time":{"start":1769560517232,"stop":1769560517232,"duration":0},"status":"passed","steps":[],"attachments":[],"parameters":[],"shouldDisplayMessage":false,"stepsCount":0,"attachmentsCount":0,"hasContent":false,"attachmentStep":false},{"name":"kurly_main_page","time":{"start":1769560517232,"stop":1769560517232,"duration":0},"status":"passed","steps":[],"attachments":[],"parameters":[],"shouldDisplayMessage":false,"stepsCount":0,"attachmentsCount":0,"hasContent":false,"attachmentStep":false},{"name":"kurly_search_page","time":{"start":1769560517232,"stop":1769560517232,"duration":0},"status":"passed","steps":[],"attachments":[],"parameters":[],"shouldDisplayMessage":false,"stepsCount":0,"attachmentsCount":0,"hasContent":false,"attachmentStep":false}],"testStage":{"description":"장바구니에 담긴 상품을 삭제하고 개수가 줄어드는지 확인","status":"broken","statusMessage":"selenium.common.exceptions.StaleElementReferenceException: Message: stale element reference: stale element not found in the current frame\n  (Session info: chrome=144.0.7559.59); For documentation on this error, please visit: https://www.selenium.dev/documentation/webdriver/troubleshooting/errors#stale-element-reference-exception\nStacktrace:\n#0 0x55b6c310a4ba <unknown>\n#1 0x55b6c2b73492 <unknown>\n#2 0x55b6c2b7a5ab <unknown>\n#3 0x55b6c2b7ce19 <unknown>\n#4 0x55b6c2b7cec3 <unknown>\n#5 0x55b6c2bc3339 <unknown>\n#6 0x55b6c2bbc0d7 <unknown>\n#7 0x55b6c2c11700 <unknown>\n#8 0x55b6c2bba6a2 <unknown>\n#9 0x55b6c2bbb491 <unknown>\n#10 0x55b6c30d0479 <unknown>\n#11 0x55b6c30d3391 <unknown>\n#12 0x55b6c30bca89 <unknown>\n#13 0x55b6c30d3f4e <unknown>\n#14 0x55b6c30a3070 <unknown>\n#15 0x55b6c30f7ca8 <unknown>\n#16 0x55b6c30f7e78 <unknown>\n#17 0x55b6c3109828 <unknown>\n#18 0x7f457a09caa4 <unknown>\n#19 0x7f457a129c6c <unknown>","statusTrace":"src/tests/ui/test_cart_management.py:69: in test_remove_item_from_cart\n    kurly_search_page.click_nth_add_button(n=1)\nsrc/pages/kurly_search_page.py:176: in click_nth_add_button\n    self.click(nth_add_button)\nsrc/pages/base_page.py:272: in click\n    element = self.wait_clickable(locator, timeout)\nsrc/pages/base_page.py:127: in wait_clickable\n    return wait.until(EC.element_to_be_clickable(locator))\nvenv/lib/python3.11/site-packages/selenium/webdriver/support/wait.py:96: in until\n    value = method(self._driver)\nvenv/lib/python3.11/site-packages/selenium/webdriver/support/expected_conditions.py:365: in _predicate\n    if element and element.is_enabled():\nvenv/lib/python3.11/site-packages/selenium/webdriver/remote/webelement.py:199: in is_enabled\n    return self._execute(Command.IS_ELEMENT_ENABLED)[\"value\"]\nvenv/lib/python3.11/site-packages/selenium/webdriver/remote/webelement.py:402: in _execute\n    return self._parent.execute(command, params)\nvenv/lib/python3.11/site-packages/selenium/webdriver/remote/webdriver.py:384: in execute\n    self.error_handler.check_response(response)\nvenv/lib/python3.11/site-packages/selenium/webdriver/remote/errorhandler.py:232: in check_response\n    raise exception_class(message, screen, stacktrace)\nE   selenium.common.exceptions.StaleElementReferenceException: Message: stale element reference: stale element not found in the current frame\nE     (Session info: chrome=144.0.7559.59); For documentation on this error, please visit: https://www.selenium.dev/documentation/webdriver/troubleshooting/errors#stale-element-reference-exception\nE   Stacktrace:\nE   #0 0x55b6c310a4ba <unknown>\nE   #1 0x55b6c2b73492 <unknown>\nE   #2 0x55b6c2b7a5ab <unknown>\nE   #3 0x55b6c2b7ce19 <unknown>\nE   #4 0x55b6c2b7cec3 <unknown>\nE   #5 0x55b6c2bc3339 <unknown>\nE   #6 0x55b6c2bbc0d7 <unknown>\nE   #7 0x55b6c2c11700 <unknown>\nE   #8 0x55b6c2bba6a2 <unknown>\nE   #9 0x55b6c2bbb491 <unknown>\nE   #10 0x55b6c30d0479 <unknown>\nE   #11 0x55b6c30d3391 <unknown>\nE   #12 0x55b6c30bca89 <unknown>\nE   #13 0x55b6c30d3f4e <unknown>\nE   #14 0x55b6c30a3070 <unknown>\nE   #15 0x55b6c30f7ca8 <unknown>\nE   #16 0x55b6c30f7e78 <unknown>\nE   #17 0x55b6c3109828 <unknown>\nE   #18 0x7f457a09caa4 <unknown>\nE   #19 0x7f457a129c6c <unknown>","steps":[{"name":"메인 페이지 접속 및 검색","time":{"start":1769560517232,"stop":1769560519380,"duration":2148},"status":"passed","steps":[],"attachments":[],"parameters":[],"shouldDisplayMessage":false,"stepsCount":0,"attachmentsCount":0,"hasContent":false,"attachmentStep":false},{"name":"상품을 장바구니에 담기","time":{"start":1769560519380,"stop":1769560520272,"duration":892},"status":"broken","statusMessage":"selenium.common.exceptions.StaleElementReferenceException: Message: stale element reference: stale element not found in the current frame\n  (Session info: chrome=144.0.7559.59); For documentation on this error, please visit: https://www.selenium.dev/documentation/webdriver/troubleshooting/errors#stale-element-reference-exception\nStacktrace:\n#0 0x55b6c310a4ba <unknown>\n#1 0x55b6c2b73492 <unknown>\n#2 0x55b6c2b7a5ab <unknown>\n#3 0x55b6c2b7ce19 <unknown>\n#4 0x55b6c2b7cec3 <unknown>\n#5 0x55b6c2bc3339 <unknown>\n#6 0x55b6c2bbc0d7 <unknown>\n#7 0x55b6c2c11700 <unknown>\n#8 0x55b6c2bba6a2 <unknown>\n#9 0x55b6c2bbb491 <unknown>\n#10 0x55b6c30d0479 <unknown>\n#11 0x55b6c30d3391 <unknown>\n#12 0x55b6c30bca89 <unknown>\n#13 0x55b6c30d3f4e <unknown>\n#14 0x55b6c30a3070 <unknown>\n#15 0x55b6c30f7ca8 <unknown>\n#16 0x55b6c30f7e78 <unknown>\n#17 0x55b6c3109828 <unknown>\n#18 0x7f457a09caa4 <unknown>\n#19 0x7f457a129c6c <unknown>\n\n","statusTrace":"  File \"/home/runner/work/QATEST/QATEST/src/tests/ui/test_cart_management.py\", line 69, in test_remove_item_from_cart\n    kurly_search_page.click_nth_add_button(n=1)\n  File \"/home/runner/work/QATEST/QATEST/src/pages/kurly_search_page.py\", line 176, in click_nth_add_button\n    self.click(nth_add_button)\n  File \"/home/runner/work/QATEST/QATEST/src/pages/base_page.py\", line 272, in click\n    element = self.wait_clickable(locator, timeout)\n              ^^^^^^^^^^^^^^^^^^^^^^^^^^^^^^^^^^^^^\n  File \"/home/runner/work/QATEST/QATEST/src/pages/base_page.py\", line 127, in wait_clickable\n    return wait.until(EC.element_to_be_clickable(locator))\n           ^^^^^^^^^^^^^^^^^^^^^^^^^^^^^^^^^^^^^^^^^^^^^^^\n  File \"/home/runner/work/QATEST/QATEST/venv/lib/python3.11/site-packages/selenium/webdriver/support/wait.py\", line 96, in until\n    value = method(self._driver)\n            ^^^^^^^^^^^^^^^^^^^^\n  File \"/home/runner/work/QATEST/QATEST/venv/lib/python3.11/site-packages/selenium/webdriver/support/expected_conditions.py\", line 365, in _predicate\n    if element and element.is_enabled():\n                   ^^^^^^^^^^^^^^^^^^^^\n  File \"/home/runner/work/QATEST/QATEST/venv/lib/python3.11/site-packages/selenium/webdriver/remote/webelement.py\", line 199, in is_enabled\n    return self._execute(Command.IS_ELEMENT_ENABLED)[\"value\"]\n           ^^^^^^^^^^^^^^^^^^^^^^^^^^^^^^^^^^^^^^^^^\n  File \"/home/runner/work/QATEST/QATEST/venv/lib/python3.11/site-packages/selenium/webdriver/remote/webelement.py\", line 402, in _execute\n    return self._parent.execute(command, params)\n           ^^^^^^^^^^^^^^^^^^^^^^^^^^^^^^^^^^^^^\n  File \"/home/runner/work/QATEST/QATEST/venv/lib/python3.11/site-packages/selenium/webdriver/remote/webdriver.py\", line 384, in execute\n    self.error_handler.check_response(response)\n  File \"/home/runner/work/QATEST/QATEST/venv/lib/python3.11/site-packages/selenium/webdriver/remote/errorhandler.py\", line 232, in check_response\n    raise exception_class(message, screen, stacktrace)\n","steps":[],"attachments":[],"parameters":[],"shouldDisplayMessage":true,"stepsCount":0,"attachmentsCount":0,"hasContent":true,"attachmentStep":false}],"attachments":[{"uid":"219b5c8950fb3cbb","name":"log","source":"219b5c8950fb3cbb.txt","type":"text/plain","size":14633},{"uid":"3b52569c05f13090","name":"stderr","source":"3b52569c05f13090.txt","type":"text/plain","size":198}],"parameters":[],"shouldDisplayMessage":true,"stepsCount":2,"attachmentsCount":2,"hasContent":true,"attachmentStep":false},"afterStages":[{"name":"driver::0","time":{"start":1769560520318,"stop":1769560520412,"duration":94},"status":"passed","steps":[],"attachments":[],"parameters":[],"shouldDisplayMessage":false,"stepsCount":0,"attachmentsCount":0,"hasContent":false,"attachmentStep":false}],"labels":[{"name":"story","value":"장바구니 상품 관리"},{"name":"feature","value":"장바구니 관리"},{"name":"tag","value":"ui"},{"name":"parentSuite","value":"src.tests.ui"},{"name":"suite","value":"test_cart_management"},{"name":"subSuite","value":"TestCartManagement"},{"name":"host","value":"runnervmymu0l"},{"name":"thread","value":"2670-MainThread"},{"name":"framework","value":"pytest"},{"name":"language","value":"cpython3"},{"name":"package","value":"src.tests.ui.test_cart_management"},{"name":"resultFormat","value":"allure2"}],"parameters":[],"links":[],"hidden":false,"retry":false,"extra":{"severity":"normal","retries":[],"categories":[{"name":"Test defects","matchedStatuses":[],"flaky":false}],"tags":["ui"]},"source":"5998968dc67a9f32.json","parameterValues":[]}