{"uid":"5aa40586d33485d4","name":"잘못된 계정 정보로 로그인 실패 테스트","fullName":"src.tests.ui.test_ui_login.TestLogin#test_login_with_invalid_credentials","historyId":"8f0047e196f3e4f4d5eb2bb33a90049e","time":{"start":1768133651660,"stop":1768133656031,"duration":4371},"description":"\n    **목적:** 잘못된 아이디와 비밀번호로 로그인 시도 시 적절한 에러 메시지가 표시되는지 확인\n\n    **테스트 단계:**\n    1. 마켓컬리 메인 페이지 접속\n    2. 로그인 버튼 클릭\n    3. 잘못된 아이디 입력\n    4. 잘못된 비밀번호 입력\n    5. 로그인 버튼 클릭\n    6. 에러 메시지 표시 확인\n\n    **예상 결과:** 로그인 실패 메시지가 화면에 표시됨\n    ","descriptionHtml":"<pre><code>**목적:** 잘못된 아이디와 비밀번호로 로그인 시도 시 적절한 에러 메시지가 표시되는지 확인\n\n**테스트 단계:**\n1. 마켓컬리 메인 페이지 접속\n2. 로그인 버튼 클릭\n3. 잘못된 아이디 입력\n4. 잘못된 비밀번호 입력\n5. 로그인 버튼 클릭\n6. 에러 메시지 표시 확인\n\n**예상 결과:** 로그인 실패 메시지가 화면에 표시됨\n</code></pre>\n","status":"broken","statusMessage":"selenium.common.exceptions.ElementClickInterceptedException: Message: element click intercepted: Element <button class=\"css-4ojrwk e4nu7ef3\" type=\"submit\" height=\"54\" radius=\"6\">...</button> is not clickable at point (525, 419). Other element would receive the click: <input data-testid=\"input-box\" name=\"password\" placeholder=\"비밀번호를 입력해주세요\" type=\"password\" autocomplete=\"off\" class=\"css-u52dqk e1uzxhvi2\" value=\"wrong_password123\">\n  (Session info: chrome=143.0.7499.169)\nStacktrace:\n#0 0x563b145f040a <unknown>\n#1 0x563b1402476b <unknown>\n#2 0x563b1407cc04 <unknown>\n#3 0x563b1407aac8 <unknown>\n#4 0x563b140781ea <unknown>\n#5 0x563b14077329 <unknown>\n#6 0x563b1406a642 <unknown>\n#7 0x563b14069fe7 <unknown>\n#8 0x563b140c1760 <unknown>\n#9 0x563b140687b2 <unknown>\n#10 0x563b14069461 <unknown>\n#11 0x563b145b8df9 <unknown>\n#12 0x563b145bbd5d <unknown>\n#13 0x563b145a1b41 <unknown>\n#14 0x563b145bc93b <unknown>\n#15 0x563b14588870 <unknown>\n#16 0x563b145dd828 <unknown>\n#17 0x563b145dd9fc <unknown>\n#18 0x563b145ef763 <unknown>\n#19 0x7f2fa3e9caa4 <unknown>\n#20 0x7f2fa3f29c6c <unknown>","statusTrace":"src/tests/ui/test_ui_login.py:40: in test_login_with_invalid_credentials\n    kurly_login_page.click_login_button()\nsrc/pages/kurly_login_page.py:67: in click_login_button\n    self.click(self.SUBMIT_BUTTON)\nsrc/pages/base_page.py:273: in click\n    element.click()\nvenv/lib/python3.11/site-packages/selenium/webdriver/remote/webelement.py:94: in click\n    self._execute(Command.CLICK_ELEMENT)\nvenv/lib/python3.11/site-packages/selenium/webdriver/remote/webelement.py:402: in _execute\n    return self._parent.execute(command, params)\nvenv/lib/python3.11/site-packages/selenium/webdriver/remote/webdriver.py:384: in execute\n    self.error_handler.check_response(response)\nvenv/lib/python3.11/site-packages/selenium/webdriver/remote/errorhandler.py:232: in check_response\n    raise exception_class(message, screen, stacktrace)\nE   selenium.common.exceptions.ElementClickInterceptedException: Message: element click intercepted: Element <button class=\"css-4ojrwk e4nu7ef3\" type=\"submit\" height=\"54\" radius=\"6\">...</button> is not clickable at point (525, 419). Other element would receive the click: <input data-testid=\"input-box\" name=\"password\" placeholder=\"비밀번호를 입력해주세요\" type=\"password\" autocomplete=\"off\" class=\"css-u52dqk e1uzxhvi2\" value=\"wrong_password123\">\nE     (Session info: chrome=143.0.7499.169)\nE   Stacktrace:\nE   #0 0x563b145f040a <unknown>\nE   #1 0x563b1402476b <unknown>\nE   #2 0x563b1407cc04 <unknown>\nE   #3 0x563b1407aac8 <unknown>\nE   #4 0x563b140781ea <unknown>\nE   #5 0x563b14077329 <unknown>\nE   #6 0x563b1406a642 <unknown>\nE   #7 0x563b14069fe7 <unknown>\nE   #8 0x563b140c1760 <unknown>\nE   #9 0x563b140687b2 <unknown>\nE   #10 0x563b14069461 <unknown>\nE   #11 0x563b145b8df9 <unknown>\nE   #12 0x563b145bbd5d <unknown>\nE   #13 0x563b145a1b41 <unknown>\nE   #14 0x563b145bc93b <unknown>\nE   #15 0x563b14588870 <unknown>\nE   #16 0x563b145dd828 <unknown>\nE   #17 0x563b145dd9fc <unknown>\nE   #18 0x563b145ef763 <unknown>\nE   #19 0x7f2fa3e9caa4 <unknown>\nE   #20 0x7f2fa3f29c6c <unknown>","flaky":false,"newFailed":false,"newBroken":false,"newPassed":false,"retriesCount":0,"retriesStatusChange":false,"beforeStages":[{"name":"driver","time":{"start":1768133650905,"stop":1768133651660,"duration":755},"status":"passed","steps":[],"attachments":[],"parameters":[],"shouldDisplayMessage":false,"stepsCount":0,"attachmentsCount":0,"hasContent":false,"attachmentStep":false},{"name":"test_credentials_invalid","time":{"start":1768133651660,"stop":1768133651660,"duration":0},"status":"passed","steps":[],"attachments":[],"parameters":[],"shouldDisplayMessage":false,"stepsCount":0,"attachmentsCount":0,"hasContent":false,"attachmentStep":false},{"name":"kurly_login_page","time":{"start":1768133651660,"stop":1768133651660,"duration":0},"status":"passed","steps":[],"attachments":[],"parameters":[],"shouldDisplayMessage":false,"stepsCount":0,"attachmentsCount":0,"hasContent":false,"attachmentStep":false}],"testStage":{"description":"\n    **목적:** 잘못된 아이디와 비밀번호로 로그인 시도 시 적절한 에러 메시지가 표시되는지 확인\n\n    **테스트 단계:**\n    1. 마켓컬리 메인 페이지 접속\n    2. 로그인 버튼 클릭\n    3. 잘못된 아이디 입력\n    4. 잘못된 비밀번호 입력\n    5. 로그인 버튼 클릭\n    6. 에러 메시지 표시 확인\n\n    **예상 결과:** 로그인 실패 메시지가 화면에 표시됨\n    ","status":"broken","statusMessage":"selenium.common.exceptions.ElementClickInterceptedException: Message: element click intercepted: Element <button class=\"css-4ojrwk e4nu7ef3\" type=\"submit\" height=\"54\" radius=\"6\">...</button> is not clickable at point (525, 419). Other element would receive the click: <input data-testid=\"input-box\" name=\"password\" placeholder=\"비밀번호를 입력해주세요\" type=\"password\" autocomplete=\"off\" class=\"css-u52dqk e1uzxhvi2\" value=\"wrong_password123\">\n  (Session info: chrome=143.0.7499.169)\nStacktrace:\n#0 0x563b145f040a <unknown>\n#1 0x563b1402476b <unknown>\n#2 0x563b1407cc04 <unknown>\n#3 0x563b1407aac8 <unknown>\n#4 0x563b140781ea <unknown>\n#5 0x563b14077329 <unknown>\n#6 0x563b1406a642 <unknown>\n#7 0x563b14069fe7 <unknown>\n#8 0x563b140c1760 <unknown>\n#9 0x563b140687b2 <unknown>\n#10 0x563b14069461 <unknown>\n#11 0x563b145b8df9 <unknown>\n#12 0x563b145bbd5d <unknown>\n#13 0x563b145a1b41 <unknown>\n#14 0x563b145bc93b <unknown>\n#15 0x563b14588870 <unknown>\n#16 0x563b145dd828 <unknown>\n#17 0x563b145dd9fc <unknown>\n#18 0x563b145ef763 <unknown>\n#19 0x7f2fa3e9caa4 <unknown>\n#20 0x7f2fa3f29c6c <unknown>","statusTrace":"src/tests/ui/test_ui_login.py:40: in test_login_with_invalid_credentials\n    kurly_login_page.click_login_button()\nsrc/pages/kurly_login_page.py:67: in click_login_button\n    self.click(self.SUBMIT_BUTTON)\nsrc/pages/base_page.py:273: in click\n    element.click()\nvenv/lib/python3.11/site-packages/selenium/webdriver/remote/webelement.py:94: in click\n    self._execute(Command.CLICK_ELEMENT)\nvenv/lib/python3.11/site-packages/selenium/webdriver/remote/webelement.py:402: in _execute\n    return self._parent.execute(command, params)\nvenv/lib/python3.11/site-packages/selenium/webdriver/remote/webdriver.py:384: in execute\n    self.error_handler.check_response(response)\nvenv/lib/python3.11/site-packages/selenium/webdriver/remote/errorhandler.py:232: in check_response\n    raise exception_class(message, screen, stacktrace)\nE   selenium.common.exceptions.ElementClickInterceptedException: Message: element click intercepted: Element <button class=\"css-4ojrwk e4nu7ef3\" type=\"submit\" height=\"54\" radius=\"6\">...</button> is not clickable at point (525, 419). Other element would receive the click: <input data-testid=\"input-box\" name=\"password\" placeholder=\"비밀번호를 입력해주세요\" type=\"password\" autocomplete=\"off\" class=\"css-u52dqk e1uzxhvi2\" value=\"wrong_password123\">\nE     (Session info: chrome=143.0.7499.169)\nE   Stacktrace:\nE   #0 0x563b145f040a <unknown>\nE   #1 0x563b1402476b <unknown>\nE   #2 0x563b1407cc04 <unknown>\nE   #3 0x563b1407aac8 <unknown>\nE   #4 0x563b140781ea <unknown>\nE   #5 0x563b14077329 <unknown>\nE   #6 0x563b1406a642 <unknown>\nE   #7 0x563b14069fe7 <unknown>\nE   #8 0x563b140c1760 <unknown>\nE   #9 0x563b140687b2 <unknown>\nE   #10 0x563b14069461 <unknown>\nE   #11 0x563b145b8df9 <unknown>\nE   #12 0x563b145bbd5d <unknown>\nE   #13 0x563b145a1b41 <unknown>\nE   #14 0x563b145bc93b <unknown>\nE   #15 0x563b14588870 <unknown>\nE   #16 0x563b145dd828 <unknown>\nE   #17 0x563b145dd9fc <unknown>\nE   #18 0x563b145ef763 <unknown>\nE   #19 0x7f2fa3e9caa4 <unknown>\nE   #20 0x7f2fa3f29c6c <unknown>","steps":[{"name":"마켓컬리 메인 페이지로 이동","time":{"start":1768133651660,"stop":1768133653900,"duration":2240},"status":"passed","steps":[],"attachments":[],"parameters":[],"shouldDisplayMessage":false,"stepsCount":0,"attachmentsCount":0,"hasContent":false,"attachmentStep":false},{"name":"로그인 페이지로 이동","time":{"start":1768133653900,"stop":1768133654123,"duration":223},"status":"passed","steps":[],"attachments":[],"parameters":[],"shouldDisplayMessage":false,"stepsCount":0,"attachmentsCount":0,"hasContent":false,"attachmentStep":false},{"name":"잘못된 계정 정보 입력 및 로그인 시도","time":{"start":1768133654123,"stop":1768133656031,"duration":1908},"status":"broken","statusMessage":"selenium.common.exceptions.ElementClickInterceptedException: Message: element click intercepted: Element <button class=\"css-4ojrwk e4nu7ef3\" type=\"submit\" height=\"54\" radius=\"6\">...</button> is not clickable at point (525, 419). Other element would receive the click: <input data-testid=\"input-box\" name=\"password\" placeholder=\"비밀번호를 입력해주세요\" type=\"password\" autocomplete=\"off\" class=\"css-u52dqk e1uzxhvi2\" value=\"wrong_password123\">\n  (Session info: chrome=143.0.7499.169)\nStacktrace:\n#0 0x563b145f040a <unknown>\n#1 0x563b1402476b <unknown>\n#2 0x563b1407cc04 <unknown>\n#3 0x563b1407aac8 <unknown>\n#4 0x563b140781ea <unknown>\n#5 0x563b14077329 <unknown>\n#6 0x563b1406a642 <unknown>\n#7 0x563b14069fe7 <unknown>\n#8 0x563b140c1760 <unknown>\n#9 0x563b140687b2 <unknown>\n#10 0x563b14069461 <unknown>\n#11 0x563b145b8df9 <unknown>\n#12 0x563b145bbd5d <unknown>\n#13 0x563b145a1b41 <unknown>\n#14 0x563b145bc93b <unknown>\n#15 0x563b14588870 <unknown>\n#16 0x563b145dd828 <unknown>\n#17 0x563b145dd9fc <unknown>\n#18 0x563b145ef763 <unknown>\n#19 0x7f2fa3e9caa4 <unknown>\n#20 0x7f2fa3f29c6c <unknown>\n\n","statusTrace":"  File \"/home/runner/work/QATEST/QATEST/src/tests/ui/test_ui_login.py\", line 40, in test_login_with_invalid_credentials\n    kurly_login_page.click_login_button()\n  File \"/home/runner/work/QATEST/QATEST/src/pages/kurly_login_page.py\", line 67, in click_login_button\n    self.click(self.SUBMIT_BUTTON)\n  File \"/home/runner/work/QATEST/QATEST/src/pages/base_page.py\", line 273, in click\n    element.click()\n  File \"/home/runner/work/QATEST/QATEST/venv/lib/python3.11/site-packages/selenium/webdriver/remote/webelement.py\", line 94, in click\n    self._execute(Command.CLICK_ELEMENT)\n  File \"/home/runner/work/QATEST/QATEST/venv/lib/python3.11/site-packages/selenium/webdriver/remote/webelement.py\", line 402, in _execute\n    return self._parent.execute(command, params)\n           ^^^^^^^^^^^^^^^^^^^^^^^^^^^^^^^^^^^^^\n  File \"/home/runner/work/QATEST/QATEST/venv/lib/python3.11/site-packages/selenium/webdriver/remote/webdriver.py\", line 384, in execute\n    self.error_handler.check_response(response)\n  File \"/home/runner/work/QATEST/QATEST/venv/lib/python3.11/site-packages/selenium/webdriver/remote/errorhandler.py\", line 232, in check_response\n    raise exception_class(message, screen, stacktrace)\n","steps":[],"attachments":[],"parameters":[],"shouldDisplayMessage":true,"stepsCount":0,"attachmentsCount":0,"hasContent":true,"attachmentStep":false}],"attachments":[{"uid":"5b4f1f3ba0a78265","name":"log","source":"5b4f1f3ba0a78265.txt","type":"text/plain","size":25519},{"uid":"2fb863b81e6de128","name":"stderr","source":"2fb863b81e6de128.txt","type":"text/plain","size":198}],"parameters":[],"shouldDisplayMessage":true,"stepsCount":3,"attachmentsCount":2,"hasContent":true,"attachmentStep":false},"afterStages":[{"name":"driver::0","time":{"start":1768133661274,"stop":1768133661344,"duration":70},"status":"passed","steps":[],"attachments":[],"parameters":[],"shouldDisplayMessage":false,"stepsCount":0,"attachmentsCount":0,"hasContent":false,"attachmentStep":false}],"labels":[{"name":"feature","value":"사용자 인증"},{"name":"story","value":"로그인"},{"name":"severity","value":"critical"},{"name":"tag","value":"ui"},{"name":"parentSuite","value":"src.tests.ui"},{"name":"suite","value":"test_ui_login"},{"name":"subSuite","value":"TestLogin"},{"name":"host","value":"runnervmi13qx"},{"name":"thread","value":"2601-MainThread"},{"name":"framework","value":"pytest"},{"name":"language","value":"cpython3"},{"name":"package","value":"src.tests.ui.test_ui_login"},{"name":"resultFormat","value":"allure2"}],"parameters":[],"links":[],"hidden":false,"retry":false,"extra":{"severity":"critical","retries":[],"categories":[{"name":"Test defects","matchedStatuses":[],"flaky":false}],"tags":["ui"]},"source":"5aa40586d33485d4.json","parameterValues":[]}