{"uid":"6d9199a508dc94f5","name":"여러 상품을 장바구니에 담기","fullName":"src.tests.ui.test_cart_management.TestCartManagement#test_add_multiple_items_to_cart","historyId":"b10392ec03b6bdb85794b4326da8c28d","time":{"start":1772066351163,"stop":1772066360261,"duration":9098},"description":"여러 상품을 장바구니에 담고 모두 장바구니에 있는지 확인","descriptionHtml":"<p>여러 상품을 장바구니에 담고 모두 장바구니에 있는지 확인</p>\n","status":"broken","statusMessage":"selenium.common.exceptions.TimeoutException: Message: ❌ 요소를 클릭할 수 없습니다: ('xpath', \"//button[contains(text(),'장바구니 담기')]\")","statusTrace":"src/pages/base_page.py:272: in click\n    element = self.wait_clickable(locator, timeout)\nsrc/pages/base_page.py:127: in wait_clickable\n    return wait.until(EC.element_to_be_clickable(locator))\nvenv/lib/python3.11/site-packages/selenium/webdriver/support/wait.py:105: in until\n    raise TimeoutException(message, screen, stacktrace)\nE   selenium.common.exceptions.TimeoutException: Message: \nE   Stacktrace:\nE   #0 0x56172d030b6a <unknown>\nE   #1 0x56172ca43a32 <unknown>\nE   #2 0x56172ca98d66 <unknown>\nE   #3 0x56172ca98fa1 <unknown>\nE   #4 0x56172cae4144 <unknown>\nE   #5 0x56172cae1369 <unknown>\nE   #6 0x56172ca8ac0f <unknown>\nE   #7 0x56172ca8b9d1 <unknown>\nE   #8 0x56172cff56b9 <unknown>\nE   #9 0x56172cff85c1 <unknown>\nE   #10 0x56172cfe1e29 <unknown>\nE   #11 0x56172cff917e <unknown>\nE   #12 0x56172cfc84b0 <unknown>\nE   #13 0x56172d01d578 <unknown>\nE   #14 0x56172d01d74b <unknown>\nE   #15 0x56172d02f1a3 <unknown>\nE   #16 0x7f0f0ac9caa4 <unknown>\nE   #17 0x7f0f0ad29c6c <unknown>\n\nDuring handling of the above exception, another exception occurred:\nsrc/tests/ui/test_cart_management.py:32: in test_add_multiple_items_to_cart\n    kurly_search_page.add_to_cart_in_alt()\nsrc/pages/kurly_search_page.py:238: in add_to_cart_in_alt\n    self.click(self.ADD_TO_CART_BUTTONS_IN_ALT)\nsrc/pages/base_page.py:277: in click\n    raise TimeoutException(f\"❌ 요소를 클릭할 수 없습니다: {locator}\")\nE   selenium.common.exceptions.TimeoutException: Message: ❌ 요소를 클릭할 수 없습니다: ('xpath', \"//button[contains(text(),'장바구니 담기')]\")","flaky":false,"newFailed":false,"newBroken":false,"newPassed":false,"retriesCount":0,"retriesStatusChange":false,"beforeStages":[{"name":"driver","time":{"start":1772066350562,"stop":1772066351163,"duration":601},"status":"passed","steps":[],"attachments":[],"parameters":[],"shouldDisplayMessage":false,"stepsCount":0,"attachmentsCount":0,"hasContent":false,"attachmentStep":false},{"name":"kurly_cart_page","time":{"start":1772066351163,"stop":1772066351163,"duration":0},"status":"passed","steps":[],"attachments":[],"parameters":[],"shouldDisplayMessage":false,"stepsCount":0,"attachmentsCount":0,"hasContent":false,"attachmentStep":false},{"name":"kurly_search_page","time":{"start":1772066351163,"stop":1772066351163,"duration":0},"status":"passed","steps":[],"attachments":[],"parameters":[],"shouldDisplayMessage":false,"stepsCount":0,"attachmentsCount":0,"hasContent":false,"attachmentStep":false},{"name":"kurly_main_page","time":{"start":1772066351163,"stop":1772066351163,"duration":0},"status":"passed","steps":[],"attachments":[],"parameters":[],"shouldDisplayMessage":false,"stepsCount":0,"attachmentsCount":0,"hasContent":false,"attachmentStep":false}],"testStage":{"description":"여러 상품을 장바구니에 담고 모두 장바구니에 있는지 확인","status":"broken","statusMessage":"selenium.common.exceptions.TimeoutException: Message: ❌ 요소를 클릭할 수 없습니다: ('xpath', \"//button[contains(text(),'장바구니 담기')]\")","statusTrace":"src/pages/base_page.py:272: in click\n    element = self.wait_clickable(locator, timeout)\nsrc/pages/base_page.py:127: in wait_clickable\n    return wait.until(EC.element_to_be_clickable(locator))\nvenv/lib/python3.11/site-packages/selenium/webdriver/support/wait.py:105: in until\n    raise TimeoutException(message, screen, stacktrace)\nE   selenium.common.exceptions.TimeoutException: Message: \nE   Stacktrace:\nE   #0 0x56172d030b6a <unknown>\nE   #1 0x56172ca43a32 <unknown>\nE   #2 0x56172ca98d66 <unknown>\nE   #3 0x56172ca98fa1 <unknown>\nE   #4 0x56172cae4144 <unknown>\nE   #5 0x56172cae1369 <unknown>\nE   #6 0x56172ca8ac0f <unknown>\nE   #7 0x56172ca8b9d1 <unknown>\nE   #8 0x56172cff56b9 <unknown>\nE   #9 0x56172cff85c1 <unknown>\nE   #10 0x56172cfe1e29 <unknown>\nE   #11 0x56172cff917e <unknown>\nE   #12 0x56172cfc84b0 <unknown>\nE   #13 0x56172d01d578 <unknown>\nE   #14 0x56172d01d74b <unknown>\nE   #15 0x56172d02f1a3 <unknown>\nE   #16 0x7f0f0ac9caa4 <unknown>\nE   #17 0x7f0f0ad29c6c <unknown>\n\nDuring handling of the above exception, another exception occurred:\nsrc/tests/ui/test_cart_management.py:32: in test_add_multiple_items_to_cart\n    kurly_search_page.add_to_cart_in_alt()\nsrc/pages/kurly_search_page.py:238: in add_to_cart_in_alt\n    self.click(self.ADD_TO_CART_BUTTONS_IN_ALT)\nsrc/pages/base_page.py:277: in click\n    raise TimeoutException(f\"❌ 요소를 클릭할 수 없습니다: {locator}\")\nE   selenium.common.exceptions.TimeoutException: Message: ❌ 요소를 클릭할 수 없습니다: ('xpath', \"//button[contains(text(),'장바구니 담기')]\")","steps":[{"name":"메인 페이지 접속","time":{"start":1772066351164,"stop":1772066353879,"duration":2715},"status":"passed","steps":[],"attachments":[],"parameters":[],"shouldDisplayMessage":false,"stepsCount":0,"attachmentsCount":0,"hasContent":false,"attachmentStep":false},{"name":"'과자' 검색","time":{"start":1772066353879,"stop":1772066354786,"duration":907},"status":"passed","steps":[],"attachments":[],"parameters":[],"shouldDisplayMessage":false,"stepsCount":0,"attachmentsCount":0,"hasContent":false,"attachmentStep":false},{"name":"3개 상품을 장바구니에 담기","time":{"start":1772066354786,"stop":1772066360261,"duration":5475},"status":"broken","statusMessage":"selenium.common.exceptions.TimeoutException: Message: ❌ 요소를 클릭할 수 없습니다: ('xpath', \"//button[contains(text(),'장바구니 담기')]\")\n\n","statusTrace":"  File \"/home/runner/work/QATEST/QATEST/src/tests/ui/test_cart_management.py\", line 32, in test_add_multiple_items_to_cart\n    kurly_search_page.add_to_cart_in_alt()\n  File \"/home/runner/work/QATEST/QATEST/src/pages/kurly_search_page.py\", line 238, in add_to_cart_in_alt\n    self.click(self.ADD_TO_CART_BUTTONS_IN_ALT)\n  File \"/home/runner/work/QATEST/QATEST/src/pages/base_page.py\", line 277, in click\n    raise TimeoutException(f\"❌ 요소를 클릭할 수 없습니다: {locator}\")\n","steps":[],"attachments":[],"parameters":[],"shouldDisplayMessage":true,"stepsCount":0,"attachmentsCount":0,"hasContent":true,"attachmentStep":false}],"attachments":[{"uid":"e4b8358080771ad6","name":"log","source":"e4b8358080771ad6.txt","type":"text/plain","size":118296},{"uid":"a3e2d58166c060b4","name":"stderr","source":"a3e2d58166c060b4.txt","type":"text/plain","size":486}],"parameters":[],"shouldDisplayMessage":true,"stepsCount":3,"attachmentsCount":2,"hasContent":true,"attachmentStep":false},"afterStages":[{"name":"driver::0","time":{"start":1772066366380,"stop":1772066366472,"duration":92},"status":"passed","steps":[],"attachments":[],"parameters":[],"shouldDisplayMessage":false,"stepsCount":0,"attachmentsCount":0,"hasContent":false,"attachmentStep":false}],"labels":[{"name":"feature","value":"장바구니 관리"},{"name":"story","value":"장바구니 상품 관리"},{"name":"tag","value":"ui"},{"name":"parentSuite","value":"src.tests.ui"},{"name":"suite","value":"test_cart_management"},{"name":"subSuite","value":"TestCartManagement"},{"name":"host","value":"runnervmnay03"},{"name":"thread","value":"2776-MainThread"},{"name":"framework","value":"pytest"},{"name":"language","value":"cpython3"},{"name":"package","value":"src.tests.ui.test_cart_management"},{"name":"resultFormat","value":"allure2"}],"parameters":[],"links":[],"hidden":false,"retry":false,"extra":{"severity":"normal","retries":[],"categories":[{"name":"Test defects","matchedStatuses":[],"flaky":false}],"tags":["ui"]},"source":"6d9199a508dc94f5.json","parameterValues":[]}