{"uid":"75d0b08cd16aa889","name":"빈 계정 정보로 로그인 실패 테스트","fullName":"src.tests.ui.test_ui_login.TestLogin#test_login_with_empty_credentials","historyId":"c0b6c4c52adebffb925d6b84b9b80bd4","time":{"start":1772080931895,"stop":1772080935265,"duration":3370},"description":"\n    **목적:** 아이디나 비밀번호를 입력하지 않고 로그인 시도 시 적절한 처리가 되는지 확인\n\n    **테스트 단계:**\n    1. 마켓컬리 메인 페이지 접속\n    2. 로그인 버튼 클릭\n    3. 아이디와 비밀번호를 입력하지 않음\n    4. 로그인 버튼 클릭\n    5. 에러 메시지 또는 유효성 검사 메시지 표시 확인\n    ","descriptionHtml":"<pre><code>**목적:** 아이디나 비밀번호를 입력하지 않고 로그인 시도 시 적절한 처리가 되는지 확인\n\n**테스트 단계:**\n1. 마켓컬리 메인 페이지 접속\n2. 로그인 버튼 클릭\n3. 아이디와 비밀번호를 입력하지 않음\n4. 로그인 버튼 클릭\n5. 에러 메시지 또는 유효성 검사 메시지 표시 확인\n</code></pre>\n","status":"broken","statusMessage":"selenium.common.exceptions.ElementClickInterceptedException: Message: element click intercepted: Element <button class=\"css-4ojrwk e4nu7ef3\" type=\"submit\" height=\"54\" radius=\"6\">...</button> is not clickable at point (525, 419). Other element would receive the click: <input data-testid=\"input-box\" name=\"password\" placeholder=\"비밀번호를 입력해주세요\" type=\"password\" autocomplete=\"off\" class=\"css-u52dqk e1uzxhvi2\" value=\"\">\n  (Session info: chrome=145.0.7632.116)\nStacktrace:\n#0 0x5642d5d9db6a <unknown>\n#1 0x5642d57b0a32 <unknown>\n#2 0x5642d580d01b <unknown>\n#3 0x5642d580ac52 <unknown>\n#4 0x5642d5808199 <unknown>\n#5 0x5642d5807297 <unknown>\n#6 0x5642d57f9cd2 <unknown>\n#7 0x5642d57f9617 <unknown>\n#8 0x5642d584e369 <unknown>\n#9 0x5642d57f7c0f <unknown>\n#10 0x5642d57f89d1 <unknown>\n#11 0x5642d5d626b9 <unknown>\n#12 0x5642d5d655c1 <unknown>\n#13 0x5642d5d4ee29 <unknown>\n#14 0x5642d5d6617e <unknown>\n#15 0x5642d5d354b0 <unknown>\n#16 0x5642d5d8a578 <unknown>\n#17 0x5642d5d8a74b <unknown>\n#18 0x5642d5d9c1a3 <unknown>\n#19 0x7f5b5c49caa4 <unknown>\n#20 0x7f5b5c529c6c <unknown>","statusTrace":"src/tests/ui/test_ui_login.py:75: in test_login_with_empty_credentials\n    kurly_login_page.click_login_button()\nsrc/pages/kurly_login_page.py:67: in click_login_button\n    self.click(self.SUBMIT_BUTTON)\nsrc/pages/base_page.py:273: in click\n    element.click()\nvenv/lib/python3.11/site-packages/selenium/webdriver/remote/webelement.py:94: in click\n    self._execute(Command.CLICK_ELEMENT)\nvenv/lib/python3.11/site-packages/selenium/webdriver/remote/webelement.py:402: in _execute\n    return self._parent.execute(command, params)\nvenv/lib/python3.11/site-packages/selenium/webdriver/remote/webdriver.py:384: in execute\n    self.error_handler.check_response(response)\nvenv/lib/python3.11/site-packages/selenium/webdriver/remote/errorhandler.py:232: in check_response\n    raise exception_class(message, screen, stacktrace)\nE   selenium.common.exceptions.ElementClickInterceptedException: Message: element click intercepted: Element <button class=\"css-4ojrwk e4nu7ef3\" type=\"submit\" height=\"54\" radius=\"6\">...</button> is not clickable at point (525, 419). Other element would receive the click: <input data-testid=\"input-box\" name=\"password\" placeholder=\"비밀번호를 입력해주세요\" type=\"password\" autocomplete=\"off\" class=\"css-u52dqk e1uzxhvi2\" value=\"\">\nE     (Session info: chrome=145.0.7632.116)\nE   Stacktrace:\nE   #0 0x5642d5d9db6a <unknown>\nE   #1 0x5642d57b0a32 <unknown>\nE   #2 0x5642d580d01b <unknown>\nE   #3 0x5642d580ac52 <unknown>\nE   #4 0x5642d5808199 <unknown>\nE   #5 0x5642d5807297 <unknown>\nE   #6 0x5642d57f9cd2 <unknown>\nE   #7 0x5642d57f9617 <unknown>\nE   #8 0x5642d584e369 <unknown>\nE   #9 0x5642d57f7c0f <unknown>\nE   #10 0x5642d57f89d1 <unknown>\nE   #11 0x5642d5d626b9 <unknown>\nE   #12 0x5642d5d655c1 <unknown>\nE   #13 0x5642d5d4ee29 <unknown>\nE   #14 0x5642d5d6617e <unknown>\nE   #15 0x5642d5d354b0 <unknown>\nE   #16 0x5642d5d8a578 <unknown>\nE   #17 0x5642d5d8a74b <unknown>\nE   #18 0x5642d5d9c1a3 <unknown>\nE   #19 0x7f5b5c49caa4 <unknown>\nE   #20 0x7f5b5c529c6c <unknown>","flaky":false,"newFailed":false,"newBroken":false,"newPassed":false,"retriesCount":0,"retriesStatusChange":false,"beforeStages":[{"name":"driver","time":{"start":1772080925854,"stop":1772080926494,"duration":640},"status":"passed","steps":[],"attachments":[],"parameters":[],"shouldDisplayMessage":false,"stepsCount":0,"attachmentsCount":0,"hasContent":false,"attachmentStep":false},{"name":"kurly_login_page","time":{"start":1772080931895,"stop":1772080931895,"duration":0},"status":"passed","steps":[],"attachments":[],"parameters":[],"shouldDisplayMessage":false,"stepsCount":0,"attachmentsCount":0,"hasContent":false,"attachmentStep":false}],"testStage":{"description":"\n    **목적:** 아이디나 비밀번호를 입력하지 않고 로그인 시도 시 적절한 처리가 되는지 확인\n\n    **테스트 단계:**\n    1. 마켓컬리 메인 페이지 접속\n    2. 로그인 버튼 클릭\n    3. 아이디와 비밀번호를 입력하지 않음\n    4. 로그인 버튼 클릭\n    5. 에러 메시지 또는 유효성 검사 메시지 표시 확인\n    ","status":"broken","statusMessage":"selenium.common.exceptions.ElementClickInterceptedException: Message: element click intercepted: Element <button class=\"css-4ojrwk e4nu7ef3\" type=\"submit\" height=\"54\" radius=\"6\">...</button> is not clickable at point (525, 419). Other element would receive the click: <input data-testid=\"input-box\" name=\"password\" placeholder=\"비밀번호를 입력해주세요\" type=\"password\" autocomplete=\"off\" class=\"css-u52dqk e1uzxhvi2\" value=\"\">\n  (Session info: chrome=145.0.7632.116)\nStacktrace:\n#0 0x5642d5d9db6a <unknown>\n#1 0x5642d57b0a32 <unknown>\n#2 0x5642d580d01b <unknown>\n#3 0x5642d580ac52 <unknown>\n#4 0x5642d5808199 <unknown>\n#5 0x5642d5807297 <unknown>\n#6 0x5642d57f9cd2 <unknown>\n#7 0x5642d57f9617 <unknown>\n#8 0x5642d584e369 <unknown>\n#9 0x5642d57f7c0f <unknown>\n#10 0x5642d57f89d1 <unknown>\n#11 0x5642d5d626b9 <unknown>\n#12 0x5642d5d655c1 <unknown>\n#13 0x5642d5d4ee29 <unknown>\n#14 0x5642d5d6617e <unknown>\n#15 0x5642d5d354b0 <unknown>\n#16 0x5642d5d8a578 <unknown>\n#17 0x5642d5d8a74b <unknown>\n#18 0x5642d5d9c1a3 <unknown>\n#19 0x7f5b5c49caa4 <unknown>\n#20 0x7f5b5c529c6c <unknown>","statusTrace":"src/tests/ui/test_ui_login.py:75: in test_login_with_empty_credentials\n    kurly_login_page.click_login_button()\nsrc/pages/kurly_login_page.py:67: in click_login_button\n    self.click(self.SUBMIT_BUTTON)\nsrc/pages/base_page.py:273: in click\n    element.click()\nvenv/lib/python3.11/site-packages/selenium/webdriver/remote/webelement.py:94: in click\n    self._execute(Command.CLICK_ELEMENT)\nvenv/lib/python3.11/site-packages/selenium/webdriver/remote/webelement.py:402: in _execute\n    return self._parent.execute(command, params)\nvenv/lib/python3.11/site-packages/selenium/webdriver/remote/webdriver.py:384: in execute\n    self.error_handler.check_response(response)\nvenv/lib/python3.11/site-packages/selenium/webdriver/remote/errorhandler.py:232: in check_response\n    raise exception_class(message, screen, stacktrace)\nE   selenium.common.exceptions.ElementClickInterceptedException: Message: element click intercepted: Element <button class=\"css-4ojrwk e4nu7ef3\" type=\"submit\" height=\"54\" radius=\"6\">...</button> is not clickable at point (525, 419). Other element would receive the click: <input data-testid=\"input-box\" name=\"password\" placeholder=\"비밀번호를 입력해주세요\" type=\"password\" autocomplete=\"off\" class=\"css-u52dqk e1uzxhvi2\" value=\"\">\nE     (Session info: chrome=145.0.7632.116)\nE   Stacktrace:\nE   #0 0x5642d5d9db6a <unknown>\nE   #1 0x5642d57b0a32 <unknown>\nE   #2 0x5642d580d01b <unknown>\nE   #3 0x5642d580ac52 <unknown>\nE   #4 0x5642d5808199 <unknown>\nE   #5 0x5642d5807297 <unknown>\nE   #6 0x5642d57f9cd2 <unknown>\nE   #7 0x5642d57f9617 <unknown>\nE   #8 0x5642d584e369 <unknown>\nE   #9 0x5642d57f7c0f <unknown>\nE   #10 0x5642d57f89d1 <unknown>\nE   #11 0x5642d5d626b9 <unknown>\nE   #12 0x5642d5d655c1 <unknown>\nE   #13 0x5642d5d4ee29 <unknown>\nE   #14 0x5642d5d6617e <unknown>\nE   #15 0x5642d5d354b0 <unknown>\nE   #16 0x5642d5d8a578 <unknown>\nE   #17 0x5642d5d8a74b <unknown>\nE   #18 0x5642d5d9c1a3 <unknown>\nE   #19 0x7f5b5c49caa4 <unknown>\nE   #20 0x7f5b5c529c6c <unknown>","steps":[{"name":"빈 계정 정보로 로그인 시도","time":{"start":1772080933682,"stop":1772080935264,"duration":1582},"status":"broken","statusMessage":"selenium.common.exceptions.ElementClickInterceptedException: Message: element click intercepted: Element <button class=\"css-4ojrwk e4nu7ef3\" type=\"submit\" height=\"54\" radius=\"6\">...</button> is not clickable at point (525, 419). Other element would receive the click: <input data-testid=\"input-box\" name=\"password\" placeholder=\"비밀번호를 입력해주세요\" type=\"password\" autocomplete=\"off\" class=\"css-u52dqk e1uzxhvi2\" value=\"\">\n  (Session info: chrome=145.0.7632.116)\nStacktrace:\n#0 0x5642d5d9db6a <unknown>\n#1 0x5642d57b0a32 <unknown>\n#2 0x5642d580d01b <unknown>\n#3 0x5642d580ac52 <unknown>\n#4 0x5642d5808199 <unknown>\n#5 0x5642d5807297 <unknown>\n#6 0x5642d57f9cd2 <unknown>\n#7 0x5642d57f9617 <unknown>\n#8 0x5642d584e369 <unknown>\n#9 0x5642d57f7c0f <unknown>\n#10 0x5642d57f89d1 <unknown>\n#11 0x5642d5d626b9 <unknown>\n#12 0x5642d5d655c1 <unknown>\n#13 0x5642d5d4ee29 <unknown>\n#14 0x5642d5d6617e <unknown>\n#15 0x5642d5d354b0 <unknown>\n#16 0x5642d5d8a578 <unknown>\n#17 0x5642d5d8a74b <unknown>\n#18 0x5642d5d9c1a3 <unknown>\n#19 0x7f5b5c49caa4 <unknown>\n#20 0x7f5b5c529c6c <unknown>\n\n","statusTrace":"  File \"/home/runner/work/QATEST/QATEST/src/tests/ui/test_ui_login.py\", line 75, in test_login_with_empty_credentials\n    kurly_login_page.click_login_button()\n  File \"/home/runner/work/QATEST/QATEST/src/pages/kurly_login_page.py\", line 67, in click_login_button\n    self.click(self.SUBMIT_BUTTON)\n  File \"/home/runner/work/QATEST/QATEST/src/pages/base_page.py\", line 273, in click\n    element.click()\n  File \"/home/runner/work/QATEST/QATEST/venv/lib/python3.11/site-packages/selenium/webdriver/remote/webelement.py\", line 94, in click\n    self._execute(Command.CLICK_ELEMENT)\n  File \"/home/runner/work/QATEST/QATEST/venv/lib/python3.11/site-packages/selenium/webdriver/remote/webelement.py\", line 402, in _execute\n    return self._parent.execute(command, params)\n           ^^^^^^^^^^^^^^^^^^^^^^^^^^^^^^^^^^^^^\n  File \"/home/runner/work/QATEST/QATEST/venv/lib/python3.11/site-packages/selenium/webdriver/remote/webdriver.py\", line 384, in execute\n    self.error_handler.check_response(response)\n  File \"/home/runner/work/QATEST/QATEST/venv/lib/python3.11/site-packages/selenium/webdriver/remote/errorhandler.py\", line 232, in check_response\n    raise exception_class(message, screen, stacktrace)\n","steps":[],"attachments":[],"parameters":[],"shouldDisplayMessage":true,"stepsCount":0,"attachmentsCount":0,"hasContent":true,"attachmentStep":false}],"attachments":[{"uid":"26205f893c00af51","name":"log","source":"26205f893c00af51.txt","type":"text/plain","size":11570},{"uid":"3b99ac8c3ecf0c1","name":"stderr","source":"3b99ac8c3ecf0c1.txt","type":"text/plain","size":198}],"parameters":[],"shouldDisplayMessage":true,"stepsCount":1,"attachmentsCount":2,"hasContent":true,"attachmentStep":false},"afterStages":[{"name":"driver::0","time":{"start":1772080937020,"stop":1772080937092,"duration":72},"status":"passed","steps":[],"attachments":[],"parameters":[],"shouldDisplayMessage":false,"stepsCount":0,"attachmentsCount":0,"hasContent":false,"attachmentStep":false}],"labels":[{"name":"severity","value":"critical"},{"name":"feature","value":"사용자 인증"},{"name":"story","value":"로그인"},{"name":"tag","value":"ui"},{"name":"parentSuite","value":"src.tests.ui"},{"name":"suite","value":"test_ui_login"},{"name":"subSuite","value":"TestLogin"},{"name":"host","value":"runnervmnay03"},{"name":"thread","value":"2706-MainThread"},{"name":"framework","value":"pytest"},{"name":"language","value":"cpython3"},{"name":"package","value":"src.tests.ui.test_ui_login"},{"name":"resultFormat","value":"allure2"}],"parameters":[],"links":[],"hidden":false,"retry":false,"extra":{"severity":"critical","retries":[],"categories":[{"name":"Test defects","matchedStatuses":[],"flaky":false}],"tags":["ui"]},"source":"75d0b08cd16aa889.json","parameterValues":[]}