{"uid":"76e02fcb8ffdcda0","name":"상품 검색 후 장바구니 추가 테스트","fullName":"src.tests.ui.test_ui_add_goods.TestAddGoods#test_add_goods_to_cart","historyId":"ae408fe597612d1ee15a91992e32f921","time":{"start":1772007750542,"stop":1772007754061,"duration":3519},"description":"\n    **목적:** 상품 검색 → 수량 조절 → 장바구니 담기 플로우가 정상 동작하는지 확인\n\n    **테스트 단계:**\n    1. 마켓컬리 메인 페이지 접속\n    2. '과자' 검색\n    3. 세 번째 상품의 장바구니 추가 버튼 클릭\n    4. 수량 올리기 (2회)\n    5. 수량 내리기 (2회)\n    6. 장바구니 담기 버튼 클릭\n    7. 검색 결과 확인\n\n    **예상 결과:** 상품이 장바구니에 정상적으로 담김\n    ","descriptionHtml":"<pre><code>**목적:** 상품 검색 → 수량 조절 → 장바구니 담기 플로우가 정상 동작하는지 확인\n\n**테스트 단계:**\n1. 마켓컬리 메인 페이지 접속\n2. '과자' 검색\n3. 세 번째 상품의 장바구니 추가 버튼 클릭\n4. 수량 올리기 (2회)\n5. 수량 내리기 (2회)\n6. 장바구니 담기 버튼 클릭\n7. 검색 결과 확인\n\n**예상 결과:** 상품이 장바구니에 정상적으로 담김\n</code></pre>\n","status":"broken","statusMessage":"selenium.common.exceptions.StaleElementReferenceException: Message: stale element reference: stale element not found in the current frame\n  (Session info: chrome=144.0.7559.109); For documentation on this error, please visit: https://www.selenium.dev/documentation/webdriver/troubleshooting/errors#stale-element-reference-exception\nStacktrace:\n#0 0x55fc74f24a4a <unknown>\n#1 0x55fc7493d6a2 <unknown>\n#2 0x55fc749447cb <unknown>\n#3 0x55fc74947039 <unknown>\n#4 0x55fc749470e3 <unknown>\n#5 0x55fc74995f33 <unknown>\n#6 0x55fc74993b43 <unknown>\n#7 0x55fc74986d81 <unknown>\n#8 0x55fc749862d7 <unknown>\n#9 0x55fc749db7f0 <unknown>\n#10 0x55fc749848b2 <unknown>\n#11 0x55fc749856a1 <unknown>\n#12 0x55fc74eea8a9 <unknown>\n#13 0x55fc74eed7b1 <unknown>\n#14 0x55fc74ed6ea9 <unknown>\n#15 0x55fc74eee36e <unknown>\n#16 0x55fc74ebd410 <unknown>\n#17 0x55fc74f120c8 <unknown>\n#18 0x55fc74f1229b <unknown>\n#19 0x55fc74f23db8 <unknown>\n#20 0x7f004a69caa4 <unknown>\n#21 0x7f004a729c6c <unknown>","statusTrace":"src/tests/ui/test_ui_add_goods.py:43: in test_add_goods_to_cart\n    kurly_search_page.click_nth_add_button(3)\nsrc/pages/kurly_search_page.py:176: in click_nth_add_button\n    self.click(nth_add_button)\nsrc/pages/base_page.py:273: in click\n    element.click()\nvenv/lib/python3.11/site-packages/selenium/webdriver/remote/webelement.py:94: in click\n    self._execute(Command.CLICK_ELEMENT)\nvenv/lib/python3.11/site-packages/selenium/webdriver/remote/webelement.py:402: in _execute\n    return self._parent.execute(command, params)\nvenv/lib/python3.11/site-packages/selenium/webdriver/remote/webdriver.py:384: in execute\n    self.error_handler.check_response(response)\nvenv/lib/python3.11/site-packages/selenium/webdriver/remote/errorhandler.py:232: in check_response\n    raise exception_class(message, screen, stacktrace)\nE   selenium.common.exceptions.StaleElementReferenceException: Message: stale element reference: stale element not found in the current frame\nE     (Session info: chrome=144.0.7559.109); For documentation on this error, please visit: https://www.selenium.dev/documentation/webdriver/troubleshooting/errors#stale-element-reference-exception\nE   Stacktrace:\nE   #0 0x55fc74f24a4a <unknown>\nE   #1 0x55fc7493d6a2 <unknown>\nE   #2 0x55fc749447cb <unknown>\nE   #3 0x55fc74947039 <unknown>\nE   #4 0x55fc749470e3 <unknown>\nE   #5 0x55fc74995f33 <unknown>\nE   #6 0x55fc74993b43 <unknown>\nE   #7 0x55fc74986d81 <unknown>\nE   #8 0x55fc749862d7 <unknown>\nE   #9 0x55fc749db7f0 <unknown>\nE   #10 0x55fc749848b2 <unknown>\nE   #11 0x55fc749856a1 <unknown>\nE   #12 0x55fc74eea8a9 <unknown>\nE   #13 0x55fc74eed7b1 <unknown>\nE   #14 0x55fc74ed6ea9 <unknown>\nE   #15 0x55fc74eee36e <unknown>\nE   #16 0x55fc74ebd410 <unknown>\nE   #17 0x55fc74f120c8 <unknown>\nE   #18 0x55fc74f1229b <unknown>\nE   #19 0x55fc74f23db8 <unknown>\nE   #20 0x7f004a69caa4 <unknown>\nE   #21 0x7f004a729c6c <unknown>","flaky":false,"newFailed":false,"newBroken":false,"newPassed":false,"retriesCount":0,"retriesStatusChange":false,"beforeStages":[{"name":"driver","time":{"start":1772007749991,"stop":1772007750541,"duration":550},"status":"passed","steps":[],"attachments":[],"parameters":[],"shouldDisplayMessage":false,"stepsCount":0,"attachmentsCount":0,"hasContent":false,"attachmentStep":false},{"name":"kurly_main_page","time":{"start":1772007750541,"stop":1772007750541,"duration":0},"status":"passed","steps":[],"attachments":[],"parameters":[],"shouldDisplayMessage":false,"stepsCount":0,"attachmentsCount":0,"hasContent":false,"attachmentStep":false},{"name":"kurly_search_page","time":{"start":1772007750541,"stop":1772007750541,"duration":0},"status":"passed","steps":[],"attachments":[],"parameters":[],"shouldDisplayMessage":false,"stepsCount":0,"attachmentsCount":0,"hasContent":false,"attachmentStep":false},{"name":"kurly_goods_page","time":{"start":1772007750541,"stop":1772007750541,"duration":0},"status":"passed","steps":[],"attachments":[],"parameters":[],"shouldDisplayMessage":false,"stepsCount":0,"attachmentsCount":0,"hasContent":false,"attachmentStep":false}],"testStage":{"description":"\n    **목적:** 상품 검색 → 수량 조절 → 장바구니 담기 플로우가 정상 동작하는지 확인\n\n    **테스트 단계:**\n    1. 마켓컬리 메인 페이지 접속\n    2. '과자' 검색\n    3. 세 번째 상품의 장바구니 추가 버튼 클릭\n    4. 수량 올리기 (2회)\n    5. 수량 내리기 (2회)\n    6. 장바구니 담기 버튼 클릭\n    7. 검색 결과 확인\n\n    **예상 결과:** 상품이 장바구니에 정상적으로 담김\n    ","status":"broken","statusMessage":"selenium.common.exceptions.StaleElementReferenceException: Message: stale element reference: stale element not found in the current frame\n  (Session info: chrome=144.0.7559.109); For documentation on this error, please visit: https://www.selenium.dev/documentation/webdriver/troubleshooting/errors#stale-element-reference-exception\nStacktrace:\n#0 0x55fc74f24a4a <unknown>\n#1 0x55fc7493d6a2 <unknown>\n#2 0x55fc749447cb <unknown>\n#3 0x55fc74947039 <unknown>\n#4 0x55fc749470e3 <unknown>\n#5 0x55fc74995f33 <unknown>\n#6 0x55fc74993b43 <unknown>\n#7 0x55fc74986d81 <unknown>\n#8 0x55fc749862d7 <unknown>\n#9 0x55fc749db7f0 <unknown>\n#10 0x55fc749848b2 <unknown>\n#11 0x55fc749856a1 <unknown>\n#12 0x55fc74eea8a9 <unknown>\n#13 0x55fc74eed7b1 <unknown>\n#14 0x55fc74ed6ea9 <unknown>\n#15 0x55fc74eee36e <unknown>\n#16 0x55fc74ebd410 <unknown>\n#17 0x55fc74f120c8 <unknown>\n#18 0x55fc74f1229b <unknown>\n#19 0x55fc74f23db8 <unknown>\n#20 0x7f004a69caa4 <unknown>\n#21 0x7f004a729c6c <unknown>","statusTrace":"src/tests/ui/test_ui_add_goods.py:43: in test_add_goods_to_cart\n    kurly_search_page.click_nth_add_button(3)\nsrc/pages/kurly_search_page.py:176: in click_nth_add_button\n    self.click(nth_add_button)\nsrc/pages/base_page.py:273: in click\n    element.click()\nvenv/lib/python3.11/site-packages/selenium/webdriver/remote/webelement.py:94: in click\n    self._execute(Command.CLICK_ELEMENT)\nvenv/lib/python3.11/site-packages/selenium/webdriver/remote/webelement.py:402: in _execute\n    return self._parent.execute(command, params)\nvenv/lib/python3.11/site-packages/selenium/webdriver/remote/webdriver.py:384: in execute\n    self.error_handler.check_response(response)\nvenv/lib/python3.11/site-packages/selenium/webdriver/remote/errorhandler.py:232: in check_response\n    raise exception_class(message, screen, stacktrace)\nE   selenium.common.exceptions.StaleElementReferenceException: Message: stale element reference: stale element not found in the current frame\nE     (Session info: chrome=144.0.7559.109); For documentation on this error, please visit: https://www.selenium.dev/documentation/webdriver/troubleshooting/errors#stale-element-reference-exception\nE   Stacktrace:\nE   #0 0x55fc74f24a4a <unknown>\nE   #1 0x55fc7493d6a2 <unknown>\nE   #2 0x55fc749447cb <unknown>\nE   #3 0x55fc74947039 <unknown>\nE   #4 0x55fc749470e3 <unknown>\nE   #5 0x55fc74995f33 <unknown>\nE   #6 0x55fc74993b43 <unknown>\nE   #7 0x55fc74986d81 <unknown>\nE   #8 0x55fc749862d7 <unknown>\nE   #9 0x55fc749db7f0 <unknown>\nE   #10 0x55fc749848b2 <unknown>\nE   #11 0x55fc749856a1 <unknown>\nE   #12 0x55fc74eea8a9 <unknown>\nE   #13 0x55fc74eed7b1 <unknown>\nE   #14 0x55fc74ed6ea9 <unknown>\nE   #15 0x55fc74eee36e <unknown>\nE   #16 0x55fc74ebd410 <unknown>\nE   #17 0x55fc74f120c8 <unknown>\nE   #18 0x55fc74f1229b <unknown>\nE   #19 0x55fc74f23db8 <unknown>\nE   #20 0x7f004a69caa4 <unknown>\nE   #21 0x7f004a729c6c <unknown>","steps":[{"name":"마켓컬리 메인 페이지로 이동","time":{"start":1772007750542,"stop":1772007752388,"duration":1846},"status":"passed","steps":[],"attachments":[],"parameters":[],"shouldDisplayMessage":false,"stepsCount":0,"attachmentsCount":0,"hasContent":false,"attachmentStep":false},{"name":"'과자' 검색","time":{"start":1772007752388,"stop":1772007752729,"duration":341},"status":"passed","steps":[],"attachments":[],"parameters":[],"shouldDisplayMessage":false,"stepsCount":0,"attachmentsCount":0,"hasContent":false,"attachmentStep":false},{"name":"세 번째 상품의 장바구니 추가 버튼 클릭","time":{"start":1772007752729,"stop":1772007754059,"duration":1330},"status":"broken","statusMessage":"selenium.common.exceptions.StaleElementReferenceException: Message: stale element reference: stale element not found in the current frame\n  (Session info: chrome=144.0.7559.109); For documentation on this error, please visit: https://www.selenium.dev/documentation/webdriver/troubleshooting/errors#stale-element-reference-exception\nStacktrace:\n#0 0x55fc74f24a4a <unknown>\n#1 0x55fc7493d6a2 <unknown>\n#2 0x55fc749447cb <unknown>\n#3 0x55fc74947039 <unknown>\n#4 0x55fc749470e3 <unknown>\n#5 0x55fc74995f33 <unknown>\n#6 0x55fc74993b43 <unknown>\n#7 0x55fc74986d81 <unknown>\n#8 0x55fc749862d7 <unknown>\n#9 0x55fc749db7f0 <unknown>\n#10 0x55fc749848b2 <unknown>\n#11 0x55fc749856a1 <unknown>\n#12 0x55fc74eea8a9 <unknown>\n#13 0x55fc74eed7b1 <unknown>\n#14 0x55fc74ed6ea9 <unknown>\n#15 0x55fc74eee36e <unknown>\n#16 0x55fc74ebd410 <unknown>\n#17 0x55fc74f120c8 <unknown>\n#18 0x55fc74f1229b <unknown>\n#19 0x55fc74f23db8 <unknown>\n#20 0x7f004a69caa4 <unknown>\n#21 0x7f004a729c6c <unknown>\n\n","statusTrace":"  File \"/home/runner/work/QATEST/QATEST/src/tests/ui/test_ui_add_goods.py\", line 43, in test_add_goods_to_cart\n    kurly_search_page.click_nth_add_button(3)\n  File \"/home/runner/work/QATEST/QATEST/src/pages/kurly_search_page.py\", line 176, in click_nth_add_button\n    self.click(nth_add_button)\n  File \"/home/runner/work/QATEST/QATEST/src/pages/base_page.py\", line 273, in click\n    element.click()\n  File \"/home/runner/work/QATEST/QATEST/venv/lib/python3.11/site-packages/selenium/webdriver/remote/webelement.py\", line 94, in click\n    self._execute(Command.CLICK_ELEMENT)\n  File \"/home/runner/work/QATEST/QATEST/venv/lib/python3.11/site-packages/selenium/webdriver/remote/webelement.py\", line 402, in _execute\n    return self._parent.execute(command, params)\n           ^^^^^^^^^^^^^^^^^^^^^^^^^^^^^^^^^^^^^\n  File \"/home/runner/work/QATEST/QATEST/venv/lib/python3.11/site-packages/selenium/webdriver/remote/webdriver.py\", line 384, in execute\n    self.error_handler.check_response(response)\n  File \"/home/runner/work/QATEST/QATEST/venv/lib/python3.11/site-packages/selenium/webdriver/remote/errorhandler.py\", line 232, in check_response\n    raise exception_class(message, screen, stacktrace)\n","steps":[],"attachments":[],"parameters":[],"shouldDisplayMessage":true,"stepsCount":0,"attachmentsCount":0,"hasContent":true,"attachmentStep":false}],"attachments":[{"uid":"65aa0edb6371f939","name":"log","source":"65aa0edb6371f939.txt","type":"text/plain","size":23581},{"uid":"ac5b3c524d885df6","name":"stderr","source":"ac5b3c524d885df6.txt","type":"text/plain","size":198}],"parameters":[],"shouldDisplayMessage":true,"stepsCount":3,"attachmentsCount":2,"hasContent":true,"attachmentStep":false},"afterStages":[{"name":"driver::0","time":{"start":1772007754090,"stop":1772007754157,"duration":67},"status":"passed","steps":[],"attachments":[],"parameters":[],"shouldDisplayMessage":false,"stepsCount":0,"attachmentsCount":0,"hasContent":false,"attachmentStep":false}],"labels":[{"name":"story","value":"상품 추가"},{"name":"feature","value":"상품 관리"},{"name":"severity","value":"critical"},{"name":"tag","value":"ui"},{"name":"parentSuite","value":"src.tests.ui"},{"name":"suite","value":"test_ui_add_goods"},{"name":"subSuite","value":"TestAddGoods"},{"name":"host","value":"runnervmwffz4"},{"name":"thread","value":"2693-MainThread"},{"name":"framework","value":"pytest"},{"name":"language","value":"cpython3"},{"name":"package","value":"src.tests.ui.test_ui_add_goods"},{"name":"resultFormat","value":"allure2"}],"parameters":[],"links":[],"hidden":false,"retry":false,"extra":{"severity":"critical","retries":[],"categories":[{"name":"Test defects","matchedStatuses":[],"flaky":false}],"tags":["ui"]},"source":"76e02fcb8ffdcda0.json","parameterValues":[]}