{"uid":"77cfdb4bf7888611","name":"잘못된 계정 정보로 로그인 실패 테스트","fullName":"src.tests.ui.test_ui_login.TestLogin#test_login_with_invalid_credentials","historyId":"8f0047e196f3e4f4d5eb2bb33a90049e","time":{"start":1770294092309,"stop":1770294096692,"duration":4383},"description":"\n    **목적:** 잘못된 아이디와 비밀번호로 로그인 시도 시 적절한 에러 메시지가 표시되는지 확인\n\n    **테스트 단계:**\n    1. 마켓컬리 메인 페이지 접속\n    2. 로그인 버튼 클릭\n    3. 잘못된 아이디 입력\n    4. 잘못된 비밀번호 입력\n    5. 로그인 버튼 클릭\n    6. 에러 메시지 표시 확인\n\n    **예상 결과:** 로그인 실패 메시지가 화면에 표시됨\n    ","descriptionHtml":"<pre><code>**목적:** 잘못된 아이디와 비밀번호로 로그인 시도 시 적절한 에러 메시지가 표시되는지 확인\n\n**테스트 단계:**\n1. 마켓컬리 메인 페이지 접속\n2. 로그인 버튼 클릭\n3. 잘못된 아이디 입력\n4. 잘못된 비밀번호 입력\n5. 로그인 버튼 클릭\n6. 에러 메시지 표시 확인\n\n**예상 결과:** 로그인 실패 메시지가 화면에 표시됨\n</code></pre>\n","status":"broken","statusMessage":"selenium.common.exceptions.ElementClickInterceptedException: Message: element click intercepted: Element <button class=\"css-4ojrwk e4nu7ef3\" type=\"submit\" height=\"54\" radius=\"6\">...</button> is not clickable at point (525, 419). Other element would receive the click: <input data-testid=\"input-box\" name=\"password\" placeholder=\"비밀번호를 입력해주세요\" type=\"password\" autocomplete=\"off\" class=\"css-u52dqk e1uzxhvi2\" value=\"wrong_password123\">\n  (Session info: chrome=144.0.7559.96)\nStacktrace:\n#0 0x5582539e7a4a <unknown>\n#1 0x5582534006a2 <unknown>\n#2 0x55825345cd6b <unknown>\n#3 0x55825345a9a2 <unknown>\n#4 0x558253457ee9 <unknown>\n#5 0x558253456fe7 <unknown>\n#6 0x558253449992 <unknown>\n#7 0x5582534492d7 <unknown>\n#8 0x55825349e7f0 <unknown>\n#9 0x5582534478b2 <unknown>\n#10 0x5582534486a1 <unknown>\n#11 0x5582539ad8a9 <unknown>\n#12 0x5582539b07b1 <unknown>\n#13 0x558253999ea9 <unknown>\n#14 0x5582539b136e <unknown>\n#15 0x558253980410 <unknown>\n#16 0x5582539d50c8 <unknown>\n#17 0x5582539d529b <unknown>\n#18 0x5582539e6db8 <unknown>\n#19 0x7f2db5a9caa4 <unknown>\n#20 0x7f2db5b29c6c <unknown>","statusTrace":"src/tests/ui/test_ui_login.py:40: in test_login_with_invalid_credentials\n    kurly_login_page.click_login_button()\nsrc/pages/kurly_login_page.py:67: in click_login_button\n    self.click(self.SUBMIT_BUTTON)\nsrc/pages/base_page.py:273: in click\n    element.click()\nvenv/lib/python3.11/site-packages/selenium/webdriver/remote/webelement.py:94: in click\n    self._execute(Command.CLICK_ELEMENT)\nvenv/lib/python3.11/site-packages/selenium/webdriver/remote/webelement.py:402: in _execute\n    return self._parent.execute(command, params)\nvenv/lib/python3.11/site-packages/selenium/webdriver/remote/webdriver.py:384: in execute\n    self.error_handler.check_response(response)\nvenv/lib/python3.11/site-packages/selenium/webdriver/remote/errorhandler.py:232: in check_response\n    raise exception_class(message, screen, stacktrace)\nE   selenium.common.exceptions.ElementClickInterceptedException: Message: element click intercepted: Element <button class=\"css-4ojrwk e4nu7ef3\" type=\"submit\" height=\"54\" radius=\"6\">...</button> is not clickable at point (525, 419). Other element would receive the click: <input data-testid=\"input-box\" name=\"password\" placeholder=\"비밀번호를 입력해주세요\" type=\"password\" autocomplete=\"off\" class=\"css-u52dqk e1uzxhvi2\" value=\"wrong_password123\">\nE     (Session info: chrome=144.0.7559.96)\nE   Stacktrace:\nE   #0 0x5582539e7a4a <unknown>\nE   #1 0x5582534006a2 <unknown>\nE   #2 0x55825345cd6b <unknown>\nE   #3 0x55825345a9a2 <unknown>\nE   #4 0x558253457ee9 <unknown>\nE   #5 0x558253456fe7 <unknown>\nE   #6 0x558253449992 <unknown>\nE   #7 0x5582534492d7 <unknown>\nE   #8 0x55825349e7f0 <unknown>\nE   #9 0x5582534478b2 <unknown>\nE   #10 0x5582534486a1 <unknown>\nE   #11 0x5582539ad8a9 <unknown>\nE   #12 0x5582539b07b1 <unknown>\nE   #13 0x558253999ea9 <unknown>\nE   #14 0x5582539b136e <unknown>\nE   #15 0x558253980410 <unknown>\nE   #16 0x5582539d50c8 <unknown>\nE   #17 0x5582539d529b <unknown>\nE   #18 0x5582539e6db8 <unknown>\nE   #19 0x7f2db5a9caa4 <unknown>\nE   #20 0x7f2db5b29c6c <unknown>","flaky":false,"newFailed":false,"newBroken":false,"newPassed":false,"retriesCount":0,"retriesStatusChange":false,"beforeStages":[{"name":"driver","time":{"start":1770294091793,"stop":1770294092309,"duration":516},"status":"passed","steps":[],"attachments":[],"parameters":[],"shouldDisplayMessage":false,"stepsCount":0,"attachmentsCount":0,"hasContent":false,"attachmentStep":false},{"name":"kurly_login_page","time":{"start":1770294092309,"stop":1770294092309,"duration":0},"status":"passed","steps":[],"attachments":[],"parameters":[],"shouldDisplayMessage":false,"stepsCount":0,"attachmentsCount":0,"hasContent":false,"attachmentStep":false},{"name":"test_credentials_invalid","time":{"start":1770294092309,"stop":1770294092309,"duration":0},"status":"passed","steps":[],"attachments":[],"parameters":[],"shouldDisplayMessage":false,"stepsCount":0,"attachmentsCount":0,"hasContent":false,"attachmentStep":false}],"testStage":{"description":"\n    **목적:** 잘못된 아이디와 비밀번호로 로그인 시도 시 적절한 에러 메시지가 표시되는지 확인\n\n    **테스트 단계:**\n    1. 마켓컬리 메인 페이지 접속\n    2. 로그인 버튼 클릭\n    3. 잘못된 아이디 입력\n    4. 잘못된 비밀번호 입력\n    5. 로그인 버튼 클릭\n    6. 에러 메시지 표시 확인\n\n    **예상 결과:** 로그인 실패 메시지가 화면에 표시됨\n    ","status":"broken","statusMessage":"selenium.common.exceptions.ElementClickInterceptedException: Message: element click intercepted: Element <button class=\"css-4ojrwk e4nu7ef3\" type=\"submit\" height=\"54\" radius=\"6\">...</button> is not clickable at point (525, 419). Other element would receive the click: <input data-testid=\"input-box\" name=\"password\" placeholder=\"비밀번호를 입력해주세요\" type=\"password\" autocomplete=\"off\" class=\"css-u52dqk e1uzxhvi2\" value=\"wrong_password123\">\n  (Session info: chrome=144.0.7559.96)\nStacktrace:\n#0 0x5582539e7a4a <unknown>\n#1 0x5582534006a2 <unknown>\n#2 0x55825345cd6b <unknown>\n#3 0x55825345a9a2 <unknown>\n#4 0x558253457ee9 <unknown>\n#5 0x558253456fe7 <unknown>\n#6 0x558253449992 <unknown>\n#7 0x5582534492d7 <unknown>\n#8 0x55825349e7f0 <unknown>\n#9 0x5582534478b2 <unknown>\n#10 0x5582534486a1 <unknown>\n#11 0x5582539ad8a9 <unknown>\n#12 0x5582539b07b1 <unknown>\n#13 0x558253999ea9 <unknown>\n#14 0x5582539b136e <unknown>\n#15 0x558253980410 <unknown>\n#16 0x5582539d50c8 <unknown>\n#17 0x5582539d529b <unknown>\n#18 0x5582539e6db8 <unknown>\n#19 0x7f2db5a9caa4 <unknown>\n#20 0x7f2db5b29c6c <unknown>","statusTrace":"src/tests/ui/test_ui_login.py:40: in test_login_with_invalid_credentials\n    kurly_login_page.click_login_button()\nsrc/pages/kurly_login_page.py:67: in click_login_button\n    self.click(self.SUBMIT_BUTTON)\nsrc/pages/base_page.py:273: in click\n    element.click()\nvenv/lib/python3.11/site-packages/selenium/webdriver/remote/webelement.py:94: in click\n    self._execute(Command.CLICK_ELEMENT)\nvenv/lib/python3.11/site-packages/selenium/webdriver/remote/webelement.py:402: in _execute\n    return self._parent.execute(command, params)\nvenv/lib/python3.11/site-packages/selenium/webdriver/remote/webdriver.py:384: in execute\n    self.error_handler.check_response(response)\nvenv/lib/python3.11/site-packages/selenium/webdriver/remote/errorhandler.py:232: in check_response\n    raise exception_class(message, screen, stacktrace)\nE   selenium.common.exceptions.ElementClickInterceptedException: Message: element click intercepted: Element <button class=\"css-4ojrwk e4nu7ef3\" type=\"submit\" height=\"54\" radius=\"6\">...</button> is not clickable at point (525, 419). Other element would receive the click: <input data-testid=\"input-box\" name=\"password\" placeholder=\"비밀번호를 입력해주세요\" type=\"password\" autocomplete=\"off\" class=\"css-u52dqk e1uzxhvi2\" value=\"wrong_password123\">\nE     (Session info: chrome=144.0.7559.96)\nE   Stacktrace:\nE   #0 0x5582539e7a4a <unknown>\nE   #1 0x5582534006a2 <unknown>\nE   #2 0x55825345cd6b <unknown>\nE   #3 0x55825345a9a2 <unknown>\nE   #4 0x558253457ee9 <unknown>\nE   #5 0x558253456fe7 <unknown>\nE   #6 0x558253449992 <unknown>\nE   #7 0x5582534492d7 <unknown>\nE   #8 0x55825349e7f0 <unknown>\nE   #9 0x5582534478b2 <unknown>\nE   #10 0x5582534486a1 <unknown>\nE   #11 0x5582539ad8a9 <unknown>\nE   #12 0x5582539b07b1 <unknown>\nE   #13 0x558253999ea9 <unknown>\nE   #14 0x5582539b136e <unknown>\nE   #15 0x558253980410 <unknown>\nE   #16 0x5582539d50c8 <unknown>\nE   #17 0x5582539d529b <unknown>\nE   #18 0x5582539e6db8 <unknown>\nE   #19 0x7f2db5a9caa4 <unknown>\nE   #20 0x7f2db5b29c6c <unknown>","steps":[{"name":"마켓컬리 메인 페이지로 이동","time":{"start":1770294092310,"stop":1770294094581,"duration":2271},"status":"passed","steps":[],"attachments":[],"parameters":[],"shouldDisplayMessage":false,"stepsCount":0,"attachmentsCount":0,"hasContent":false,"attachmentStep":false},{"name":"로그인 페이지로 이동","time":{"start":1770294094581,"stop":1770294094728,"duration":147},"status":"passed","steps":[],"attachments":[],"parameters":[],"shouldDisplayMessage":false,"stepsCount":0,"attachmentsCount":0,"hasContent":false,"attachmentStep":false},{"name":"잘못된 계정 정보 입력 및 로그인 시도","time":{"start":1770294094728,"stop":1770294096692,"duration":1964},"status":"broken","statusMessage":"selenium.common.exceptions.ElementClickInterceptedException: Message: element click intercepted: Element <button class=\"css-4ojrwk e4nu7ef3\" type=\"submit\" height=\"54\" radius=\"6\">...</button> is not clickable at point (525, 419). Other element would receive the click: <input data-testid=\"input-box\" name=\"password\" placeholder=\"비밀번호를 입력해주세요\" type=\"password\" autocomplete=\"off\" class=\"css-u52dqk e1uzxhvi2\" value=\"wrong_password123\">\n  (Session info: chrome=144.0.7559.96)\nStacktrace:\n#0 0x5582539e7a4a <unknown>\n#1 0x5582534006a2 <unknown>\n#2 0x55825345cd6b <unknown>\n#3 0x55825345a9a2 <unknown>\n#4 0x558253457ee9 <unknown>\n#5 0x558253456fe7 <unknown>\n#6 0x558253449992 <unknown>\n#7 0x5582534492d7 <unknown>\n#8 0x55825349e7f0 <unknown>\n#9 0x5582534478b2 <unknown>\n#10 0x5582534486a1 <unknown>\n#11 0x5582539ad8a9 <unknown>\n#12 0x5582539b07b1 <unknown>\n#13 0x558253999ea9 <unknown>\n#14 0x5582539b136e <unknown>\n#15 0x558253980410 <unknown>\n#16 0x5582539d50c8 <unknown>\n#17 0x5582539d529b <unknown>\n#18 0x5582539e6db8 <unknown>\n#19 0x7f2db5a9caa4 <unknown>\n#20 0x7f2db5b29c6c <unknown>\n\n","statusTrace":"  File \"/home/runner/work/QATEST/QATEST/src/tests/ui/test_ui_login.py\", line 40, in test_login_with_invalid_credentials\n    kurly_login_page.click_login_button()\n  File \"/home/runner/work/QATEST/QATEST/src/pages/kurly_login_page.py\", line 67, in click_login_button\n    self.click(self.SUBMIT_BUTTON)\n  File \"/home/runner/work/QATEST/QATEST/src/pages/base_page.py\", line 273, in click\n    element.click()\n  File \"/home/runner/work/QATEST/QATEST/venv/lib/python3.11/site-packages/selenium/webdriver/remote/webelement.py\", line 94, in click\n    self._execute(Command.CLICK_ELEMENT)\n  File \"/home/runner/work/QATEST/QATEST/venv/lib/python3.11/site-packages/selenium/webdriver/remote/webelement.py\", line 402, in _execute\n    return self._parent.execute(command, params)\n           ^^^^^^^^^^^^^^^^^^^^^^^^^^^^^^^^^^^^^\n  File \"/home/runner/work/QATEST/QATEST/venv/lib/python3.11/site-packages/selenium/webdriver/remote/webdriver.py\", line 384, in execute\n    self.error_handler.check_response(response)\n  File \"/home/runner/work/QATEST/QATEST/venv/lib/python3.11/site-packages/selenium/webdriver/remote/errorhandler.py\", line 232, in check_response\n    raise exception_class(message, screen, stacktrace)\n","steps":[],"attachments":[],"parameters":[],"shouldDisplayMessage":true,"stepsCount":0,"attachmentsCount":0,"hasContent":true,"attachmentStep":false}],"attachments":[{"uid":"8fc5f9eed5fb892e","name":"log","source":"8fc5f9eed5fb892e.txt","type":"text/plain","size":25515},{"uid":"f61969df20ed75d9","name":"stderr","source":"f61969df20ed75d9.txt","type":"text/plain","size":198}],"parameters":[],"shouldDisplayMessage":true,"stepsCount":3,"attachmentsCount":2,"hasContent":true,"attachmentStep":false},"afterStages":[{"name":"driver::0","time":{"start":1770294102419,"stop":1770294102480,"duration":61},"status":"passed","steps":[],"attachments":[],"parameters":[],"shouldDisplayMessage":false,"stepsCount":0,"attachmentsCount":0,"hasContent":false,"attachmentStep":false}],"labels":[{"name":"story","value":"로그인"},{"name":"severity","value":"critical"},{"name":"feature","value":"사용자 인증"},{"name":"tag","value":"ui"},{"name":"parentSuite","value":"src.tests.ui"},{"name":"suite","value":"test_ui_login"},{"name":"subSuite","value":"TestLogin"},{"name":"host","value":"runnervmkj6or"},{"name":"thread","value":"2724-MainThread"},{"name":"framework","value":"pytest"},{"name":"language","value":"cpython3"},{"name":"package","value":"src.tests.ui.test_ui_login"},{"name":"resultFormat","value":"allure2"}],"parameters":[],"links":[],"hidden":false,"retry":false,"extra":{"severity":"critical","retries":[],"categories":[{"name":"Test defects","matchedStatuses":[],"flaky":false}],"tags":["ui"]},"source":"77cfdb4bf7888611.json","parameterValues":[]}