{"uid":"7fd35e4c474dcaeb","name":"장바구니에서 상품 삭제","fullName":"src.tests.ui.test_cart_management.TestCartManagement#test_remove_item_from_cart","historyId":"b65bd31b2e0db8f54d0c135be914a15a","time":{"start":1772367326983,"stop":1772367330156,"duration":3173},"description":"장바구니에 담긴 상품을 삭제하고 개수가 줄어드는지 확인","descriptionHtml":"<p>장바구니에 담긴 상품을 삭제하고 개수가 줄어드는지 확인</p>\n","status":"broken","statusMessage":"selenium.common.exceptions.StaleElementReferenceException: Message: stale element reference: stale element not found in the current frame\n  (Session info: chrome=145.0.7632.116); For documentation on this error, please visit: https://www.selenium.dev/documentation/webdriver/troubleshooting/errors#stale-element-reference-exception\nStacktrace:\n#0 0x557124294b6a <unknown>\n#1 0x557123ca7a32 <unknown>\n#2 0x557123caeb62 <unknown>\n#3 0x557123cb13d9 <unknown>\n#4 0x557123cb1483 <unknown>\n#5 0x557123cfee13 <unknown>\n#6 0x557123cfe07a <unknown>\n#7 0x557123cf10c1 <unknown>\n#8 0x557123cf0617 <unknown>\n#9 0x557123d45369 <unknown>\n#10 0x557123ceec0f <unknown>\n#11 0x557123cef9d1 <unknown>\n#12 0x5571242596b9 <unknown>\n#13 0x55712425c5c1 <unknown>\n#14 0x557124245e29 <unknown>\n#15 0x55712425d17e <unknown>\n#16 0x55712422c4b0 <unknown>\n#17 0x557124281578 <unknown>\n#18 0x55712428174b <unknown>\n#19 0x5571242931a3 <unknown>\n#20 0x7f0d2b29caa4 <unknown>\n#21 0x7f0d2b329c6c <unknown>","statusTrace":"src/tests/ui/test_cart_management.py:69: in test_remove_item_from_cart\n    kurly_search_page.click_nth_add_button(n=1)\nsrc/pages/kurly_search_page.py:176: in click_nth_add_button\n    self.click(nth_add_button)\nsrc/pages/base_page.py:273: in click\n    element.click()\nvenv/lib/python3.11/site-packages/selenium/webdriver/remote/webelement.py:94: in click\n    self._execute(Command.CLICK_ELEMENT)\nvenv/lib/python3.11/site-packages/selenium/webdriver/remote/webelement.py:402: in _execute\n    return self._parent.execute(command, params)\nvenv/lib/python3.11/site-packages/selenium/webdriver/remote/webdriver.py:384: in execute\n    self.error_handler.check_response(response)\nvenv/lib/python3.11/site-packages/selenium/webdriver/remote/errorhandler.py:232: in check_response\n    raise exception_class(message, screen, stacktrace)\nE   selenium.common.exceptions.StaleElementReferenceException: Message: stale element reference: stale element not found in the current frame\nE     (Session info: chrome=145.0.7632.116); For documentation on this error, please visit: https://www.selenium.dev/documentation/webdriver/troubleshooting/errors#stale-element-reference-exception\nE   Stacktrace:\nE   #0 0x557124294b6a <unknown>\nE   #1 0x557123ca7a32 <unknown>\nE   #2 0x557123caeb62 <unknown>\nE   #3 0x557123cb13d9 <unknown>\nE   #4 0x557123cb1483 <unknown>\nE   #5 0x557123cfee13 <unknown>\nE   #6 0x557123cfe07a <unknown>\nE   #7 0x557123cf10c1 <unknown>\nE   #8 0x557123cf0617 <unknown>\nE   #9 0x557123d45369 <unknown>\nE   #10 0x557123ceec0f <unknown>\nE   #11 0x557123cef9d1 <unknown>\nE   #12 0x5571242596b9 <unknown>\nE   #13 0x55712425c5c1 <unknown>\nE   #14 0x557124245e29 <unknown>\nE   #15 0x55712425d17e <unknown>\nE   #16 0x55712422c4b0 <unknown>\nE   #17 0x557124281578 <unknown>\nE   #18 0x55712428174b <unknown>\nE   #19 0x5571242931a3 <unknown>\nE   #20 0x7f0d2b29caa4 <unknown>\nE   #21 0x7f0d2b329c6c <unknown>","flaky":false,"newFailed":false,"newBroken":false,"newPassed":false,"retriesCount":0,"retriesStatusChange":false,"beforeStages":[{"name":"driver","time":{"start":1772367313997,"stop":1772367314804,"duration":807},"status":"passed","steps":[],"attachments":[],"parameters":[],"shouldDisplayMessage":false,"stepsCount":0,"attachmentsCount":0,"hasContent":false,"attachmentStep":false},{"name":"kurly_search_page","time":{"start":1772367326983,"stop":1772367326983,"duration":0},"status":"passed","steps":[],"attachments":[],"parameters":[],"shouldDisplayMessage":false,"stepsCount":0,"attachmentsCount":0,"hasContent":false,"attachmentStep":false},{"name":"kurly_main_page","time":{"start":1772367326983,"stop":1772367326983,"duration":0},"status":"passed","steps":[],"attachments":[],"parameters":[],"shouldDisplayMessage":false,"stepsCount":0,"attachmentsCount":0,"hasContent":false,"attachmentStep":false},{"name":"kurly_cart_page","time":{"start":1772367326983,"stop":1772367326983,"duration":0},"status":"passed","steps":[],"attachments":[],"parameters":[],"shouldDisplayMessage":false,"stepsCount":0,"attachmentsCount":0,"hasContent":false,"attachmentStep":false}],"testStage":{"description":"장바구니에 담긴 상품을 삭제하고 개수가 줄어드는지 확인","status":"broken","statusMessage":"selenium.common.exceptions.StaleElementReferenceException: Message: stale element reference: stale element not found in the current frame\n  (Session info: chrome=145.0.7632.116); For documentation on this error, please visit: https://www.selenium.dev/documentation/webdriver/troubleshooting/errors#stale-element-reference-exception\nStacktrace:\n#0 0x557124294b6a <unknown>\n#1 0x557123ca7a32 <unknown>\n#2 0x557123caeb62 <unknown>\n#3 0x557123cb13d9 <unknown>\n#4 0x557123cb1483 <unknown>\n#5 0x557123cfee13 <unknown>\n#6 0x557123cfe07a <unknown>\n#7 0x557123cf10c1 <unknown>\n#8 0x557123cf0617 <unknown>\n#9 0x557123d45369 <unknown>\n#10 0x557123ceec0f <unknown>\n#11 0x557123cef9d1 <unknown>\n#12 0x5571242596b9 <unknown>\n#13 0x55712425c5c1 <unknown>\n#14 0x557124245e29 <unknown>\n#15 0x55712425d17e <unknown>\n#16 0x55712422c4b0 <unknown>\n#17 0x557124281578 <unknown>\n#18 0x55712428174b <unknown>\n#19 0x5571242931a3 <unknown>\n#20 0x7f0d2b29caa4 <unknown>\n#21 0x7f0d2b329c6c <unknown>","statusTrace":"src/tests/ui/test_cart_management.py:69: in test_remove_item_from_cart\n    kurly_search_page.click_nth_add_button(n=1)\nsrc/pages/kurly_search_page.py:176: in click_nth_add_button\n    self.click(nth_add_button)\nsrc/pages/base_page.py:273: in click\n    element.click()\nvenv/lib/python3.11/site-packages/selenium/webdriver/remote/webelement.py:94: in click\n    self._execute(Command.CLICK_ELEMENT)\nvenv/lib/python3.11/site-packages/selenium/webdriver/remote/webelement.py:402: in _execute\n    return self._parent.execute(command, params)\nvenv/lib/python3.11/site-packages/selenium/webdriver/remote/webdriver.py:384: in execute\n    self.error_handler.check_response(response)\nvenv/lib/python3.11/site-packages/selenium/webdriver/remote/errorhandler.py:232: in check_response\n    raise exception_class(message, screen, stacktrace)\nE   selenium.common.exceptions.StaleElementReferenceException: Message: stale element reference: stale element not found in the current frame\nE     (Session info: chrome=145.0.7632.116); For documentation on this error, please visit: https://www.selenium.dev/documentation/webdriver/troubleshooting/errors#stale-element-reference-exception\nE   Stacktrace:\nE   #0 0x557124294b6a <unknown>\nE   #1 0x557123ca7a32 <unknown>\nE   #2 0x557123caeb62 <unknown>\nE   #3 0x557123cb13d9 <unknown>\nE   #4 0x557123cb1483 <unknown>\nE   #5 0x557123cfee13 <unknown>\nE   #6 0x557123cfe07a <unknown>\nE   #7 0x557123cf10c1 <unknown>\nE   #8 0x557123cf0617 <unknown>\nE   #9 0x557123d45369 <unknown>\nE   #10 0x557123ceec0f <unknown>\nE   #11 0x557123cef9d1 <unknown>\nE   #12 0x5571242596b9 <unknown>\nE   #13 0x55712425c5c1 <unknown>\nE   #14 0x557124245e29 <unknown>\nE   #15 0x55712425d17e <unknown>\nE   #16 0x55712422c4b0 <unknown>\nE   #17 0x557124281578 <unknown>\nE   #18 0x55712428174b <unknown>\nE   #19 0x5571242931a3 <unknown>\nE   #20 0x7f0d2b29caa4 <unknown>\nE   #21 0x7f0d2b329c6c <unknown>","steps":[{"name":"메인 페이지 접속 및 검색","time":{"start":1772367326983,"stop":1772367329078,"duration":2095},"status":"passed","steps":[],"attachments":[],"parameters":[],"shouldDisplayMessage":false,"stepsCount":0,"attachmentsCount":0,"hasContent":false,"attachmentStep":false},{"name":"상품을 장바구니에 담기","time":{"start":1772367329078,"stop":1772367330152,"duration":1074},"status":"broken","statusMessage":"selenium.common.exceptions.StaleElementReferenceException: Message: stale element reference: stale element not found in the current frame\n  (Session info: chrome=145.0.7632.116); For documentation on this error, please visit: https://www.selenium.dev/documentation/webdriver/troubleshooting/errors#stale-element-reference-exception\nStacktrace:\n#0 0x557124294b6a <unknown>\n#1 0x557123ca7a32 <unknown>\n#2 0x557123caeb62 <unknown>\n#3 0x557123cb13d9 <unknown>\n#4 0x557123cb1483 <unknown>\n#5 0x557123cfee13 <unknown>\n#6 0x557123cfe07a <unknown>\n#7 0x557123cf10c1 <unknown>\n#8 0x557123cf0617 <unknown>\n#9 0x557123d45369 <unknown>\n#10 0x557123ceec0f <unknown>\n#11 0x557123cef9d1 <unknown>\n#12 0x5571242596b9 <unknown>\n#13 0x55712425c5c1 <unknown>\n#14 0x557124245e29 <unknown>\n#15 0x55712425d17e <unknown>\n#16 0x55712422c4b0 <unknown>\n#17 0x557124281578 <unknown>\n#18 0x55712428174b <unknown>\n#19 0x5571242931a3 <unknown>\n#20 0x7f0d2b29caa4 <unknown>\n#21 0x7f0d2b329c6c <unknown>\n\n","statusTrace":"  File \"/home/runner/work/QATEST/QATEST/src/tests/ui/test_cart_management.py\", line 69, in test_remove_item_from_cart\n    kurly_search_page.click_nth_add_button(n=1)\n  File \"/home/runner/work/QATEST/QATEST/src/pages/kurly_search_page.py\", line 176, in click_nth_add_button\n    self.click(nth_add_button)\n  File \"/home/runner/work/QATEST/QATEST/src/pages/base_page.py\", line 273, in click\n    element.click()\n  File \"/home/runner/work/QATEST/QATEST/venv/lib/python3.11/site-packages/selenium/webdriver/remote/webelement.py\", line 94, in click\n    self._execute(Command.CLICK_ELEMENT)\n  File \"/home/runner/work/QATEST/QATEST/venv/lib/python3.11/site-packages/selenium/webdriver/remote/webelement.py\", line 402, in _execute\n    return self._parent.execute(command, params)\n           ^^^^^^^^^^^^^^^^^^^^^^^^^^^^^^^^^^^^^\n  File \"/home/runner/work/QATEST/QATEST/venv/lib/python3.11/site-packages/selenium/webdriver/remote/webdriver.py\", line 384, in execute\n    self.error_handler.check_response(response)\n  File \"/home/runner/work/QATEST/QATEST/venv/lib/python3.11/site-packages/selenium/webdriver/remote/errorhandler.py\", line 232, in check_response\n    raise exception_class(message, screen, stacktrace)\n","steps":[],"attachments":[],"parameters":[],"shouldDisplayMessage":true,"stepsCount":0,"attachmentsCount":0,"hasContent":true,"attachmentStep":false}],"attachments":[{"uid":"bf68ba3b2b9cd455","name":"log","source":"bf68ba3b2b9cd455.txt","type":"text/plain","size":15566},{"uid":"da7d0336d816f8c2","name":"stderr","source":"da7d0336d816f8c2.txt","type":"text/plain","size":198}],"parameters":[],"shouldDisplayMessage":true,"stepsCount":2,"attachmentsCount":2,"hasContent":true,"attachmentStep":false},"afterStages":[{"name":"driver::0","time":{"start":1772367330187,"stop":1772367330276,"duration":89},"status":"passed","steps":[],"attachments":[],"parameters":[],"shouldDisplayMessage":false,"stepsCount":0,"attachmentsCount":0,"hasContent":false,"attachmentStep":false}],"labels":[{"name":"story","value":"장바구니 상품 관리"},{"name":"feature","value":"장바구니 관리"},{"name":"tag","value":"ui"},{"name":"parentSuite","value":"src.tests.ui"},{"name":"suite","value":"test_cart_management"},{"name":"subSuite","value":"TestCartManagement"},{"name":"host","value":"runnervmnay03"},{"name":"thread","value":"2792-MainThread"},{"name":"framework","value":"pytest"},{"name":"language","value":"cpython3"},{"name":"package","value":"src.tests.ui.test_cart_management"},{"name":"resultFormat","value":"allure2"}],"parameters":[],"links":[],"hidden":false,"retry":false,"extra":{"severity":"normal","retries":[],"categories":[{"name":"Test defects","matchedStatuses":[],"flaky":false}],"tags":["ui"]},"source":"7fd35e4c474dcaeb.json","parameterValues":[]}