{"uid":"80e6fe0629b2e60a","name":"빈 계정 정보로 로그인 실패 테스트","fullName":"src.tests.ui.test_ui_login.TestLogin#test_login_with_empty_credentials","historyId":"c0b6c4c52adebffb925d6b84b9b80bd4","time":{"start":1769875918617,"stop":1769875922012,"duration":3395},"description":"\n    **목적:** 아이디나 비밀번호를 입력하지 않고 로그인 시도 시 적절한 처리가 되는지 확인\n\n    **테스트 단계:**\n    1. 마켓컬리 메인 페이지 접속\n    2. 로그인 버튼 클릭\n    3. 아이디와 비밀번호를 입력하지 않음\n    4. 로그인 버튼 클릭\n    5. 에러 메시지 또는 유효성 검사 메시지 표시 확인\n    ","descriptionHtml":"<pre><code>**목적:** 아이디나 비밀번호를 입력하지 않고 로그인 시도 시 적절한 처리가 되는지 확인\n\n**테스트 단계:**\n1. 마켓컬리 메인 페이지 접속\n2. 로그인 버튼 클릭\n3. 아이디와 비밀번호를 입력하지 않음\n4. 로그인 버튼 클릭\n5. 에러 메시지 또는 유효성 검사 메시지 표시 확인\n</code></pre>\n","status":"broken","statusMessage":"selenium.common.exceptions.ElementClickInterceptedException: Message: element click intercepted: Element <button class=\"css-4ojrwk e4nu7ef3\" type=\"submit\" height=\"54\" radius=\"6\">...</button> is not clickable at point (525, 419). Other element would receive the click: <input data-testid=\"input-box\" name=\"password\" placeholder=\"비밀번호를 입력해주세요\" type=\"password\" autocomplete=\"off\" class=\"css-u52dqk e1uzxhvi2\" value=\"\">\n  (Session info: chrome=144.0.7559.96)\nStacktrace:\n#0 0x5648bc0034ba <unknown>\n#1 0x5648bba6c492 <unknown>\n#2 0x5648bbac8c9b <unknown>\n#3 0x5648bbac68d2 <unknown>\n#4 0x5648bbac3e09 <unknown>\n#5 0x5648bbac2f07 <unknown>\n#6 0x5648bbab5792 <unknown>\n#7 0x5648bbab50d7 <unknown>\n#8 0x5648bbb0a700 <unknown>\n#9 0x5648bbab36a2 <unknown>\n#10 0x5648bbab4491 <unknown>\n#11 0x5648bbfc9479 <unknown>\n#12 0x5648bbfcc391 <unknown>\n#13 0x5648bbfb5a89 <unknown>\n#14 0x5648bbfccf4e <unknown>\n#15 0x5648bbf9c070 <unknown>\n#16 0x5648bbff0ca8 <unknown>\n#17 0x5648bbff0e78 <unknown>\n#18 0x5648bc002828 <unknown>\n#19 0x7f9fdb49caa4 <unknown>\n#20 0x7f9fdb529c6c <unknown>","statusTrace":"src/tests/ui/test_ui_login.py:75: in test_login_with_empty_credentials\n    kurly_login_page.click_login_button()\nsrc/pages/kurly_login_page.py:67: in click_login_button\n    self.click(self.SUBMIT_BUTTON)\nsrc/pages/base_page.py:273: in click\n    element.click()\nvenv/lib/python3.11/site-packages/selenium/webdriver/remote/webelement.py:94: in click\n    self._execute(Command.CLICK_ELEMENT)\nvenv/lib/python3.11/site-packages/selenium/webdriver/remote/webelement.py:402: in _execute\n    return self._parent.execute(command, params)\nvenv/lib/python3.11/site-packages/selenium/webdriver/remote/webdriver.py:384: in execute\n    self.error_handler.check_response(response)\nvenv/lib/python3.11/site-packages/selenium/webdriver/remote/errorhandler.py:232: in check_response\n    raise exception_class(message, screen, stacktrace)\nE   selenium.common.exceptions.ElementClickInterceptedException: Message: element click intercepted: Element <button class=\"css-4ojrwk e4nu7ef3\" type=\"submit\" height=\"54\" radius=\"6\">...</button> is not clickable at point (525, 419). Other element would receive the click: <input data-testid=\"input-box\" name=\"password\" placeholder=\"비밀번호를 입력해주세요\" type=\"password\" autocomplete=\"off\" class=\"css-u52dqk e1uzxhvi2\" value=\"\">\nE     (Session info: chrome=144.0.7559.96)\nE   Stacktrace:\nE   #0 0x5648bc0034ba <unknown>\nE   #1 0x5648bba6c492 <unknown>\nE   #2 0x5648bbac8c9b <unknown>\nE   #3 0x5648bbac68d2 <unknown>\nE   #4 0x5648bbac3e09 <unknown>\nE   #5 0x5648bbac2f07 <unknown>\nE   #6 0x5648bbab5792 <unknown>\nE   #7 0x5648bbab50d7 <unknown>\nE   #8 0x5648bbb0a700 <unknown>\nE   #9 0x5648bbab36a2 <unknown>\nE   #10 0x5648bbab4491 <unknown>\nE   #11 0x5648bbfc9479 <unknown>\nE   #12 0x5648bbfcc391 <unknown>\nE   #13 0x5648bbfb5a89 <unknown>\nE   #14 0x5648bbfccf4e <unknown>\nE   #15 0x5648bbf9c070 <unknown>\nE   #16 0x5648bbff0ca8 <unknown>\nE   #17 0x5648bbff0e78 <unknown>\nE   #18 0x5648bc002828 <unknown>\nE   #19 0x7f9fdb49caa4 <unknown>\nE   #20 0x7f9fdb529c6c <unknown>","flaky":false,"newFailed":false,"newBroken":false,"newPassed":false,"retriesCount":0,"retriesStatusChange":false,"beforeStages":[{"name":"driver","time":{"start":1769875912777,"stop":1769875913368,"duration":591},"status":"passed","steps":[],"attachments":[],"parameters":[],"shouldDisplayMessage":false,"stepsCount":0,"attachmentsCount":0,"hasContent":false,"attachmentStep":false},{"name":"kurly_login_page","time":{"start":1769875918617,"stop":1769875918617,"duration":0},"status":"passed","steps":[],"attachments":[],"parameters":[],"shouldDisplayMessage":false,"stepsCount":0,"attachmentsCount":0,"hasContent":false,"attachmentStep":false}],"testStage":{"description":"\n    **목적:** 아이디나 비밀번호를 입력하지 않고 로그인 시도 시 적절한 처리가 되는지 확인\n\n    **테스트 단계:**\n    1. 마켓컬리 메인 페이지 접속\n    2. 로그인 버튼 클릭\n    3. 아이디와 비밀번호를 입력하지 않음\n    4. 로그인 버튼 클릭\n    5. 에러 메시지 또는 유효성 검사 메시지 표시 확인\n    ","status":"broken","statusMessage":"selenium.common.exceptions.ElementClickInterceptedException: Message: element click intercepted: Element <button class=\"css-4ojrwk e4nu7ef3\" type=\"submit\" height=\"54\" radius=\"6\">...</button> is not clickable at point (525, 419). Other element would receive the click: <input data-testid=\"input-box\" name=\"password\" placeholder=\"비밀번호를 입력해주세요\" type=\"password\" autocomplete=\"off\" class=\"css-u52dqk e1uzxhvi2\" value=\"\">\n  (Session info: chrome=144.0.7559.96)\nStacktrace:\n#0 0x5648bc0034ba <unknown>\n#1 0x5648bba6c492 <unknown>\n#2 0x5648bbac8c9b <unknown>\n#3 0x5648bbac68d2 <unknown>\n#4 0x5648bbac3e09 <unknown>\n#5 0x5648bbac2f07 <unknown>\n#6 0x5648bbab5792 <unknown>\n#7 0x5648bbab50d7 <unknown>\n#8 0x5648bbb0a700 <unknown>\n#9 0x5648bbab36a2 <unknown>\n#10 0x5648bbab4491 <unknown>\n#11 0x5648bbfc9479 <unknown>\n#12 0x5648bbfcc391 <unknown>\n#13 0x5648bbfb5a89 <unknown>\n#14 0x5648bbfccf4e <unknown>\n#15 0x5648bbf9c070 <unknown>\n#16 0x5648bbff0ca8 <unknown>\n#17 0x5648bbff0e78 <unknown>\n#18 0x5648bc002828 <unknown>\n#19 0x7f9fdb49caa4 <unknown>\n#20 0x7f9fdb529c6c <unknown>","statusTrace":"src/tests/ui/test_ui_login.py:75: in test_login_with_empty_credentials\n    kurly_login_page.click_login_button()\nsrc/pages/kurly_login_page.py:67: in click_login_button\n    self.click(self.SUBMIT_BUTTON)\nsrc/pages/base_page.py:273: in click\n    element.click()\nvenv/lib/python3.11/site-packages/selenium/webdriver/remote/webelement.py:94: in click\n    self._execute(Command.CLICK_ELEMENT)\nvenv/lib/python3.11/site-packages/selenium/webdriver/remote/webelement.py:402: in _execute\n    return self._parent.execute(command, params)\nvenv/lib/python3.11/site-packages/selenium/webdriver/remote/webdriver.py:384: in execute\n    self.error_handler.check_response(response)\nvenv/lib/python3.11/site-packages/selenium/webdriver/remote/errorhandler.py:232: in check_response\n    raise exception_class(message, screen, stacktrace)\nE   selenium.common.exceptions.ElementClickInterceptedException: Message: element click intercepted: Element <button class=\"css-4ojrwk e4nu7ef3\" type=\"submit\" height=\"54\" radius=\"6\">...</button> is not clickable at point (525, 419). Other element would receive the click: <input data-testid=\"input-box\" name=\"password\" placeholder=\"비밀번호를 입력해주세요\" type=\"password\" autocomplete=\"off\" class=\"css-u52dqk e1uzxhvi2\" value=\"\">\nE     (Session info: chrome=144.0.7559.96)\nE   Stacktrace:\nE   #0 0x5648bc0034ba <unknown>\nE   #1 0x5648bba6c492 <unknown>\nE   #2 0x5648bbac8c9b <unknown>\nE   #3 0x5648bbac68d2 <unknown>\nE   #4 0x5648bbac3e09 <unknown>\nE   #5 0x5648bbac2f07 <unknown>\nE   #6 0x5648bbab5792 <unknown>\nE   #7 0x5648bbab50d7 <unknown>\nE   #8 0x5648bbb0a700 <unknown>\nE   #9 0x5648bbab36a2 <unknown>\nE   #10 0x5648bbab4491 <unknown>\nE   #11 0x5648bbfc9479 <unknown>\nE   #12 0x5648bbfcc391 <unknown>\nE   #13 0x5648bbfb5a89 <unknown>\nE   #14 0x5648bbfccf4e <unknown>\nE   #15 0x5648bbf9c070 <unknown>\nE   #16 0x5648bbff0ca8 <unknown>\nE   #17 0x5648bbff0e78 <unknown>\nE   #18 0x5648bc002828 <unknown>\nE   #19 0x7f9fdb49caa4 <unknown>\nE   #20 0x7f9fdb529c6c <unknown>","steps":[{"name":"빈 계정 정보로 로그인 시도","time":{"start":1769875920291,"stop":1769875922011,"duration":1720},"status":"broken","statusMessage":"selenium.common.exceptions.ElementClickInterceptedException: Message: element click intercepted: Element <button class=\"css-4ojrwk e4nu7ef3\" type=\"submit\" height=\"54\" radius=\"6\">...</button> is not clickable at point (525, 419). Other element would receive the click: <input data-testid=\"input-box\" name=\"password\" placeholder=\"비밀번호를 입력해주세요\" type=\"password\" autocomplete=\"off\" class=\"css-u52dqk e1uzxhvi2\" value=\"\">\n  (Session info: chrome=144.0.7559.96)\nStacktrace:\n#0 0x5648bc0034ba <unknown>\n#1 0x5648bba6c492 <unknown>\n#2 0x5648bbac8c9b <unknown>\n#3 0x5648bbac68d2 <unknown>\n#4 0x5648bbac3e09 <unknown>\n#5 0x5648bbac2f07 <unknown>\n#6 0x5648bbab5792 <unknown>\n#7 0x5648bbab50d7 <unknown>\n#8 0x5648bbb0a700 <unknown>\n#9 0x5648bbab36a2 <unknown>\n#10 0x5648bbab4491 <unknown>\n#11 0x5648bbfc9479 <unknown>\n#12 0x5648bbfcc391 <unknown>\n#13 0x5648bbfb5a89 <unknown>\n#14 0x5648bbfccf4e <unknown>\n#15 0x5648bbf9c070 <unknown>\n#16 0x5648bbff0ca8 <unknown>\n#17 0x5648bbff0e78 <unknown>\n#18 0x5648bc002828 <unknown>\n#19 0x7f9fdb49caa4 <unknown>\n#20 0x7f9fdb529c6c <unknown>\n\n","statusTrace":"  File \"/home/runner/work/QATEST/QATEST/src/tests/ui/test_ui_login.py\", line 75, in test_login_with_empty_credentials\n    kurly_login_page.click_login_button()\n  File \"/home/runner/work/QATEST/QATEST/src/pages/kurly_login_page.py\", line 67, in click_login_button\n    self.click(self.SUBMIT_BUTTON)\n  File \"/home/runner/work/QATEST/QATEST/src/pages/base_page.py\", line 273, in click\n    element.click()\n  File \"/home/runner/work/QATEST/QATEST/venv/lib/python3.11/site-packages/selenium/webdriver/remote/webelement.py\", line 94, in click\n    self._execute(Command.CLICK_ELEMENT)\n  File \"/home/runner/work/QATEST/QATEST/venv/lib/python3.11/site-packages/selenium/webdriver/remote/webelement.py\", line 402, in _execute\n    return self._parent.execute(command, params)\n           ^^^^^^^^^^^^^^^^^^^^^^^^^^^^^^^^^^^^^\n  File \"/home/runner/work/QATEST/QATEST/venv/lib/python3.11/site-packages/selenium/webdriver/remote/webdriver.py\", line 384, in execute\n    self.error_handler.check_response(response)\n  File \"/home/runner/work/QATEST/QATEST/venv/lib/python3.11/site-packages/selenium/webdriver/remote/errorhandler.py\", line 232, in check_response\n    raise exception_class(message, screen, stacktrace)\n","steps":[],"attachments":[],"parameters":[],"shouldDisplayMessage":true,"stepsCount":0,"attachmentsCount":0,"hasContent":true,"attachmentStep":false}],"attachments":[{"uid":"4fb7127e366f0226","name":"log","source":"4fb7127e366f0226.txt","type":"text/plain","size":11568},{"uid":"62f6167f8ab7a5b3","name":"stderr","source":"62f6167f8ab7a5b3.txt","type":"text/plain","size":198}],"parameters":[],"shouldDisplayMessage":true,"stepsCount":1,"attachmentsCount":2,"hasContent":true,"attachmentStep":false},"afterStages":[{"name":"driver::0","time":{"start":1769875924373,"stop":1769875924448,"duration":75},"status":"passed","steps":[],"attachments":[],"parameters":[],"shouldDisplayMessage":false,"stepsCount":0,"attachmentsCount":0,"hasContent":false,"attachmentStep":false}],"labels":[{"name":"story","value":"로그인"},{"name":"feature","value":"사용자 인증"},{"name":"severity","value":"critical"},{"name":"tag","value":"ui"},{"name":"parentSuite","value":"src.tests.ui"},{"name":"suite","value":"test_ui_login"},{"name":"subSuite","value":"TestLogin"},{"name":"host","value":"runnervmkj6or"},{"name":"thread","value":"2697-MainThread"},{"name":"framework","value":"pytest"},{"name":"language","value":"cpython3"},{"name":"package","value":"src.tests.ui.test_ui_login"},{"name":"resultFormat","value":"allure2"}],"parameters":[],"links":[],"hidden":false,"retry":false,"extra":{"severity":"critical","retries":[],"categories":[{"name":"Test defects","matchedStatuses":[],"flaky":false}],"tags":["ui"]},"source":"80e6fe0629b2e60a.json","parameterValues":[]}