{"uid":"87462820d48219d2","name":"잘못된 계정 정보로 로그인 실패 테스트","fullName":"src.tests.ui.test_ui_login.TestLogin#test_login_with_invalid_credentials","historyId":"8f0047e196f3e4f4d5eb2bb33a90049e","time":{"start":1767859979528,"stop":1767859983919,"duration":4391},"description":"\n    **목적:** 잘못된 아이디와 비밀번호로 로그인 시도 시 적절한 에러 메시지가 표시되는지 확인\n\n    **테스트 단계:**\n    1. 마켓컬리 메인 페이지 접속\n    2. 로그인 버튼 클릭\n    3. 잘못된 아이디 입력\n    4. 잘못된 비밀번호 입력\n    5. 로그인 버튼 클릭\n    6. 에러 메시지 표시 확인\n\n    **예상 결과:** 로그인 실패 메시지가 화면에 표시됨\n    ","descriptionHtml":"<pre><code>**목적:** 잘못된 아이디와 비밀번호로 로그인 시도 시 적절한 에러 메시지가 표시되는지 확인\n\n**테스트 단계:**\n1. 마켓컬리 메인 페이지 접속\n2. 로그인 버튼 클릭\n3. 잘못된 아이디 입력\n4. 잘못된 비밀번호 입력\n5. 로그인 버튼 클릭\n6. 에러 메시지 표시 확인\n\n**예상 결과:** 로그인 실패 메시지가 화면에 표시됨\n</code></pre>\n","status":"broken","statusMessage":"selenium.common.exceptions.ElementClickInterceptedException: Message: element click intercepted: Element <button class=\"css-4ojrwk e4nu7ef3\" type=\"submit\" height=\"54\" radius=\"6\">...</button> is not clickable at point (525, 419). Other element would receive the click: <input data-testid=\"input-box\" name=\"password\" placeholder=\"비밀번호를 입력해주세요\" type=\"password\" autocomplete=\"off\" class=\"css-u52dqk e1uzxhvi2\" value=\"wrong_password123\">\n  (Session info: chrome=143.0.7499.169)\nStacktrace:\n#0 0x55c2ddcdc40a <unknown>\n#1 0x55c2dd71076b <unknown>\n#2 0x55c2dd768c04 <unknown>\n#3 0x55c2dd766ac8 <unknown>\n#4 0x55c2dd7641ea <unknown>\n#5 0x55c2dd763329 <unknown>\n#6 0x55c2dd756642 <unknown>\n#7 0x55c2dd755fe7 <unknown>\n#8 0x55c2dd7ad760 <unknown>\n#9 0x55c2dd7547b2 <unknown>\n#10 0x55c2dd755461 <unknown>\n#11 0x55c2ddca4df9 <unknown>\n#12 0x55c2ddca7d5d <unknown>\n#13 0x55c2ddc8db41 <unknown>\n#14 0x55c2ddca893b <unknown>\n#15 0x55c2ddc74870 <unknown>\n#16 0x55c2ddcc9828 <unknown>\n#17 0x55c2ddcc99fc <unknown>\n#18 0x55c2ddcdb763 <unknown>\n#19 0x7f36f609caa4 <unknown>\n#20 0x7f36f6129c6c <unknown>","statusTrace":"src/tests/ui/test_ui_login.py:40: in test_login_with_invalid_credentials\n    kurly_login_page.click_login_button()\nsrc/pages/kurly_login_page.py:67: in click_login_button\n    self.click(self.SUBMIT_BUTTON)\nsrc/pages/base_page.py:273: in click\n    element.click()\nvenv/lib/python3.11/site-packages/selenium/webdriver/remote/webelement.py:94: in click\n    self._execute(Command.CLICK_ELEMENT)\nvenv/lib/python3.11/site-packages/selenium/webdriver/remote/webelement.py:402: in _execute\n    return self._parent.execute(command, params)\nvenv/lib/python3.11/site-packages/selenium/webdriver/remote/webdriver.py:384: in execute\n    self.error_handler.check_response(response)\nvenv/lib/python3.11/site-packages/selenium/webdriver/remote/errorhandler.py:232: in check_response\n    raise exception_class(message, screen, stacktrace)\nE   selenium.common.exceptions.ElementClickInterceptedException: Message: element click intercepted: Element <button class=\"css-4ojrwk e4nu7ef3\" type=\"submit\" height=\"54\" radius=\"6\">...</button> is not clickable at point (525, 419). Other element would receive the click: <input data-testid=\"input-box\" name=\"password\" placeholder=\"비밀번호를 입력해주세요\" type=\"password\" autocomplete=\"off\" class=\"css-u52dqk e1uzxhvi2\" value=\"wrong_password123\">\nE     (Session info: chrome=143.0.7499.169)\nE   Stacktrace:\nE   #0 0x55c2ddcdc40a <unknown>\nE   #1 0x55c2dd71076b <unknown>\nE   #2 0x55c2dd768c04 <unknown>\nE   #3 0x55c2dd766ac8 <unknown>\nE   #4 0x55c2dd7641ea <unknown>\nE   #5 0x55c2dd763329 <unknown>\nE   #6 0x55c2dd756642 <unknown>\nE   #7 0x55c2dd755fe7 <unknown>\nE   #8 0x55c2dd7ad760 <unknown>\nE   #9 0x55c2dd7547b2 <unknown>\nE   #10 0x55c2dd755461 <unknown>\nE   #11 0x55c2ddca4df9 <unknown>\nE   #12 0x55c2ddca7d5d <unknown>\nE   #13 0x55c2ddc8db41 <unknown>\nE   #14 0x55c2ddca893b <unknown>\nE   #15 0x55c2ddc74870 <unknown>\nE   #16 0x55c2ddcc9828 <unknown>\nE   #17 0x55c2ddcc99fc <unknown>\nE   #18 0x55c2ddcdb763 <unknown>\nE   #19 0x7f36f609caa4 <unknown>\nE   #20 0x7f36f6129c6c <unknown>","flaky":false,"newFailed":false,"newBroken":false,"newPassed":false,"retriesCount":0,"retriesStatusChange":false,"beforeStages":[{"name":"driver","time":{"start":1767859978894,"stop":1767859979527,"duration":633},"status":"passed","steps":[],"attachments":[],"parameters":[],"shouldDisplayMessage":false,"stepsCount":0,"attachmentsCount":0,"hasContent":false,"attachmentStep":false},{"name":"kurly_login_page","time":{"start":1767859979527,"stop":1767859979527,"duration":0},"status":"passed","steps":[],"attachments":[],"parameters":[],"shouldDisplayMessage":false,"stepsCount":0,"attachmentsCount":0,"hasContent":false,"attachmentStep":false},{"name":"test_credentials_invalid","time":{"start":1767859979527,"stop":1767859979527,"duration":0},"status":"passed","steps":[],"attachments":[],"parameters":[],"shouldDisplayMessage":false,"stepsCount":0,"attachmentsCount":0,"hasContent":false,"attachmentStep":false}],"testStage":{"description":"\n    **목적:** 잘못된 아이디와 비밀번호로 로그인 시도 시 적절한 에러 메시지가 표시되는지 확인\n\n    **테스트 단계:**\n    1. 마켓컬리 메인 페이지 접속\n    2. 로그인 버튼 클릭\n    3. 잘못된 아이디 입력\n    4. 잘못된 비밀번호 입력\n    5. 로그인 버튼 클릭\n    6. 에러 메시지 표시 확인\n\n    **예상 결과:** 로그인 실패 메시지가 화면에 표시됨\n    ","status":"broken","statusMessage":"selenium.common.exceptions.ElementClickInterceptedException: Message: element click intercepted: Element <button class=\"css-4ojrwk e4nu7ef3\" type=\"submit\" height=\"54\" radius=\"6\">...</button> is not clickable at point (525, 419). Other element would receive the click: <input data-testid=\"input-box\" name=\"password\" placeholder=\"비밀번호를 입력해주세요\" type=\"password\" autocomplete=\"off\" class=\"css-u52dqk e1uzxhvi2\" value=\"wrong_password123\">\n  (Session info: chrome=143.0.7499.169)\nStacktrace:\n#0 0x55c2ddcdc40a <unknown>\n#1 0x55c2dd71076b <unknown>\n#2 0x55c2dd768c04 <unknown>\n#3 0x55c2dd766ac8 <unknown>\n#4 0x55c2dd7641ea <unknown>\n#5 0x55c2dd763329 <unknown>\n#6 0x55c2dd756642 <unknown>\n#7 0x55c2dd755fe7 <unknown>\n#8 0x55c2dd7ad760 <unknown>\n#9 0x55c2dd7547b2 <unknown>\n#10 0x55c2dd755461 <unknown>\n#11 0x55c2ddca4df9 <unknown>\n#12 0x55c2ddca7d5d <unknown>\n#13 0x55c2ddc8db41 <unknown>\n#14 0x55c2ddca893b <unknown>\n#15 0x55c2ddc74870 <unknown>\n#16 0x55c2ddcc9828 <unknown>\n#17 0x55c2ddcc99fc <unknown>\n#18 0x55c2ddcdb763 <unknown>\n#19 0x7f36f609caa4 <unknown>\n#20 0x7f36f6129c6c <unknown>","statusTrace":"src/tests/ui/test_ui_login.py:40: in test_login_with_invalid_credentials\n    kurly_login_page.click_login_button()\nsrc/pages/kurly_login_page.py:67: in click_login_button\n    self.click(self.SUBMIT_BUTTON)\nsrc/pages/base_page.py:273: in click\n    element.click()\nvenv/lib/python3.11/site-packages/selenium/webdriver/remote/webelement.py:94: in click\n    self._execute(Command.CLICK_ELEMENT)\nvenv/lib/python3.11/site-packages/selenium/webdriver/remote/webelement.py:402: in _execute\n    return self._parent.execute(command, params)\nvenv/lib/python3.11/site-packages/selenium/webdriver/remote/webdriver.py:384: in execute\n    self.error_handler.check_response(response)\nvenv/lib/python3.11/site-packages/selenium/webdriver/remote/errorhandler.py:232: in check_response\n    raise exception_class(message, screen, stacktrace)\nE   selenium.common.exceptions.ElementClickInterceptedException: Message: element click intercepted: Element <button class=\"css-4ojrwk e4nu7ef3\" type=\"submit\" height=\"54\" radius=\"6\">...</button> is not clickable at point (525, 419). Other element would receive the click: <input data-testid=\"input-box\" name=\"password\" placeholder=\"비밀번호를 입력해주세요\" type=\"password\" autocomplete=\"off\" class=\"css-u52dqk e1uzxhvi2\" value=\"wrong_password123\">\nE     (Session info: chrome=143.0.7499.169)\nE   Stacktrace:\nE   #0 0x55c2ddcdc40a <unknown>\nE   #1 0x55c2dd71076b <unknown>\nE   #2 0x55c2dd768c04 <unknown>\nE   #3 0x55c2dd766ac8 <unknown>\nE   #4 0x55c2dd7641ea <unknown>\nE   #5 0x55c2dd763329 <unknown>\nE   #6 0x55c2dd756642 <unknown>\nE   #7 0x55c2dd755fe7 <unknown>\nE   #8 0x55c2dd7ad760 <unknown>\nE   #9 0x55c2dd7547b2 <unknown>\nE   #10 0x55c2dd755461 <unknown>\nE   #11 0x55c2ddca4df9 <unknown>\nE   #12 0x55c2ddca7d5d <unknown>\nE   #13 0x55c2ddc8db41 <unknown>\nE   #14 0x55c2ddca893b <unknown>\nE   #15 0x55c2ddc74870 <unknown>\nE   #16 0x55c2ddcc9828 <unknown>\nE   #17 0x55c2ddcc99fc <unknown>\nE   #18 0x55c2ddcdb763 <unknown>\nE   #19 0x7f36f609caa4 <unknown>\nE   #20 0x7f36f6129c6c <unknown>","steps":[{"name":"마켓컬리 메인 페이지로 이동","time":{"start":1767859979528,"stop":1767859981790,"duration":2262},"status":"passed","steps":[],"attachments":[],"parameters":[],"shouldDisplayMessage":false,"stepsCount":0,"attachmentsCount":0,"hasContent":false,"attachmentStep":false},{"name":"로그인 페이지로 이동","time":{"start":1767859981790,"stop":1767859981990,"duration":200},"status":"passed","steps":[],"attachments":[],"parameters":[],"shouldDisplayMessage":false,"stepsCount":0,"attachmentsCount":0,"hasContent":false,"attachmentStep":false},{"name":"잘못된 계정 정보 입력 및 로그인 시도","time":{"start":1767859981990,"stop":1767859983918,"duration":1928},"status":"broken","statusMessage":"selenium.common.exceptions.ElementClickInterceptedException: Message: element click intercepted: Element <button class=\"css-4ojrwk e4nu7ef3\" type=\"submit\" height=\"54\" radius=\"6\">...</button> is not clickable at point (525, 419). Other element would receive the click: <input data-testid=\"input-box\" name=\"password\" placeholder=\"비밀번호를 입력해주세요\" type=\"password\" autocomplete=\"off\" class=\"css-u52dqk e1uzxhvi2\" value=\"wrong_password123\">\n  (Session info: chrome=143.0.7499.169)\nStacktrace:\n#0 0x55c2ddcdc40a <unknown>\n#1 0x55c2dd71076b <unknown>\n#2 0x55c2dd768c04 <unknown>\n#3 0x55c2dd766ac8 <unknown>\n#4 0x55c2dd7641ea <unknown>\n#5 0x55c2dd763329 <unknown>\n#6 0x55c2dd756642 <unknown>\n#7 0x55c2dd755fe7 <unknown>\n#8 0x55c2dd7ad760 <unknown>\n#9 0x55c2dd7547b2 <unknown>\n#10 0x55c2dd755461 <unknown>\n#11 0x55c2ddca4df9 <unknown>\n#12 0x55c2ddca7d5d <unknown>\n#13 0x55c2ddc8db41 <unknown>\n#14 0x55c2ddca893b <unknown>\n#15 0x55c2ddc74870 <unknown>\n#16 0x55c2ddcc9828 <unknown>\n#17 0x55c2ddcc99fc <unknown>\n#18 0x55c2ddcdb763 <unknown>\n#19 0x7f36f609caa4 <unknown>\n#20 0x7f36f6129c6c <unknown>\n\n","statusTrace":"  File \"/home/runner/work/QATEST/QATEST/src/tests/ui/test_ui_login.py\", line 40, in test_login_with_invalid_credentials\n    kurly_login_page.click_login_button()\n  File \"/home/runner/work/QATEST/QATEST/src/pages/kurly_login_page.py\", line 67, in click_login_button\n    self.click(self.SUBMIT_BUTTON)\n  File \"/home/runner/work/QATEST/QATEST/src/pages/base_page.py\", line 273, in click\n    element.click()\n  File \"/home/runner/work/QATEST/QATEST/venv/lib/python3.11/site-packages/selenium/webdriver/remote/webelement.py\", line 94, in click\n    self._execute(Command.CLICK_ELEMENT)\n  File \"/home/runner/work/QATEST/QATEST/venv/lib/python3.11/site-packages/selenium/webdriver/remote/webelement.py\", line 402, in _execute\n    return self._parent.execute(command, params)\n           ^^^^^^^^^^^^^^^^^^^^^^^^^^^^^^^^^^^^^\n  File \"/home/runner/work/QATEST/QATEST/venv/lib/python3.11/site-packages/selenium/webdriver/remote/webdriver.py\", line 384, in execute\n    self.error_handler.check_response(response)\n  File \"/home/runner/work/QATEST/QATEST/venv/lib/python3.11/site-packages/selenium/webdriver/remote/errorhandler.py\", line 232, in check_response\n    raise exception_class(message, screen, stacktrace)\n","steps":[],"attachments":[],"parameters":[],"shouldDisplayMessage":true,"stepsCount":0,"attachmentsCount":0,"hasContent":true,"attachmentStep":false}],"attachments":[{"uid":"1bada84614ee595b","name":"log","source":"1bada84614ee595b.txt","type":"text/plain","size":25519},{"uid":"3324b0e1c761e388","name":"stderr","source":"3324b0e1c761e388.txt","type":"text/plain","size":198}],"parameters":[],"shouldDisplayMessage":true,"stepsCount":3,"attachmentsCount":2,"hasContent":true,"attachmentStep":false},"afterStages":[{"name":"driver::0","time":{"start":1767859990130,"stop":1767859990200,"duration":70},"status":"passed","steps":[],"attachments":[],"parameters":[],"shouldDisplayMessage":false,"stepsCount":0,"attachmentsCount":0,"hasContent":false,"attachmentStep":false}],"labels":[{"name":"story","value":"로그인"},{"name":"severity","value":"critical"},{"name":"feature","value":"사용자 인증"},{"name":"tag","value":"ui"},{"name":"parentSuite","value":"src.tests.ui"},{"name":"suite","value":"test_ui_login"},{"name":"subSuite","value":"TestLogin"},{"name":"host","value":"runnervmi13qx"},{"name":"thread","value":"2662-MainThread"},{"name":"framework","value":"pytest"},{"name":"language","value":"cpython3"},{"name":"package","value":"src.tests.ui.test_ui_login"},{"name":"resultFormat","value":"allure2"}],"parameters":[],"links":[],"hidden":false,"retry":false,"extra":{"severity":"critical","retries":[],"categories":[{"name":"Test defects","matchedStatuses":[],"flaky":false}],"tags":["ui"]},"source":"87462820d48219d2.json","parameterValues":[]}