{"uid":"87a95194c92477d4","name":"상품을 장바구니에 추가하는 전체 플로우 테스트","fullName":"src.tests.ui.test_add_goods_to_cart#test_add_good_to_cart_flow","historyId":"ffe282402330c5f1c02c05e3664378c1","time":{"start":1768523696790,"stop":1768523701926,"duration":5136},"description":"\n    상품을 장바구니에 추가하는 전체 플로우 테스트\n    Steps:\n        1. 상품 검색\n        2. 세 번째 상품의 추가 버튼 클릭\n        3. 수량 2회 증가\n        4. 수량 2회 감소\n        5. 장바구니에 담기\n    ","descriptionHtml":"<pre><code>상품을 장바구니에 추가하는 전체 플로우 테스트\nSteps:\n    1. 상품 검색\n    2. 세 번째 상품의 추가 버튼 클릭\n    3. 수량 2회 증가\n    4. 수량 2회 감소\n    5. 장바구니에 담기\n</code></pre>\n","status":"broken","statusMessage":"selenium.common.exceptions.StaleElementReferenceException: Message: stale element reference: stale element not found in the current frame\n  (Session info: chrome=143.0.7499.192); For documentation on this error, please visit: https://www.selenium.dev/documentation/webdriver/troubleshooting/errors#stale-element-reference-exception\nStacktrace:\n#0 0x559232ecc40a <unknown>\n#1 0x55923290076b <unknown>\n#2 0x5592329074cf <unknown>\n#3 0x559232909e69 <unknown>\n#4 0x55923299e79a <unknown>\n#5 0x55923299d760 <unknown>\n#6 0x5592329447b2 <unknown>\n#7 0x559232945461 <unknown>\n#8 0x559232e94df9 <unknown>\n#9 0x559232e97d5d <unknown>\n#10 0x559232e7db41 <unknown>\n#11 0x559232e9893b <unknown>\n#12 0x559232e64870 <unknown>\n#13 0x559232eb9828 <unknown>\n#14 0x559232eb99fc <unknown>\n#15 0x559232ecb763 <unknown>\n#16 0x7f0cd0c9caa4 <unknown>\n#17 0x7f0cd0d29c6c <unknown>","statusTrace":"src/tests/ui/test_add_goods_to_cart.py:39: in test_add_good_to_cart_flow\n    kurly_search_page.quantity_down_in_alt(decrease_count)\nsrc/pages/kurly_search_page.py:208: in quantity_down_in_alt\n    self.click(self.QUANTITY_DOWN_BUTTON_IN_ALT)\nsrc/pages/base_page.py:272: in click\n    element = self.wait_clickable(locator, timeout)\nsrc/pages/base_page.py:127: in wait_clickable\n    return wait.until(EC.element_to_be_clickable(locator))\nvenv/lib/python3.11/site-packages/selenium/webdriver/support/wait.py:96: in until\n    value = method(self._driver)\nvenv/lib/python3.11/site-packages/selenium/webdriver/support/expected_conditions.py:364: in _predicate\n    element = visibility_of(target)(driver)\nvenv/lib/python3.11/site-packages/selenium/webdriver/support/expected_conditions.py:173: in _predicate\n    return _element_if_visible(element)\nvenv/lib/python3.11/site-packages/selenium/webdriver/support/expected_conditions.py:179: in _element_if_visible\n    return element if element.is_displayed() == visibility else False\nvenv/lib/python3.11/site-packages/selenium/webdriver/remote/webelement.py:259: in is_displayed\n    return self.parent.execute_script(f\"/* isDisplayed */return ({isDisplayed_js}).apply(null, arguments);\", self)\nvenv/lib/python3.11/site-packages/selenium/webdriver/remote/webdriver.py:444: in execute_script\n    return self.execute(command, {\"script\": script, \"args\": converted_args})[\"value\"]\nvenv/lib/python3.11/site-packages/selenium/webdriver/remote/webdriver.py:384: in execute\n    self.error_handler.check_response(response)\nvenv/lib/python3.11/site-packages/selenium/webdriver/remote/errorhandler.py:232: in check_response\n    raise exception_class(message, screen, stacktrace)\nE   selenium.common.exceptions.StaleElementReferenceException: Message: stale element reference: stale element not found in the current frame\nE     (Session info: chrome=143.0.7499.192); For documentation on this error, please visit: https://www.selenium.dev/documentation/webdriver/troubleshooting/errors#stale-element-reference-exception\nE   Stacktrace:\nE   #0 0x559232ecc40a <unknown>\nE   #1 0x55923290076b <unknown>\nE   #2 0x5592329074cf <unknown>\nE   #3 0x559232909e69 <unknown>\nE   #4 0x55923299e79a <unknown>\nE   #5 0x55923299d760 <unknown>\nE   #6 0x5592329447b2 <unknown>\nE   #7 0x559232945461 <unknown>\nE   #8 0x559232e94df9 <unknown>\nE   #9 0x559232e97d5d <unknown>\nE   #10 0x559232e7db41 <unknown>\nE   #11 0x559232e9893b <unknown>\nE   #12 0x559232e64870 <unknown>\nE   #13 0x559232eb9828 <unknown>\nE   #14 0x559232eb99fc <unknown>\nE   #15 0x559232ecb763 <unknown>\nE   #16 0x7f0cd0c9caa4 <unknown>\nE   #17 0x7f0cd0d29c6c <unknown>","flaky":false,"newFailed":false,"newBroken":false,"newPassed":false,"retriesCount":0,"retriesStatusChange":false,"beforeStages":[{"name":"driver","time":{"start":1768523690744,"stop":1768523696789,"duration":6045},"status":"passed","steps":[],"attachments":[],"parameters":[],"shouldDisplayMessage":false,"stepsCount":0,"attachmentsCount":0,"hasContent":false,"attachmentStep":false},{"name":"kurly_main_page","time":{"start":1768523696789,"stop":1768523696790,"duration":1},"status":"passed","steps":[],"attachments":[],"parameters":[],"shouldDisplayMessage":false,"stepsCount":0,"attachmentsCount":0,"hasContent":false,"attachmentStep":false},{"name":"kurly_goods_page","time":{"start":1768523696790,"stop":1768523696790,"duration":0},"status":"passed","steps":[],"attachments":[],"parameters":[],"shouldDisplayMessage":false,"stepsCount":0,"attachmentsCount":0,"hasContent":false,"attachmentStep":false},{"name":"kurly_search_page","time":{"start":1768523696790,"stop":1768523696790,"duration":0},"status":"passed","steps":[],"attachments":[],"parameters":[],"shouldDisplayMessage":false,"stepsCount":0,"attachmentsCount":0,"hasContent":false,"attachmentStep":false}],"testStage":{"description":"\n    상품을 장바구니에 추가하는 전체 플로우 테스트\n    Steps:\n        1. 상품 검색\n        2. 세 번째 상품의 추가 버튼 클릭\n        3. 수량 2회 증가\n        4. 수량 2회 감소\n        5. 장바구니에 담기\n    ","status":"broken","statusMessage":"selenium.common.exceptions.StaleElementReferenceException: Message: stale element reference: stale element not found in the current frame\n  (Session info: chrome=143.0.7499.192); For documentation on this error, please visit: https://www.selenium.dev/documentation/webdriver/troubleshooting/errors#stale-element-reference-exception\nStacktrace:\n#0 0x559232ecc40a <unknown>\n#1 0x55923290076b <unknown>\n#2 0x5592329074cf <unknown>\n#3 0x559232909e69 <unknown>\n#4 0x55923299e79a <unknown>\n#5 0x55923299d760 <unknown>\n#6 0x5592329447b2 <unknown>\n#7 0x559232945461 <unknown>\n#8 0x559232e94df9 <unknown>\n#9 0x559232e97d5d <unknown>\n#10 0x559232e7db41 <unknown>\n#11 0x559232e9893b <unknown>\n#12 0x559232e64870 <unknown>\n#13 0x559232eb9828 <unknown>\n#14 0x559232eb99fc <unknown>\n#15 0x559232ecb763 <unknown>\n#16 0x7f0cd0c9caa4 <unknown>\n#17 0x7f0cd0d29c6c <unknown>","statusTrace":"src/tests/ui/test_add_goods_to_cart.py:39: in test_add_good_to_cart_flow\n    kurly_search_page.quantity_down_in_alt(decrease_count)\nsrc/pages/kurly_search_page.py:208: in quantity_down_in_alt\n    self.click(self.QUANTITY_DOWN_BUTTON_IN_ALT)\nsrc/pages/base_page.py:272: in click\n    element = self.wait_clickable(locator, timeout)\nsrc/pages/base_page.py:127: in wait_clickable\n    return wait.until(EC.element_to_be_clickable(locator))\nvenv/lib/python3.11/site-packages/selenium/webdriver/support/wait.py:96: in until\n    value = method(self._driver)\nvenv/lib/python3.11/site-packages/selenium/webdriver/support/expected_conditions.py:364: in _predicate\n    element = visibility_of(target)(driver)\nvenv/lib/python3.11/site-packages/selenium/webdriver/support/expected_conditions.py:173: in _predicate\n    return _element_if_visible(element)\nvenv/lib/python3.11/site-packages/selenium/webdriver/support/expected_conditions.py:179: in _element_if_visible\n    return element if element.is_displayed() == visibility else False\nvenv/lib/python3.11/site-packages/selenium/webdriver/remote/webelement.py:259: in is_displayed\n    return self.parent.execute_script(f\"/* isDisplayed */return ({isDisplayed_js}).apply(null, arguments);\", self)\nvenv/lib/python3.11/site-packages/selenium/webdriver/remote/webdriver.py:444: in execute_script\n    return self.execute(command, {\"script\": script, \"args\": converted_args})[\"value\"]\nvenv/lib/python3.11/site-packages/selenium/webdriver/remote/webdriver.py:384: in execute\n    self.error_handler.check_response(response)\nvenv/lib/python3.11/site-packages/selenium/webdriver/remote/errorhandler.py:232: in check_response\n    raise exception_class(message, screen, stacktrace)\nE   selenium.common.exceptions.StaleElementReferenceException: Message: stale element reference: stale element not found in the current frame\nE     (Session info: chrome=143.0.7499.192); For documentation on this error, please visit: https://www.selenium.dev/documentation/webdriver/troubleshooting/errors#stale-element-reference-exception\nE   Stacktrace:\nE   #0 0x559232ecc40a <unknown>\nE   #1 0x55923290076b <unknown>\nE   #2 0x5592329074cf <unknown>\nE   #3 0x559232909e69 <unknown>\nE   #4 0x55923299e79a <unknown>\nE   #5 0x55923299d760 <unknown>\nE   #6 0x5592329447b2 <unknown>\nE   #7 0x559232945461 <unknown>\nE   #8 0x559232e94df9 <unknown>\nE   #9 0x559232e97d5d <unknown>\nE   #10 0x559232e7db41 <unknown>\nE   #11 0x559232e9893b <unknown>\nE   #12 0x559232e64870 <unknown>\nE   #13 0x559232eb9828 <unknown>\nE   #14 0x559232eb99fc <unknown>\nE   #15 0x559232ecb763 <unknown>\nE   #16 0x7f0cd0c9caa4 <unknown>\nE   #17 0x7f0cd0d29c6c <unknown>","steps":[{"name":"메인 페이지 접속","time":{"start":1768523696790,"stop":1768523699924,"duration":3134},"status":"passed","steps":[],"attachments":[],"parameters":[],"shouldDisplayMessage":false,"stepsCount":0,"attachmentsCount":0,"hasContent":false,"attachmentStep":false},{"name":"'과자' 검색","time":{"start":1768523699924,"stop":1768523700931,"duration":1007},"status":"passed","steps":[],"attachments":[],"parameters":[],"shouldDisplayMessage":false,"stepsCount":0,"attachmentsCount":0,"hasContent":false,"attachmentStep":false},{"name":"세 번째 상품 담기 버튼 클릭","time":{"start":1768523700931,"stop":1768523701103,"duration":172},"status":"passed","steps":[],"attachments":[],"parameters":[],"shouldDisplayMessage":false,"stepsCount":0,"attachmentsCount":0,"hasContent":false,"attachmentStep":false},{"name":"수량 2회 증가","time":{"start":1768523701103,"stop":1768523701774,"duration":671},"status":"passed","steps":[],"attachments":[],"parameters":[],"shouldDisplayMessage":false,"stepsCount":0,"attachmentsCount":0,"hasContent":false,"attachmentStep":false},{"name":"수량 2회 감소","time":{"start":1768523701774,"stop":1768523701924,"duration":150},"status":"broken","statusMessage":"selenium.common.exceptions.StaleElementReferenceException: Message: stale element reference: stale element not found in the current frame\n  (Session info: chrome=143.0.7499.192); For documentation on this error, please visit: https://www.selenium.dev/documentation/webdriver/troubleshooting/errors#stale-element-reference-exception\nStacktrace:\n#0 0x559232ecc40a <unknown>\n#1 0x55923290076b <unknown>\n#2 0x5592329074cf <unknown>\n#3 0x559232909e69 <unknown>\n#4 0x55923299e79a <unknown>\n#5 0x55923299d760 <unknown>\n#6 0x5592329447b2 <unknown>\n#7 0x559232945461 <unknown>\n#8 0x559232e94df9 <unknown>\n#9 0x559232e97d5d <unknown>\n#10 0x559232e7db41 <unknown>\n#11 0x559232e9893b <unknown>\n#12 0x559232e64870 <unknown>\n#13 0x559232eb9828 <unknown>\n#14 0x559232eb99fc <unknown>\n#15 0x559232ecb763 <unknown>\n#16 0x7f0cd0c9caa4 <unknown>\n#17 0x7f0cd0d29c6c <unknown>\n\n","statusTrace":"  File \"/home/runner/work/QATEST/QATEST/src/tests/ui/test_add_goods_to_cart.py\", line 39, in test_add_good_to_cart_flow\n    kurly_search_page.quantity_down_in_alt(decrease_count)\n  File \"/home/runner/work/QATEST/QATEST/src/pages/kurly_search_page.py\", line 208, in quantity_down_in_alt\n    self.click(self.QUANTITY_DOWN_BUTTON_IN_ALT)\n  File \"/home/runner/work/QATEST/QATEST/src/pages/base_page.py\", line 272, in click\n    element = self.wait_clickable(locator, timeout)\n              ^^^^^^^^^^^^^^^^^^^^^^^^^^^^^^^^^^^^^\n  File \"/home/runner/work/QATEST/QATEST/src/pages/base_page.py\", line 127, in wait_clickable\n    return wait.until(EC.element_to_be_clickable(locator))\n           ^^^^^^^^^^^^^^^^^^^^^^^^^^^^^^^^^^^^^^^^^^^^^^^\n  File \"/home/runner/work/QATEST/QATEST/venv/lib/python3.11/site-packages/selenium/webdriver/support/wait.py\", line 96, in until\n    value = method(self._driver)\n            ^^^^^^^^^^^^^^^^^^^^\n  File \"/home/runner/work/QATEST/QATEST/venv/lib/python3.11/site-packages/selenium/webdriver/support/expected_conditions.py\", line 364, in _predicate\n    element = visibility_of(target)(driver)\n              ^^^^^^^^^^^^^^^^^^^^^^^^^^^^^\n  File \"/home/runner/work/QATEST/QATEST/venv/lib/python3.11/site-packages/selenium/webdriver/support/expected_conditions.py\", line 173, in _predicate\n    return _element_if_visible(element)\n           ^^^^^^^^^^^^^^^^^^^^^^^^^^^^\n  File \"/home/runner/work/QATEST/QATEST/venv/lib/python3.11/site-packages/selenium/webdriver/support/expected_conditions.py\", line 179, in _element_if_visible\n    return element if element.is_displayed() == visibility else False\n                      ^^^^^^^^^^^^^^^^^^^^^^\n  File \"/home/runner/work/QATEST/QATEST/venv/lib/python3.11/site-packages/selenium/webdriver/remote/webelement.py\", line 259, in is_displayed\n    return self.parent.execute_script(f\"/* isDisplayed */return ({isDisplayed_js}).apply(null, arguments);\", self)\n           ^^^^^^^^^^^^^^^^^^^^^^^^^^^^^^^^^^^^^^^^^^^^^^^^^^^^^^^^^^^^^^^^^^^^^^^^^^^^^^^^^^^^^^^^^^^^^^^^^^^^^^^\n  File \"/home/runner/work/QATEST/QATEST/venv/lib/python3.11/site-packages/selenium/webdriver/remote/webdriver.py\", line 444, in execute_script\n    return self.execute(command, {\"script\": script, \"args\": converted_args})[\"value\"]\n           ^^^^^^^^^^^^^^^^^^^^^^^^^^^^^^^^^^^^^^^^^^^^^^^^^^^^^^^^^^^^^^^^^\n  File \"/home/runner/work/QATEST/QATEST/venv/lib/python3.11/site-packages/selenium/webdriver/remote/webdriver.py\", line 384, in execute\n    self.error_handler.check_response(response)\n  File \"/home/runner/work/QATEST/QATEST/venv/lib/python3.11/site-packages/selenium/webdriver/remote/errorhandler.py\", line 232, in check_response\n    raise exception_class(message, screen, stacktrace)\n","steps":[],"attachments":[],"parameters":[],"shouldDisplayMessage":true,"stepsCount":0,"attachmentsCount":0,"hasContent":true,"attachmentStep":false}],"attachments":[{"uid":"1788a066c92f65d3","name":"log","source":"1788a066c92f65d3.txt","type":"text/plain","size":30858},{"uid":"26ff49544e774558","name":"stderr","source":"26ff49544e774558.txt","type":"text/plain","size":198}],"parameters":[],"shouldDisplayMessage":true,"stepsCount":5,"attachmentsCount":2,"hasContent":true,"attachmentStep":false},"afterStages":[{"name":"driver::0","time":{"start":1768523702009,"stop":1768523702074,"duration":65},"status":"passed","steps":[],"attachments":[],"parameters":[],"shouldDisplayMessage":false,"stepsCount":0,"attachmentsCount":0,"hasContent":false,"attachmentStep":false}],"labels":[{"name":"feature","value":"장바구니 기능"},{"name":"story","value":"상품 추가 플로우"},{"name":"tag","value":"ui"},{"name":"parentSuite","value":"src.tests.ui"},{"name":"suite","value":"test_add_goods_to_cart"},{"name":"host","value":"runnervmmtnos"},{"name":"thread","value":"2593-MainThread"},{"name":"framework","value":"pytest"},{"name":"language","value":"cpython3"},{"name":"package","value":"src.tests.ui.test_add_goods_to_cart"},{"name":"resultFormat","value":"allure2"}],"parameters":[],"links":[],"hidden":false,"retry":false,"extra":{"severity":"normal","retries":[],"categories":[{"name":"Test defects","matchedStatuses":[],"flaky":false}],"tags":["ui"]},"source":"87a95194c92477d4.json","parameterValues":[]}