{"uid":"89134acae43ad49c","name":"여러 상품을 장바구니에 담기","fullName":"src.tests.ui.test_cart_management.TestCartManagement#test_add_multiple_items_to_cart","historyId":"b10392ec03b6bdb85794b4326da8c28d","time":{"start":1770970864304,"stop":1770970872953,"duration":8649},"description":"여러 상품을 장바구니에 담고 모두 장바구니에 있는지 확인","descriptionHtml":"<p>여러 상품을 장바구니에 담고 모두 장바구니에 있는지 확인</p>\n","status":"broken","statusMessage":"selenium.common.exceptions.TimeoutException: Message: ❌ 요소를 클릭할 수 없습니다: ('xpath', \"//button[contains(text(),'장바구니 담기')]\")","statusTrace":"src/pages/base_page.py:272: in click\n    element = self.wait_clickable(locator, timeout)\nsrc/pages/base_page.py:127: in wait_clickable\n    return wait.until(EC.element_to_be_clickable(locator))\nvenv/lib/python3.11/site-packages/selenium/webdriver/support/wait.py:105: in until\n    raise TimeoutException(message, screen, stacktrace)\nE   selenium.common.exceptions.TimeoutException: Message: \nE   Stacktrace:\nE   #0 0x55af9a4cda4a <unknown>\nE   #1 0x55af99ee66a2 <unknown>\nE   #2 0x55af99f3ba8d <unknown>\nE   #3 0x55af99f3bcd1 <unknown>\nE   #4 0x55af99f875c4 <unknown>\nE   #5 0x55af99f847f0 <unknown>\nE   #6 0x55af99f2d8b2 <unknown>\nE   #7 0x55af99f2e6a1 <unknown>\nE   #8 0x55af9a4938a9 <unknown>\nE   #9 0x55af9a4967b1 <unknown>\nE   #10 0x55af9a47fea9 <unknown>\nE   #11 0x55af9a49736e <unknown>\nE   #12 0x55af9a466410 <unknown>\nE   #13 0x55af9a4bb0c8 <unknown>\nE   #14 0x55af9a4bb29b <unknown>\nE   #15 0x55af9a4ccdb8 <unknown>\nE   #16 0x7fcc17e9caa4 <unknown>\nE   #17 0x7fcc17f29c6c <unknown>\n\nDuring handling of the above exception, another exception occurred:\nsrc/tests/ui/test_cart_management.py:32: in test_add_multiple_items_to_cart\n    kurly_search_page.add_to_cart_in_alt()\nsrc/pages/kurly_search_page.py:238: in add_to_cart_in_alt\n    self.click(self.ADD_TO_CART_BUTTONS_IN_ALT)\nsrc/pages/base_page.py:277: in click\n    raise TimeoutException(f\"❌ 요소를 클릭할 수 없습니다: {locator}\")\nE   selenium.common.exceptions.TimeoutException: Message: ❌ 요소를 클릭할 수 없습니다: ('xpath', \"//button[contains(text(),'장바구니 담기')]\")","flaky":false,"newFailed":false,"newBroken":false,"newPassed":false,"retriesCount":0,"retriesStatusChange":false,"beforeStages":[{"name":"driver","time":{"start":1770970863669,"stop":1770970864303,"duration":634},"status":"passed","steps":[],"attachments":[],"parameters":[],"shouldDisplayMessage":false,"stepsCount":0,"attachmentsCount":0,"hasContent":false,"attachmentStep":false},{"name":"kurly_main_page","time":{"start":1770970864303,"stop":1770970864303,"duration":0},"status":"passed","steps":[],"attachments":[],"parameters":[],"shouldDisplayMessage":false,"stepsCount":0,"attachmentsCount":0,"hasContent":false,"attachmentStep":false},{"name":"kurly_cart_page","time":{"start":1770970864304,"stop":1770970864304,"duration":0},"status":"passed","steps":[],"attachments":[],"parameters":[],"shouldDisplayMessage":false,"stepsCount":0,"attachmentsCount":0,"hasContent":false,"attachmentStep":false},{"name":"kurly_search_page","time":{"start":1770970864304,"stop":1770970864304,"duration":0},"status":"passed","steps":[],"attachments":[],"parameters":[],"shouldDisplayMessage":false,"stepsCount":0,"attachmentsCount":0,"hasContent":false,"attachmentStep":false}],"testStage":{"description":"여러 상품을 장바구니에 담고 모두 장바구니에 있는지 확인","status":"broken","statusMessage":"selenium.common.exceptions.TimeoutException: Message: ❌ 요소를 클릭할 수 없습니다: ('xpath', \"//button[contains(text(),'장바구니 담기')]\")","statusTrace":"src/pages/base_page.py:272: in click\n    element = self.wait_clickable(locator, timeout)\nsrc/pages/base_page.py:127: in wait_clickable\n    return wait.until(EC.element_to_be_clickable(locator))\nvenv/lib/python3.11/site-packages/selenium/webdriver/support/wait.py:105: in until\n    raise TimeoutException(message, screen, stacktrace)\nE   selenium.common.exceptions.TimeoutException: Message: \nE   Stacktrace:\nE   #0 0x55af9a4cda4a <unknown>\nE   #1 0x55af99ee66a2 <unknown>\nE   #2 0x55af99f3ba8d <unknown>\nE   #3 0x55af99f3bcd1 <unknown>\nE   #4 0x55af99f875c4 <unknown>\nE   #5 0x55af99f847f0 <unknown>\nE   #6 0x55af99f2d8b2 <unknown>\nE   #7 0x55af99f2e6a1 <unknown>\nE   #8 0x55af9a4938a9 <unknown>\nE   #9 0x55af9a4967b1 <unknown>\nE   #10 0x55af9a47fea9 <unknown>\nE   #11 0x55af9a49736e <unknown>\nE   #12 0x55af9a466410 <unknown>\nE   #13 0x55af9a4bb0c8 <unknown>\nE   #14 0x55af9a4bb29b <unknown>\nE   #15 0x55af9a4ccdb8 <unknown>\nE   #16 0x7fcc17e9caa4 <unknown>\nE   #17 0x7fcc17f29c6c <unknown>\n\nDuring handling of the above exception, another exception occurred:\nsrc/tests/ui/test_cart_management.py:32: in test_add_multiple_items_to_cart\n    kurly_search_page.add_to_cart_in_alt()\nsrc/pages/kurly_search_page.py:238: in add_to_cart_in_alt\n    self.click(self.ADD_TO_CART_BUTTONS_IN_ALT)\nsrc/pages/base_page.py:277: in click\n    raise TimeoutException(f\"❌ 요소를 클릭할 수 없습니다: {locator}\")\nE   selenium.common.exceptions.TimeoutException: Message: ❌ 요소를 클릭할 수 없습니다: ('xpath', \"//button[contains(text(),'장바구니 담기')]\")","steps":[{"name":"메인 페이지 접속","time":{"start":1770970864304,"stop":1770970866357,"duration":2053},"status":"passed","steps":[],"attachments":[],"parameters":[],"shouldDisplayMessage":false,"stepsCount":0,"attachmentsCount":0,"hasContent":false,"attachmentStep":false},{"name":"'과자' 검색","time":{"start":1770970866357,"stop":1770970866809,"duration":452},"status":"passed","steps":[],"attachments":[],"parameters":[],"shouldDisplayMessage":false,"stepsCount":0,"attachmentsCount":0,"hasContent":false,"attachmentStep":false},{"name":"3개 상품을 장바구니에 담기","time":{"start":1770970866809,"stop":1770970872952,"duration":6143},"status":"broken","statusMessage":"selenium.common.exceptions.TimeoutException: Message: ❌ 요소를 클릭할 수 없습니다: ('xpath', \"//button[contains(text(),'장바구니 담기')]\")\n\n","statusTrace":"  File \"/home/runner/work/QATEST/QATEST/src/tests/ui/test_cart_management.py\", line 32, in test_add_multiple_items_to_cart\n    kurly_search_page.add_to_cart_in_alt()\n  File \"/home/runner/work/QATEST/QATEST/src/pages/kurly_search_page.py\", line 238, in add_to_cart_in_alt\n    self.click(self.ADD_TO_CART_BUTTONS_IN_ALT)\n  File \"/home/runner/work/QATEST/QATEST/src/pages/base_page.py\", line 277, in click\n    raise TimeoutException(f\"❌ 요소를 클릭할 수 없습니다: {locator}\")\n","steps":[],"attachments":[],"parameters":[],"shouldDisplayMessage":true,"stepsCount":0,"attachmentsCount":0,"hasContent":true,"attachmentStep":false}],"attachments":[{"uid":"200f83d9ef89dd66","name":"log","source":"200f83d9ef89dd66.txt","type":"text/plain","size":122766},{"uid":"7c0cf60a58042118","name":"stderr","source":"7c0cf60a58042118.txt","type":"text/plain","size":486}],"parameters":[],"shouldDisplayMessage":true,"stepsCount":3,"attachmentsCount":2,"hasContent":true,"attachmentStep":false},"afterStages":[{"name":"driver::0","time":{"start":1770970878990,"stop":1770970879080,"duration":90},"status":"passed","steps":[],"attachments":[],"parameters":[],"shouldDisplayMessage":false,"stepsCount":0,"attachmentsCount":0,"hasContent":false,"attachmentStep":false}],"labels":[{"name":"feature","value":"장바구니 관리"},{"name":"story","value":"장바구니 상품 관리"},{"name":"tag","value":"ui"},{"name":"parentSuite","value":"src.tests.ui"},{"name":"suite","value":"test_cart_management"},{"name":"subSuite","value":"TestCartManagement"},{"name":"host","value":"runnervmjduv7"},{"name":"thread","value":"2663-MainThread"},{"name":"framework","value":"pytest"},{"name":"language","value":"cpython3"},{"name":"package","value":"src.tests.ui.test_cart_management"},{"name":"resultFormat","value":"allure2"}],"parameters":[],"links":[],"hidden":false,"retry":false,"extra":{"severity":"normal","retries":[],"categories":[{"name":"Test defects","matchedStatuses":[],"flaky":false}],"tags":["ui"]},"source":"89134acae43ad49c.json","parameterValues":[]}