{"uid":"90b4156cf787c295","name":"빈 계정 정보로 로그인 실패 테스트","fullName":"src.tests.ui.test_ui_login.TestLogin#test_login_with_empty_credentials","historyId":"c0b6c4c52adebffb925d6b84b9b80bd4","time":{"start":1771878057794,"stop":1771878061141,"duration":3347},"description":"\n    **목적:** 아이디나 비밀번호를 입력하지 않고 로그인 시도 시 적절한 처리가 되는지 확인\n\n    **테스트 단계:**\n    1. 마켓컬리 메인 페이지 접속\n    2. 로그인 버튼 클릭\n    3. 아이디와 비밀번호를 입력하지 않음\n    4. 로그인 버튼 클릭\n    5. 에러 메시지 또는 유효성 검사 메시지 표시 확인\n    ","descriptionHtml":"<pre><code>**목적:** 아이디나 비밀번호를 입력하지 않고 로그인 시도 시 적절한 처리가 되는지 확인\n\n**테스트 단계:**\n1. 마켓컬리 메인 페이지 접속\n2. 로그인 버튼 클릭\n3. 아이디와 비밀번호를 입력하지 않음\n4. 로그인 버튼 클릭\n5. 에러 메시지 또는 유효성 검사 메시지 표시 확인\n</code></pre>\n","status":"broken","statusMessage":"selenium.common.exceptions.ElementClickInterceptedException: Message: element click intercepted: Element <button class=\"css-4ojrwk e4nu7ef3\" type=\"submit\" height=\"54\" radius=\"6\">...</button> is not clickable at point (525, 419). Other element would receive the click: <input data-testid=\"input-box\" name=\"password\" placeholder=\"비밀번호를 입력해주세요\" type=\"password\" autocomplete=\"off\" class=\"css-u52dqk e1uzxhvi2\" value=\"\">\n  (Session info: chrome=144.0.7559.109)\nStacktrace:\n#0 0x56230e51ca4a <unknown>\n#1 0x56230df356a2 <unknown>\n#2 0x56230df91d6b <unknown>\n#3 0x56230df8f9a2 <unknown>\n#4 0x56230df8cee9 <unknown>\n#5 0x56230df8bfe7 <unknown>\n#6 0x56230df7e992 <unknown>\n#7 0x56230df7e2d7 <unknown>\n#8 0x56230dfd37f0 <unknown>\n#9 0x56230df7c8b2 <unknown>\n#10 0x56230df7d6a1 <unknown>\n#11 0x56230e4e28a9 <unknown>\n#12 0x56230e4e57b1 <unknown>\n#13 0x56230e4ceea9 <unknown>\n#14 0x56230e4e636e <unknown>\n#15 0x56230e4b5410 <unknown>\n#16 0x56230e50a0c8 <unknown>\n#17 0x56230e50a29b <unknown>\n#18 0x56230e51bdb8 <unknown>\n#19 0x7f437749caa4 <unknown>\n#20 0x7f4377529c6c <unknown>","statusTrace":"src/tests/ui/test_ui_login.py:75: in test_login_with_empty_credentials\n    kurly_login_page.click_login_button()\nsrc/pages/kurly_login_page.py:67: in click_login_button\n    self.click(self.SUBMIT_BUTTON)\nsrc/pages/base_page.py:273: in click\n    element.click()\nvenv/lib/python3.11/site-packages/selenium/webdriver/remote/webelement.py:94: in click\n    self._execute(Command.CLICK_ELEMENT)\nvenv/lib/python3.11/site-packages/selenium/webdriver/remote/webelement.py:402: in _execute\n    return self._parent.execute(command, params)\nvenv/lib/python3.11/site-packages/selenium/webdriver/remote/webdriver.py:384: in execute\n    self.error_handler.check_response(response)\nvenv/lib/python3.11/site-packages/selenium/webdriver/remote/errorhandler.py:232: in check_response\n    raise exception_class(message, screen, stacktrace)\nE   selenium.common.exceptions.ElementClickInterceptedException: Message: element click intercepted: Element <button class=\"css-4ojrwk e4nu7ef3\" type=\"submit\" height=\"54\" radius=\"6\">...</button> is not clickable at point (525, 419). Other element would receive the click: <input data-testid=\"input-box\" name=\"password\" placeholder=\"비밀번호를 입력해주세요\" type=\"password\" autocomplete=\"off\" class=\"css-u52dqk e1uzxhvi2\" value=\"\">\nE     (Session info: chrome=144.0.7559.109)\nE   Stacktrace:\nE   #0 0x56230e51ca4a <unknown>\nE   #1 0x56230df356a2 <unknown>\nE   #2 0x56230df91d6b <unknown>\nE   #3 0x56230df8f9a2 <unknown>\nE   #4 0x56230df8cee9 <unknown>\nE   #5 0x56230df8bfe7 <unknown>\nE   #6 0x56230df7e992 <unknown>\nE   #7 0x56230df7e2d7 <unknown>\nE   #8 0x56230dfd37f0 <unknown>\nE   #9 0x56230df7c8b2 <unknown>\nE   #10 0x56230df7d6a1 <unknown>\nE   #11 0x56230e4e28a9 <unknown>\nE   #12 0x56230e4e57b1 <unknown>\nE   #13 0x56230e4ceea9 <unknown>\nE   #14 0x56230e4e636e <unknown>\nE   #15 0x56230e4b5410 <unknown>\nE   #16 0x56230e50a0c8 <unknown>\nE   #17 0x56230e50a29b <unknown>\nE   #18 0x56230e51bdb8 <unknown>\nE   #19 0x7f437749caa4 <unknown>\nE   #20 0x7f4377529c6c <unknown>","flaky":false,"newFailed":false,"newBroken":false,"newPassed":false,"retriesCount":0,"retriesStatusChange":false,"beforeStages":[{"name":"driver","time":{"start":1771878052256,"stop":1771878052839,"duration":583},"status":"passed","steps":[],"attachments":[],"parameters":[],"shouldDisplayMessage":false,"stepsCount":0,"attachmentsCount":0,"hasContent":false,"attachmentStep":false},{"name":"kurly_login_page","time":{"start":1771878057794,"stop":1771878057794,"duration":0},"status":"passed","steps":[],"attachments":[],"parameters":[],"shouldDisplayMessage":false,"stepsCount":0,"attachmentsCount":0,"hasContent":false,"attachmentStep":false}],"testStage":{"description":"\n    **목적:** 아이디나 비밀번호를 입력하지 않고 로그인 시도 시 적절한 처리가 되는지 확인\n\n    **테스트 단계:**\n    1. 마켓컬리 메인 페이지 접속\n    2. 로그인 버튼 클릭\n    3. 아이디와 비밀번호를 입력하지 않음\n    4. 로그인 버튼 클릭\n    5. 에러 메시지 또는 유효성 검사 메시지 표시 확인\n    ","status":"broken","statusMessage":"selenium.common.exceptions.ElementClickInterceptedException: Message: element click intercepted: Element <button class=\"css-4ojrwk e4nu7ef3\" type=\"submit\" height=\"54\" radius=\"6\">...</button> is not clickable at point (525, 419). Other element would receive the click: <input data-testid=\"input-box\" name=\"password\" placeholder=\"비밀번호를 입력해주세요\" type=\"password\" autocomplete=\"off\" class=\"css-u52dqk e1uzxhvi2\" value=\"\">\n  (Session info: chrome=144.0.7559.109)\nStacktrace:\n#0 0x56230e51ca4a <unknown>\n#1 0x56230df356a2 <unknown>\n#2 0x56230df91d6b <unknown>\n#3 0x56230df8f9a2 <unknown>\n#4 0x56230df8cee9 <unknown>\n#5 0x56230df8bfe7 <unknown>\n#6 0x56230df7e992 <unknown>\n#7 0x56230df7e2d7 <unknown>\n#8 0x56230dfd37f0 <unknown>\n#9 0x56230df7c8b2 <unknown>\n#10 0x56230df7d6a1 <unknown>\n#11 0x56230e4e28a9 <unknown>\n#12 0x56230e4e57b1 <unknown>\n#13 0x56230e4ceea9 <unknown>\n#14 0x56230e4e636e <unknown>\n#15 0x56230e4b5410 <unknown>\n#16 0x56230e50a0c8 <unknown>\n#17 0x56230e50a29b <unknown>\n#18 0x56230e51bdb8 <unknown>\n#19 0x7f437749caa4 <unknown>\n#20 0x7f4377529c6c <unknown>","statusTrace":"src/tests/ui/test_ui_login.py:75: in test_login_with_empty_credentials\n    kurly_login_page.click_login_button()\nsrc/pages/kurly_login_page.py:67: in click_login_button\n    self.click(self.SUBMIT_BUTTON)\nsrc/pages/base_page.py:273: in click\n    element.click()\nvenv/lib/python3.11/site-packages/selenium/webdriver/remote/webelement.py:94: in click\n    self._execute(Command.CLICK_ELEMENT)\nvenv/lib/python3.11/site-packages/selenium/webdriver/remote/webelement.py:402: in _execute\n    return self._parent.execute(command, params)\nvenv/lib/python3.11/site-packages/selenium/webdriver/remote/webdriver.py:384: in execute\n    self.error_handler.check_response(response)\nvenv/lib/python3.11/site-packages/selenium/webdriver/remote/errorhandler.py:232: in check_response\n    raise exception_class(message, screen, stacktrace)\nE   selenium.common.exceptions.ElementClickInterceptedException: Message: element click intercepted: Element <button class=\"css-4ojrwk e4nu7ef3\" type=\"submit\" height=\"54\" radius=\"6\">...</button> is not clickable at point (525, 419). Other element would receive the click: <input data-testid=\"input-box\" name=\"password\" placeholder=\"비밀번호를 입력해주세요\" type=\"password\" autocomplete=\"off\" class=\"css-u52dqk e1uzxhvi2\" value=\"\">\nE     (Session info: chrome=144.0.7559.109)\nE   Stacktrace:\nE   #0 0x56230e51ca4a <unknown>\nE   #1 0x56230df356a2 <unknown>\nE   #2 0x56230df91d6b <unknown>\nE   #3 0x56230df8f9a2 <unknown>\nE   #4 0x56230df8cee9 <unknown>\nE   #5 0x56230df8bfe7 <unknown>\nE   #6 0x56230df7e992 <unknown>\nE   #7 0x56230df7e2d7 <unknown>\nE   #8 0x56230dfd37f0 <unknown>\nE   #9 0x56230df7c8b2 <unknown>\nE   #10 0x56230df7d6a1 <unknown>\nE   #11 0x56230e4e28a9 <unknown>\nE   #12 0x56230e4e57b1 <unknown>\nE   #13 0x56230e4ceea9 <unknown>\nE   #14 0x56230e4e636e <unknown>\nE   #15 0x56230e4b5410 <unknown>\nE   #16 0x56230e50a0c8 <unknown>\nE   #17 0x56230e50a29b <unknown>\nE   #18 0x56230e51bdb8 <unknown>\nE   #19 0x7f437749caa4 <unknown>\nE   #20 0x7f4377529c6c <unknown>","steps":[{"name":"빈 계정 정보로 로그인 시도","time":{"start":1771878059470,"stop":1771878061140,"duration":1670},"status":"broken","statusMessage":"selenium.common.exceptions.ElementClickInterceptedException: Message: element click intercepted: Element <button class=\"css-4ojrwk e4nu7ef3\" type=\"submit\" height=\"54\" radius=\"6\">...</button> is not clickable at point (525, 419). Other element would receive the click: <input data-testid=\"input-box\" name=\"password\" placeholder=\"비밀번호를 입력해주세요\" type=\"password\" autocomplete=\"off\" class=\"css-u52dqk e1uzxhvi2\" value=\"\">\n  (Session info: chrome=144.0.7559.109)\nStacktrace:\n#0 0x56230e51ca4a <unknown>\n#1 0x56230df356a2 <unknown>\n#2 0x56230df91d6b <unknown>\n#3 0x56230df8f9a2 <unknown>\n#4 0x56230df8cee9 <unknown>\n#5 0x56230df8bfe7 <unknown>\n#6 0x56230df7e992 <unknown>\n#7 0x56230df7e2d7 <unknown>\n#8 0x56230dfd37f0 <unknown>\n#9 0x56230df7c8b2 <unknown>\n#10 0x56230df7d6a1 <unknown>\n#11 0x56230e4e28a9 <unknown>\n#12 0x56230e4e57b1 <unknown>\n#13 0x56230e4ceea9 <unknown>\n#14 0x56230e4e636e <unknown>\n#15 0x56230e4b5410 <unknown>\n#16 0x56230e50a0c8 <unknown>\n#17 0x56230e50a29b <unknown>\n#18 0x56230e51bdb8 <unknown>\n#19 0x7f437749caa4 <unknown>\n#20 0x7f4377529c6c <unknown>\n\n","statusTrace":"  File \"/home/runner/work/QATEST/QATEST/src/tests/ui/test_ui_login.py\", line 75, in test_login_with_empty_credentials\n    kurly_login_page.click_login_button()\n  File \"/home/runner/work/QATEST/QATEST/src/pages/kurly_login_page.py\", line 67, in click_login_button\n    self.click(self.SUBMIT_BUTTON)\n  File \"/home/runner/work/QATEST/QATEST/src/pages/base_page.py\", line 273, in click\n    element.click()\n  File \"/home/runner/work/QATEST/QATEST/venv/lib/python3.11/site-packages/selenium/webdriver/remote/webelement.py\", line 94, in click\n    self._execute(Command.CLICK_ELEMENT)\n  File \"/home/runner/work/QATEST/QATEST/venv/lib/python3.11/site-packages/selenium/webdriver/remote/webelement.py\", line 402, in _execute\n    return self._parent.execute(command, params)\n           ^^^^^^^^^^^^^^^^^^^^^^^^^^^^^^^^^^^^^\n  File \"/home/runner/work/QATEST/QATEST/venv/lib/python3.11/site-packages/selenium/webdriver/remote/webdriver.py\", line 384, in execute\n    self.error_handler.check_response(response)\n  File \"/home/runner/work/QATEST/QATEST/venv/lib/python3.11/site-packages/selenium/webdriver/remote/errorhandler.py\", line 232, in check_response\n    raise exception_class(message, screen, stacktrace)\n","steps":[],"attachments":[],"parameters":[],"shouldDisplayMessage":true,"stepsCount":0,"attachmentsCount":0,"hasContent":true,"attachmentStep":false}],"attachments":[{"uid":"8250fe0851de7793","name":"log","source":"8250fe0851de7793.txt","type":"text/plain","size":11570},{"uid":"ab33b955fa78f97d","name":"stderr","source":"ab33b955fa78f97d.txt","type":"text/plain","size":198}],"parameters":[],"shouldDisplayMessage":true,"stepsCount":1,"attachmentsCount":2,"hasContent":true,"attachmentStep":false},"afterStages":[{"name":"driver::0","time":{"start":1771878063183,"stop":1771878063258,"duration":75},"status":"passed","steps":[],"attachments":[],"parameters":[],"shouldDisplayMessage":false,"stepsCount":0,"attachmentsCount":0,"hasContent":false,"attachmentStep":false}],"labels":[{"name":"story","value":"로그인"},{"name":"feature","value":"사용자 인증"},{"name":"severity","value":"critical"},{"name":"tag","value":"ui"},{"name":"parentSuite","value":"src.tests.ui"},{"name":"suite","value":"test_ui_login"},{"name":"subSuite","value":"TestLogin"},{"name":"host","value":"runnervmwffz4"},{"name":"thread","value":"2719-MainThread"},{"name":"framework","value":"pytest"},{"name":"language","value":"cpython3"},{"name":"package","value":"src.tests.ui.test_ui_login"},{"name":"resultFormat","value":"allure2"}],"parameters":[],"links":[],"hidden":false,"retry":false,"extra":{"severity":"critical","retries":[],"categories":[{"name":"Test defects","matchedStatuses":[],"flaky":false}],"tags":["ui"]},"source":"90b4156cf787c295.json","parameterValues":[]}