{"uid":"968b9a2bed3978b4","name":"장바구니에서 상품 삭제","fullName":"src.tests.ui.test_cart_management.TestCartManagement#test_remove_item_from_cart","historyId":"b65bd31b2e0db8f54d0c135be914a15a","time":{"start":1770322463366,"stop":1770322465737,"duration":2371},"description":"장바구니에 담긴 상품을 삭제하고 개수가 줄어드는지 확인","descriptionHtml":"<p>장바구니에 담긴 상품을 삭제하고 개수가 줄어드는지 확인</p>\n","status":"broken","statusMessage":"selenium.common.exceptions.StaleElementReferenceException: Message: stale element reference: stale element not found in the current frame\n  (Session info: chrome=144.0.7559.109); For documentation on this error, please visit: https://www.selenium.dev/documentation/webdriver/troubleshooting/errors#stale-element-reference-exception\nStacktrace:\n#0 0x55b5834b5a4a <unknown>\n#1 0x55b582ece6a2 <unknown>\n#2 0x55b582ed57cb <unknown>\n#3 0x55b582ed8339 <unknown>\n#4 0x55b582f6d889 <unknown>\n#5 0x55b582f6c7f0 <unknown>\n#6 0x55b582f158b2 <unknown>\n#7 0x55b582f166a1 <unknown>\n#8 0x55b58347b8a9 <unknown>\n#9 0x55b58347e7b1 <unknown>\n#10 0x55b583467ea9 <unknown>\n#11 0x55b58347f36e <unknown>\n#12 0x55b58344e410 <unknown>\n#13 0x55b5834a30c8 <unknown>\n#14 0x55b5834a329b <unknown>\n#15 0x55b5834b4db8 <unknown>\n#16 0x7f28e289caa4 <unknown>\n#17 0x7f28e2929c6c <unknown>","statusTrace":"src/tests/ui/test_cart_management.py:69: in test_remove_item_from_cart\n    kurly_search_page.click_nth_add_button(n=1)\nsrc/pages/kurly_search_page.py:176: in click_nth_add_button\n    self.click(nth_add_button)\nsrc/pages/base_page.py:272: in click\n    element = self.wait_clickable(locator, timeout)\nsrc/pages/base_page.py:127: in wait_clickable\n    return wait.until(EC.element_to_be_clickable(locator))\nvenv/lib/python3.11/site-packages/selenium/webdriver/support/wait.py:96: in until\n    value = method(self._driver)\nvenv/lib/python3.11/site-packages/selenium/webdriver/support/expected_conditions.py:364: in _predicate\n    element = visibility_of(target)(driver)\nvenv/lib/python3.11/site-packages/selenium/webdriver/support/expected_conditions.py:173: in _predicate\n    return _element_if_visible(element)\nvenv/lib/python3.11/site-packages/selenium/webdriver/support/expected_conditions.py:179: in _element_if_visible\n    return element if element.is_displayed() == visibility else False\nvenv/lib/python3.11/site-packages/selenium/webdriver/remote/webelement.py:259: in is_displayed\n    return self.parent.execute_script(f\"/* isDisplayed */return ({isDisplayed_js}).apply(null, arguments);\", self)\nvenv/lib/python3.11/site-packages/selenium/webdriver/remote/webdriver.py:444: in execute_script\n    return self.execute(command, {\"script\": script, \"args\": converted_args})[\"value\"]\nvenv/lib/python3.11/site-packages/selenium/webdriver/remote/webdriver.py:384: in execute\n    self.error_handler.check_response(response)\nvenv/lib/python3.11/site-packages/selenium/webdriver/remote/errorhandler.py:232: in check_response\n    raise exception_class(message, screen, stacktrace)\nE   selenium.common.exceptions.StaleElementReferenceException: Message: stale element reference: stale element not found in the current frame\nE     (Session info: chrome=144.0.7559.109); For documentation on this error, please visit: https://www.selenium.dev/documentation/webdriver/troubleshooting/errors#stale-element-reference-exception\nE   Stacktrace:\nE   #0 0x55b5834b5a4a <unknown>\nE   #1 0x55b582ece6a2 <unknown>\nE   #2 0x55b582ed57cb <unknown>\nE   #3 0x55b582ed8339 <unknown>\nE   #4 0x55b582f6d889 <unknown>\nE   #5 0x55b582f6c7f0 <unknown>\nE   #6 0x55b582f158b2 <unknown>\nE   #7 0x55b582f166a1 <unknown>\nE   #8 0x55b58347b8a9 <unknown>\nE   #9 0x55b58347e7b1 <unknown>\nE   #10 0x55b583467ea9 <unknown>\nE   #11 0x55b58347f36e <unknown>\nE   #12 0x55b58344e410 <unknown>\nE   #13 0x55b5834a30c8 <unknown>\nE   #14 0x55b5834a329b <unknown>\nE   #15 0x55b5834b4db8 <unknown>\nE   #16 0x7f28e289caa4 <unknown>\nE   #17 0x7f28e2929c6c <unknown>","flaky":false,"newFailed":false,"newBroken":false,"newPassed":false,"retriesCount":0,"retriesStatusChange":false,"beforeStages":[{"name":"driver","time":{"start":1770322453928,"stop":1770322454719,"duration":791},"status":"passed","steps":[],"attachments":[],"parameters":[],"shouldDisplayMessage":false,"stepsCount":0,"attachmentsCount":0,"hasContent":false,"attachmentStep":false},{"name":"kurly_search_page","time":{"start":1770322463366,"stop":1770322463366,"duration":0},"status":"passed","steps":[],"attachments":[],"parameters":[],"shouldDisplayMessage":false,"stepsCount":0,"attachmentsCount":0,"hasContent":false,"attachmentStep":false},{"name":"kurly_main_page","time":{"start":1770322463366,"stop":1770322463366,"duration":0},"status":"passed","steps":[],"attachments":[],"parameters":[],"shouldDisplayMessage":false,"stepsCount":0,"attachmentsCount":0,"hasContent":false,"attachmentStep":false},{"name":"kurly_cart_page","time":{"start":1770322463366,"stop":1770322463366,"duration":0},"status":"passed","steps":[],"attachments":[],"parameters":[],"shouldDisplayMessage":false,"stepsCount":0,"attachmentsCount":0,"hasContent":false,"attachmentStep":false}],"testStage":{"description":"장바구니에 담긴 상품을 삭제하고 개수가 줄어드는지 확인","status":"broken","statusMessage":"selenium.common.exceptions.StaleElementReferenceException: Message: stale element reference: stale element not found in the current frame\n  (Session info: chrome=144.0.7559.109); For documentation on this error, please visit: https://www.selenium.dev/documentation/webdriver/troubleshooting/errors#stale-element-reference-exception\nStacktrace:\n#0 0x55b5834b5a4a <unknown>\n#1 0x55b582ece6a2 <unknown>\n#2 0x55b582ed57cb <unknown>\n#3 0x55b582ed8339 <unknown>\n#4 0x55b582f6d889 <unknown>\n#5 0x55b582f6c7f0 <unknown>\n#6 0x55b582f158b2 <unknown>\n#7 0x55b582f166a1 <unknown>\n#8 0x55b58347b8a9 <unknown>\n#9 0x55b58347e7b1 <unknown>\n#10 0x55b583467ea9 <unknown>\n#11 0x55b58347f36e <unknown>\n#12 0x55b58344e410 <unknown>\n#13 0x55b5834a30c8 <unknown>\n#14 0x55b5834a329b <unknown>\n#15 0x55b5834b4db8 <unknown>\n#16 0x7f28e289caa4 <unknown>\n#17 0x7f28e2929c6c <unknown>","statusTrace":"src/tests/ui/test_cart_management.py:69: in test_remove_item_from_cart\n    kurly_search_page.click_nth_add_button(n=1)\nsrc/pages/kurly_search_page.py:176: in click_nth_add_button\n    self.click(nth_add_button)\nsrc/pages/base_page.py:272: in click\n    element = self.wait_clickable(locator, timeout)\nsrc/pages/base_page.py:127: in wait_clickable\n    return wait.until(EC.element_to_be_clickable(locator))\nvenv/lib/python3.11/site-packages/selenium/webdriver/support/wait.py:96: in until\n    value = method(self._driver)\nvenv/lib/python3.11/site-packages/selenium/webdriver/support/expected_conditions.py:364: in _predicate\n    element = visibility_of(target)(driver)\nvenv/lib/python3.11/site-packages/selenium/webdriver/support/expected_conditions.py:173: in _predicate\n    return _element_if_visible(element)\nvenv/lib/python3.11/site-packages/selenium/webdriver/support/expected_conditions.py:179: in _element_if_visible\n    return element if element.is_displayed() == visibility else False\nvenv/lib/python3.11/site-packages/selenium/webdriver/remote/webelement.py:259: in is_displayed\n    return self.parent.execute_script(f\"/* isDisplayed */return ({isDisplayed_js}).apply(null, arguments);\", self)\nvenv/lib/python3.11/site-packages/selenium/webdriver/remote/webdriver.py:444: in execute_script\n    return self.execute(command, {\"script\": script, \"args\": converted_args})[\"value\"]\nvenv/lib/python3.11/site-packages/selenium/webdriver/remote/webdriver.py:384: in execute\n    self.error_handler.check_response(response)\nvenv/lib/python3.11/site-packages/selenium/webdriver/remote/errorhandler.py:232: in check_response\n    raise exception_class(message, screen, stacktrace)\nE   selenium.common.exceptions.StaleElementReferenceException: Message: stale element reference: stale element not found in the current frame\nE     (Session info: chrome=144.0.7559.109); For documentation on this error, please visit: https://www.selenium.dev/documentation/webdriver/troubleshooting/errors#stale-element-reference-exception\nE   Stacktrace:\nE   #0 0x55b5834b5a4a <unknown>\nE   #1 0x55b582ece6a2 <unknown>\nE   #2 0x55b582ed57cb <unknown>\nE   #3 0x55b582ed8339 <unknown>\nE   #4 0x55b582f6d889 <unknown>\nE   #5 0x55b582f6c7f0 <unknown>\nE   #6 0x55b582f158b2 <unknown>\nE   #7 0x55b582f166a1 <unknown>\nE   #8 0x55b58347b8a9 <unknown>\nE   #9 0x55b58347e7b1 <unknown>\nE   #10 0x55b583467ea9 <unknown>\nE   #11 0x55b58347f36e <unknown>\nE   #12 0x55b58344e410 <unknown>\nE   #13 0x55b5834a30c8 <unknown>\nE   #14 0x55b5834a329b <unknown>\nE   #15 0x55b5834b4db8 <unknown>\nE   #16 0x7f28e289caa4 <unknown>\nE   #17 0x7f28e2929c6c <unknown>","steps":[{"name":"메인 페이지 접속 및 검색","time":{"start":1770322463366,"stop":1770322464929,"duration":1563},"status":"passed","steps":[],"attachments":[],"parameters":[],"shouldDisplayMessage":false,"stepsCount":0,"attachmentsCount":0,"hasContent":false,"attachmentStep":false},{"name":"상품을 장바구니에 담기","time":{"start":1770322464929,"stop":1770322465735,"duration":806},"status":"broken","statusMessage":"selenium.common.exceptions.StaleElementReferenceException: Message: stale element reference: stale element not found in the current frame\n  (Session info: chrome=144.0.7559.109); For documentation on this error, please visit: https://www.selenium.dev/documentation/webdriver/troubleshooting/errors#stale-element-reference-exception\nStacktrace:\n#0 0x55b5834b5a4a <unknown>\n#1 0x55b582ece6a2 <unknown>\n#2 0x55b582ed57cb <unknown>\n#3 0x55b582ed8339 <unknown>\n#4 0x55b582f6d889 <unknown>\n#5 0x55b582f6c7f0 <unknown>\n#6 0x55b582f158b2 <unknown>\n#7 0x55b582f166a1 <unknown>\n#8 0x55b58347b8a9 <unknown>\n#9 0x55b58347e7b1 <unknown>\n#10 0x55b583467ea9 <unknown>\n#11 0x55b58347f36e <unknown>\n#12 0x55b58344e410 <unknown>\n#13 0x55b5834a30c8 <unknown>\n#14 0x55b5834a329b <unknown>\n#15 0x55b5834b4db8 <unknown>\n#16 0x7f28e289caa4 <unknown>\n#17 0x7f28e2929c6c <unknown>\n\n","statusTrace":"  File \"/home/runner/work/QATEST/QATEST/src/tests/ui/test_cart_management.py\", line 69, in test_remove_item_from_cart\n    kurly_search_page.click_nth_add_button(n=1)\n  File \"/home/runner/work/QATEST/QATEST/src/pages/kurly_search_page.py\", line 176, in click_nth_add_button\n    self.click(nth_add_button)\n  File \"/home/runner/work/QATEST/QATEST/src/pages/base_page.py\", line 272, in click\n    element = self.wait_clickable(locator, timeout)\n              ^^^^^^^^^^^^^^^^^^^^^^^^^^^^^^^^^^^^^\n  File \"/home/runner/work/QATEST/QATEST/src/pages/base_page.py\", line 127, in wait_clickable\n    return wait.until(EC.element_to_be_clickable(locator))\n           ^^^^^^^^^^^^^^^^^^^^^^^^^^^^^^^^^^^^^^^^^^^^^^^\n  File \"/home/runner/work/QATEST/QATEST/venv/lib/python3.11/site-packages/selenium/webdriver/support/wait.py\", line 96, in until\n    value = method(self._driver)\n            ^^^^^^^^^^^^^^^^^^^^\n  File \"/home/runner/work/QATEST/QATEST/venv/lib/python3.11/site-packages/selenium/webdriver/support/expected_conditions.py\", line 364, in _predicate\n    element = visibility_of(target)(driver)\n              ^^^^^^^^^^^^^^^^^^^^^^^^^^^^^\n  File \"/home/runner/work/QATEST/QATEST/venv/lib/python3.11/site-packages/selenium/webdriver/support/expected_conditions.py\", line 173, in _predicate\n    return _element_if_visible(element)\n           ^^^^^^^^^^^^^^^^^^^^^^^^^^^^\n  File \"/home/runner/work/QATEST/QATEST/venv/lib/python3.11/site-packages/selenium/webdriver/support/expected_conditions.py\", line 179, in _element_if_visible\n    return element if element.is_displayed() == visibility else False\n                      ^^^^^^^^^^^^^^^^^^^^^^\n  File \"/home/runner/work/QATEST/QATEST/venv/lib/python3.11/site-packages/selenium/webdriver/remote/webelement.py\", line 259, in is_displayed\n    return self.parent.execute_script(f\"/* isDisplayed */return ({isDisplayed_js}).apply(null, arguments);\", self)\n           ^^^^^^^^^^^^^^^^^^^^^^^^^^^^^^^^^^^^^^^^^^^^^^^^^^^^^^^^^^^^^^^^^^^^^^^^^^^^^^^^^^^^^^^^^^^^^^^^^^^^^^^\n  File \"/home/runner/work/QATEST/QATEST/venv/lib/python3.11/site-packages/selenium/webdriver/remote/webdriver.py\", line 444, in execute_script\n    return self.execute(command, {\"script\": script, \"args\": converted_args})[\"value\"]\n           ^^^^^^^^^^^^^^^^^^^^^^^^^^^^^^^^^^^^^^^^^^^^^^^^^^^^^^^^^^^^^^^^^\n  File \"/home/runner/work/QATEST/QATEST/venv/lib/python3.11/site-packages/selenium/webdriver/remote/webdriver.py\", line 384, in execute\n    self.error_handler.check_response(response)\n  File \"/home/runner/work/QATEST/QATEST/venv/lib/python3.11/site-packages/selenium/webdriver/remote/errorhandler.py\", line 232, in check_response\n    raise exception_class(message, screen, stacktrace)\n","steps":[],"attachments":[],"parameters":[],"shouldDisplayMessage":true,"stepsCount":0,"attachmentsCount":0,"hasContent":true,"attachmentStep":false}],"attachments":[{"uid":"5820bbeaeb67178e","name":"log","source":"5820bbeaeb67178e.txt","type":"text/plain","size":13702},{"uid":"bf586fa6d397b74e","name":"stderr","source":"bf586fa6d397b74e.txt","type":"text/plain","size":198}],"parameters":[],"shouldDisplayMessage":true,"stepsCount":2,"attachmentsCount":2,"hasContent":true,"attachmentStep":false},"afterStages":[{"name":"driver::0","time":{"start":1770322465808,"stop":1770322465888,"duration":80},"status":"passed","steps":[],"attachments":[],"parameters":[],"shouldDisplayMessage":false,"stepsCount":0,"attachmentsCount":0,"hasContent":false,"attachmentStep":false}],"labels":[{"name":"story","value":"장바구니 상품 관리"},{"name":"feature","value":"장바구니 관리"},{"name":"tag","value":"ui"},{"name":"parentSuite","value":"src.tests.ui"},{"name":"suite","value":"test_cart_management"},{"name":"subSuite","value":"TestCartManagement"},{"name":"host","value":"runnervmwffz4"},{"name":"thread","value":"2661-MainThread"},{"name":"framework","value":"pytest"},{"name":"language","value":"cpython3"},{"name":"package","value":"src.tests.ui.test_cart_management"},{"name":"resultFormat","value":"allure2"}],"parameters":[],"links":[],"hidden":false,"retry":false,"extra":{"severity":"normal","retries":[],"categories":[{"name":"Test defects","matchedStatuses":[],"flaky":false}],"tags":["ui"]},"source":"968b9a2bed3978b4.json","parameterValues":[]}