{"uid":"9aa626c66535b636","name":"로그인 후 상품 추가 및 장바구니 확인","fullName":"src.tests.ui.test_ui_product_add_flow.TestProductAddFlow#test_full_product_add_flow","historyId":"dacb88d1bc79faddcdd33669bb6555cf","time":{"start":1767115631834,"stop":1767115635399,"duration":3565},"description":"\n    **목적:** 로그인부터 장바구니 담기까지 전체 플로우가 정상 동작하는지 확인\n\n    **테스트 단계:**\n    1. 마켓컬리 메인 페이지 접속\n    2. 로그인\n    3. 상품 검색 ('과자')\n    4. 상품 선택 및 장바구니 추가\n    5. 수량 조절\n    6. 장바구니 담기\n    7. 장바구니 페이지로 이동\n\n    **예상 결과:** 전체 플로우가 성공적으로 완료됨\n    ","descriptionHtml":"<pre><code>**목적:** 로그인부터 장바구니 담기까지 전체 플로우가 정상 동작하는지 확인\n\n**테스트 단계:**\n1. 마켓컬리 메인 페이지 접속\n2. 로그인\n3. 상품 검색 ('과자')\n4. 상품 선택 및 장바구니 추가\n5. 수량 조절\n6. 장바구니 담기\n7. 장바구니 페이지로 이동\n\n**예상 결과:** 전체 플로우가 성공적으로 완료됨\n</code></pre>\n","status":"broken","statusMessage":"selenium.common.exceptions.ElementClickInterceptedException: Message: element click intercepted: Element <button class=\"css-4ojrwk e4nu7ef3\" type=\"submit\" height=\"54\" radius=\"6\">...</button> is not clickable at point (525, 419). Other element would receive the click: <input data-testid=\"input-box\" name=\"password\" placeholder=\"비밀번호를 입력해주세요\" type=\"password\" autocomplete=\"off\" class=\"css-u52dqk e1uzxhvi2\" value=\"testpass\">\n  (Session info: chrome=143.0.7499.109)\nStacktrace:\n#0 0x561064af461a <unknown>\n#1 0x56106457120b <unknown>\n#2 0x5610645c9694 <unknown>\n#3 0x5610645c7558 <unknown>\n#4 0x5610645c4c7a <unknown>\n#5 0x5610645c3db9 <unknown>\n#6 0x5610645b70c2 <unknown>\n#7 0x5610645b6a67 <unknown>\n#8 0x56106460e20e <unknown>\n#9 0x5610645b5232 <unknown>\n#10 0x5610645b5ee1 <unknown>\n#11 0x561064abd3f9 <unknown>\n#12 0x561064ac034d <unknown>\n#13 0x561064aa6122 <unknown>\n#14 0x561064ac0f2b <unknown>\n#15 0x561064a8cc30 <unknown>\n#16 0x561064ae1d78 <unknown>\n#17 0x561064ae1f4c <unknown>\n#18 0x561064af3973 <unknown>\n#19 0x7f6f4569caa4 <unknown>\n#20 0x7f6f45729c6c <unknown>","statusTrace":"src/tests/ui/test_ui_product_add_flow.py:39: in test_full_product_add_flow\n    kurly_login_page.click_login_button()\nsrc/pages/kurly_login_page.py:63: in click_login_button\n    self.click(self.SUBMIT_BUTTON)\nsrc/pages/base_page.py:273: in click\n    element.click()\nvenv/lib/python3.11/site-packages/selenium/webdriver/remote/webelement.py:94: in click\n    self._execute(Command.CLICK_ELEMENT)\nvenv/lib/python3.11/site-packages/selenium/webdriver/remote/webelement.py:402: in _execute\n    return self._parent.execute(command, params)\nvenv/lib/python3.11/site-packages/selenium/webdriver/remote/webdriver.py:384: in execute\n    self.error_handler.check_response(response)\nvenv/lib/python3.11/site-packages/selenium/webdriver/remote/errorhandler.py:232: in check_response\n    raise exception_class(message, screen, stacktrace)\nE   selenium.common.exceptions.ElementClickInterceptedException: Message: element click intercepted: Element <button class=\"css-4ojrwk e4nu7ef3\" type=\"submit\" height=\"54\" radius=\"6\">...</button> is not clickable at point (525, 419). Other element would receive the click: <input data-testid=\"input-box\" name=\"password\" placeholder=\"비밀번호를 입력해주세요\" type=\"password\" autocomplete=\"off\" class=\"css-u52dqk e1uzxhvi2\" value=\"testpass\">\nE     (Session info: chrome=143.0.7499.109)\nE   Stacktrace:\nE   #0 0x561064af461a <unknown>\nE   #1 0x56106457120b <unknown>\nE   #2 0x5610645c9694 <unknown>\nE   #3 0x5610645c7558 <unknown>\nE   #4 0x5610645c4c7a <unknown>\nE   #5 0x5610645c3db9 <unknown>\nE   #6 0x5610645b70c2 <unknown>\nE   #7 0x5610645b6a67 <unknown>\nE   #8 0x56106460e20e <unknown>\nE   #9 0x5610645b5232 <unknown>\nE   #10 0x5610645b5ee1 <unknown>\nE   #11 0x561064abd3f9 <unknown>\nE   #12 0x561064ac034d <unknown>\nE   #13 0x561064aa6122 <unknown>\nE   #14 0x561064ac0f2b <unknown>\nE   #15 0x561064a8cc30 <unknown>\nE   #16 0x561064ae1d78 <unknown>\nE   #17 0x561064ae1f4c <unknown>\nE   #18 0x561064af3973 <unknown>\nE   #19 0x7f6f4569caa4 <unknown>\nE   #20 0x7f6f45729c6c <unknown>","flaky":false,"newFailed":false,"newBroken":false,"newPassed":false,"retriesCount":0,"retriesStatusChange":false,"beforeStages":[{"name":"driver","time":{"start":1767115631298,"stop":1767115631833,"duration":535},"status":"passed","steps":[],"attachments":[],"parameters":[],"shouldDisplayMessage":false,"stepsCount":0,"attachmentsCount":0,"hasContent":false,"attachmentStep":false},{"name":"kurly_cart_page","time":{"start":1767115631833,"stop":1767115631833,"duration":0},"status":"passed","steps":[],"attachments":[],"parameters":[],"shouldDisplayMessage":false,"stepsCount":0,"attachmentsCount":0,"hasContent":false,"attachmentStep":false},{"name":"test_credentials","time":{"start":1767115631833,"stop":1767115631833,"duration":0},"status":"passed","steps":[],"attachments":[],"parameters":[],"shouldDisplayMessage":false,"stepsCount":0,"attachmentsCount":0,"hasContent":false,"attachmentStep":false},{"name":"kurly_login_page","time":{"start":1767115631833,"stop":1767115631833,"duration":0},"status":"passed","steps":[],"attachments":[],"parameters":[],"shouldDisplayMessage":false,"stepsCount":0,"attachmentsCount":0,"hasContent":false,"attachmentStep":false},{"name":"kurly_product_page","time":{"start":1767115631833,"stop":1767115631833,"duration":0},"status":"passed","steps":[],"attachments":[],"parameters":[],"shouldDisplayMessage":false,"stepsCount":0,"attachmentsCount":0,"hasContent":false,"attachmentStep":false},{"name":"kurly_main_page","time":{"start":1767115631833,"stop":1767115631833,"duration":0},"status":"passed","steps":[],"attachments":[],"parameters":[],"shouldDisplayMessage":false,"stepsCount":0,"attachmentsCount":0,"hasContent":false,"attachmentStep":false}],"testStage":{"description":"\n    **목적:** 로그인부터 장바구니 담기까지 전체 플로우가 정상 동작하는지 확인\n\n    **테스트 단계:**\n    1. 마켓컬리 메인 페이지 접속\n    2. 로그인\n    3. 상품 검색 ('과자')\n    4. 상품 선택 및 장바구니 추가\n    5. 수량 조절\n    6. 장바구니 담기\n    7. 장바구니 페이지로 이동\n\n    **예상 결과:** 전체 플로우가 성공적으로 완료됨\n    ","status":"broken","statusMessage":"selenium.common.exceptions.ElementClickInterceptedException: Message: element click intercepted: Element <button class=\"css-4ojrwk e4nu7ef3\" type=\"submit\" height=\"54\" radius=\"6\">...</button> is not clickable at point (525, 419). Other element would receive the click: <input data-testid=\"input-box\" name=\"password\" placeholder=\"비밀번호를 입력해주세요\" type=\"password\" autocomplete=\"off\" class=\"css-u52dqk e1uzxhvi2\" value=\"testpass\">\n  (Session info: chrome=143.0.7499.109)\nStacktrace:\n#0 0x561064af461a <unknown>\n#1 0x56106457120b <unknown>\n#2 0x5610645c9694 <unknown>\n#3 0x5610645c7558 <unknown>\n#4 0x5610645c4c7a <unknown>\n#5 0x5610645c3db9 <unknown>\n#6 0x5610645b70c2 <unknown>\n#7 0x5610645b6a67 <unknown>\n#8 0x56106460e20e <unknown>\n#9 0x5610645b5232 <unknown>\n#10 0x5610645b5ee1 <unknown>\n#11 0x561064abd3f9 <unknown>\n#12 0x561064ac034d <unknown>\n#13 0x561064aa6122 <unknown>\n#14 0x561064ac0f2b <unknown>\n#15 0x561064a8cc30 <unknown>\n#16 0x561064ae1d78 <unknown>\n#17 0x561064ae1f4c <unknown>\n#18 0x561064af3973 <unknown>\n#19 0x7f6f4569caa4 <unknown>\n#20 0x7f6f45729c6c <unknown>","statusTrace":"src/tests/ui/test_ui_product_add_flow.py:39: in test_full_product_add_flow\n    kurly_login_page.click_login_button()\nsrc/pages/kurly_login_page.py:63: in click_login_button\n    self.click(self.SUBMIT_BUTTON)\nsrc/pages/base_page.py:273: in click\n    element.click()\nvenv/lib/python3.11/site-packages/selenium/webdriver/remote/webelement.py:94: in click\n    self._execute(Command.CLICK_ELEMENT)\nvenv/lib/python3.11/site-packages/selenium/webdriver/remote/webelement.py:402: in _execute\n    return self._parent.execute(command, params)\nvenv/lib/python3.11/site-packages/selenium/webdriver/remote/webdriver.py:384: in execute\n    self.error_handler.check_response(response)\nvenv/lib/python3.11/site-packages/selenium/webdriver/remote/errorhandler.py:232: in check_response\n    raise exception_class(message, screen, stacktrace)\nE   selenium.common.exceptions.ElementClickInterceptedException: Message: element click intercepted: Element <button class=\"css-4ojrwk e4nu7ef3\" type=\"submit\" height=\"54\" radius=\"6\">...</button> is not clickable at point (525, 419). Other element would receive the click: <input data-testid=\"input-box\" name=\"password\" placeholder=\"비밀번호를 입력해주세요\" type=\"password\" autocomplete=\"off\" class=\"css-u52dqk e1uzxhvi2\" value=\"testpass\">\nE     (Session info: chrome=143.0.7499.109)\nE   Stacktrace:\nE   #0 0x561064af461a <unknown>\nE   #1 0x56106457120b <unknown>\nE   #2 0x5610645c9694 <unknown>\nE   #3 0x5610645c7558 <unknown>\nE   #4 0x5610645c4c7a <unknown>\nE   #5 0x5610645c3db9 <unknown>\nE   #6 0x5610645b70c2 <unknown>\nE   #7 0x5610645b6a67 <unknown>\nE   #8 0x56106460e20e <unknown>\nE   #9 0x5610645b5232 <unknown>\nE   #10 0x5610645b5ee1 <unknown>\nE   #11 0x561064abd3f9 <unknown>\nE   #12 0x561064ac034d <unknown>\nE   #13 0x561064aa6122 <unknown>\nE   #14 0x561064ac0f2b <unknown>\nE   #15 0x561064a8cc30 <unknown>\nE   #16 0x561064ae1d78 <unknown>\nE   #17 0x561064ae1f4c <unknown>\nE   #18 0x561064af3973 <unknown>\nE   #19 0x7f6f4569caa4 <unknown>\nE   #20 0x7f6f45729c6c <unknown>","steps":[{"name":"로그인 프로세스","time":{"start":1767115631834,"stop":1767115635398,"duration":3564},"status":"broken","statusMessage":"selenium.common.exceptions.ElementClickInterceptedException: Message: element click intercepted: Element <button class=\"css-4ojrwk e4nu7ef3\" type=\"submit\" height=\"54\" radius=\"6\">...</button> is not clickable at point (525, 419). Other element would receive the click: <input data-testid=\"input-box\" name=\"password\" placeholder=\"비밀번호를 입력해주세요\" type=\"password\" autocomplete=\"off\" class=\"css-u52dqk e1uzxhvi2\" value=\"testpass\">\n  (Session info: chrome=143.0.7499.109)\nStacktrace:\n#0 0x561064af461a <unknown>\n#1 0x56106457120b <unknown>\n#2 0x5610645c9694 <unknown>\n#3 0x5610645c7558 <unknown>\n#4 0x5610645c4c7a <unknown>\n#5 0x5610645c3db9 <unknown>\n#6 0x5610645b70c2 <unknown>\n#7 0x5610645b6a67 <unknown>\n#8 0x56106460e20e <unknown>\n#9 0x5610645b5232 <unknown>\n#10 0x5610645b5ee1 <unknown>\n#11 0x561064abd3f9 <unknown>\n#12 0x561064ac034d <unknown>\n#13 0x561064aa6122 <unknown>\n#14 0x561064ac0f2b <unknown>\n#15 0x561064a8cc30 <unknown>\n#16 0x561064ae1d78 <unknown>\n#17 0x561064ae1f4c <unknown>\n#18 0x561064af3973 <unknown>\n#19 0x7f6f4569caa4 <unknown>\n#20 0x7f6f45729c6c <unknown>\n\n","statusTrace":"  File \"/home/runner/work/QATEST/QATEST/src/tests/ui/test_ui_product_add_flow.py\", line 39, in test_full_product_add_flow\n    kurly_login_page.click_login_button()\n  File \"/home/runner/work/QATEST/QATEST/src/pages/kurly_login_page.py\", line 63, in click_login_button\n    self.click(self.SUBMIT_BUTTON)\n  File \"/home/runner/work/QATEST/QATEST/src/pages/base_page.py\", line 273, in click\n    element.click()\n  File \"/home/runner/work/QATEST/QATEST/venv/lib/python3.11/site-packages/selenium/webdriver/remote/webelement.py\", line 94, in click\n    self._execute(Command.CLICK_ELEMENT)\n  File \"/home/runner/work/QATEST/QATEST/venv/lib/python3.11/site-packages/selenium/webdriver/remote/webelement.py\", line 402, in _execute\n    return self._parent.execute(command, params)\n           ^^^^^^^^^^^^^^^^^^^^^^^^^^^^^^^^^^^^^\n  File \"/home/runner/work/QATEST/QATEST/venv/lib/python3.11/site-packages/selenium/webdriver/remote/webdriver.py\", line 384, in execute\n    self.error_handler.check_response(response)\n  File \"/home/runner/work/QATEST/QATEST/venv/lib/python3.11/site-packages/selenium/webdriver/remote/errorhandler.py\", line 232, in check_response\n    raise exception_class(message, screen, stacktrace)\n","steps":[],"attachments":[],"parameters":[],"shouldDisplayMessage":true,"stepsCount":0,"attachmentsCount":0,"hasContent":true,"attachmentStep":false}],"attachments":[{"uid":"32be52179f5eee65","name":"log","source":"32be52179f5eee65.txt","type":"text/plain","size":26045},{"uid":"94da42f6c5c81e33","name":"stderr","source":"94da42f6c5c81e33.txt","type":"text/plain","size":198}],"parameters":[],"shouldDisplayMessage":true,"stepsCount":1,"attachmentsCount":2,"hasContent":true,"attachmentStep":false},"afterStages":[{"name":"driver::0","time":{"start":1767115635420,"stop":1767115635480,"duration":60},"status":"passed","steps":[],"attachments":[],"parameters":[],"shouldDisplayMessage":false,"stepsCount":0,"attachmentsCount":0,"hasContent":false,"attachmentStep":false}],"labels":[{"name":"severity","value":"critical"},{"name":"feature","value":"E2E 플로우"},{"name":"story","value":"로그인 후 상품 추가"},{"name":"tag","value":"ui"},{"name":"parentSuite","value":"src.tests.ui"},{"name":"suite","value":"test_ui_product_add_flow"},{"name":"subSuite","value":"TestProductAddFlow"},{"name":"host","value":"runnervmh13bl"},{"name":"thread","value":"2628-MainThread"},{"name":"framework","value":"pytest"},{"name":"language","value":"cpython3"},{"name":"package","value":"src.tests.ui.test_ui_product_add_flow"},{"name":"resultFormat","value":"allure2"}],"parameters":[],"links":[],"hidden":false,"retry":false,"extra":{"severity":"critical","retries":[],"categories":[{"name":"Test defects","matchedStatuses":[],"flaky":false}],"tags":["ui"]},"source":"9aa626c66535b636.json","parameterValues":[]}