{"uid":"9f16be6b96124947","name":"수량 증가/감소 버튼 동작 확인","fullName":"src.tests.ui.test_ui_quantity.TestQuantity#test_quantity_buttons","historyId":"bc751d264cd974d93764685f8036845e","time":{"start":1771375409743,"stop":1771375413154,"duration":3411},"description":"\n    **목적:** 상품 상세 팝업에서 수량 조절 버튼이 정상 작동하는지 확인\n\n    **테스트 단계:**\n    1. 마켓컬리 메인 페이지 접속\n    2. '과자' 검색\n    3. 세 번째 상품의 장바구니 추가 버튼 클릭\n    4. 수량 올리기 버튼 2회 클릭\n    5. 수량 내리기 버튼 1회 클릭\n    6. 최종 수량이 2인지 확인\n\n    **예상 결과:** 수량이 올바르게 조절됨 (최종 수량: 2)\n    ","descriptionHtml":"<pre><code>**목적:** 상품 상세 팝업에서 수량 조절 버튼이 정상 작동하는지 확인\n\n**테스트 단계:**\n1. 마켓컬리 메인 페이지 접속\n2. '과자' 검색\n3. 세 번째 상품의 장바구니 추가 버튼 클릭\n4. 수량 올리기 버튼 2회 클릭\n5. 수량 내리기 버튼 1회 클릭\n6. 최종 수량이 2인지 확인\n\n**예상 결과:** 수량이 올바르게 조절됨 (최종 수량: 2)\n</code></pre>\n","status":"broken","statusMessage":"selenium.common.exceptions.StaleElementReferenceException: Message: stale element reference: stale element not found in the current frame\n  (Session info: chrome=144.0.7559.132); For documentation on this error, please visit: https://www.selenium.dev/documentation/webdriver/troubleshooting/errors#stale-element-reference-exception\nStacktrace:\n#0 0x5589c03e0a4a <unknown>\n#1 0x5589bfdf96a2 <unknown>\n#2 0x5589bfe007cb <unknown>\n#3 0x5589bfe03039 <unknown>\n#4 0x5589bfe030e3 <unknown>\n#5 0x5589bfe50b63 <unknown>\n#6 0x5589bfe4fdca <unknown>\n#7 0x5589bfe42d81 <unknown>\n#8 0x5589bfe422d7 <unknown>\n#9 0x5589bfe977f0 <unknown>\n#10 0x5589bfe408b2 <unknown>\n#11 0x5589bfe416a1 <unknown>\n#12 0x5589c03a68a9 <unknown>\n#13 0x5589c03a97b1 <unknown>\n#14 0x5589c0392ea9 <unknown>\n#15 0x5589c03aa36e <unknown>\n#16 0x5589c0379410 <unknown>\n#17 0x5589c03ce0c8 <unknown>\n#18 0x5589c03ce29b <unknown>\n#19 0x5589c03dfdb8 <unknown>\n#20 0x7fb165e9caa4 <unknown>\n#21 0x7fb165f29c6c <unknown>","statusTrace":"src/tests/ui/test_ui_quantity.py:38: in test_quantity_buttons\n    kurly_search_page.click_nth_add_button(3)\nsrc/pages/kurly_search_page.py:176: in click_nth_add_button\n    self.click(nth_add_button)\nsrc/pages/base_page.py:273: in click\n    element.click()\nvenv/lib/python3.11/site-packages/selenium/webdriver/remote/webelement.py:94: in click\n    self._execute(Command.CLICK_ELEMENT)\nvenv/lib/python3.11/site-packages/selenium/webdriver/remote/webelement.py:402: in _execute\n    return self._parent.execute(command, params)\nvenv/lib/python3.11/site-packages/selenium/webdriver/remote/webdriver.py:384: in execute\n    self.error_handler.check_response(response)\nvenv/lib/python3.11/site-packages/selenium/webdriver/remote/errorhandler.py:232: in check_response\n    raise exception_class(message, screen, stacktrace)\nE   selenium.common.exceptions.StaleElementReferenceException: Message: stale element reference: stale element not found in the current frame\nE     (Session info: chrome=144.0.7559.132); For documentation on this error, please visit: https://www.selenium.dev/documentation/webdriver/troubleshooting/errors#stale-element-reference-exception\nE   Stacktrace:\nE   #0 0x5589c03e0a4a <unknown>\nE   #1 0x5589bfdf96a2 <unknown>\nE   #2 0x5589bfe007cb <unknown>\nE   #3 0x5589bfe03039 <unknown>\nE   #4 0x5589bfe030e3 <unknown>\nE   #5 0x5589bfe50b63 <unknown>\nE   #6 0x5589bfe4fdca <unknown>\nE   #7 0x5589bfe42d81 <unknown>\nE   #8 0x5589bfe422d7 <unknown>\nE   #9 0x5589bfe977f0 <unknown>\nE   #10 0x5589bfe408b2 <unknown>\nE   #11 0x5589bfe416a1 <unknown>\nE   #12 0x5589c03a68a9 <unknown>\nE   #13 0x5589c03a97b1 <unknown>\nE   #14 0x5589c0392ea9 <unknown>\nE   #15 0x5589c03aa36e <unknown>\nE   #16 0x5589c0379410 <unknown>\nE   #17 0x5589c03ce0c8 <unknown>\nE   #18 0x5589c03ce29b <unknown>\nE   #19 0x5589c03dfdb8 <unknown>\nE   #20 0x7fb165e9caa4 <unknown>\nE   #21 0x7fb165f29c6c <unknown>","flaky":false,"newFailed":false,"newBroken":false,"newPassed":false,"retriesCount":0,"retriesStatusChange":false,"beforeStages":[{"name":"driver","time":{"start":1771375408972,"stop":1771375409743,"duration":771},"status":"passed","steps":[],"attachments":[],"parameters":[],"shouldDisplayMessage":false,"stepsCount":0,"attachmentsCount":0,"hasContent":false,"attachmentStep":false},{"name":"kurly_search_page","time":{"start":1771375409743,"stop":1771375409743,"duration":0},"status":"passed","steps":[],"attachments":[],"parameters":[],"shouldDisplayMessage":false,"stepsCount":0,"attachmentsCount":0,"hasContent":false,"attachmentStep":false},{"name":"kurly_main_page","time":{"start":1771375409743,"stop":1771375409743,"duration":0},"status":"passed","steps":[],"attachments":[],"parameters":[],"shouldDisplayMessage":false,"stepsCount":0,"attachmentsCount":0,"hasContent":false,"attachmentStep":false}],"testStage":{"description":"\n    **목적:** 상품 상세 팝업에서 수량 조절 버튼이 정상 작동하는지 확인\n\n    **테스트 단계:**\n    1. 마켓컬리 메인 페이지 접속\n    2. '과자' 검색\n    3. 세 번째 상품의 장바구니 추가 버튼 클릭\n    4. 수량 올리기 버튼 2회 클릭\n    5. 수량 내리기 버튼 1회 클릭\n    6. 최종 수량이 2인지 확인\n\n    **예상 결과:** 수량이 올바르게 조절됨 (최종 수량: 2)\n    ","status":"broken","statusMessage":"selenium.common.exceptions.StaleElementReferenceException: Message: stale element reference: stale element not found in the current frame\n  (Session info: chrome=144.0.7559.132); For documentation on this error, please visit: https://www.selenium.dev/documentation/webdriver/troubleshooting/errors#stale-element-reference-exception\nStacktrace:\n#0 0x5589c03e0a4a <unknown>\n#1 0x5589bfdf96a2 <unknown>\n#2 0x5589bfe007cb <unknown>\n#3 0x5589bfe03039 <unknown>\n#4 0x5589bfe030e3 <unknown>\n#5 0x5589bfe50b63 <unknown>\n#6 0x5589bfe4fdca <unknown>\n#7 0x5589bfe42d81 <unknown>\n#8 0x5589bfe422d7 <unknown>\n#9 0x5589bfe977f0 <unknown>\n#10 0x5589bfe408b2 <unknown>\n#11 0x5589bfe416a1 <unknown>\n#12 0x5589c03a68a9 <unknown>\n#13 0x5589c03a97b1 <unknown>\n#14 0x5589c0392ea9 <unknown>\n#15 0x5589c03aa36e <unknown>\n#16 0x5589c0379410 <unknown>\n#17 0x5589c03ce0c8 <unknown>\n#18 0x5589c03ce29b <unknown>\n#19 0x5589c03dfdb8 <unknown>\n#20 0x7fb165e9caa4 <unknown>\n#21 0x7fb165f29c6c <unknown>","statusTrace":"src/tests/ui/test_ui_quantity.py:38: in test_quantity_buttons\n    kurly_search_page.click_nth_add_button(3)\nsrc/pages/kurly_search_page.py:176: in click_nth_add_button\n    self.click(nth_add_button)\nsrc/pages/base_page.py:273: in click\n    element.click()\nvenv/lib/python3.11/site-packages/selenium/webdriver/remote/webelement.py:94: in click\n    self._execute(Command.CLICK_ELEMENT)\nvenv/lib/python3.11/site-packages/selenium/webdriver/remote/webelement.py:402: in _execute\n    return self._parent.execute(command, params)\nvenv/lib/python3.11/site-packages/selenium/webdriver/remote/webdriver.py:384: in execute\n    self.error_handler.check_response(response)\nvenv/lib/python3.11/site-packages/selenium/webdriver/remote/errorhandler.py:232: in check_response\n    raise exception_class(message, screen, stacktrace)\nE   selenium.common.exceptions.StaleElementReferenceException: Message: stale element reference: stale element not found in the current frame\nE     (Session info: chrome=144.0.7559.132); For documentation on this error, please visit: https://www.selenium.dev/documentation/webdriver/troubleshooting/errors#stale-element-reference-exception\nE   Stacktrace:\nE   #0 0x5589c03e0a4a <unknown>\nE   #1 0x5589bfdf96a2 <unknown>\nE   #2 0x5589bfe007cb <unknown>\nE   #3 0x5589bfe03039 <unknown>\nE   #4 0x5589bfe030e3 <unknown>\nE   #5 0x5589bfe50b63 <unknown>\nE   #6 0x5589bfe4fdca <unknown>\nE   #7 0x5589bfe42d81 <unknown>\nE   #8 0x5589bfe422d7 <unknown>\nE   #9 0x5589bfe977f0 <unknown>\nE   #10 0x5589bfe408b2 <unknown>\nE   #11 0x5589bfe416a1 <unknown>\nE   #12 0x5589c03a68a9 <unknown>\nE   #13 0x5589c03a97b1 <unknown>\nE   #14 0x5589c0392ea9 <unknown>\nE   #15 0x5589c03aa36e <unknown>\nE   #16 0x5589c0379410 <unknown>\nE   #17 0x5589c03ce0c8 <unknown>\nE   #18 0x5589c03ce29b <unknown>\nE   #19 0x5589c03dfdb8 <unknown>\nE   #20 0x7fb165e9caa4 <unknown>\nE   #21 0x7fb165f29c6c <unknown>","steps":[{"name":"마켓컬리 메인 페이지로 이동","time":{"start":1771375409743,"stop":1771375411982,"duration":2239},"status":"passed","steps":[],"attachments":[],"parameters":[],"shouldDisplayMessage":false,"stepsCount":0,"attachmentsCount":0,"hasContent":false,"attachmentStep":false},{"name":"'과자' 검색","time":{"start":1771375411982,"stop":1771375412475,"duration":493},"status":"passed","steps":[],"attachments":[],"parameters":[],"shouldDisplayMessage":false,"stepsCount":0,"attachmentsCount":0,"hasContent":false,"attachmentStep":false},{"name":"세 번째 상품의 장바구니 추가 버튼 클릭","time":{"start":1771375412475,"stop":1771375413153,"duration":678},"status":"broken","statusMessage":"selenium.common.exceptions.StaleElementReferenceException: Message: stale element reference: stale element not found in the current frame\n  (Session info: chrome=144.0.7559.132); For documentation on this error, please visit: https://www.selenium.dev/documentation/webdriver/troubleshooting/errors#stale-element-reference-exception\nStacktrace:\n#0 0x5589c03e0a4a <unknown>\n#1 0x5589bfdf96a2 <unknown>\n#2 0x5589bfe007cb <unknown>\n#3 0x5589bfe03039 <unknown>\n#4 0x5589bfe030e3 <unknown>\n#5 0x5589bfe50b63 <unknown>\n#6 0x5589bfe4fdca <unknown>\n#7 0x5589bfe42d81 <unknown>\n#8 0x5589bfe422d7 <unknown>\n#9 0x5589bfe977f0 <unknown>\n#10 0x5589bfe408b2 <unknown>\n#11 0x5589bfe416a1 <unknown>\n#12 0x5589c03a68a9 <unknown>\n#13 0x5589c03a97b1 <unknown>\n#14 0x5589c0392ea9 <unknown>\n#15 0x5589c03aa36e <unknown>\n#16 0x5589c0379410 <unknown>\n#17 0x5589c03ce0c8 <unknown>\n#18 0x5589c03ce29b <unknown>\n#19 0x5589c03dfdb8 <unknown>\n#20 0x7fb165e9caa4 <unknown>\n#21 0x7fb165f29c6c <unknown>\n\n","statusTrace":"  File \"/home/runner/work/QATEST/QATEST/src/tests/ui/test_ui_quantity.py\", line 38, in test_quantity_buttons\n    kurly_search_page.click_nth_add_button(3)\n  File \"/home/runner/work/QATEST/QATEST/src/pages/kurly_search_page.py\", line 176, in click_nth_add_button\n    self.click(nth_add_button)\n  File \"/home/runner/work/QATEST/QATEST/src/pages/base_page.py\", line 273, in click\n    element.click()\n  File \"/home/runner/work/QATEST/QATEST/venv/lib/python3.11/site-packages/selenium/webdriver/remote/webelement.py\", line 94, in click\n    self._execute(Command.CLICK_ELEMENT)\n  File \"/home/runner/work/QATEST/QATEST/venv/lib/python3.11/site-packages/selenium/webdriver/remote/webelement.py\", line 402, in _execute\n    return self._parent.execute(command, params)\n           ^^^^^^^^^^^^^^^^^^^^^^^^^^^^^^^^^^^^^\n  File \"/home/runner/work/QATEST/QATEST/venv/lib/python3.11/site-packages/selenium/webdriver/remote/webdriver.py\", line 384, in execute\n    self.error_handler.check_response(response)\n  File \"/home/runner/work/QATEST/QATEST/venv/lib/python3.11/site-packages/selenium/webdriver/remote/errorhandler.py\", line 232, in check_response\n    raise exception_class(message, screen, stacktrace)\n","steps":[],"attachments":[],"parameters":[],"shouldDisplayMessage":true,"stepsCount":0,"attachmentsCount":0,"hasContent":true,"attachmentStep":false}],"attachments":[{"uid":"1af8510b0fbe2f17","name":"log","source":"1af8510b0fbe2f17.txt","type":"text/plain","size":20421},{"uid":"12a883c0aca3123b","name":"stderr","source":"12a883c0aca3123b.txt","type":"text/plain","size":198}],"parameters":[],"shouldDisplayMessage":true,"stepsCount":3,"attachmentsCount":2,"hasContent":true,"attachmentStep":false},"afterStages":[{"name":"driver::0","time":{"start":1771375413197,"stop":1771375413264,"duration":67},"status":"passed","steps":[],"attachments":[],"parameters":[],"shouldDisplayMessage":false,"stepsCount":0,"attachmentsCount":0,"hasContent":false,"attachmentStep":false}],"labels":[{"name":"severity","value":"normal"},{"name":"story","value":"수량 조절"},{"name":"feature","value":"상품 관리"},{"name":"tag","value":"ui"},{"name":"parentSuite","value":"src.tests.ui"},{"name":"suite","value":"test_ui_quantity"},{"name":"subSuite","value":"TestQuantity"},{"name":"host","value":"runnervmjduv7"},{"name":"thread","value":"2812-MainThread"},{"name":"framework","value":"pytest"},{"name":"language","value":"cpython3"},{"name":"package","value":"src.tests.ui.test_ui_quantity"},{"name":"resultFormat","value":"allure2"}],"parameters":[],"links":[],"hidden":false,"retry":false,"extra":{"severity":"normal","retries":[],"categories":[{"name":"Test defects","matchedStatuses":[],"flaky":false}],"tags":["ui"]},"source":"9f16be6b96124947.json","parameterValues":[]}