{"uid":"abf9dbaaaf0cd304","name":"수량 증가/감소 버튼 동작 확인","fullName":"src.tests.ui.test_ui_quantity.TestQuantity#test_quantity_buttons","historyId":"bc751d264cd974d93764685f8036845e","time":{"start":1767788162016,"stop":1767788165798,"duration":3782},"description":"\n    **목적:** 상품 상세 팝업에서 수량 조절 버튼이 정상 작동하는지 확인\n\n    **테스트 단계:**\n    1. 마켓컬리 메인 페이지 접속\n    2. '과자' 검색\n    3. 세 번째 상품의 장바구니 추가 버튼 클릭\n    4. 수량 올리기 버튼 2회 클릭\n    5. 수량 내리기 버튼 1회 클릭\n    6. 최종 수량이 2인지 확인\n\n    **예상 결과:** 수량이 올바르게 조절됨 (최종 수량: 2)\n    ","descriptionHtml":"<pre><code>**목적:** 상품 상세 팝업에서 수량 조절 버튼이 정상 작동하는지 확인\n\n**테스트 단계:**\n1. 마켓컬리 메인 페이지 접속\n2. '과자' 검색\n3. 세 번째 상품의 장바구니 추가 버튼 클릭\n4. 수량 올리기 버튼 2회 클릭\n5. 수량 내리기 버튼 1회 클릭\n6. 최종 수량이 2인지 확인\n\n**예상 결과:** 수량이 올바르게 조절됨 (최종 수량: 2)\n</code></pre>\n","status":"broken","statusMessage":"selenium.common.exceptions.StaleElementReferenceException: Message: stale element reference: stale element not found in the current frame\n  (Session info: chrome=143.0.7499.109); For documentation on this error, please visit: https://www.selenium.dev/documentation/webdriver/troubleshooting/errors#stale-element-reference-exception\nStacktrace:\n#0 0x5596a293640a <unknown>\n#1 0x5596a236a76b <unknown>\n#2 0x5596a23714cf <unknown>\n#3 0x5596a2373b54 <unknown>\n#4 0x5596a2373c23 <unknown>\n#5 0x5596a23bde8c <unknown>\n#6 0x5596a23bd133 <unknown>\n#7 0x5596a23b0abe <unknown>\n#8 0x5596a23affe7 <unknown>\n#9 0x5596a2407760 <unknown>\n#10 0x5596a23ae7b2 <unknown>\n#11 0x5596a23af461 <unknown>\n#12 0x5596a28fedf9 <unknown>\n#13 0x5596a2901d5d <unknown>\n#14 0x5596a28e7b41 <unknown>\n#15 0x5596a290293b <unknown>\n#16 0x5596a28ce870 <unknown>\n#17 0x5596a2923828 <unknown>\n#18 0x5596a29239fc <unknown>\n#19 0x5596a2935763 <unknown>\n#20 0x7fa59de9caa4 <unknown>\n#21 0x7fa59df29c6c <unknown>","statusTrace":"src/tests/ui/test_ui_quantity.py:38: in test_quantity_buttons\n    kurly_search_page.click_nth_add_button(3)\nsrc/pages/kurly_search_page.py:175: in click_nth_add_button\n    self.click(nth_add_button)\nsrc/pages/base_page.py:273: in click\n    element.click()\nvenv/lib/python3.11/site-packages/selenium/webdriver/remote/webelement.py:94: in click\n    self._execute(Command.CLICK_ELEMENT)\nvenv/lib/python3.11/site-packages/selenium/webdriver/remote/webelement.py:402: in _execute\n    return self._parent.execute(command, params)\nvenv/lib/python3.11/site-packages/selenium/webdriver/remote/webdriver.py:384: in execute\n    self.error_handler.check_response(response)\nvenv/lib/python3.11/site-packages/selenium/webdriver/remote/errorhandler.py:232: in check_response\n    raise exception_class(message, screen, stacktrace)\nE   selenium.common.exceptions.StaleElementReferenceException: Message: stale element reference: stale element not found in the current frame\nE     (Session info: chrome=143.0.7499.109); For documentation on this error, please visit: https://www.selenium.dev/documentation/webdriver/troubleshooting/errors#stale-element-reference-exception\nE   Stacktrace:\nE   #0 0x5596a293640a <unknown>\nE   #1 0x5596a236a76b <unknown>\nE   #2 0x5596a23714cf <unknown>\nE   #3 0x5596a2373b54 <unknown>\nE   #4 0x5596a2373c23 <unknown>\nE   #5 0x5596a23bde8c <unknown>\nE   #6 0x5596a23bd133 <unknown>\nE   #7 0x5596a23b0abe <unknown>\nE   #8 0x5596a23affe7 <unknown>\nE   #9 0x5596a2407760 <unknown>\nE   #10 0x5596a23ae7b2 <unknown>\nE   #11 0x5596a23af461 <unknown>\nE   #12 0x5596a28fedf9 <unknown>\nE   #13 0x5596a2901d5d <unknown>\nE   #14 0x5596a28e7b41 <unknown>\nE   #15 0x5596a290293b <unknown>\nE   #16 0x5596a28ce870 <unknown>\nE   #17 0x5596a2923828 <unknown>\nE   #18 0x5596a29239fc <unknown>\nE   #19 0x5596a2935763 <unknown>\nE   #20 0x7fa59de9caa4 <unknown>\nE   #21 0x7fa59df29c6c <unknown>","flaky":false,"newFailed":false,"newBroken":false,"newPassed":false,"retriesCount":0,"retriesStatusChange":false,"beforeStages":[{"name":"driver","time":{"start":1767788161426,"stop":1767788162015,"duration":589},"status":"passed","steps":[],"attachments":[],"parameters":[],"shouldDisplayMessage":false,"stepsCount":0,"attachmentsCount":0,"hasContent":false,"attachmentStep":false},{"name":"kurly_cart_page","time":{"start":1767788162015,"stop":1767788162015,"duration":0},"status":"passed","steps":[],"attachments":[],"parameters":[],"shouldDisplayMessage":false,"stepsCount":0,"attachmentsCount":0,"hasContent":false,"attachmentStep":false},{"name":"kurly_main_page","time":{"start":1767788162016,"stop":1767788162016,"duration":0},"status":"passed","steps":[],"attachments":[],"parameters":[],"shouldDisplayMessage":false,"stepsCount":0,"attachmentsCount":0,"hasContent":false,"attachmentStep":false},{"name":"kurly_search_page","time":{"start":1767788162016,"stop":1767788162016,"duration":0},"status":"passed","steps":[],"attachments":[],"parameters":[],"shouldDisplayMessage":false,"stepsCount":0,"attachmentsCount":0,"hasContent":false,"attachmentStep":false}],"testStage":{"description":"\n    **목적:** 상품 상세 팝업에서 수량 조절 버튼이 정상 작동하는지 확인\n\n    **테스트 단계:**\n    1. 마켓컬리 메인 페이지 접속\n    2. '과자' 검색\n    3. 세 번째 상품의 장바구니 추가 버튼 클릭\n    4. 수량 올리기 버튼 2회 클릭\n    5. 수량 내리기 버튼 1회 클릭\n    6. 최종 수량이 2인지 확인\n\n    **예상 결과:** 수량이 올바르게 조절됨 (최종 수량: 2)\n    ","status":"broken","statusMessage":"selenium.common.exceptions.StaleElementReferenceException: Message: stale element reference: stale element not found in the current frame\n  (Session info: chrome=143.0.7499.109); For documentation on this error, please visit: https://www.selenium.dev/documentation/webdriver/troubleshooting/errors#stale-element-reference-exception\nStacktrace:\n#0 0x5596a293640a <unknown>\n#1 0x5596a236a76b <unknown>\n#2 0x5596a23714cf <unknown>\n#3 0x5596a2373b54 <unknown>\n#4 0x5596a2373c23 <unknown>\n#5 0x5596a23bde8c <unknown>\n#6 0x5596a23bd133 <unknown>\n#7 0x5596a23b0abe <unknown>\n#8 0x5596a23affe7 <unknown>\n#9 0x5596a2407760 <unknown>\n#10 0x5596a23ae7b2 <unknown>\n#11 0x5596a23af461 <unknown>\n#12 0x5596a28fedf9 <unknown>\n#13 0x5596a2901d5d <unknown>\n#14 0x5596a28e7b41 <unknown>\n#15 0x5596a290293b <unknown>\n#16 0x5596a28ce870 <unknown>\n#17 0x5596a2923828 <unknown>\n#18 0x5596a29239fc <unknown>\n#19 0x5596a2935763 <unknown>\n#20 0x7fa59de9caa4 <unknown>\n#21 0x7fa59df29c6c <unknown>","statusTrace":"src/tests/ui/test_ui_quantity.py:38: in test_quantity_buttons\n    kurly_search_page.click_nth_add_button(3)\nsrc/pages/kurly_search_page.py:175: in click_nth_add_button\n    self.click(nth_add_button)\nsrc/pages/base_page.py:273: in click\n    element.click()\nvenv/lib/python3.11/site-packages/selenium/webdriver/remote/webelement.py:94: in click\n    self._execute(Command.CLICK_ELEMENT)\nvenv/lib/python3.11/site-packages/selenium/webdriver/remote/webelement.py:402: in _execute\n    return self._parent.execute(command, params)\nvenv/lib/python3.11/site-packages/selenium/webdriver/remote/webdriver.py:384: in execute\n    self.error_handler.check_response(response)\nvenv/lib/python3.11/site-packages/selenium/webdriver/remote/errorhandler.py:232: in check_response\n    raise exception_class(message, screen, stacktrace)\nE   selenium.common.exceptions.StaleElementReferenceException: Message: stale element reference: stale element not found in the current frame\nE     (Session info: chrome=143.0.7499.109); For documentation on this error, please visit: https://www.selenium.dev/documentation/webdriver/troubleshooting/errors#stale-element-reference-exception\nE   Stacktrace:\nE   #0 0x5596a293640a <unknown>\nE   #1 0x5596a236a76b <unknown>\nE   #2 0x5596a23714cf <unknown>\nE   #3 0x5596a2373b54 <unknown>\nE   #4 0x5596a2373c23 <unknown>\nE   #5 0x5596a23bde8c <unknown>\nE   #6 0x5596a23bd133 <unknown>\nE   #7 0x5596a23b0abe <unknown>\nE   #8 0x5596a23affe7 <unknown>\nE   #9 0x5596a2407760 <unknown>\nE   #10 0x5596a23ae7b2 <unknown>\nE   #11 0x5596a23af461 <unknown>\nE   #12 0x5596a28fedf9 <unknown>\nE   #13 0x5596a2901d5d <unknown>\nE   #14 0x5596a28e7b41 <unknown>\nE   #15 0x5596a290293b <unknown>\nE   #16 0x5596a28ce870 <unknown>\nE   #17 0x5596a2923828 <unknown>\nE   #18 0x5596a29239fc <unknown>\nE   #19 0x5596a2935763 <unknown>\nE   #20 0x7fa59de9caa4 <unknown>\nE   #21 0x7fa59df29c6c <unknown>","steps":[{"name":"마켓컬리 메인 페이지로 이동","time":{"start":1767788162016,"stop":1767788164346,"duration":2330},"status":"passed","steps":[],"attachments":[],"parameters":[],"shouldDisplayMessage":false,"stepsCount":0,"attachmentsCount":0,"hasContent":false,"attachmentStep":false},{"name":"'과자' 검색","time":{"start":1767788164346,"stop":1767788164962,"duration":616},"status":"passed","steps":[],"attachments":[],"parameters":[],"shouldDisplayMessage":false,"stepsCount":0,"attachmentsCount":0,"hasContent":false,"attachmentStep":false},{"name":"세 번째 상품의 장바구니 추가 버튼 클릭","time":{"start":1767788164962,"stop":1767788165797,"duration":835},"status":"broken","statusMessage":"selenium.common.exceptions.StaleElementReferenceException: Message: stale element reference: stale element not found in the current frame\n  (Session info: chrome=143.0.7499.109); For documentation on this error, please visit: https://www.selenium.dev/documentation/webdriver/troubleshooting/errors#stale-element-reference-exception\nStacktrace:\n#0 0x5596a293640a <unknown>\n#1 0x5596a236a76b <unknown>\n#2 0x5596a23714cf <unknown>\n#3 0x5596a2373b54 <unknown>\n#4 0x5596a2373c23 <unknown>\n#5 0x5596a23bde8c <unknown>\n#6 0x5596a23bd133 <unknown>\n#7 0x5596a23b0abe <unknown>\n#8 0x5596a23affe7 <unknown>\n#9 0x5596a2407760 <unknown>\n#10 0x5596a23ae7b2 <unknown>\n#11 0x5596a23af461 <unknown>\n#12 0x5596a28fedf9 <unknown>\n#13 0x5596a2901d5d <unknown>\n#14 0x5596a28e7b41 <unknown>\n#15 0x5596a290293b <unknown>\n#16 0x5596a28ce870 <unknown>\n#17 0x5596a2923828 <unknown>\n#18 0x5596a29239fc <unknown>\n#19 0x5596a2935763 <unknown>\n#20 0x7fa59de9caa4 <unknown>\n#21 0x7fa59df29c6c <unknown>\n\n","statusTrace":"  File \"/home/runner/work/QATEST/QATEST/src/tests/ui/test_ui_quantity.py\", line 38, in test_quantity_buttons\n    kurly_search_page.click_nth_add_button(3)\n  File \"/home/runner/work/QATEST/QATEST/src/pages/kurly_search_page.py\", line 175, in click_nth_add_button\n    self.click(nth_add_button)\n  File \"/home/runner/work/QATEST/QATEST/src/pages/base_page.py\", line 273, in click\n    element.click()\n  File \"/home/runner/work/QATEST/QATEST/venv/lib/python3.11/site-packages/selenium/webdriver/remote/webelement.py\", line 94, in click\n    self._execute(Command.CLICK_ELEMENT)\n  File \"/home/runner/work/QATEST/QATEST/venv/lib/python3.11/site-packages/selenium/webdriver/remote/webelement.py\", line 402, in _execute\n    return self._parent.execute(command, params)\n           ^^^^^^^^^^^^^^^^^^^^^^^^^^^^^^^^^^^^^\n  File \"/home/runner/work/QATEST/QATEST/venv/lib/python3.11/site-packages/selenium/webdriver/remote/webdriver.py\", line 384, in execute\n    self.error_handler.check_response(response)\n  File \"/home/runner/work/QATEST/QATEST/venv/lib/python3.11/site-packages/selenium/webdriver/remote/errorhandler.py\", line 232, in check_response\n    raise exception_class(message, screen, stacktrace)\n","steps":[],"attachments":[],"parameters":[],"shouldDisplayMessage":true,"stepsCount":0,"attachmentsCount":0,"hasContent":true,"attachmentStep":false}],"attachments":[{"uid":"beaf9336940f34f6","name":"log","source":"beaf9336940f34f6.txt","type":"text/plain","size":22005},{"uid":"af3063bed4de8575","name":"stderr","source":"af3063bed4de8575.txt","type":"text/plain","size":198}],"parameters":[],"shouldDisplayMessage":true,"stepsCount":3,"attachmentsCount":2,"hasContent":true,"attachmentStep":false},"afterStages":[{"name":"driver::0","time":{"start":1767788165849,"stop":1767788165918,"duration":69},"status":"passed","steps":[],"attachments":[],"parameters":[],"shouldDisplayMessage":false,"stepsCount":0,"attachmentsCount":0,"hasContent":false,"attachmentStep":false}],"labels":[{"name":"severity","value":"normal"},{"name":"story","value":"수량 조절"},{"name":"feature","value":"상품 관리"},{"name":"tag","value":"ui"},{"name":"parentSuite","value":"src.tests.ui"},{"name":"suite","value":"test_ui_quantity"},{"name":"subSuite","value":"TestQuantity"},{"name":"host","value":"runnervmh13bl"},{"name":"thread","value":"2587-MainThread"},{"name":"framework","value":"pytest"},{"name":"language","value":"cpython3"},{"name":"package","value":"src.tests.ui.test_ui_quantity"},{"name":"resultFormat","value":"allure2"}],"parameters":[],"links":[],"hidden":false,"retry":false,"extra":{"severity":"normal","retries":[],"categories":[{"name":"Test defects","matchedStatuses":[],"flaky":false}],"tags":["ui"]},"source":"abf9dbaaaf0cd304.json","parameterValues":[]}