{"uid":"b1ae36db49d1d08b","name":"수량 증가/감소 버튼 동작 확인","fullName":"src.tests.ui.test_ui_quantity.TestQuantityWithPOM#test_quantity_buttons","historyId":"1a0f035694fb544bc23379a5d35ded6a","time":{"start":1767314050660,"stop":1767314054857,"duration":4197},"description":"\n    **목적:** 상품 상세 팝업에서 수량 조절 버튼이 정상 작동하는지 확인\n\n    **테스트 단계:**\n    1. 마켓컬리 메인 페이지 접속\n    2. '과자' 검색\n    3. 세 번째 상품의 장바구니 추가 버튼 클릭\n    4. 수량 올리기 버튼 2회 클릭\n    5. 수량 내리기 버튼 1회 클릭\n    6. 최종 수량이 2인지 확인\n\n    **예상 결과:** 수량이 올바르게 조절됨 (최종 수량: 2)\n    ","descriptionHtml":"<pre><code>**목적:** 상품 상세 팝업에서 수량 조절 버튼이 정상 작동하는지 확인\n\n**테스트 단계:**\n1. 마켓컬리 메인 페이지 접속\n2. '과자' 검색\n3. 세 번째 상품의 장바구니 추가 버튼 클릭\n4. 수량 올리기 버튼 2회 클릭\n5. 수량 내리기 버튼 1회 클릭\n6. 최종 수량이 2인지 확인\n\n**예상 결과:** 수량이 올바르게 조절됨 (최종 수량: 2)\n</code></pre>\n","status":"broken","statusMessage":"selenium.common.exceptions.StaleElementReferenceException: Message: stale element reference: stale element not found in the current frame\n  (Session info: chrome=143.0.7499.109); For documentation on this error, please visit: https://www.selenium.dev/documentation/webdriver/troubleshooting/errors#stale-element-reference-exception\nStacktrace:\n#0 0x559309ebc61a <unknown>\n#1 0x55930993920b <unknown>\n#2 0x55930993ff5f <unknown>\n#3 0x5593099425f4 <unknown>\n#4 0x5593099426c3 <unknown>\n#5 0x55930998edce <unknown>\n#6 0x55930998cc7a <unknown>\n#7 0x55930998bdb9 <unknown>\n#8 0x55930997f0c2 <unknown>\n#9 0x55930997ea67 <unknown>\n#10 0x5593099d620e <unknown>\n#11 0x55930997d232 <unknown>\n#12 0x55930997dee1 <unknown>\n#13 0x559309e853f9 <unknown>\n#14 0x559309e8834d <unknown>\n#15 0x559309e6e122 <unknown>\n#16 0x559309e88f2b <unknown>\n#17 0x559309e54c30 <unknown>\n#18 0x559309ea9d78 <unknown>\n#19 0x559309ea9f4c <unknown>\n#20 0x559309ebb973 <unknown>\n#21 0x7f2332c9caa4 <unknown>\n#22 0x7f2332d29c6c <unknown>","statusTrace":"src/tests/ui/test_ui_quantity.py:60: in test_quantity_buttons\n    self.product_page.increase_quantity(times=2)\nsrc/pages/kurly_product_page.py:49: in increase_quantity\n    self.click(self.QUANTITY_UP_BUTTON)\nsrc/pages/base_page.py:273: in click\n    element.click()\nvenv/lib/python3.11/site-packages/selenium/webdriver/remote/webelement.py:94: in click\n    self._execute(Command.CLICK_ELEMENT)\nvenv/lib/python3.11/site-packages/selenium/webdriver/remote/webelement.py:402: in _execute\n    return self._parent.execute(command, params)\nvenv/lib/python3.11/site-packages/selenium/webdriver/remote/webdriver.py:384: in execute\n    self.error_handler.check_response(response)\nvenv/lib/python3.11/site-packages/selenium/webdriver/remote/errorhandler.py:232: in check_response\n    raise exception_class(message, screen, stacktrace)\nE   selenium.common.exceptions.StaleElementReferenceException: Message: stale element reference: stale element not found in the current frame\nE     (Session info: chrome=143.0.7499.109); For documentation on this error, please visit: https://www.selenium.dev/documentation/webdriver/troubleshooting/errors#stale-element-reference-exception\nE   Stacktrace:\nE   #0 0x559309ebc61a <unknown>\nE   #1 0x55930993920b <unknown>\nE   #2 0x55930993ff5f <unknown>\nE   #3 0x5593099425f4 <unknown>\nE   #4 0x5593099426c3 <unknown>\nE   #5 0x55930998edce <unknown>\nE   #6 0x55930998cc7a <unknown>\nE   #7 0x55930998bdb9 <unknown>\nE   #8 0x55930997f0c2 <unknown>\nE   #9 0x55930997ea67 <unknown>\nE   #10 0x5593099d620e <unknown>\nE   #11 0x55930997d232 <unknown>\nE   #12 0x55930997dee1 <unknown>\nE   #13 0x559309e853f9 <unknown>\nE   #14 0x559309e8834d <unknown>\nE   #15 0x559309e6e122 <unknown>\nE   #16 0x559309e88f2b <unknown>\nE   #17 0x559309e54c30 <unknown>\nE   #18 0x559309ea9d78 <unknown>\nE   #19 0x559309ea9f4c <unknown>\nE   #20 0x559309ebb973 <unknown>\nE   #21 0x7f2332c9caa4 <unknown>\nE   #22 0x7f2332d29c6c <unknown>","flaky":false,"newFailed":false,"newBroken":false,"newPassed":false,"retriesCount":0,"retriesStatusChange":false,"beforeStages":[{"name":"driver","time":{"start":1767314050117,"stop":1767314050659,"duration":542},"status":"passed","steps":[],"attachments":[],"parameters":[],"shouldDisplayMessage":false,"stepsCount":0,"attachmentsCount":0,"hasContent":false,"attachmentStep":false},{"name":"setup","time":{"start":1767314050660,"stop":1767314050660,"duration":0},"status":"passed","steps":[],"attachments":[],"parameters":[],"shouldDisplayMessage":false,"stepsCount":0,"attachmentsCount":0,"hasContent":false,"attachmentStep":false}],"testStage":{"description":"\n    **목적:** 상품 상세 팝업에서 수량 조절 버튼이 정상 작동하는지 확인\n\n    **테스트 단계:**\n    1. 마켓컬리 메인 페이지 접속\n    2. '과자' 검색\n    3. 세 번째 상품의 장바구니 추가 버튼 클릭\n    4. 수량 올리기 버튼 2회 클릭\n    5. 수량 내리기 버튼 1회 클릭\n    6. 최종 수량이 2인지 확인\n\n    **예상 결과:** 수량이 올바르게 조절됨 (최종 수량: 2)\n    ","status":"broken","statusMessage":"selenium.common.exceptions.StaleElementReferenceException: Message: stale element reference: stale element not found in the current frame\n  (Session info: chrome=143.0.7499.109); For documentation on this error, please visit: https://www.selenium.dev/documentation/webdriver/troubleshooting/errors#stale-element-reference-exception\nStacktrace:\n#0 0x559309ebc61a <unknown>\n#1 0x55930993920b <unknown>\n#2 0x55930993ff5f <unknown>\n#3 0x5593099425f4 <unknown>\n#4 0x5593099426c3 <unknown>\n#5 0x55930998edce <unknown>\n#6 0x55930998cc7a <unknown>\n#7 0x55930998bdb9 <unknown>\n#8 0x55930997f0c2 <unknown>\n#9 0x55930997ea67 <unknown>\n#10 0x5593099d620e <unknown>\n#11 0x55930997d232 <unknown>\n#12 0x55930997dee1 <unknown>\n#13 0x559309e853f9 <unknown>\n#14 0x559309e8834d <unknown>\n#15 0x559309e6e122 <unknown>\n#16 0x559309e88f2b <unknown>\n#17 0x559309e54c30 <unknown>\n#18 0x559309ea9d78 <unknown>\n#19 0x559309ea9f4c <unknown>\n#20 0x559309ebb973 <unknown>\n#21 0x7f2332c9caa4 <unknown>\n#22 0x7f2332d29c6c <unknown>","statusTrace":"src/tests/ui/test_ui_quantity.py:60: in test_quantity_buttons\n    self.product_page.increase_quantity(times=2)\nsrc/pages/kurly_product_page.py:49: in increase_quantity\n    self.click(self.QUANTITY_UP_BUTTON)\nsrc/pages/base_page.py:273: in click\n    element.click()\nvenv/lib/python3.11/site-packages/selenium/webdriver/remote/webelement.py:94: in click\n    self._execute(Command.CLICK_ELEMENT)\nvenv/lib/python3.11/site-packages/selenium/webdriver/remote/webelement.py:402: in _execute\n    return self._parent.execute(command, params)\nvenv/lib/python3.11/site-packages/selenium/webdriver/remote/webdriver.py:384: in execute\n    self.error_handler.check_response(response)\nvenv/lib/python3.11/site-packages/selenium/webdriver/remote/errorhandler.py:232: in check_response\n    raise exception_class(message, screen, stacktrace)\nE   selenium.common.exceptions.StaleElementReferenceException: Message: stale element reference: stale element not found in the current frame\nE     (Session info: chrome=143.0.7499.109); For documentation on this error, please visit: https://www.selenium.dev/documentation/webdriver/troubleshooting/errors#stale-element-reference-exception\nE   Stacktrace:\nE   #0 0x559309ebc61a <unknown>\nE   #1 0x55930993920b <unknown>\nE   #2 0x55930993ff5f <unknown>\nE   #3 0x5593099425f4 <unknown>\nE   #4 0x5593099426c3 <unknown>\nE   #5 0x55930998edce <unknown>\nE   #6 0x55930998cc7a <unknown>\nE   #7 0x55930998bdb9 <unknown>\nE   #8 0x55930997f0c2 <unknown>\nE   #9 0x55930997ea67 <unknown>\nE   #10 0x5593099d620e <unknown>\nE   #11 0x55930997d232 <unknown>\nE   #12 0x55930997dee1 <unknown>\nE   #13 0x559309e853f9 <unknown>\nE   #14 0x559309e8834d <unknown>\nE   #15 0x559309e6e122 <unknown>\nE   #16 0x559309e88f2b <unknown>\nE   #17 0x559309e54c30 <unknown>\nE   #18 0x559309ea9d78 <unknown>\nE   #19 0x559309ea9f4c <unknown>\nE   #20 0x559309ebb973 <unknown>\nE   #21 0x7f2332c9caa4 <unknown>\nE   #22 0x7f2332d29c6c <unknown>","steps":[{"name":"마켓컬리 메인 페이지로 이동","time":{"start":1767314050660,"stop":1767314053556,"duration":2896},"status":"passed","steps":[],"attachments":[],"parameters":[],"shouldDisplayMessage":false,"stepsCount":0,"attachmentsCount":0,"hasContent":false,"attachmentStep":false},{"name":"'과자' 검색","time":{"start":1767314053556,"stop":1767314053852,"duration":296},"status":"passed","steps":[],"attachments":[],"parameters":[],"shouldDisplayMessage":false,"stepsCount":0,"attachmentsCount":0,"hasContent":false,"attachmentStep":false},{"name":"세 번째 상품의 장바구니 추가 버튼 클릭","time":{"start":1767314053852,"stop":1767314054023,"duration":171},"status":"passed","steps":[],"attachments":[],"parameters":[],"shouldDisplayMessage":false,"stepsCount":0,"attachmentsCount":0,"hasContent":false,"attachmentStep":false},{"name":"수량 2회 증가","time":{"start":1767314054023,"stop":1767314054856,"duration":833},"status":"broken","statusMessage":"selenium.common.exceptions.StaleElementReferenceException: Message: stale element reference: stale element not found in the current frame\n  (Session info: chrome=143.0.7499.109); For documentation on this error, please visit: https://www.selenium.dev/documentation/webdriver/troubleshooting/errors#stale-element-reference-exception\nStacktrace:\n#0 0x559309ebc61a <unknown>\n#1 0x55930993920b <unknown>\n#2 0x55930993ff5f <unknown>\n#3 0x5593099425f4 <unknown>\n#4 0x5593099426c3 <unknown>\n#5 0x55930998edce <unknown>\n#6 0x55930998cc7a <unknown>\n#7 0x55930998bdb9 <unknown>\n#8 0x55930997f0c2 <unknown>\n#9 0x55930997ea67 <unknown>\n#10 0x5593099d620e <unknown>\n#11 0x55930997d232 <unknown>\n#12 0x55930997dee1 <unknown>\n#13 0x559309e853f9 <unknown>\n#14 0x559309e8834d <unknown>\n#15 0x559309e6e122 <unknown>\n#16 0x559309e88f2b <unknown>\n#17 0x559309e54c30 <unknown>\n#18 0x559309ea9d78 <unknown>\n#19 0x559309ea9f4c <unknown>\n#20 0x559309ebb973 <unknown>\n#21 0x7f2332c9caa4 <unknown>\n#22 0x7f2332d29c6c <unknown>\n\n","statusTrace":"  File \"/home/runner/work/QATEST/QATEST/src/tests/ui/test_ui_quantity.py\", line 60, in test_quantity_buttons\n    self.product_page.increase_quantity(times=2)\n  File \"/home/runner/work/QATEST/QATEST/src/pages/kurly_product_page.py\", line 49, in increase_quantity\n    self.click(self.QUANTITY_UP_BUTTON)\n  File \"/home/runner/work/QATEST/QATEST/src/pages/base_page.py\", line 273, in click\n    element.click()\n  File \"/home/runner/work/QATEST/QATEST/venv/lib/python3.11/site-packages/selenium/webdriver/remote/webelement.py\", line 94, in click\n    self._execute(Command.CLICK_ELEMENT)\n  File \"/home/runner/work/QATEST/QATEST/venv/lib/python3.11/site-packages/selenium/webdriver/remote/webelement.py\", line 402, in _execute\n    return self._parent.execute(command, params)\n           ^^^^^^^^^^^^^^^^^^^^^^^^^^^^^^^^^^^^^\n  File \"/home/runner/work/QATEST/QATEST/venv/lib/python3.11/site-packages/selenium/webdriver/remote/webdriver.py\", line 384, in execute\n    self.error_handler.check_response(response)\n  File \"/home/runner/work/QATEST/QATEST/venv/lib/python3.11/site-packages/selenium/webdriver/remote/errorhandler.py\", line 232, in check_response\n    raise exception_class(message, screen, stacktrace)\n","steps":[],"attachments":[],"parameters":[],"shouldDisplayMessage":true,"stepsCount":0,"attachmentsCount":0,"hasContent":true,"attachmentStep":false}],"attachments":[{"uid":"8717e4c15d800353","name":"log","source":"8717e4c15d800353.txt","type":"text/plain","size":29170},{"uid":"8b1171c29391670b","name":"stderr","source":"8b1171c29391670b.txt","type":"text/plain","size":198}],"parameters":[],"shouldDisplayMessage":true,"stepsCount":4,"attachmentsCount":2,"hasContent":true,"attachmentStep":false},"afterStages":[{"name":"driver::0","time":{"start":1767314054883,"stop":1767314054952,"duration":69},"status":"passed","steps":[],"attachments":[],"parameters":[],"shouldDisplayMessage":false,"stepsCount":0,"attachmentsCount":0,"hasContent":false,"attachmentStep":false}],"labels":[{"name":"severity","value":"normal"},{"name":"feature","value":"상품 관리"},{"name":"story","value":"수량 조절"},{"name":"tag","value":"ui"},{"name":"parentSuite","value":"src.tests.ui"},{"name":"suite","value":"test_ui_quantity"},{"name":"subSuite","value":"TestQuantityWithPOM"},{"name":"host","value":"runnervmh13bl"},{"name":"thread","value":"2588-MainThread"},{"name":"framework","value":"pytest"},{"name":"language","value":"cpython3"},{"name":"package","value":"src.tests.ui.test_ui_quantity"},{"name":"resultFormat","value":"allure2"}],"parameters":[],"links":[],"hidden":false,"retry":false,"extra":{"severity":"normal","retries":[],"categories":[{"name":"Test defects","matchedStatuses":[],"flaky":false}],"tags":["ui"]},"source":"b1ae36db49d1d08b.json","parameterValues":[]}