{"uid":"b28bdb7aeba7fc73","name":"로그인 후 상품 추가 및 장바구니 확인","fullName":"src.tests.ui.test_ui_goods_add_flow.TestGoodAddFlow#test_full_good_add_flow","historyId":"bd90793560b1988884d9ea4461719004","time":{"start":1768565694240,"stop":1768565697824,"duration":3584},"description":"\n    **목적:** 로그인부터 장바구니 담기까지 전체 플로우가 정상 동작하는지 확인\n\n    **테스트 단계:**\n    1. 마켓컬리 메인 페이지 접속\n    2. 로그인\n    3. 상품 검색 ('과자')\n    4. 상품 선택 및 장바구니 추가\n    5. 수량 조절\n    6. 장바구니 담기\n    7. 장바구니 페이지로 이동\n\n    **예상 결과:** 전체 플로우가 성공적으로 완료됨\n    ","descriptionHtml":"<pre><code>**목적:** 로그인부터 장바구니 담기까지 전체 플로우가 정상 동작하는지 확인\n\n**테스트 단계:**\n1. 마켓컬리 메인 페이지 접속\n2. 로그인\n3. 상품 검색 ('과자')\n4. 상품 선택 및 장바구니 추가\n5. 수량 조절\n6. 장바구니 담기\n7. 장바구니 페이지로 이동\n\n**예상 결과:** 전체 플로우가 성공적으로 완료됨\n</code></pre>\n","status":"broken","statusMessage":"selenium.common.exceptions.ElementClickInterceptedException: Message: element click intercepted: Element <button class=\"css-4ojrwk e4nu7ef3\" type=\"submit\" height=\"54\" radius=\"6\">...</button> is not clickable at point (525, 419). Other element would receive the click: <input data-testid=\"input-box\" name=\"password\" placeholder=\"비밀번호를 입력해주세요\" type=\"password\" autocomplete=\"off\" class=\"css-u52dqk e1uzxhvi2\" value=\"testpass\">\n  (Session info: chrome=143.0.7499.192)\nStacktrace:\n#0 0x55b0b69d940a <unknown>\n#1 0x55b0b640d76b <unknown>\n#2 0x55b0b6465c04 <unknown>\n#3 0x55b0b6463ac8 <unknown>\n#4 0x55b0b64611ea <unknown>\n#5 0x55b0b6460329 <unknown>\n#6 0x55b0b6453642 <unknown>\n#7 0x55b0b6452fe7 <unknown>\n#8 0x55b0b64aa760 <unknown>\n#9 0x55b0b64517b2 <unknown>\n#10 0x55b0b6452461 <unknown>\n#11 0x55b0b69a1df9 <unknown>\n#12 0x55b0b69a4d5d <unknown>\n#13 0x55b0b698ab41 <unknown>\n#14 0x55b0b69a593b <unknown>\n#15 0x55b0b6971870 <unknown>\n#16 0x55b0b69c6828 <unknown>\n#17 0x55b0b69c69fc <unknown>\n#18 0x55b0b69d8763 <unknown>\n#19 0x7f750ac9caa4 <unknown>\n#20 0x7f750ad29c6c <unknown>","statusTrace":"src/tests/ui/test_ui_goods_add_flow.py:40: in test_full_good_add_flow\n    kurly_login_page.click_login_button()\nsrc/pages/kurly_login_page.py:67: in click_login_button\n    self.click(self.SUBMIT_BUTTON)\nsrc/pages/base_page.py:273: in click\n    element.click()\nvenv/lib/python3.11/site-packages/selenium/webdriver/remote/webelement.py:94: in click\n    self._execute(Command.CLICK_ELEMENT)\nvenv/lib/python3.11/site-packages/selenium/webdriver/remote/webelement.py:402: in _execute\n    return self._parent.execute(command, params)\nvenv/lib/python3.11/site-packages/selenium/webdriver/remote/webdriver.py:384: in execute\n    self.error_handler.check_response(response)\nvenv/lib/python3.11/site-packages/selenium/webdriver/remote/errorhandler.py:232: in check_response\n    raise exception_class(message, screen, stacktrace)\nE   selenium.common.exceptions.ElementClickInterceptedException: Message: element click intercepted: Element <button class=\"css-4ojrwk e4nu7ef3\" type=\"submit\" height=\"54\" radius=\"6\">...</button> is not clickable at point (525, 419). Other element would receive the click: <input data-testid=\"input-box\" name=\"password\" placeholder=\"비밀번호를 입력해주세요\" type=\"password\" autocomplete=\"off\" class=\"css-u52dqk e1uzxhvi2\" value=\"testpass\">\nE     (Session info: chrome=143.0.7499.192)\nE   Stacktrace:\nE   #0 0x55b0b69d940a <unknown>\nE   #1 0x55b0b640d76b <unknown>\nE   #2 0x55b0b6465c04 <unknown>\nE   #3 0x55b0b6463ac8 <unknown>\nE   #4 0x55b0b64611ea <unknown>\nE   #5 0x55b0b6460329 <unknown>\nE   #6 0x55b0b6453642 <unknown>\nE   #7 0x55b0b6452fe7 <unknown>\nE   #8 0x55b0b64aa760 <unknown>\nE   #9 0x55b0b64517b2 <unknown>\nE   #10 0x55b0b6452461 <unknown>\nE   #11 0x55b0b69a1df9 <unknown>\nE   #12 0x55b0b69a4d5d <unknown>\nE   #13 0x55b0b698ab41 <unknown>\nE   #14 0x55b0b69a593b <unknown>\nE   #15 0x55b0b6971870 <unknown>\nE   #16 0x55b0b69c6828 <unknown>\nE   #17 0x55b0b69c69fc <unknown>\nE   #18 0x55b0b69d8763 <unknown>\nE   #19 0x7f750ac9caa4 <unknown>\nE   #20 0x7f750ad29c6c <unknown>","flaky":false,"newFailed":false,"newBroken":false,"newPassed":false,"retriesCount":0,"retriesStatusChange":false,"beforeStages":[{"name":"driver","time":{"start":1768565693625,"stop":1768565694239,"duration":614},"status":"passed","steps":[],"attachments":[],"parameters":[],"shouldDisplayMessage":false,"stepsCount":0,"attachmentsCount":0,"hasContent":false,"attachmentStep":false},{"name":"kurly_search_page","time":{"start":1768565694239,"stop":1768565694239,"duration":0},"status":"passed","steps":[],"attachments":[],"parameters":[],"shouldDisplayMessage":false,"stepsCount":0,"attachmentsCount":0,"hasContent":false,"attachmentStep":false},{"name":"kurly_main_page","time":{"start":1768565694239,"stop":1768565694239,"duration":0},"status":"passed","steps":[],"attachments":[],"parameters":[],"shouldDisplayMessage":false,"stepsCount":0,"attachmentsCount":0,"hasContent":false,"attachmentStep":false},{"name":"kurly_login_page","time":{"start":1768565694239,"stop":1768565694239,"duration":0},"status":"passed","steps":[],"attachments":[],"parameters":[],"shouldDisplayMessage":false,"stepsCount":0,"attachmentsCount":0,"hasContent":false,"attachmentStep":false},{"name":"kurly_cart_page","time":{"start":1768565694239,"stop":1768565694240,"duration":1},"status":"passed","steps":[],"attachments":[],"parameters":[],"shouldDisplayMessage":false,"stepsCount":0,"attachmentsCount":0,"hasContent":false,"attachmentStep":false},{"name":"test_credentials","time":{"start":1768565694240,"stop":1768565694240,"duration":0},"status":"passed","steps":[],"attachments":[],"parameters":[],"shouldDisplayMessage":false,"stepsCount":0,"attachmentsCount":0,"hasContent":false,"attachmentStep":false}],"testStage":{"description":"\n    **목적:** 로그인부터 장바구니 담기까지 전체 플로우가 정상 동작하는지 확인\n\n    **테스트 단계:**\n    1. 마켓컬리 메인 페이지 접속\n    2. 로그인\n    3. 상품 검색 ('과자')\n    4. 상품 선택 및 장바구니 추가\n    5. 수량 조절\n    6. 장바구니 담기\n    7. 장바구니 페이지로 이동\n\n    **예상 결과:** 전체 플로우가 성공적으로 완료됨\n    ","status":"broken","statusMessage":"selenium.common.exceptions.ElementClickInterceptedException: Message: element click intercepted: Element <button class=\"css-4ojrwk e4nu7ef3\" type=\"submit\" height=\"54\" radius=\"6\">...</button> is not clickable at point (525, 419). Other element would receive the click: <input data-testid=\"input-box\" name=\"password\" placeholder=\"비밀번호를 입력해주세요\" type=\"password\" autocomplete=\"off\" class=\"css-u52dqk e1uzxhvi2\" value=\"testpass\">\n  (Session info: chrome=143.0.7499.192)\nStacktrace:\n#0 0x55b0b69d940a <unknown>\n#1 0x55b0b640d76b <unknown>\n#2 0x55b0b6465c04 <unknown>\n#3 0x55b0b6463ac8 <unknown>\n#4 0x55b0b64611ea <unknown>\n#5 0x55b0b6460329 <unknown>\n#6 0x55b0b6453642 <unknown>\n#7 0x55b0b6452fe7 <unknown>\n#8 0x55b0b64aa760 <unknown>\n#9 0x55b0b64517b2 <unknown>\n#10 0x55b0b6452461 <unknown>\n#11 0x55b0b69a1df9 <unknown>\n#12 0x55b0b69a4d5d <unknown>\n#13 0x55b0b698ab41 <unknown>\n#14 0x55b0b69a593b <unknown>\n#15 0x55b0b6971870 <unknown>\n#16 0x55b0b69c6828 <unknown>\n#17 0x55b0b69c69fc <unknown>\n#18 0x55b0b69d8763 <unknown>\n#19 0x7f750ac9caa4 <unknown>\n#20 0x7f750ad29c6c <unknown>","statusTrace":"src/tests/ui/test_ui_goods_add_flow.py:40: in test_full_good_add_flow\n    kurly_login_page.click_login_button()\nsrc/pages/kurly_login_page.py:67: in click_login_button\n    self.click(self.SUBMIT_BUTTON)\nsrc/pages/base_page.py:273: in click\n    element.click()\nvenv/lib/python3.11/site-packages/selenium/webdriver/remote/webelement.py:94: in click\n    self._execute(Command.CLICK_ELEMENT)\nvenv/lib/python3.11/site-packages/selenium/webdriver/remote/webelement.py:402: in _execute\n    return self._parent.execute(command, params)\nvenv/lib/python3.11/site-packages/selenium/webdriver/remote/webdriver.py:384: in execute\n    self.error_handler.check_response(response)\nvenv/lib/python3.11/site-packages/selenium/webdriver/remote/errorhandler.py:232: in check_response\n    raise exception_class(message, screen, stacktrace)\nE   selenium.common.exceptions.ElementClickInterceptedException: Message: element click intercepted: Element <button class=\"css-4ojrwk e4nu7ef3\" type=\"submit\" height=\"54\" radius=\"6\">...</button> is not clickable at point (525, 419). Other element would receive the click: <input data-testid=\"input-box\" name=\"password\" placeholder=\"비밀번호를 입력해주세요\" type=\"password\" autocomplete=\"off\" class=\"css-u52dqk e1uzxhvi2\" value=\"testpass\">\nE     (Session info: chrome=143.0.7499.192)\nE   Stacktrace:\nE   #0 0x55b0b69d940a <unknown>\nE   #1 0x55b0b640d76b <unknown>\nE   #2 0x55b0b6465c04 <unknown>\nE   #3 0x55b0b6463ac8 <unknown>\nE   #4 0x55b0b64611ea <unknown>\nE   #5 0x55b0b6460329 <unknown>\nE   #6 0x55b0b6453642 <unknown>\nE   #7 0x55b0b6452fe7 <unknown>\nE   #8 0x55b0b64aa760 <unknown>\nE   #9 0x55b0b64517b2 <unknown>\nE   #10 0x55b0b6452461 <unknown>\nE   #11 0x55b0b69a1df9 <unknown>\nE   #12 0x55b0b69a4d5d <unknown>\nE   #13 0x55b0b698ab41 <unknown>\nE   #14 0x55b0b69a593b <unknown>\nE   #15 0x55b0b6971870 <unknown>\nE   #16 0x55b0b69c6828 <unknown>\nE   #17 0x55b0b69c69fc <unknown>\nE   #18 0x55b0b69d8763 <unknown>\nE   #19 0x7f750ac9caa4 <unknown>\nE   #20 0x7f750ad29c6c <unknown>","steps":[{"name":"로그인 프로세스","time":{"start":1768565694240,"stop":1768565697823,"duration":3583},"status":"broken","statusMessage":"selenium.common.exceptions.ElementClickInterceptedException: Message: element click intercepted: Element <button class=\"css-4ojrwk e4nu7ef3\" type=\"submit\" height=\"54\" radius=\"6\">...</button> is not clickable at point (525, 419). Other element would receive the click: <input data-testid=\"input-box\" name=\"password\" placeholder=\"비밀번호를 입력해주세요\" type=\"password\" autocomplete=\"off\" class=\"css-u52dqk e1uzxhvi2\" value=\"testpass\">\n  (Session info: chrome=143.0.7499.192)\nStacktrace:\n#0 0x55b0b69d940a <unknown>\n#1 0x55b0b640d76b <unknown>\n#2 0x55b0b6465c04 <unknown>\n#3 0x55b0b6463ac8 <unknown>\n#4 0x55b0b64611ea <unknown>\n#5 0x55b0b6460329 <unknown>\n#6 0x55b0b6453642 <unknown>\n#7 0x55b0b6452fe7 <unknown>\n#8 0x55b0b64aa760 <unknown>\n#9 0x55b0b64517b2 <unknown>\n#10 0x55b0b6452461 <unknown>\n#11 0x55b0b69a1df9 <unknown>\n#12 0x55b0b69a4d5d <unknown>\n#13 0x55b0b698ab41 <unknown>\n#14 0x55b0b69a593b <unknown>\n#15 0x55b0b6971870 <unknown>\n#16 0x55b0b69c6828 <unknown>\n#17 0x55b0b69c69fc <unknown>\n#18 0x55b0b69d8763 <unknown>\n#19 0x7f750ac9caa4 <unknown>\n#20 0x7f750ad29c6c <unknown>\n\n","statusTrace":"  File \"/home/runner/work/QATEST/QATEST/src/tests/ui/test_ui_goods_add_flow.py\", line 40, in test_full_good_add_flow\n    kurly_login_page.click_login_button()\n  File \"/home/runner/work/QATEST/QATEST/src/pages/kurly_login_page.py\", line 67, in click_login_button\n    self.click(self.SUBMIT_BUTTON)\n  File \"/home/runner/work/QATEST/QATEST/src/pages/base_page.py\", line 273, in click\n    element.click()\n  File \"/home/runner/work/QATEST/QATEST/venv/lib/python3.11/site-packages/selenium/webdriver/remote/webelement.py\", line 94, in click\n    self._execute(Command.CLICK_ELEMENT)\n  File \"/home/runner/work/QATEST/QATEST/venv/lib/python3.11/site-packages/selenium/webdriver/remote/webelement.py\", line 402, in _execute\n    return self._parent.execute(command, params)\n           ^^^^^^^^^^^^^^^^^^^^^^^^^^^^^^^^^^^^^\n  File \"/home/runner/work/QATEST/QATEST/venv/lib/python3.11/site-packages/selenium/webdriver/remote/webdriver.py\", line 384, in execute\n    self.error_handler.check_response(response)\n  File \"/home/runner/work/QATEST/QATEST/venv/lib/python3.11/site-packages/selenium/webdriver/remote/errorhandler.py\", line 232, in check_response\n    raise exception_class(message, screen, stacktrace)\n","steps":[],"attachments":[],"parameters":[],"shouldDisplayMessage":true,"stepsCount":0,"attachmentsCount":0,"hasContent":true,"attachmentStep":false}],"attachments":[{"uid":"c5ab78742fba4716","name":"log","source":"c5ab78742fba4716.txt","type":"text/plain","size":26045},{"uid":"d1c8829885f71010","name":"stderr","source":"d1c8829885f71010.txt","type":"text/plain","size":198}],"parameters":[],"shouldDisplayMessage":true,"stepsCount":1,"attachmentsCount":2,"hasContent":true,"attachmentStep":false},"afterStages":[{"name":"driver::0","time":{"start":1768565697848,"stop":1768565697914,"duration":66},"status":"passed","steps":[],"attachments":[],"parameters":[],"shouldDisplayMessage":false,"stepsCount":0,"attachmentsCount":0,"hasContent":false,"attachmentStep":false}],"labels":[{"name":"story","value":"로그인 후 상품 추가"},{"name":"severity","value":"critical"},{"name":"feature","value":"E2E 플로우"},{"name":"tag","value":"ui"},{"name":"parentSuite","value":"src.tests.ui"},{"name":"suite","value":"test_ui_goods_add_flow"},{"name":"subSuite","value":"TestGoodAddFlow"},{"name":"host","value":"runnervmmtnos"},{"name":"thread","value":"2721-MainThread"},{"name":"framework","value":"pytest"},{"name":"language","value":"cpython3"},{"name":"package","value":"src.tests.ui.test_ui_goods_add_flow"},{"name":"resultFormat","value":"allure2"}],"parameters":[],"links":[],"hidden":false,"retry":false,"extra":{"severity":"critical","retries":[],"categories":[{"name":"Test defects","matchedStatuses":[],"flaky":false}],"tags":["ui"]},"source":"b28bdb7aeba7fc73.json","parameterValues":[]}