{"uid":"b58ab973554c1fa2","name":"여러 상품을 장바구니에 담기","fullName":"src.tests.ui.test_cart_management.TestCartManagement#test_add_multiple_items_to_cart","historyId":"b10392ec03b6bdb85794b4326da8c28d","time":{"start":1769084186037,"stop":1769084194715,"duration":8678},"description":"여러 상품을 장바구니에 담고 모두 장바구니에 있는지 확인","descriptionHtml":"<p>여러 상품을 장바구니에 담고 모두 장바구니에 있는지 확인</p>\n","status":"broken","statusMessage":"selenium.common.exceptions.TimeoutException: Message: ❌ 요소를 클릭할 수 없습니다: ('xpath', \"//button[contains(text(),'장바구니 담기')]\")","statusTrace":"src/pages/base_page.py:272: in click\n    element = self.wait_clickable(locator, timeout)\nsrc/pages/base_page.py:127: in wait_clickable\n    return wait.until(EC.element_to_be_clickable(locator))\nvenv/lib/python3.11/site-packages/selenium/webdriver/support/wait.py:105: in until\n    raise TimeoutException(message, screen, stacktrace)\nE   selenium.common.exceptions.TimeoutException: Message: \nE   Stacktrace:\nE   #0 0x5623e615340a <unknown>\nE   #1 0x5623e5b8776b <unknown>\nE   #2 0x5623e5bd8e88 <unknown>\nE   #3 0x5623e5bd90c1 <unknown>\nE   #4 0x5623e5c272c4 <unknown>\nE   #5 0x5623e5c24760 <unknown>\nE   #6 0x5623e5bcb7b2 <unknown>\nE   #7 0x5623e5bcc461 <unknown>\nE   #8 0x5623e611bdf9 <unknown>\nE   #9 0x5623e611ed5d <unknown>\nE   #10 0x5623e6104b41 <unknown>\nE   #11 0x5623e611f93b <unknown>\nE   #12 0x5623e60eb870 <unknown>\nE   #13 0x5623e6140828 <unknown>\nE   #14 0x5623e61409fc <unknown>\nE   #15 0x5623e6152763 <unknown>\nE   #16 0x7f779069caa4 <unknown>\nE   #17 0x7f7790729c6c <unknown>\n\nDuring handling of the above exception, another exception occurred:\nsrc/tests/ui/test_cart_management.py:32: in test_add_multiple_items_to_cart\n    kurly_search_page.add_to_cart_in_alt()\nsrc/pages/kurly_search_page.py:238: in add_to_cart_in_alt\n    self.click(self.ADD_TO_CART_BUTTONS_IN_ALT)\nsrc/pages/base_page.py:277: in click\n    raise TimeoutException(f\"❌ 요소를 클릭할 수 없습니다: {locator}\")\nE   selenium.common.exceptions.TimeoutException: Message: ❌ 요소를 클릭할 수 없습니다: ('xpath', \"//button[contains(text(),'장바구니 담기')]\")","flaky":false,"newFailed":false,"newBroken":false,"newPassed":false,"retriesCount":0,"retriesStatusChange":false,"beforeStages":[{"name":"driver","time":{"start":1769084185146,"stop":1769084186036,"duration":890},"status":"passed","steps":[],"attachments":[],"parameters":[],"shouldDisplayMessage":false,"stepsCount":0,"attachmentsCount":0,"hasContent":false,"attachmentStep":false},{"name":"kurly_main_page","time":{"start":1769084186036,"stop":1769084186036,"duration":0},"status":"passed","steps":[],"attachments":[],"parameters":[],"shouldDisplayMessage":false,"stepsCount":0,"attachmentsCount":0,"hasContent":false,"attachmentStep":false},{"name":"kurly_search_page","time":{"start":1769084186036,"stop":1769084186036,"duration":0},"status":"passed","steps":[],"attachments":[],"parameters":[],"shouldDisplayMessage":false,"stepsCount":0,"attachmentsCount":0,"hasContent":false,"attachmentStep":false},{"name":"kurly_cart_page","time":{"start":1769084186036,"stop":1769084186036,"duration":0},"status":"passed","steps":[],"attachments":[],"parameters":[],"shouldDisplayMessage":false,"stepsCount":0,"attachmentsCount":0,"hasContent":false,"attachmentStep":false}],"testStage":{"description":"여러 상품을 장바구니에 담고 모두 장바구니에 있는지 확인","status":"broken","statusMessage":"selenium.common.exceptions.TimeoutException: Message: ❌ 요소를 클릭할 수 없습니다: ('xpath', \"//button[contains(text(),'장바구니 담기')]\")","statusTrace":"src/pages/base_page.py:272: in click\n    element = self.wait_clickable(locator, timeout)\nsrc/pages/base_page.py:127: in wait_clickable\n    return wait.until(EC.element_to_be_clickable(locator))\nvenv/lib/python3.11/site-packages/selenium/webdriver/support/wait.py:105: in until\n    raise TimeoutException(message, screen, stacktrace)\nE   selenium.common.exceptions.TimeoutException: Message: \nE   Stacktrace:\nE   #0 0x5623e615340a <unknown>\nE   #1 0x5623e5b8776b <unknown>\nE   #2 0x5623e5bd8e88 <unknown>\nE   #3 0x5623e5bd90c1 <unknown>\nE   #4 0x5623e5c272c4 <unknown>\nE   #5 0x5623e5c24760 <unknown>\nE   #6 0x5623e5bcb7b2 <unknown>\nE   #7 0x5623e5bcc461 <unknown>\nE   #8 0x5623e611bdf9 <unknown>\nE   #9 0x5623e611ed5d <unknown>\nE   #10 0x5623e6104b41 <unknown>\nE   #11 0x5623e611f93b <unknown>\nE   #12 0x5623e60eb870 <unknown>\nE   #13 0x5623e6140828 <unknown>\nE   #14 0x5623e61409fc <unknown>\nE   #15 0x5623e6152763 <unknown>\nE   #16 0x7f779069caa4 <unknown>\nE   #17 0x7f7790729c6c <unknown>\n\nDuring handling of the above exception, another exception occurred:\nsrc/tests/ui/test_cart_management.py:32: in test_add_multiple_items_to_cart\n    kurly_search_page.add_to_cart_in_alt()\nsrc/pages/kurly_search_page.py:238: in add_to_cart_in_alt\n    self.click(self.ADD_TO_CART_BUTTONS_IN_ALT)\nsrc/pages/base_page.py:277: in click\n    raise TimeoutException(f\"❌ 요소를 클릭할 수 없습니다: {locator}\")\nE   selenium.common.exceptions.TimeoutException: Message: ❌ 요소를 클릭할 수 없습니다: ('xpath', \"//button[contains(text(),'장바구니 담기')]\")","steps":[{"name":"메인 페이지 접속","time":{"start":1769084186037,"stop":1769084188349,"duration":2312},"status":"passed","steps":[],"attachments":[],"parameters":[],"shouldDisplayMessage":false,"stepsCount":0,"attachmentsCount":0,"hasContent":false,"attachmentStep":false},{"name":"'과자' 검색","time":{"start":1769084188349,"stop":1769084188703,"duration":354},"status":"passed","steps":[],"attachments":[],"parameters":[],"shouldDisplayMessage":false,"stepsCount":0,"attachmentsCount":0,"hasContent":false,"attachmentStep":false},{"name":"3개 상품을 장바구니에 담기","time":{"start":1769084188704,"stop":1769084194715,"duration":6011},"status":"broken","statusMessage":"selenium.common.exceptions.TimeoutException: Message: ❌ 요소를 클릭할 수 없습니다: ('xpath', \"//button[contains(text(),'장바구니 담기')]\")\n\n","statusTrace":"  File \"/home/runner/work/QATEST/QATEST/src/tests/ui/test_cart_management.py\", line 32, in test_add_multiple_items_to_cart\n    kurly_search_page.add_to_cart_in_alt()\n  File \"/home/runner/work/QATEST/QATEST/src/pages/kurly_search_page.py\", line 238, in add_to_cart_in_alt\n    self.click(self.ADD_TO_CART_BUTTONS_IN_ALT)\n  File \"/home/runner/work/QATEST/QATEST/src/pages/base_page.py\", line 277, in click\n    raise TimeoutException(f\"❌ 요소를 클릭할 수 없습니다: {locator}\")\n","steps":[],"attachments":[],"parameters":[],"shouldDisplayMessage":true,"stepsCount":0,"attachmentsCount":0,"hasContent":true,"attachmentStep":false}],"attachments":[{"uid":"78e9a18296d10001","name":"log","source":"78e9a18296d10001.txt","type":"text/plain","size":119718},{"uid":"2971ef1a5850f331","name":"stderr","source":"2971ef1a5850f331.txt","type":"text/plain","size":486}],"parameters":[],"shouldDisplayMessage":true,"stepsCount":3,"attachmentsCount":2,"hasContent":true,"attachmentStep":false},"afterStages":[{"name":"driver::0","time":{"start":1769084200905,"stop":1769084200993,"duration":88},"status":"passed","steps":[],"attachments":[],"parameters":[],"shouldDisplayMessage":false,"stepsCount":0,"attachmentsCount":0,"hasContent":false,"attachmentStep":false}],"labels":[{"name":"story","value":"장바구니 상품 관리"},{"name":"feature","value":"장바구니 관리"},{"name":"tag","value":"ui"},{"name":"parentSuite","value":"src.tests.ui"},{"name":"suite","value":"test_cart_management"},{"name":"subSuite","value":"TestCartManagement"},{"name":"host","value":"runnervmmtnos"},{"name":"thread","value":"2592-MainThread"},{"name":"framework","value":"pytest"},{"name":"language","value":"cpython3"},{"name":"package","value":"src.tests.ui.test_cart_management"},{"name":"resultFormat","value":"allure2"}],"parameters":[],"links":[],"hidden":false,"retry":false,"extra":{"severity":"normal","retries":[],"categories":[{"name":"Test defects","matchedStatuses":[],"flaky":false}],"tags":["ui"]},"source":"b58ab973554c1fa2.json","parameterValues":[]}