{"uid":"babc5a772217e26d","name":"빈 계정 정보로 로그인 실패 테스트","fullName":"src.tests.ui.test_ui_login.TestLogin#test_login_with_empty_credentials","historyId":"c0b6c4c52adebffb925d6b84b9b80bd4","time":{"start":1771445947709,"stop":1771445950756,"duration":3047},"description":"\n    **목적:** 아이디나 비밀번호를 입력하지 않고 로그인 시도 시 적절한 처리가 되는지 확인\n\n    **테스트 단계:**\n    1. 마켓컬리 메인 페이지 접속\n    2. 로그인 버튼 클릭\n    3. 아이디와 비밀번호를 입력하지 않음\n    4. 로그인 버튼 클릭\n    5. 에러 메시지 또는 유효성 검사 메시지 표시 확인\n    ","descriptionHtml":"<pre><code>**목적:** 아이디나 비밀번호를 입력하지 않고 로그인 시도 시 적절한 처리가 되는지 확인\n\n**테스트 단계:**\n1. 마켓컬리 메인 페이지 접속\n2. 로그인 버튼 클릭\n3. 아이디와 비밀번호를 입력하지 않음\n4. 로그인 버튼 클릭\n5. 에러 메시지 또는 유효성 검사 메시지 표시 확인\n</code></pre>\n","status":"broken","statusMessage":"selenium.common.exceptions.ElementClickInterceptedException: Message: element click intercepted: Element <button class=\"css-4ojrwk e4nu7ef3\" type=\"submit\" height=\"54\" radius=\"6\">...</button> is not clickable at point (525, 419). Other element would receive the click: <input data-testid=\"input-box\" name=\"password\" placeholder=\"비밀번호를 입력해주세요\" type=\"password\" autocomplete=\"off\" class=\"css-u52dqk e1uzxhvi2\" value=\"\">\n  (Session info: chrome=144.0.7559.132)\nStacktrace:\n#0 0x557879d23a4a <unknown>\n#1 0x55787973c6a2 <unknown>\n#2 0x557879798d6b <unknown>\n#3 0x5578797969a2 <unknown>\n#4 0x557879793ee9 <unknown>\n#5 0x557879792fe7 <unknown>\n#6 0x557879785992 <unknown>\n#7 0x5578797852d7 <unknown>\n#8 0x5578797da7f0 <unknown>\n#9 0x5578797838b2 <unknown>\n#10 0x5578797846a1 <unknown>\n#11 0x557879ce98a9 <unknown>\n#12 0x557879cec7b1 <unknown>\n#13 0x557879cd5ea9 <unknown>\n#14 0x557879ced36e <unknown>\n#15 0x557879cbc410 <unknown>\n#16 0x557879d110c8 <unknown>\n#17 0x557879d1129b <unknown>\n#18 0x557879d22db8 <unknown>\n#19 0x7f2af989caa4 <unknown>\n#20 0x7f2af9929c6c <unknown>","statusTrace":"src/tests/ui/test_ui_login.py:75: in test_login_with_empty_credentials\n    kurly_login_page.click_login_button()\nsrc/pages/kurly_login_page.py:67: in click_login_button\n    self.click(self.SUBMIT_BUTTON)\nsrc/pages/base_page.py:273: in click\n    element.click()\nvenv/lib/python3.11/site-packages/selenium/webdriver/remote/webelement.py:94: in click\n    self._execute(Command.CLICK_ELEMENT)\nvenv/lib/python3.11/site-packages/selenium/webdriver/remote/webelement.py:402: in _execute\n    return self._parent.execute(command, params)\nvenv/lib/python3.11/site-packages/selenium/webdriver/remote/webdriver.py:384: in execute\n    self.error_handler.check_response(response)\nvenv/lib/python3.11/site-packages/selenium/webdriver/remote/errorhandler.py:232: in check_response\n    raise exception_class(message, screen, stacktrace)\nE   selenium.common.exceptions.ElementClickInterceptedException: Message: element click intercepted: Element <button class=\"css-4ojrwk e4nu7ef3\" type=\"submit\" height=\"54\" radius=\"6\">...</button> is not clickable at point (525, 419). Other element would receive the click: <input data-testid=\"input-box\" name=\"password\" placeholder=\"비밀번호를 입력해주세요\" type=\"password\" autocomplete=\"off\" class=\"css-u52dqk e1uzxhvi2\" value=\"\">\nE     (Session info: chrome=144.0.7559.132)\nE   Stacktrace:\nE   #0 0x557879d23a4a <unknown>\nE   #1 0x55787973c6a2 <unknown>\nE   #2 0x557879798d6b <unknown>\nE   #3 0x5578797969a2 <unknown>\nE   #4 0x557879793ee9 <unknown>\nE   #5 0x557879792fe7 <unknown>\nE   #6 0x557879785992 <unknown>\nE   #7 0x5578797852d7 <unknown>\nE   #8 0x5578797da7f0 <unknown>\nE   #9 0x5578797838b2 <unknown>\nE   #10 0x5578797846a1 <unknown>\nE   #11 0x557879ce98a9 <unknown>\nE   #12 0x557879cec7b1 <unknown>\nE   #13 0x557879cd5ea9 <unknown>\nE   #14 0x557879ced36e <unknown>\nE   #15 0x557879cbc410 <unknown>\nE   #16 0x557879d110c8 <unknown>\nE   #17 0x557879d1129b <unknown>\nE   #18 0x557879d22db8 <unknown>\nE   #19 0x7f2af989caa4 <unknown>\nE   #20 0x7f2af9929c6c <unknown>","flaky":false,"newFailed":false,"newBroken":false,"newPassed":false,"retriesCount":0,"retriesStatusChange":false,"beforeStages":[{"name":"driver","time":{"start":1771445941467,"stop":1771445942089,"duration":622},"status":"passed","steps":[],"attachments":[],"parameters":[],"shouldDisplayMessage":false,"stepsCount":0,"attachmentsCount":0,"hasContent":false,"attachmentStep":false},{"name":"kurly_login_page","time":{"start":1771445947709,"stop":1771445947709,"duration":0},"status":"passed","steps":[],"attachments":[],"parameters":[],"shouldDisplayMessage":false,"stepsCount":0,"attachmentsCount":0,"hasContent":false,"attachmentStep":false}],"testStage":{"description":"\n    **목적:** 아이디나 비밀번호를 입력하지 않고 로그인 시도 시 적절한 처리가 되는지 확인\n\n    **테스트 단계:**\n    1. 마켓컬리 메인 페이지 접속\n    2. 로그인 버튼 클릭\n    3. 아이디와 비밀번호를 입력하지 않음\n    4. 로그인 버튼 클릭\n    5. 에러 메시지 또는 유효성 검사 메시지 표시 확인\n    ","status":"broken","statusMessage":"selenium.common.exceptions.ElementClickInterceptedException: Message: element click intercepted: Element <button class=\"css-4ojrwk e4nu7ef3\" type=\"submit\" height=\"54\" radius=\"6\">...</button> is not clickable at point (525, 419). Other element would receive the click: <input data-testid=\"input-box\" name=\"password\" placeholder=\"비밀번호를 입력해주세요\" type=\"password\" autocomplete=\"off\" class=\"css-u52dqk e1uzxhvi2\" value=\"\">\n  (Session info: chrome=144.0.7559.132)\nStacktrace:\n#0 0x557879d23a4a <unknown>\n#1 0x55787973c6a2 <unknown>\n#2 0x557879798d6b <unknown>\n#3 0x5578797969a2 <unknown>\n#4 0x557879793ee9 <unknown>\n#5 0x557879792fe7 <unknown>\n#6 0x557879785992 <unknown>\n#7 0x5578797852d7 <unknown>\n#8 0x5578797da7f0 <unknown>\n#9 0x5578797838b2 <unknown>\n#10 0x5578797846a1 <unknown>\n#11 0x557879ce98a9 <unknown>\n#12 0x557879cec7b1 <unknown>\n#13 0x557879cd5ea9 <unknown>\n#14 0x557879ced36e <unknown>\n#15 0x557879cbc410 <unknown>\n#16 0x557879d110c8 <unknown>\n#17 0x557879d1129b <unknown>\n#18 0x557879d22db8 <unknown>\n#19 0x7f2af989caa4 <unknown>\n#20 0x7f2af9929c6c <unknown>","statusTrace":"src/tests/ui/test_ui_login.py:75: in test_login_with_empty_credentials\n    kurly_login_page.click_login_button()\nsrc/pages/kurly_login_page.py:67: in click_login_button\n    self.click(self.SUBMIT_BUTTON)\nsrc/pages/base_page.py:273: in click\n    element.click()\nvenv/lib/python3.11/site-packages/selenium/webdriver/remote/webelement.py:94: in click\n    self._execute(Command.CLICK_ELEMENT)\nvenv/lib/python3.11/site-packages/selenium/webdriver/remote/webelement.py:402: in _execute\n    return self._parent.execute(command, params)\nvenv/lib/python3.11/site-packages/selenium/webdriver/remote/webdriver.py:384: in execute\n    self.error_handler.check_response(response)\nvenv/lib/python3.11/site-packages/selenium/webdriver/remote/errorhandler.py:232: in check_response\n    raise exception_class(message, screen, stacktrace)\nE   selenium.common.exceptions.ElementClickInterceptedException: Message: element click intercepted: Element <button class=\"css-4ojrwk e4nu7ef3\" type=\"submit\" height=\"54\" radius=\"6\">...</button> is not clickable at point (525, 419). Other element would receive the click: <input data-testid=\"input-box\" name=\"password\" placeholder=\"비밀번호를 입력해주세요\" type=\"password\" autocomplete=\"off\" class=\"css-u52dqk e1uzxhvi2\" value=\"\">\nE     (Session info: chrome=144.0.7559.132)\nE   Stacktrace:\nE   #0 0x557879d23a4a <unknown>\nE   #1 0x55787973c6a2 <unknown>\nE   #2 0x557879798d6b <unknown>\nE   #3 0x5578797969a2 <unknown>\nE   #4 0x557879793ee9 <unknown>\nE   #5 0x557879792fe7 <unknown>\nE   #6 0x557879785992 <unknown>\nE   #7 0x5578797852d7 <unknown>\nE   #8 0x5578797da7f0 <unknown>\nE   #9 0x5578797838b2 <unknown>\nE   #10 0x5578797846a1 <unknown>\nE   #11 0x557879ce98a9 <unknown>\nE   #12 0x557879cec7b1 <unknown>\nE   #13 0x557879cd5ea9 <unknown>\nE   #14 0x557879ced36e <unknown>\nE   #15 0x557879cbc410 <unknown>\nE   #16 0x557879d110c8 <unknown>\nE   #17 0x557879d1129b <unknown>\nE   #18 0x557879d22db8 <unknown>\nE   #19 0x7f2af989caa4 <unknown>\nE   #20 0x7f2af9929c6c <unknown>","steps":[{"name":"빈 계정 정보로 로그인 시도","time":{"start":1771445949073,"stop":1771445950756,"duration":1683},"status":"broken","statusMessage":"selenium.common.exceptions.ElementClickInterceptedException: Message: element click intercepted: Element <button class=\"css-4ojrwk e4nu7ef3\" type=\"submit\" height=\"54\" radius=\"6\">...</button> is not clickable at point (525, 419). Other element would receive the click: <input data-testid=\"input-box\" name=\"password\" placeholder=\"비밀번호를 입력해주세요\" type=\"password\" autocomplete=\"off\" class=\"css-u52dqk e1uzxhvi2\" value=\"\">\n  (Session info: chrome=144.0.7559.132)\nStacktrace:\n#0 0x557879d23a4a <unknown>\n#1 0x55787973c6a2 <unknown>\n#2 0x557879798d6b <unknown>\n#3 0x5578797969a2 <unknown>\n#4 0x557879793ee9 <unknown>\n#5 0x557879792fe7 <unknown>\n#6 0x557879785992 <unknown>\n#7 0x5578797852d7 <unknown>\n#8 0x5578797da7f0 <unknown>\n#9 0x5578797838b2 <unknown>\n#10 0x5578797846a1 <unknown>\n#11 0x557879ce98a9 <unknown>\n#12 0x557879cec7b1 <unknown>\n#13 0x557879cd5ea9 <unknown>\n#14 0x557879ced36e <unknown>\n#15 0x557879cbc410 <unknown>\n#16 0x557879d110c8 <unknown>\n#17 0x557879d1129b <unknown>\n#18 0x557879d22db8 <unknown>\n#19 0x7f2af989caa4 <unknown>\n#20 0x7f2af9929c6c <unknown>\n\n","statusTrace":"  File \"/home/runner/work/QATEST/QATEST/src/tests/ui/test_ui_login.py\", line 75, in test_login_with_empty_credentials\n    kurly_login_page.click_login_button()\n  File \"/home/runner/work/QATEST/QATEST/src/pages/kurly_login_page.py\", line 67, in click_login_button\n    self.click(self.SUBMIT_BUTTON)\n  File \"/home/runner/work/QATEST/QATEST/src/pages/base_page.py\", line 273, in click\n    element.click()\n  File \"/home/runner/work/QATEST/QATEST/venv/lib/python3.11/site-packages/selenium/webdriver/remote/webelement.py\", line 94, in click\n    self._execute(Command.CLICK_ELEMENT)\n  File \"/home/runner/work/QATEST/QATEST/venv/lib/python3.11/site-packages/selenium/webdriver/remote/webelement.py\", line 402, in _execute\n    return self._parent.execute(command, params)\n           ^^^^^^^^^^^^^^^^^^^^^^^^^^^^^^^^^^^^^\n  File \"/home/runner/work/QATEST/QATEST/venv/lib/python3.11/site-packages/selenium/webdriver/remote/webdriver.py\", line 384, in execute\n    self.error_handler.check_response(response)\n  File \"/home/runner/work/QATEST/QATEST/venv/lib/python3.11/site-packages/selenium/webdriver/remote/errorhandler.py\", line 232, in check_response\n    raise exception_class(message, screen, stacktrace)\n","steps":[],"attachments":[],"parameters":[],"shouldDisplayMessage":true,"stepsCount":0,"attachmentsCount":0,"hasContent":true,"attachmentStep":false}],"attachments":[{"uid":"1614c21b7021a7b4","name":"log","source":"1614c21b7021a7b4.txt","type":"text/plain","size":11570},{"uid":"8b51b20943a52986","name":"stderr","source":"8b51b20943a52986.txt","type":"text/plain","size":198}],"parameters":[],"shouldDisplayMessage":true,"stepsCount":1,"attachmentsCount":2,"hasContent":true,"attachmentStep":false},"afterStages":[{"name":"driver::0","time":{"start":1771445953081,"stop":1771445953142,"duration":61},"status":"passed","steps":[],"attachments":[],"parameters":[],"shouldDisplayMessage":false,"stepsCount":0,"attachmentsCount":0,"hasContent":false,"attachmentStep":false}],"labels":[{"name":"feature","value":"사용자 인증"},{"name":"severity","value":"critical"},{"name":"story","value":"로그인"},{"name":"tag","value":"ui"},{"name":"parentSuite","value":"src.tests.ui"},{"name":"suite","value":"test_ui_login"},{"name":"subSuite","value":"TestLogin"},{"name":"host","value":"runnervmjduv7"},{"name":"thread","value":"2645-MainThread"},{"name":"framework","value":"pytest"},{"name":"language","value":"cpython3"},{"name":"package","value":"src.tests.ui.test_ui_login"},{"name":"resultFormat","value":"allure2"}],"parameters":[],"links":[],"hidden":false,"retry":false,"extra":{"severity":"critical","retries":[],"categories":[{"name":"Test defects","matchedStatuses":[],"flaky":false}],"tags":["ui"]},"source":"babc5a772217e26d.json","parameterValues":[]}