{"uid":"c2e34d9e509e9c13","name":"장바구니에서 상품 삭제","fullName":"src.tests.ui.test_cart_management.TestCartManagement#test_remove_item_from_cart","historyId":"b65bd31b2e0db8f54d0c135be914a15a","time":{"start":1767427877023,"stop":1767427880404,"duration":3381},"description":"장바구니에 담긴 상품을 삭제하고 개수가 줄어드는지 확인","descriptionHtml":"<p>장바구니에 담긴 상품을 삭제하고 개수가 줄어드는지 확인</p>\n","status":"broken","statusMessage":"selenium.common.exceptions.StaleElementReferenceException: Message: stale element reference: stale element not found in the current frame\n  (Session info: chrome=143.0.7499.109); For documentation on this error, please visit: https://www.selenium.dev/documentation/webdriver/troubleshooting/errors#stale-element-reference-exception\nStacktrace:\n#0 0x561b1253661a <unknown>\n#1 0x561b11fb320b <unknown>\n#2 0x561b11fb9f5f <unknown>\n#3 0x561b11fbc5f4 <unknown>\n#4 0x561b11fbc6c3 <unknown>\n#5 0x561b12008dce <unknown>\n#6 0x561b12006c7a <unknown>\n#7 0x561b12005db9 <unknown>\n#8 0x561b11ff953e <unknown>\n#9 0x561b11ff8a67 <unknown>\n#10 0x561b1205020e <unknown>\n#11 0x561b11ff7232 <unknown>\n#12 0x561b11ff7ee1 <unknown>\n#13 0x561b124ff3f9 <unknown>\n#14 0x561b1250234d <unknown>\n#15 0x561b124e8122 <unknown>\n#16 0x561b12502f2b <unknown>\n#17 0x561b124cec30 <unknown>\n#18 0x561b12523d78 <unknown>\n#19 0x561b12523f4c <unknown>\n#20 0x561b12535973 <unknown>\n#21 0x7fe07a29caa4 <unknown>\n#22 0x7fe07a329c6c <unknown>","statusTrace":"src/tests/ui/test_cart_management.py:69: in test_remove_item_from_cart\n    kurly_search_page.click_nth_add_button(n=1)\nsrc/pages/kurly_search_page.py:175: in click_nth_add_button\n    self.click(nth_add_button)\nsrc/pages/base_page.py:273: in click\n    element.click()\nvenv/lib/python3.11/site-packages/selenium/webdriver/remote/webelement.py:94: in click\n    self._execute(Command.CLICK_ELEMENT)\nvenv/lib/python3.11/site-packages/selenium/webdriver/remote/webelement.py:402: in _execute\n    return self._parent.execute(command, params)\nvenv/lib/python3.11/site-packages/selenium/webdriver/remote/webdriver.py:384: in execute\n    self.error_handler.check_response(response)\nvenv/lib/python3.11/site-packages/selenium/webdriver/remote/errorhandler.py:232: in check_response\n    raise exception_class(message, screen, stacktrace)\nE   selenium.common.exceptions.StaleElementReferenceException: Message: stale element reference: stale element not found in the current frame\nE     (Session info: chrome=143.0.7499.109); For documentation on this error, please visit: https://www.selenium.dev/documentation/webdriver/troubleshooting/errors#stale-element-reference-exception\nE   Stacktrace:\nE   #0 0x561b1253661a <unknown>\nE   #1 0x561b11fb320b <unknown>\nE   #2 0x561b11fb9f5f <unknown>\nE   #3 0x561b11fbc5f4 <unknown>\nE   #4 0x561b11fbc6c3 <unknown>\nE   #5 0x561b12008dce <unknown>\nE   #6 0x561b12006c7a <unknown>\nE   #7 0x561b12005db9 <unknown>\nE   #8 0x561b11ff953e <unknown>\nE   #9 0x561b11ff8a67 <unknown>\nE   #10 0x561b1205020e <unknown>\nE   #11 0x561b11ff7232 <unknown>\nE   #12 0x561b11ff7ee1 <unknown>\nE   #13 0x561b124ff3f9 <unknown>\nE   #14 0x561b1250234d <unknown>\nE   #15 0x561b124e8122 <unknown>\nE   #16 0x561b12502f2b <unknown>\nE   #17 0x561b124cec30 <unknown>\nE   #18 0x561b12523d78 <unknown>\nE   #19 0x561b12523f4c <unknown>\nE   #20 0x561b12535973 <unknown>\nE   #21 0x7fe07a29caa4 <unknown>\nE   #22 0x7fe07a329c6c <unknown>","flaky":false,"newFailed":false,"newBroken":false,"newPassed":false,"retriesCount":0,"retriesStatusChange":false,"beforeStages":[{"name":"driver","time":{"start":1767427866648,"stop":1767427867545,"duration":897},"status":"passed","steps":[],"attachments":[],"parameters":[],"shouldDisplayMessage":false,"stepsCount":0,"attachmentsCount":0,"hasContent":false,"attachmentStep":false},{"name":"kurly_main_page","time":{"start":1767427877022,"stop":1767427877023,"duration":1},"status":"passed","steps":[],"attachments":[],"parameters":[],"shouldDisplayMessage":false,"stepsCount":0,"attachmentsCount":0,"hasContent":false,"attachmentStep":false},{"name":"kurly_search_page","time":{"start":1767427877023,"stop":1767427877023,"duration":0},"status":"passed","steps":[],"attachments":[],"parameters":[],"shouldDisplayMessage":false,"stepsCount":0,"attachmentsCount":0,"hasContent":false,"attachmentStep":false},{"name":"kurly_cart_page","time":{"start":1767427877023,"stop":1767427877023,"duration":0},"status":"passed","steps":[],"attachments":[],"parameters":[],"shouldDisplayMessage":false,"stepsCount":0,"attachmentsCount":0,"hasContent":false,"attachmentStep":false}],"testStage":{"description":"장바구니에 담긴 상품을 삭제하고 개수가 줄어드는지 확인","status":"broken","statusMessage":"selenium.common.exceptions.StaleElementReferenceException: Message: stale element reference: stale element not found in the current frame\n  (Session info: chrome=143.0.7499.109); For documentation on this error, please visit: https://www.selenium.dev/documentation/webdriver/troubleshooting/errors#stale-element-reference-exception\nStacktrace:\n#0 0x561b1253661a <unknown>\n#1 0x561b11fb320b <unknown>\n#2 0x561b11fb9f5f <unknown>\n#3 0x561b11fbc5f4 <unknown>\n#4 0x561b11fbc6c3 <unknown>\n#5 0x561b12008dce <unknown>\n#6 0x561b12006c7a <unknown>\n#7 0x561b12005db9 <unknown>\n#8 0x561b11ff953e <unknown>\n#9 0x561b11ff8a67 <unknown>\n#10 0x561b1205020e <unknown>\n#11 0x561b11ff7232 <unknown>\n#12 0x561b11ff7ee1 <unknown>\n#13 0x561b124ff3f9 <unknown>\n#14 0x561b1250234d <unknown>\n#15 0x561b124e8122 <unknown>\n#16 0x561b12502f2b <unknown>\n#17 0x561b124cec30 <unknown>\n#18 0x561b12523d78 <unknown>\n#19 0x561b12523f4c <unknown>\n#20 0x561b12535973 <unknown>\n#21 0x7fe07a29caa4 <unknown>\n#22 0x7fe07a329c6c <unknown>","statusTrace":"src/tests/ui/test_cart_management.py:69: in test_remove_item_from_cart\n    kurly_search_page.click_nth_add_button(n=1)\nsrc/pages/kurly_search_page.py:175: in click_nth_add_button\n    self.click(nth_add_button)\nsrc/pages/base_page.py:273: in click\n    element.click()\nvenv/lib/python3.11/site-packages/selenium/webdriver/remote/webelement.py:94: in click\n    self._execute(Command.CLICK_ELEMENT)\nvenv/lib/python3.11/site-packages/selenium/webdriver/remote/webelement.py:402: in _execute\n    return self._parent.execute(command, params)\nvenv/lib/python3.11/site-packages/selenium/webdriver/remote/webdriver.py:384: in execute\n    self.error_handler.check_response(response)\nvenv/lib/python3.11/site-packages/selenium/webdriver/remote/errorhandler.py:232: in check_response\n    raise exception_class(message, screen, stacktrace)\nE   selenium.common.exceptions.StaleElementReferenceException: Message: stale element reference: stale element not found in the current frame\nE     (Session info: chrome=143.0.7499.109); For documentation on this error, please visit: https://www.selenium.dev/documentation/webdriver/troubleshooting/errors#stale-element-reference-exception\nE   Stacktrace:\nE   #0 0x561b1253661a <unknown>\nE   #1 0x561b11fb320b <unknown>\nE   #2 0x561b11fb9f5f <unknown>\nE   #3 0x561b11fbc5f4 <unknown>\nE   #4 0x561b11fbc6c3 <unknown>\nE   #5 0x561b12008dce <unknown>\nE   #6 0x561b12006c7a <unknown>\nE   #7 0x561b12005db9 <unknown>\nE   #8 0x561b11ff953e <unknown>\nE   #9 0x561b11ff8a67 <unknown>\nE   #10 0x561b1205020e <unknown>\nE   #11 0x561b11ff7232 <unknown>\nE   #12 0x561b11ff7ee1 <unknown>\nE   #13 0x561b124ff3f9 <unknown>\nE   #14 0x561b1250234d <unknown>\nE   #15 0x561b124e8122 <unknown>\nE   #16 0x561b12502f2b <unknown>\nE   #17 0x561b124cec30 <unknown>\nE   #18 0x561b12523d78 <unknown>\nE   #19 0x561b12523f4c <unknown>\nE   #20 0x561b12535973 <unknown>\nE   #21 0x7fe07a29caa4 <unknown>\nE   #22 0x7fe07a329c6c <unknown>","steps":[{"name":"메인 페이지 접속 및 검색","time":{"start":1767427877023,"stop":1767427878885,"duration":1862},"status":"passed","steps":[],"attachments":[],"parameters":[],"shouldDisplayMessage":false,"stepsCount":0,"attachmentsCount":0,"hasContent":false,"attachmentStep":false},{"name":"상품을 장바구니에 담기","time":{"start":1767427878885,"stop":1767427880403,"duration":1518},"status":"broken","statusMessage":"selenium.common.exceptions.StaleElementReferenceException: Message: stale element reference: stale element not found in the current frame\n  (Session info: chrome=143.0.7499.109); For documentation on this error, please visit: https://www.selenium.dev/documentation/webdriver/troubleshooting/errors#stale-element-reference-exception\nStacktrace:\n#0 0x561b1253661a <unknown>\n#1 0x561b11fb320b <unknown>\n#2 0x561b11fb9f5f <unknown>\n#3 0x561b11fbc5f4 <unknown>\n#4 0x561b11fbc6c3 <unknown>\n#5 0x561b12008dce <unknown>\n#6 0x561b12006c7a <unknown>\n#7 0x561b12005db9 <unknown>\n#8 0x561b11ff953e <unknown>\n#9 0x561b11ff8a67 <unknown>\n#10 0x561b1205020e <unknown>\n#11 0x561b11ff7232 <unknown>\n#12 0x561b11ff7ee1 <unknown>\n#13 0x561b124ff3f9 <unknown>\n#14 0x561b1250234d <unknown>\n#15 0x561b124e8122 <unknown>\n#16 0x561b12502f2b <unknown>\n#17 0x561b124cec30 <unknown>\n#18 0x561b12523d78 <unknown>\n#19 0x561b12523f4c <unknown>\n#20 0x561b12535973 <unknown>\n#21 0x7fe07a29caa4 <unknown>\n#22 0x7fe07a329c6c <unknown>\n\n","statusTrace":"  File \"/home/runner/work/QATEST/QATEST/src/tests/ui/test_cart_management.py\", line 69, in test_remove_item_from_cart\n    kurly_search_page.click_nth_add_button(n=1)\n  File \"/home/runner/work/QATEST/QATEST/src/pages/kurly_search_page.py\", line 175, in click_nth_add_button\n    self.click(nth_add_button)\n  File \"/home/runner/work/QATEST/QATEST/src/pages/base_page.py\", line 273, in click\n    element.click()\n  File \"/home/runner/work/QATEST/QATEST/venv/lib/python3.11/site-packages/selenium/webdriver/remote/webelement.py\", line 94, in click\n    self._execute(Command.CLICK_ELEMENT)\n  File \"/home/runner/work/QATEST/QATEST/venv/lib/python3.11/site-packages/selenium/webdriver/remote/webelement.py\", line 402, in _execute\n    return self._parent.execute(command, params)\n           ^^^^^^^^^^^^^^^^^^^^^^^^^^^^^^^^^^^^^\n  File \"/home/runner/work/QATEST/QATEST/venv/lib/python3.11/site-packages/selenium/webdriver/remote/webdriver.py\", line 384, in execute\n    self.error_handler.check_response(response)\n  File \"/home/runner/work/QATEST/QATEST/venv/lib/python3.11/site-packages/selenium/webdriver/remote/errorhandler.py\", line 232, in check_response\n    raise exception_class(message, screen, stacktrace)\n","steps":[],"attachments":[],"parameters":[],"shouldDisplayMessage":true,"stepsCount":0,"attachmentsCount":0,"hasContent":true,"attachmentStep":false}],"attachments":[{"uid":"84bbaefd84c7b897","name":"log","source":"84bbaefd84c7b897.txt","type":"text/plain","size":17178},{"uid":"241d8c5beb3b3eee","name":"stderr","source":"241d8c5beb3b3eee.txt","type":"text/plain","size":198}],"parameters":[],"shouldDisplayMessage":true,"stepsCount":2,"attachmentsCount":2,"hasContent":true,"attachmentStep":false},"afterStages":[{"name":"driver::0","time":{"start":1767427880429,"stop":1767427880504,"duration":75},"status":"passed","steps":[],"attachments":[],"parameters":[],"shouldDisplayMessage":false,"stepsCount":0,"attachmentsCount":0,"hasContent":false,"attachmentStep":false}],"labels":[{"name":"feature","value":"장바구니 관리"},{"name":"story","value":"장바구니 상품 관리"},{"name":"tag","value":"ui"},{"name":"parentSuite","value":"src.tests.ui"},{"name":"suite","value":"test_cart_management"},{"name":"subSuite","value":"TestCartManagement"},{"name":"host","value":"runnervmh13bl"},{"name":"thread","value":"2745-MainThread"},{"name":"framework","value":"pytest"},{"name":"language","value":"cpython3"},{"name":"package","value":"src.tests.ui.test_cart_management"},{"name":"resultFormat","value":"allure2"}],"parameters":[],"links":[],"hidden":false,"retry":false,"extra":{"severity":"normal","retries":[],"categories":[{"name":"Test defects","matchedStatuses":[],"flaky":false}],"tags":["ui"]},"source":"c2e34d9e509e9c13.json","parameterValues":[]}