{"uid":"c40baca4b1e93470","name":"상품을 장바구니에 추가하는 전체 플로우 테스트","fullName":"src.tests.ui.test_add_goods_to_cart#test_add_good_to_cart_flow","historyId":"ffe282402330c5f1c02c05e3664378c1","time":{"start":1767874542447,"stop":1767874547183,"duration":4736},"description":"\n    상품을 장바구니에 추가하는 전체 플로우 테스트\n    Steps:\n        1. 상품 검색\n        2. 세 번째 상품의 추가 버튼 클릭\n        3. 수량 2회 증가\n        4. 수량 2회 감소\n        5. 장바구니에 담기\n    ","descriptionHtml":"<pre><code>상품을 장바구니에 추가하는 전체 플로우 테스트\nSteps:\n    1. 상품 검색\n    2. 세 번째 상품의 추가 버튼 클릭\n    3. 수량 2회 증가\n    4. 수량 2회 감소\n    5. 장바구니에 담기\n</code></pre>\n","status":"broken","statusMessage":"selenium.common.exceptions.StaleElementReferenceException: Message: stale element reference: stale element not found in the current frame\n  (Session info: chrome=143.0.7499.169); For documentation on this error, please visit: https://www.selenium.dev/documentation/webdriver/troubleshooting/errors#stale-element-reference-exception\nStacktrace:\n#0 0x56059e06840a <unknown>\n#1 0x56059da9c76b <unknown>\n#2 0x56059daa34cf <unknown>\n#3 0x56059daa5b54 <unknown>\n#4 0x56059daa5c23 <unknown>\n#5 0x56059dae8c98 <unknown>\n#6 0x56059dae1fe7 <unknown>\n#7 0x56059db39760 <unknown>\n#8 0x56059dae07b2 <unknown>\n#9 0x56059dae1461 <unknown>\n#10 0x56059e030df9 <unknown>\n#11 0x56059e033d5d <unknown>\n#12 0x56059e019b41 <unknown>\n#13 0x56059e03493b <unknown>\n#14 0x56059e000870 <unknown>\n#15 0x56059e055828 <unknown>\n#16 0x56059e0559fc <unknown>\n#17 0x56059e067763 <unknown>\n#18 0x7f77e749caa4 <unknown>\n#19 0x7f77e7529c6c <unknown>","statusTrace":"src/tests/ui/test_add_goods_to_cart.py:35: in test_add_good_to_cart_flow\n    kurly_search_page.quantity_up_in_alt(increase_count)\nsrc/pages/kurly_search_page.py:197: in quantity_up_in_alt\n    self.click(self.QUANTITY_UP_BUTTON_IN_ALT)\nsrc/pages/base_page.py:272: in click\n    element = self.wait_clickable(locator, timeout)\nsrc/pages/base_page.py:127: in wait_clickable\n    return wait.until(EC.element_to_be_clickable(locator))\nvenv/lib/python3.11/site-packages/selenium/webdriver/support/wait.py:96: in until\n    value = method(self._driver)\nvenv/lib/python3.11/site-packages/selenium/webdriver/support/expected_conditions.py:365: in _predicate\n    if element and element.is_enabled():\nvenv/lib/python3.11/site-packages/selenium/webdriver/remote/webelement.py:199: in is_enabled\n    return self._execute(Command.IS_ELEMENT_ENABLED)[\"value\"]\nvenv/lib/python3.11/site-packages/selenium/webdriver/remote/webelement.py:402: in _execute\n    return self._parent.execute(command, params)\nvenv/lib/python3.11/site-packages/selenium/webdriver/remote/webdriver.py:384: in execute\n    self.error_handler.check_response(response)\nvenv/lib/python3.11/site-packages/selenium/webdriver/remote/errorhandler.py:232: in check_response\n    raise exception_class(message, screen, stacktrace)\nE   selenium.common.exceptions.StaleElementReferenceException: Message: stale element reference: stale element not found in the current frame\nE     (Session info: chrome=143.0.7499.169); For documentation on this error, please visit: https://www.selenium.dev/documentation/webdriver/troubleshooting/errors#stale-element-reference-exception\nE   Stacktrace:\nE   #0 0x56059e06840a <unknown>\nE   #1 0x56059da9c76b <unknown>\nE   #2 0x56059daa34cf <unknown>\nE   #3 0x56059daa5b54 <unknown>\nE   #4 0x56059daa5c23 <unknown>\nE   #5 0x56059dae8c98 <unknown>\nE   #6 0x56059dae1fe7 <unknown>\nE   #7 0x56059db39760 <unknown>\nE   #8 0x56059dae07b2 <unknown>\nE   #9 0x56059dae1461 <unknown>\nE   #10 0x56059e030df9 <unknown>\nE   #11 0x56059e033d5d <unknown>\nE   #12 0x56059e019b41 <unknown>\nE   #13 0x56059e03493b <unknown>\nE   #14 0x56059e000870 <unknown>\nE   #15 0x56059e055828 <unknown>\nE   #16 0x56059e0559fc <unknown>\nE   #17 0x56059e067763 <unknown>\nE   #18 0x7f77e749caa4 <unknown>\nE   #19 0x7f77e7529c6c <unknown>","flaky":false,"newFailed":false,"newBroken":false,"newPassed":false,"retriesCount":0,"retriesStatusChange":false,"beforeStages":[{"name":"driver","time":{"start":1767874536377,"stop":1767874542446,"duration":6069},"status":"passed","steps":[],"attachments":[],"parameters":[],"shouldDisplayMessage":false,"stepsCount":0,"attachmentsCount":0,"hasContent":false,"attachmentStep":false},{"name":"kurly_main_page","time":{"start":1767874542446,"stop":1767874542446,"duration":0},"status":"passed","steps":[],"attachments":[],"parameters":[],"shouldDisplayMessage":false,"stepsCount":0,"attachmentsCount":0,"hasContent":false,"attachmentStep":false},{"name":"kurly_search_page","time":{"start":1767874542446,"stop":1767874542446,"duration":0},"status":"passed","steps":[],"attachments":[],"parameters":[],"shouldDisplayMessage":false,"stepsCount":0,"attachmentsCount":0,"hasContent":false,"attachmentStep":false},{"name":"kurly_goods_page","time":{"start":1767874542447,"stop":1767874542447,"duration":0},"status":"passed","steps":[],"attachments":[],"parameters":[],"shouldDisplayMessage":false,"stepsCount":0,"attachmentsCount":0,"hasContent":false,"attachmentStep":false}],"testStage":{"description":"\n    상품을 장바구니에 추가하는 전체 플로우 테스트\n    Steps:\n        1. 상품 검색\n        2. 세 번째 상품의 추가 버튼 클릭\n        3. 수량 2회 증가\n        4. 수량 2회 감소\n        5. 장바구니에 담기\n    ","status":"broken","statusMessage":"selenium.common.exceptions.StaleElementReferenceException: Message: stale element reference: stale element not found in the current frame\n  (Session info: chrome=143.0.7499.169); For documentation on this error, please visit: https://www.selenium.dev/documentation/webdriver/troubleshooting/errors#stale-element-reference-exception\nStacktrace:\n#0 0x56059e06840a <unknown>\n#1 0x56059da9c76b <unknown>\n#2 0x56059daa34cf <unknown>\n#3 0x56059daa5b54 <unknown>\n#4 0x56059daa5c23 <unknown>\n#5 0x56059dae8c98 <unknown>\n#6 0x56059dae1fe7 <unknown>\n#7 0x56059db39760 <unknown>\n#8 0x56059dae07b2 <unknown>\n#9 0x56059dae1461 <unknown>\n#10 0x56059e030df9 <unknown>\n#11 0x56059e033d5d <unknown>\n#12 0x56059e019b41 <unknown>\n#13 0x56059e03493b <unknown>\n#14 0x56059e000870 <unknown>\n#15 0x56059e055828 <unknown>\n#16 0x56059e0559fc <unknown>\n#17 0x56059e067763 <unknown>\n#18 0x7f77e749caa4 <unknown>\n#19 0x7f77e7529c6c <unknown>","statusTrace":"src/tests/ui/test_add_goods_to_cart.py:35: in test_add_good_to_cart_flow\n    kurly_search_page.quantity_up_in_alt(increase_count)\nsrc/pages/kurly_search_page.py:197: in quantity_up_in_alt\n    self.click(self.QUANTITY_UP_BUTTON_IN_ALT)\nsrc/pages/base_page.py:272: in click\n    element = self.wait_clickable(locator, timeout)\nsrc/pages/base_page.py:127: in wait_clickable\n    return wait.until(EC.element_to_be_clickable(locator))\nvenv/lib/python3.11/site-packages/selenium/webdriver/support/wait.py:96: in until\n    value = method(self._driver)\nvenv/lib/python3.11/site-packages/selenium/webdriver/support/expected_conditions.py:365: in _predicate\n    if element and element.is_enabled():\nvenv/lib/python3.11/site-packages/selenium/webdriver/remote/webelement.py:199: in is_enabled\n    return self._execute(Command.IS_ELEMENT_ENABLED)[\"value\"]\nvenv/lib/python3.11/site-packages/selenium/webdriver/remote/webelement.py:402: in _execute\n    return self._parent.execute(command, params)\nvenv/lib/python3.11/site-packages/selenium/webdriver/remote/webdriver.py:384: in execute\n    self.error_handler.check_response(response)\nvenv/lib/python3.11/site-packages/selenium/webdriver/remote/errorhandler.py:232: in check_response\n    raise exception_class(message, screen, stacktrace)\nE   selenium.common.exceptions.StaleElementReferenceException: Message: stale element reference: stale element not found in the current frame\nE     (Session info: chrome=143.0.7499.169); For documentation on this error, please visit: https://www.selenium.dev/documentation/webdriver/troubleshooting/errors#stale-element-reference-exception\nE   Stacktrace:\nE   #0 0x56059e06840a <unknown>\nE   #1 0x56059da9c76b <unknown>\nE   #2 0x56059daa34cf <unknown>\nE   #3 0x56059daa5b54 <unknown>\nE   #4 0x56059daa5c23 <unknown>\nE   #5 0x56059dae8c98 <unknown>\nE   #6 0x56059dae1fe7 <unknown>\nE   #7 0x56059db39760 <unknown>\nE   #8 0x56059dae07b2 <unknown>\nE   #9 0x56059dae1461 <unknown>\nE   #10 0x56059e030df9 <unknown>\nE   #11 0x56059e033d5d <unknown>\nE   #12 0x56059e019b41 <unknown>\nE   #13 0x56059e03493b <unknown>\nE   #14 0x56059e000870 <unknown>\nE   #15 0x56059e055828 <unknown>\nE   #16 0x56059e0559fc <unknown>\nE   #17 0x56059e067763 <unknown>\nE   #18 0x7f77e749caa4 <unknown>\nE   #19 0x7f77e7529c6c <unknown>","steps":[{"name":"메인 페이지 접속","time":{"start":1767874542447,"stop":1767874545600,"duration":3153},"status":"passed","steps":[],"attachments":[],"parameters":[],"shouldDisplayMessage":false,"stepsCount":0,"attachmentsCount":0,"hasContent":false,"attachmentStep":false},{"name":"'과자' 검색","time":{"start":1767874545600,"stop":1767874546186,"duration":586},"status":"passed","steps":[],"attachments":[],"parameters":[],"shouldDisplayMessage":false,"stepsCount":0,"attachmentsCount":0,"hasContent":false,"attachmentStep":false},{"name":"세 번째 상품 담기 버튼 클릭","time":{"start":1767874546187,"stop":1767874546381,"duration":194},"status":"passed","steps":[],"attachments":[],"parameters":[],"shouldDisplayMessage":false,"stepsCount":0,"attachmentsCount":0,"hasContent":false,"attachmentStep":false},{"name":"수량 2회 증가","time":{"start":1767874546381,"stop":1767874547181,"duration":800},"status":"broken","statusMessage":"selenium.common.exceptions.StaleElementReferenceException: Message: stale element reference: stale element not found in the current frame\n  (Session info: chrome=143.0.7499.169); For documentation on this error, please visit: https://www.selenium.dev/documentation/webdriver/troubleshooting/errors#stale-element-reference-exception\nStacktrace:\n#0 0x56059e06840a <unknown>\n#1 0x56059da9c76b <unknown>\n#2 0x56059daa34cf <unknown>\n#3 0x56059daa5b54 <unknown>\n#4 0x56059daa5c23 <unknown>\n#5 0x56059dae8c98 <unknown>\n#6 0x56059dae1fe7 <unknown>\n#7 0x56059db39760 <unknown>\n#8 0x56059dae07b2 <unknown>\n#9 0x56059dae1461 <unknown>\n#10 0x56059e030df9 <unknown>\n#11 0x56059e033d5d <unknown>\n#12 0x56059e019b41 <unknown>\n#13 0x56059e03493b <unknown>\n#14 0x56059e000870 <unknown>\n#15 0x56059e055828 <unknown>\n#16 0x56059e0559fc <unknown>\n#17 0x56059e067763 <unknown>\n#18 0x7f77e749caa4 <unknown>\n#19 0x7f77e7529c6c <unknown>\n\n","statusTrace":"  File \"/home/runner/work/QATEST/QATEST/src/tests/ui/test_add_goods_to_cart.py\", line 35, in test_add_good_to_cart_flow\n    kurly_search_page.quantity_up_in_alt(increase_count)\n  File \"/home/runner/work/QATEST/QATEST/src/pages/kurly_search_page.py\", line 197, in quantity_up_in_alt\n    self.click(self.QUANTITY_UP_BUTTON_IN_ALT)\n  File \"/home/runner/work/QATEST/QATEST/src/pages/base_page.py\", line 272, in click\n    element = self.wait_clickable(locator, timeout)\n              ^^^^^^^^^^^^^^^^^^^^^^^^^^^^^^^^^^^^^\n  File \"/home/runner/work/QATEST/QATEST/src/pages/base_page.py\", line 127, in wait_clickable\n    return wait.until(EC.element_to_be_clickable(locator))\n           ^^^^^^^^^^^^^^^^^^^^^^^^^^^^^^^^^^^^^^^^^^^^^^^\n  File \"/home/runner/work/QATEST/QATEST/venv/lib/python3.11/site-packages/selenium/webdriver/support/wait.py\", line 96, in until\n    value = method(self._driver)\n            ^^^^^^^^^^^^^^^^^^^^\n  File \"/home/runner/work/QATEST/QATEST/venv/lib/python3.11/site-packages/selenium/webdriver/support/expected_conditions.py\", line 365, in _predicate\n    if element and element.is_enabled():\n                   ^^^^^^^^^^^^^^^^^^^^\n  File \"/home/runner/work/QATEST/QATEST/venv/lib/python3.11/site-packages/selenium/webdriver/remote/webelement.py\", line 199, in is_enabled\n    return self._execute(Command.IS_ELEMENT_ENABLED)[\"value\"]\n           ^^^^^^^^^^^^^^^^^^^^^^^^^^^^^^^^^^^^^^^^^\n  File \"/home/runner/work/QATEST/QATEST/venv/lib/python3.11/site-packages/selenium/webdriver/remote/webelement.py\", line 402, in _execute\n    return self._parent.execute(command, params)\n           ^^^^^^^^^^^^^^^^^^^^^^^^^^^^^^^^^^^^^\n  File \"/home/runner/work/QATEST/QATEST/venv/lib/python3.11/site-packages/selenium/webdriver/remote/webdriver.py\", line 384, in execute\n    self.error_handler.check_response(response)\n  File \"/home/runner/work/QATEST/QATEST/venv/lib/python3.11/site-packages/selenium/webdriver/remote/errorhandler.py\", line 232, in check_response\n    raise exception_class(message, screen, stacktrace)\n","steps":[],"attachments":[],"parameters":[],"shouldDisplayMessage":true,"stepsCount":0,"attachmentsCount":0,"hasContent":true,"attachmentStep":false}],"attachments":[{"uid":"2e40495230d882ba","name":"log","source":"2e40495230d882ba.txt","type":"text/plain","size":28204},{"uid":"8a164de6e9e01c7","name":"stderr","source":"8a164de6e9e01c7.txt","type":"text/plain","size":198}],"parameters":[],"shouldDisplayMessage":true,"stepsCount":4,"attachmentsCount":2,"hasContent":true,"attachmentStep":false},"afterStages":[{"name":"driver::0","time":{"start":1767874547276,"stop":1767874547343,"duration":67},"status":"passed","steps":[],"attachments":[],"parameters":[],"shouldDisplayMessage":false,"stepsCount":0,"attachmentsCount":0,"hasContent":false,"attachmentStep":false}],"labels":[{"name":"feature","value":"장바구니 기능"},{"name":"story","value":"상품 추가 플로우"},{"name":"tag","value":"ui"},{"name":"parentSuite","value":"src.tests.ui"},{"name":"suite","value":"test_add_goods_to_cart"},{"name":"host","value":"runnervmi13qx"},{"name":"thread","value":"2608-MainThread"},{"name":"framework","value":"pytest"},{"name":"language","value":"cpython3"},{"name":"package","value":"src.tests.ui.test_add_goods_to_cart"},{"name":"resultFormat","value":"allure2"}],"parameters":[],"links":[],"hidden":false,"retry":false,"extra":{"severity":"normal","retries":[],"categories":[{"name":"Test defects","matchedStatuses":[],"flaky":false}],"tags":["ui"]},"source":"c40baca4b1e93470.json","parameterValues":[]}