{"uid":"ca17291e7e788742","name":"잘못된 계정 정보로 로그인 실패 테스트","fullName":"src.tests.ui.test_ui_login.TestLogin#test_login_with_invalid_credentials","historyId":"8f0047e196f3e4f4d5eb2bb33a90049e","time":{"start":1770135915973,"stop":1770135923737,"duration":7764},"description":"\n    **목적:** 잘못된 아이디와 비밀번호로 로그인 시도 시 적절한 에러 메시지가 표시되는지 확인\n\n    **테스트 단계:**\n    1. 마켓컬리 메인 페이지 접속\n    2. 로그인 버튼 클릭\n    3. 잘못된 아이디 입력\n    4. 잘못된 비밀번호 입력\n    5. 로그인 버튼 클릭\n    6. 에러 메시지 표시 확인\n\n    **예상 결과:** 로그인 실패 메시지가 화면에 표시됨\n    ","descriptionHtml":"<pre><code>**목적:** 잘못된 아이디와 비밀번호로 로그인 시도 시 적절한 에러 메시지가 표시되는지 확인\n\n**테스트 단계:**\n1. 마켓컬리 메인 페이지 접속\n2. 로그인 버튼 클릭\n3. 잘못된 아이디 입력\n4. 잘못된 비밀번호 입력\n5. 로그인 버튼 클릭\n6. 에러 메시지 표시 확인\n\n**예상 결과:** 로그인 실패 메시지가 화면에 표시됨\n</code></pre>\n","status":"broken","statusMessage":"selenium.common.exceptions.TimeoutException: Message: ❌ 요소를 찾을 수 없습니다(visible): ('xpath', \"//input[@placeholder='아이디를 입력해주세요']\")","statusTrace":"src/pages/base_page.py:233: in find_element\n    return self.wait_visible(locator, timeout)\nsrc/pages/base_page.py:117: in wait_visible\n    return wait.until(EC.visibility_of_element_located(locator))\nvenv/lib/python3.11/site-packages/selenium/webdriver/support/wait.py:105: in until\n    raise TimeoutException(message, screen, stacktrace)\nE   selenium.common.exceptions.TimeoutException: Message: \nE   Stacktrace:\nE   #0 0x55ebb3d3c4ba <unknown>\nE   #1 0x55ebb37a5492 <unknown>\nE   #2 0x55ebb37fa9b6 <unknown>\nE   #3 0x55ebb37fabf1 <unknown>\nE   #4 0x55ebb38464d4 <unknown>\nE   #5 0x55ebb3843700 <unknown>\nE   #6 0x55ebb37ec6a2 <unknown>\nE   #7 0x55ebb37ed491 <unknown>\nE   #8 0x55ebb3d02479 <unknown>\nE   #9 0x55ebb3d05391 <unknown>\nE   #10 0x55ebb3ceea89 <unknown>\nE   #11 0x55ebb3d05f4e <unknown>\nE   #12 0x55ebb3cd5070 <unknown>\nE   #13 0x55ebb3d29ca8 <unknown>\nE   #14 0x55ebb3d29e78 <unknown>\nE   #15 0x55ebb3d3b828 <unknown>\nE   #16 0x7f364c29caa4 <unknown>\nE   #17 0x7f364c329c6c <unknown>\n\nDuring handling of the above exception, another exception occurred:\nsrc/tests/ui/test_ui_login.py:38: in test_login_with_invalid_credentials\n    kurly_login_page.enter_username(test_credentials_invalid['username'])\nsrc/pages/kurly_login_page.py:54: in enter_username\n    self.send_keys(self.USERNAME_INPUT, username)\nsrc/pages/base_page.py:296: in send_keys\n    element = self.find_element(locator, timeout)\nsrc/pages/base_page.py:238: in find_element\n    raise TimeoutException(f\"❌ 요소를 찾을 수 없습니다(visible): {locator}\")\nE   selenium.common.exceptions.TimeoutException: Message: ❌ 요소를 찾을 수 없습니다(visible): ('xpath', \"//input[@placeholder='아이디를 입력해주세요']\")","flaky":false,"newFailed":false,"newBroken":false,"newPassed":false,"retriesCount":0,"retriesStatusChange":false,"beforeStages":[{"name":"driver","time":{"start":1770135915375,"stop":1770135915972,"duration":597},"status":"passed","steps":[],"attachments":[],"parameters":[],"shouldDisplayMessage":false,"stepsCount":0,"attachmentsCount":0,"hasContent":false,"attachmentStep":false},{"name":"kurly_login_page","time":{"start":1770135915972,"stop":1770135915973,"duration":1},"status":"passed","steps":[],"attachments":[],"parameters":[],"shouldDisplayMessage":false,"stepsCount":0,"attachmentsCount":0,"hasContent":false,"attachmentStep":false},{"name":"test_credentials_invalid","time":{"start":1770135915973,"stop":1770135915973,"duration":0},"status":"passed","steps":[],"attachments":[],"parameters":[],"shouldDisplayMessage":false,"stepsCount":0,"attachmentsCount":0,"hasContent":false,"attachmentStep":false}],"testStage":{"description":"\n    **목적:** 잘못된 아이디와 비밀번호로 로그인 시도 시 적절한 에러 메시지가 표시되는지 확인\n\n    **테스트 단계:**\n    1. 마켓컬리 메인 페이지 접속\n    2. 로그인 버튼 클릭\n    3. 잘못된 아이디 입력\n    4. 잘못된 비밀번호 입력\n    5. 로그인 버튼 클릭\n    6. 에러 메시지 표시 확인\n\n    **예상 결과:** 로그인 실패 메시지가 화면에 표시됨\n    ","status":"broken","statusMessage":"selenium.common.exceptions.TimeoutException: Message: ❌ 요소를 찾을 수 없습니다(visible): ('xpath', \"//input[@placeholder='아이디를 입력해주세요']\")","statusTrace":"src/pages/base_page.py:233: in find_element\n    return self.wait_visible(locator, timeout)\nsrc/pages/base_page.py:117: in wait_visible\n    return wait.until(EC.visibility_of_element_located(locator))\nvenv/lib/python3.11/site-packages/selenium/webdriver/support/wait.py:105: in until\n    raise TimeoutException(message, screen, stacktrace)\nE   selenium.common.exceptions.TimeoutException: Message: \nE   Stacktrace:\nE   #0 0x55ebb3d3c4ba <unknown>\nE   #1 0x55ebb37a5492 <unknown>\nE   #2 0x55ebb37fa9b6 <unknown>\nE   #3 0x55ebb37fabf1 <unknown>\nE   #4 0x55ebb38464d4 <unknown>\nE   #5 0x55ebb3843700 <unknown>\nE   #6 0x55ebb37ec6a2 <unknown>\nE   #7 0x55ebb37ed491 <unknown>\nE   #8 0x55ebb3d02479 <unknown>\nE   #9 0x55ebb3d05391 <unknown>\nE   #10 0x55ebb3ceea89 <unknown>\nE   #11 0x55ebb3d05f4e <unknown>\nE   #12 0x55ebb3cd5070 <unknown>\nE   #13 0x55ebb3d29ca8 <unknown>\nE   #14 0x55ebb3d29e78 <unknown>\nE   #15 0x55ebb3d3b828 <unknown>\nE   #16 0x7f364c29caa4 <unknown>\nE   #17 0x7f364c329c6c <unknown>\n\nDuring handling of the above exception, another exception occurred:\nsrc/tests/ui/test_ui_login.py:38: in test_login_with_invalid_credentials\n    kurly_login_page.enter_username(test_credentials_invalid['username'])\nsrc/pages/kurly_login_page.py:54: in enter_username\n    self.send_keys(self.USERNAME_INPUT, username)\nsrc/pages/base_page.py:296: in send_keys\n    element = self.find_element(locator, timeout)\nsrc/pages/base_page.py:238: in find_element\n    raise TimeoutException(f\"❌ 요소를 찾을 수 없습니다(visible): {locator}\")\nE   selenium.common.exceptions.TimeoutException: Message: ❌ 요소를 찾을 수 없습니다(visible): ('xpath', \"//input[@placeholder='아이디를 입력해주세요']\")","steps":[{"name":"마켓컬리 메인 페이지로 이동","time":{"start":1770135915973,"stop":1770135918093,"duration":2120},"status":"passed","steps":[],"attachments":[],"parameters":[],"shouldDisplayMessage":false,"stepsCount":0,"attachmentsCount":0,"hasContent":false,"attachmentStep":false},{"name":"로그인 페이지로 이동","time":{"start":1770135918093,"stop":1770135918220,"duration":127},"status":"passed","steps":[],"attachments":[],"parameters":[],"shouldDisplayMessage":false,"stepsCount":0,"attachmentsCount":0,"hasContent":false,"attachmentStep":false},{"name":"잘못된 계정 정보 입력 및 로그인 시도","time":{"start":1770135918220,"stop":1770135923736,"duration":5516},"status":"broken","statusMessage":"selenium.common.exceptions.TimeoutException: Message: ❌ 요소를 찾을 수 없습니다(visible): ('xpath', \"//input[@placeholder='아이디를 입력해주세요']\")\n\n","statusTrace":"  File \"/home/runner/work/QATEST/QATEST/src/tests/ui/test_ui_login.py\", line 38, in test_login_with_invalid_credentials\n    kurly_login_page.enter_username(test_credentials_invalid['username'])\n  File \"/home/runner/work/QATEST/QATEST/src/pages/kurly_login_page.py\", line 54, in enter_username\n    self.send_keys(self.USERNAME_INPUT, username)\n  File \"/home/runner/work/QATEST/QATEST/src/pages/base_page.py\", line 296, in send_keys\n    element = self.find_element(locator, timeout)\n              ^^^^^^^^^^^^^^^^^^^^^^^^^^^^^^^^^^^\n  File \"/home/runner/work/QATEST/QATEST/src/pages/base_page.py\", line 238, in find_element\n    raise TimeoutException(f\"❌ 요소를 찾을 수 없습니다(visible): {locator}\")\n","steps":[],"attachments":[],"parameters":[],"shouldDisplayMessage":true,"stepsCount":0,"attachmentsCount":0,"hasContent":true,"attachmentStep":false}],"attachments":[{"uid":"73adb2509a55e2b4","name":"log","source":"73adb2509a55e2b4.txt","type":"text/plain","size":225467},{"uid":"e2627dec044cdbcd","name":"stderr","source":"e2627dec044cdbcd.txt","type":"text/plain","size":516}],"parameters":[],"shouldDisplayMessage":true,"stepsCount":3,"attachmentsCount":2,"hasContent":true,"attachmentStep":false},"afterStages":[{"name":"driver::0","time":{"start":1770135931164,"stop":1770135931250,"duration":86},"status":"passed","steps":[],"attachments":[],"parameters":[],"shouldDisplayMessage":false,"stepsCount":0,"attachmentsCount":0,"hasContent":false,"attachmentStep":false}],"labels":[{"name":"feature","value":"사용자 인증"},{"name":"severity","value":"critical"},{"name":"story","value":"로그인"},{"name":"tag","value":"ui"},{"name":"parentSuite","value":"src.tests.ui"},{"name":"suite","value":"test_ui_login"},{"name":"subSuite","value":"TestLogin"},{"name":"host","value":"runnervmkj6or"},{"name":"thread","value":"2658-MainThread"},{"name":"framework","value":"pytest"},{"name":"language","value":"cpython3"},{"name":"package","value":"src.tests.ui.test_ui_login"},{"name":"resultFormat","value":"allure2"}],"parameters":[],"links":[],"hidden":false,"retry":false,"extra":{"severity":"critical","retries":[],"categories":[{"name":"Test defects","matchedStatuses":[],"flaky":false}],"tags":["ui"]},"source":"ca17291e7e788742.json","parameterValues":[]}