{"uid":"cbf0b5cae64aed69","name":"수량 증가/감소 버튼 동작 확인","fullName":"src.tests.ui.test_ui_quantity.TestQuantity#test_quantity_buttons","historyId":"bc751d264cd974d93764685f8036845e","time":{"start":1768551193675,"stop":1768551203100,"duration":9425},"description":"\n    **목적:** 상품 상세 팝업에서 수량 조절 버튼이 정상 작동하는지 확인\n\n    **테스트 단계:**\n    1. 마켓컬리 메인 페이지 접속\n    2. '과자' 검색\n    3. 세 번째 상품의 장바구니 추가 버튼 클릭\n    4. 수량 올리기 버튼 2회 클릭\n    5. 수량 내리기 버튼 1회 클릭\n    6. 최종 수량이 2인지 확인\n\n    **예상 결과:** 수량이 올바르게 조절됨 (최종 수량: 2)\n    ","descriptionHtml":"<pre><code>**목적:** 상품 상세 팝업에서 수량 조절 버튼이 정상 작동하는지 확인\n\n**테스트 단계:**\n1. 마켓컬리 메인 페이지 접속\n2. '과자' 검색\n3. 세 번째 상품의 장바구니 추가 버튼 클릭\n4. 수량 올리기 버튼 2회 클릭\n5. 수량 내리기 버튼 1회 클릭\n6. 최종 수량이 2인지 확인\n\n**예상 결과:** 수량이 올바르게 조절됨 (최종 수량: 2)\n</code></pre>\n","status":"broken","statusMessage":"selenium.common.exceptions.TimeoutException: Message: ❌ 요소를 클릭할 수 없습니다: ('xpath', \"//button[@class='kpds_j1jks21 kpds_j1jks25']\")","statusTrace":"src/pages/base_page.py:272: in click\n    element = self.wait_clickable(locator, timeout)\nsrc/pages/base_page.py:127: in wait_clickable\n    return wait.until(EC.element_to_be_clickable(locator))\nvenv/lib/python3.11/site-packages/selenium/webdriver/support/wait.py:105: in until\n    raise TimeoutException(message, screen, stacktrace)\nE   selenium.common.exceptions.TimeoutException: Message: \nE   Stacktrace:\nE   #0 0x55f4a0c7c40a <unknown>\nE   #1 0x55f4a06b076b <unknown>\nE   #2 0x55f4a0701e88 <unknown>\nE   #3 0x55f4a07020c1 <unknown>\nE   #4 0x55f4a07502c4 <unknown>\nE   #5 0x55f4a074d760 <unknown>\nE   #6 0x55f4a06f47b2 <unknown>\nE   #7 0x55f4a06f5461 <unknown>\nE   #8 0x55f4a0c44df9 <unknown>\nE   #9 0x55f4a0c47d5d <unknown>\nE   #10 0x55f4a0c2db41 <unknown>\nE   #11 0x55f4a0c4893b <unknown>\nE   #12 0x55f4a0c14870 <unknown>\nE   #13 0x55f4a0c69828 <unknown>\nE   #14 0x55f4a0c699fc <unknown>\nE   #15 0x55f4a0c7b763 <unknown>\nE   #16 0x7fea63c9caa4 <unknown>\nE   #17 0x7fea63d29c6c <unknown>\n\nDuring handling of the above exception, another exception occurred:\nsrc/tests/ui/test_ui_quantity.py:42: in test_quantity_buttons\n    kurly_search_page.quantity_up_in_alt(times=2)\nsrc/pages/kurly_search_page.py:198: in quantity_up_in_alt\n    self.click(self.QUANTITY_UP_BUTTON_IN_ALT)\nsrc/pages/base_page.py:277: in click\n    raise TimeoutException(f\"❌ 요소를 클릭할 수 없습니다: {locator}\")\nE   selenium.common.exceptions.TimeoutException: Message: ❌ 요소를 클릭할 수 없습니다: ('xpath', \"//button[@class='kpds_j1jks21 kpds_j1jks25']\")","flaky":false,"newFailed":false,"newBroken":false,"newPassed":false,"retriesCount":0,"retriesStatusChange":false,"beforeStages":[{"name":"driver","time":{"start":1768551192756,"stop":1768551193674,"duration":918},"status":"passed","steps":[],"attachments":[],"parameters":[],"shouldDisplayMessage":false,"stepsCount":0,"attachmentsCount":0,"hasContent":false,"attachmentStep":false},{"name":"kurly_main_page","time":{"start":1768551193674,"stop":1768551193674,"duration":0},"status":"passed","steps":[],"attachments":[],"parameters":[],"shouldDisplayMessage":false,"stepsCount":0,"attachmentsCount":0,"hasContent":false,"attachmentStep":false},{"name":"kurly_search_page","time":{"start":1768551193675,"stop":1768551193675,"duration":0},"status":"passed","steps":[],"attachments":[],"parameters":[],"shouldDisplayMessage":false,"stepsCount":0,"attachmentsCount":0,"hasContent":false,"attachmentStep":false}],"testStage":{"description":"\n    **목적:** 상품 상세 팝업에서 수량 조절 버튼이 정상 작동하는지 확인\n\n    **테스트 단계:**\n    1. 마켓컬리 메인 페이지 접속\n    2. '과자' 검색\n    3. 세 번째 상품의 장바구니 추가 버튼 클릭\n    4. 수량 올리기 버튼 2회 클릭\n    5. 수량 내리기 버튼 1회 클릭\n    6. 최종 수량이 2인지 확인\n\n    **예상 결과:** 수량이 올바르게 조절됨 (최종 수량: 2)\n    ","status":"broken","statusMessage":"selenium.common.exceptions.TimeoutException: Message: ❌ 요소를 클릭할 수 없습니다: ('xpath', \"//button[@class='kpds_j1jks21 kpds_j1jks25']\")","statusTrace":"src/pages/base_page.py:272: in click\n    element = self.wait_clickable(locator, timeout)\nsrc/pages/base_page.py:127: in wait_clickable\n    return wait.until(EC.element_to_be_clickable(locator))\nvenv/lib/python3.11/site-packages/selenium/webdriver/support/wait.py:105: in until\n    raise TimeoutException(message, screen, stacktrace)\nE   selenium.common.exceptions.TimeoutException: Message: \nE   Stacktrace:\nE   #0 0x55f4a0c7c40a <unknown>\nE   #1 0x55f4a06b076b <unknown>\nE   #2 0x55f4a0701e88 <unknown>\nE   #3 0x55f4a07020c1 <unknown>\nE   #4 0x55f4a07502c4 <unknown>\nE   #5 0x55f4a074d760 <unknown>\nE   #6 0x55f4a06f47b2 <unknown>\nE   #7 0x55f4a06f5461 <unknown>\nE   #8 0x55f4a0c44df9 <unknown>\nE   #9 0x55f4a0c47d5d <unknown>\nE   #10 0x55f4a0c2db41 <unknown>\nE   #11 0x55f4a0c4893b <unknown>\nE   #12 0x55f4a0c14870 <unknown>\nE   #13 0x55f4a0c69828 <unknown>\nE   #14 0x55f4a0c699fc <unknown>\nE   #15 0x55f4a0c7b763 <unknown>\nE   #16 0x7fea63c9caa4 <unknown>\nE   #17 0x7fea63d29c6c <unknown>\n\nDuring handling of the above exception, another exception occurred:\nsrc/tests/ui/test_ui_quantity.py:42: in test_quantity_buttons\n    kurly_search_page.quantity_up_in_alt(times=2)\nsrc/pages/kurly_search_page.py:198: in quantity_up_in_alt\n    self.click(self.QUANTITY_UP_BUTTON_IN_ALT)\nsrc/pages/base_page.py:277: in click\n    raise TimeoutException(f\"❌ 요소를 클릭할 수 없습니다: {locator}\")\nE   selenium.common.exceptions.TimeoutException: Message: ❌ 요소를 클릭할 수 없습니다: ('xpath', \"//button[@class='kpds_j1jks21 kpds_j1jks25']\")","steps":[{"name":"마켓컬리 메인 페이지로 이동","time":{"start":1768551193675,"stop":1768551197422,"duration":3747},"status":"passed","steps":[],"attachments":[],"parameters":[],"shouldDisplayMessage":false,"stepsCount":0,"attachmentsCount":0,"hasContent":false,"attachmentStep":false},{"name":"'과자' 검색","time":{"start":1768551197422,"stop":1768551197721,"duration":299},"status":"passed","steps":[],"attachments":[],"parameters":[],"shouldDisplayMessage":false,"stepsCount":0,"attachmentsCount":0,"hasContent":false,"attachmentStep":false},{"name":"세 번째 상품의 장바구니 추가 버튼 클릭","time":{"start":1768551197722,"stop":1768551197924,"duration":202},"status":"passed","steps":[],"attachments":[],"parameters":[],"shouldDisplayMessage":false,"stepsCount":0,"attachmentsCount":0,"hasContent":false,"attachmentStep":false},{"name":"수량 2회 증가","time":{"start":1768551197925,"stop":1768551203100,"duration":5175},"status":"broken","statusMessage":"selenium.common.exceptions.TimeoutException: Message: ❌ 요소를 클릭할 수 없습니다: ('xpath', \"//button[@class='kpds_j1jks21 kpds_j1jks25']\")\n\n","statusTrace":"  File \"/home/runner/work/QATEST/QATEST/src/tests/ui/test_ui_quantity.py\", line 42, in test_quantity_buttons\n    kurly_search_page.quantity_up_in_alt(times=2)\n  File \"/home/runner/work/QATEST/QATEST/src/pages/kurly_search_page.py\", line 198, in quantity_up_in_alt\n    self.click(self.QUANTITY_UP_BUTTON_IN_ALT)\n  File \"/home/runner/work/QATEST/QATEST/src/pages/base_page.py\", line 277, in click\n    raise TimeoutException(f\"❌ 요소를 클릭할 수 없습니다: {locator}\")\n","steps":[],"attachments":[],"parameters":[],"shouldDisplayMessage":true,"stepsCount":0,"attachmentsCount":0,"hasContent":true,"attachmentStep":false}],"attachments":[{"uid":"5bb3d05583468933","name":"log","source":"5bb3d05583468933.txt","type":"text/plain","size":118860},{"uid":"3e720d81178290f5","name":"stderr","source":"3e720d81178290f5.txt","type":"text/plain","size":480}],"parameters":[],"shouldDisplayMessage":true,"stepsCount":4,"attachmentsCount":2,"hasContent":true,"attachmentStep":false},"afterStages":[{"name":"driver::0","time":{"start":1768551203113,"stop":1768551203184,"duration":71},"status":"passed","steps":[],"attachments":[],"parameters":[],"shouldDisplayMessage":false,"stepsCount":0,"attachmentsCount":0,"hasContent":false,"attachmentStep":false}],"labels":[{"name":"severity","value":"normal"},{"name":"story","value":"수량 조절"},{"name":"feature","value":"상품 관리"},{"name":"tag","value":"ui"},{"name":"parentSuite","value":"src.tests.ui"},{"name":"suite","value":"test_ui_quantity"},{"name":"subSuite","value":"TestQuantity"},{"name":"host","value":"runnervmmtnos"},{"name":"thread","value":"2617-MainThread"},{"name":"framework","value":"pytest"},{"name":"language","value":"cpython3"},{"name":"package","value":"src.tests.ui.test_ui_quantity"},{"name":"resultFormat","value":"allure2"}],"parameters":[],"links":[],"hidden":false,"retry":false,"extra":{"severity":"normal","retries":[],"categories":[{"name":"Test defects","matchedStatuses":[],"flaky":false}],"tags":["ui"]},"source":"cbf0b5cae64aed69.json","parameterValues":[]}