{"uid":"cebc9f183cdc829d","name":"특수문자 검색 처리","fullName":"src.tests.ui.test_ui_search.TestSearch#test_search_with_special_characters","historyId":"de58f00af75a02dabf5c184f41a58f4c","time":{"start":1771518401358,"stop":1771518408187,"duration":6829},"description":"\n    **목적:** 특수문자를 포함한 검색어에 대한 적절한 처리 확인\n\n    **테스트 단계:**\n    1. 마켓컬리 메인 페이지 접속\n    2. 특수문자가 포함된 검색어 입력\n    3. 검색 실행\n    4. 에러 없이 검색이 완료되는지 확인\n\n    **예상 결과:** 에러 없이 검색이 수행되며, 결과가 있거나 \"결과 없음\" 메시지 표시\n    ","descriptionHtml":"<pre><code>**목적:** 특수문자를 포함한 검색어에 대한 적절한 처리 확인\n\n**테스트 단계:**\n1. 마켓컬리 메인 페이지 접속\n2. 특수문자가 포함된 검색어 입력\n3. 검색 실행\n4. 에러 없이 검색이 완료되는지 확인\n\n**예상 결과:** 에러 없이 검색이 수행되며, 결과가 있거나 &quot;결과 없음&quot; 메시지 표시\n</code></pre>\n","status":"broken","statusMessage":"selenium.common.exceptions.TimeoutException: Message: ❌ 요소를 찾을 수 없습니다(visible): ('xpath', \"//input[@placeholder='검색어를 입력해주세요']\")","statusTrace":"src/pages/base_page.py:233: in find_element\n    return self.wait_visible(locator, timeout)\nsrc/pages/base_page.py:117: in wait_visible\n    return wait.until(EC.visibility_of_element_located(locator))\nvenv/lib/python3.11/site-packages/selenium/webdriver/support/wait.py:105: in until\n    raise TimeoutException(message, screen, stacktrace)\nE   selenium.common.exceptions.TimeoutException: Message: \nE   Stacktrace:\nE   #0 0x55a2d24c8cca <unknown>\nE   #1 0x55a2d1ed8682 <unknown>\nE   #2 0x55a2d1f2da06 <unknown>\nE   #3 0x55a2d1f2dc41 <unknown>\nE   #4 0x55a2d1f78e14 <unknown>\nE   #5 0x55a2d1f7604b <unknown>\nE   #6 0x55a2d1f1f88f <unknown>\nE   #7 0x55a2d1f20651 <unknown>\nE   #8 0x55a2d248d119 <unknown>\nE   #9 0x55a2d2490021 <unknown>\nE   #10 0x55a2d24798d9 <unknown>\nE   #11 0x55a2d2490bee <unknown>\nE   #12 0x55a2d245fc50 <unknown>\nE   #13 0x55a2d24b5318 <unknown>\nE   #14 0x55a2d24b54e8 <unknown>\nE   #15 0x55a2d24c7313 <unknown>\nE   #16 0x7f4e71e9caa4 <unknown>\nE   #17 0x7f4e71f29c6c <unknown>\n\nDuring handling of the above exception, another exception occurred:\nsrc/tests/ui/test_ui_search.py:190: in test_search_with_special_characters\n    kurly_main_page.search_goods(keyword)\nsrc/pages/kurly_main_page.py:78: in search_goods\n    self.enter_search_keyword(keyword)\nsrc/pages/kurly_main_page.py:65: in enter_search_keyword\n    self.send_keys(self.SEARCH_INPUT, keyword)\nsrc/pages/base_page.py:296: in send_keys\n    element = self.find_element(locator, timeout)\nsrc/pages/base_page.py:238: in find_element\n    raise TimeoutException(f\"❌ 요소를 찾을 수 없습니다(visible): {locator}\")\nE   selenium.common.exceptions.TimeoutException: Message: ❌ 요소를 찾을 수 없습니다(visible): ('xpath', \"//input[@placeholder='검색어를 입력해주세요']\")","flaky":false,"newFailed":false,"newBroken":false,"newPassed":false,"retriesCount":0,"retriesStatusChange":false,"beforeStages":[{"name":"driver","time":{"start":1771518364402,"stop":1771518365085,"duration":683},"status":"passed","steps":[],"attachments":[],"parameters":[],"shouldDisplayMessage":false,"stepsCount":0,"attachmentsCount":0,"hasContent":false,"attachmentStep":false},{"name":"kurly_main_page","time":{"start":1771518401358,"stop":1771518401358,"duration":0},"status":"passed","steps":[],"attachments":[],"parameters":[],"shouldDisplayMessage":false,"stepsCount":0,"attachmentsCount":0,"hasContent":false,"attachmentStep":false},{"name":"kurly_search_page","time":{"start":1771518401358,"stop":1771518401358,"duration":0},"status":"passed","steps":[],"attachments":[],"parameters":[],"shouldDisplayMessage":false,"stepsCount":0,"attachmentsCount":0,"hasContent":false,"attachmentStep":false}],"testStage":{"description":"\n    **목적:** 특수문자를 포함한 검색어에 대한 적절한 처리 확인\n\n    **테스트 단계:**\n    1. 마켓컬리 메인 페이지 접속\n    2. 특수문자가 포함된 검색어 입력\n    3. 검색 실행\n    4. 에러 없이 검색이 완료되는지 확인\n\n    **예상 결과:** 에러 없이 검색이 수행되며, 결과가 있거나 \"결과 없음\" 메시지 표시\n    ","status":"broken","statusMessage":"selenium.common.exceptions.TimeoutException: Message: ❌ 요소를 찾을 수 없습니다(visible): ('xpath', \"//input[@placeholder='검색어를 입력해주세요']\")","statusTrace":"src/pages/base_page.py:233: in find_element\n    return self.wait_visible(locator, timeout)\nsrc/pages/base_page.py:117: in wait_visible\n    return wait.until(EC.visibility_of_element_located(locator))\nvenv/lib/python3.11/site-packages/selenium/webdriver/support/wait.py:105: in until\n    raise TimeoutException(message, screen, stacktrace)\nE   selenium.common.exceptions.TimeoutException: Message: \nE   Stacktrace:\nE   #0 0x55a2d24c8cca <unknown>\nE   #1 0x55a2d1ed8682 <unknown>\nE   #2 0x55a2d1f2da06 <unknown>\nE   #3 0x55a2d1f2dc41 <unknown>\nE   #4 0x55a2d1f78e14 <unknown>\nE   #5 0x55a2d1f7604b <unknown>\nE   #6 0x55a2d1f1f88f <unknown>\nE   #7 0x55a2d1f20651 <unknown>\nE   #8 0x55a2d248d119 <unknown>\nE   #9 0x55a2d2490021 <unknown>\nE   #10 0x55a2d24798d9 <unknown>\nE   #11 0x55a2d2490bee <unknown>\nE   #12 0x55a2d245fc50 <unknown>\nE   #13 0x55a2d24b5318 <unknown>\nE   #14 0x55a2d24b54e8 <unknown>\nE   #15 0x55a2d24c7313 <unknown>\nE   #16 0x7f4e71e9caa4 <unknown>\nE   #17 0x7f4e71f29c6c <unknown>\n\nDuring handling of the above exception, another exception occurred:\nsrc/tests/ui/test_ui_search.py:190: in test_search_with_special_characters\n    kurly_main_page.search_goods(keyword)\nsrc/pages/kurly_main_page.py:78: in search_goods\n    self.enter_search_keyword(keyword)\nsrc/pages/kurly_main_page.py:65: in enter_search_keyword\n    self.send_keys(self.SEARCH_INPUT, keyword)\nsrc/pages/base_page.py:296: in send_keys\n    element = self.find_element(locator, timeout)\nsrc/pages/base_page.py:238: in find_element\n    raise TimeoutException(f\"❌ 요소를 찾을 수 없습니다(visible): {locator}\")\nE   selenium.common.exceptions.TimeoutException: Message: ❌ 요소를 찾을 수 없습니다(visible): ('xpath', \"//input[@placeholder='검색어를 입력해주세요']\")","steps":[{"name":"특수문자 포함 검색어 '사과!@#' 검색","time":{"start":1771518402884,"stop":1771518408186,"duration":5302},"status":"broken","statusMessage":"selenium.common.exceptions.TimeoutException: Message: ❌ 요소를 찾을 수 없습니다(visible): ('xpath', \"//input[@placeholder='검색어를 입력해주세요']\")\n\n","statusTrace":"  File \"/home/runner/work/QATEST/QATEST/src/tests/ui/test_ui_search.py\", line 190, in test_search_with_special_characters\n    kurly_main_page.search_goods(keyword)\n  File \"/home/runner/work/QATEST/QATEST/src/pages/kurly_main_page.py\", line 78, in search_goods\n    self.enter_search_keyword(keyword)\n  File \"/home/runner/work/QATEST/QATEST/src/pages/kurly_main_page.py\", line 65, in enter_search_keyword\n    self.send_keys(self.SEARCH_INPUT, keyword)\n  File \"/home/runner/work/QATEST/QATEST/src/pages/base_page.py\", line 296, in send_keys\n    element = self.find_element(locator, timeout)\n              ^^^^^^^^^^^^^^^^^^^^^^^^^^^^^^^^^^^\n  File \"/home/runner/work/QATEST/QATEST/src/pages/base_page.py\", line 238, in find_element\n    raise TimeoutException(f\"❌ 요소를 찾을 수 없습니다(visible): {locator}\")\n","steps":[],"attachments":[],"parameters":[],"shouldDisplayMessage":true,"stepsCount":0,"attachmentsCount":0,"hasContent":true,"attachmentStep":false}],"attachments":[{"uid":"6a9881aa0413d142","name":"log","source":"6a9881aa0413d142.txt","type":"text/plain","size":672275},{"uid":"615f48906a08a7c5","name":"stderr","source":"615f48906a08a7c5.txt","type":"text/plain","size":516}],"parameters":[],"shouldDisplayMessage":true,"stepsCount":1,"attachmentsCount":2,"hasContent":true,"attachmentStep":false},"afterStages":[{"name":"driver::0","time":{"start":1771518408201,"stop":1771518408293,"duration":92},"status":"passed","steps":[],"attachments":[],"parameters":[],"shouldDisplayMessage":false,"stepsCount":0,"attachmentsCount":0,"hasContent":false,"attachmentStep":false}],"labels":[{"name":"feature","value":"상품 검색"},{"name":"severity","value":"critical"},{"name":"story","value":"검색 기능"},{"name":"tag","value":"ui"},{"name":"parentSuite","value":"src.tests.ui"},{"name":"suite","value":"test_ui_search"},{"name":"subSuite","value":"TestSearch"},{"name":"host","value":"runnervmieams"},{"name":"thread","value":"2665-MainThread"},{"name":"framework","value":"pytest"},{"name":"language","value":"cpython3"},{"name":"package","value":"src.tests.ui.test_ui_search"},{"name":"resultFormat","value":"allure2"}],"parameters":[{"name":"keyword","value":"'사과!@#'"}],"links":[],"hidden":false,"retry":false,"extra":{"severity":"critical","retries":[],"categories":[{"name":"Test defects","matchedStatuses":[],"flaky":false}],"tags":["ui"]},"source":"cebc9f183cdc829d.json","parameterValues":["'사과!@#'"]}