{"uid":"d29f1219754e744f","name":"여러 상품을 장바구니에 담기","fullName":"src.tests.ui.test_cart_management.TestCartManagement#test_add_multiple_items_to_cart","historyId":"b10392ec03b6bdb85794b4326da8c28d","time":{"start":1769875852484,"stop":1769875864648,"duration":12164},"description":"여러 상품을 장바구니에 담고 모두 장바구니에 있는지 확인","descriptionHtml":"<p>여러 상품을 장바구니에 담고 모두 장바구니에 있는지 확인</p>\n","status":"broken","statusMessage":"selenium.common.exceptions.StaleElementReferenceException: Message: stale element reference: stale element not found in the current frame\n  (Session info: chrome=144.0.7559.96); For documentation on this error, please visit: https://www.selenium.dev/documentation/webdriver/troubleshooting/errors#stale-element-reference-exception\nStacktrace:\n#0 0x556b94f694ba <unknown>\n#1 0x556b949d2492 <unknown>\n#2 0x556b949d95ab <unknown>\n#3 0x556b949dc119 <unknown>\n#4 0x556b94a71799 <unknown>\n#5 0x556b94a70700 <unknown>\n#6 0x556b94a196a2 <unknown>\n#7 0x556b94a1a491 <unknown>\n#8 0x556b94f2f479 <unknown>\n#9 0x556b94f32391 <unknown>\n#10 0x556b94f1ba89 <unknown>\n#11 0x556b94f32f4e <unknown>\n#12 0x556b94f02070 <unknown>\n#13 0x556b94f56ca8 <unknown>\n#14 0x556b94f56e78 <unknown>\n#15 0x556b94f68828 <unknown>\n#16 0x7f163e29caa4 <unknown>\n#17 0x7f163e329c6c <unknown>","statusTrace":"src/tests/ui/test_cart_management.py:43: in test_add_multiple_items_to_cart\n    kurly_main_page.go_to_cart()\nsrc/pages/kurly_main_page.py:115: in go_to_cart\n    self.driver.execute_script(\"arguments[0].scrollIntoView(true);\", cart_icon_el)\nvenv/lib/python3.11/site-packages/selenium/webdriver/remote/webdriver.py:444: in execute_script\n    return self.execute(command, {\"script\": script, \"args\": converted_args})[\"value\"]\nvenv/lib/python3.11/site-packages/selenium/webdriver/remote/webdriver.py:384: in execute\n    self.error_handler.check_response(response)\nvenv/lib/python3.11/site-packages/selenium/webdriver/remote/errorhandler.py:232: in check_response\n    raise exception_class(message, screen, stacktrace)\nE   selenium.common.exceptions.StaleElementReferenceException: Message: stale element reference: stale element not found in the current frame\nE     (Session info: chrome=144.0.7559.96); For documentation on this error, please visit: https://www.selenium.dev/documentation/webdriver/troubleshooting/errors#stale-element-reference-exception\nE   Stacktrace:\nE   #0 0x556b94f694ba <unknown>\nE   #1 0x556b949d2492 <unknown>\nE   #2 0x556b949d95ab <unknown>\nE   #3 0x556b949dc119 <unknown>\nE   #4 0x556b94a71799 <unknown>\nE   #5 0x556b94a70700 <unknown>\nE   #6 0x556b94a196a2 <unknown>\nE   #7 0x556b94a1a491 <unknown>\nE   #8 0x556b94f2f479 <unknown>\nE   #9 0x556b94f32391 <unknown>\nE   #10 0x556b94f1ba89 <unknown>\nE   #11 0x556b94f32f4e <unknown>\nE   #12 0x556b94f02070 <unknown>\nE   #13 0x556b94f56ca8 <unknown>\nE   #14 0x556b94f56e78 <unknown>\nE   #15 0x556b94f68828 <unknown>\nE   #16 0x7f163e29caa4 <unknown>\nE   #17 0x7f163e329c6c <unknown>","flaky":false,"newFailed":false,"newBroken":false,"newPassed":false,"retriesCount":0,"retriesStatusChange":false,"beforeStages":[{"name":"driver","time":{"start":1769875851913,"stop":1769875852483,"duration":570},"status":"passed","steps":[],"attachments":[],"parameters":[],"shouldDisplayMessage":false,"stepsCount":0,"attachmentsCount":0,"hasContent":false,"attachmentStep":false},{"name":"kurly_main_page","time":{"start":1769875852483,"stop":1769875852483,"duration":0},"status":"passed","steps":[],"attachments":[],"parameters":[],"shouldDisplayMessage":false,"stepsCount":0,"attachmentsCount":0,"hasContent":false,"attachmentStep":false},{"name":"kurly_search_page","time":{"start":1769875852483,"stop":1769875852483,"duration":0},"status":"passed","steps":[],"attachments":[],"parameters":[],"shouldDisplayMessage":false,"stepsCount":0,"attachmentsCount":0,"hasContent":false,"attachmentStep":false},{"name":"kurly_cart_page","time":{"start":1769875852483,"stop":1769875852484,"duration":1},"status":"passed","steps":[],"attachments":[],"parameters":[],"shouldDisplayMessage":false,"stepsCount":0,"attachmentsCount":0,"hasContent":false,"attachmentStep":false}],"testStage":{"description":"여러 상품을 장바구니에 담고 모두 장바구니에 있는지 확인","status":"broken","statusMessage":"selenium.common.exceptions.StaleElementReferenceException: Message: stale element reference: stale element not found in the current frame\n  (Session info: chrome=144.0.7559.96); For documentation on this error, please visit: https://www.selenium.dev/documentation/webdriver/troubleshooting/errors#stale-element-reference-exception\nStacktrace:\n#0 0x556b94f694ba <unknown>\n#1 0x556b949d2492 <unknown>\n#2 0x556b949d95ab <unknown>\n#3 0x556b949dc119 <unknown>\n#4 0x556b94a71799 <unknown>\n#5 0x556b94a70700 <unknown>\n#6 0x556b94a196a2 <unknown>\n#7 0x556b94a1a491 <unknown>\n#8 0x556b94f2f479 <unknown>\n#9 0x556b94f32391 <unknown>\n#10 0x556b94f1ba89 <unknown>\n#11 0x556b94f32f4e <unknown>\n#12 0x556b94f02070 <unknown>\n#13 0x556b94f56ca8 <unknown>\n#14 0x556b94f56e78 <unknown>\n#15 0x556b94f68828 <unknown>\n#16 0x7f163e29caa4 <unknown>\n#17 0x7f163e329c6c <unknown>","statusTrace":"src/tests/ui/test_cart_management.py:43: in test_add_multiple_items_to_cart\n    kurly_main_page.go_to_cart()\nsrc/pages/kurly_main_page.py:115: in go_to_cart\n    self.driver.execute_script(\"arguments[0].scrollIntoView(true);\", cart_icon_el)\nvenv/lib/python3.11/site-packages/selenium/webdriver/remote/webdriver.py:444: in execute_script\n    return self.execute(command, {\"script\": script, \"args\": converted_args})[\"value\"]\nvenv/lib/python3.11/site-packages/selenium/webdriver/remote/webdriver.py:384: in execute\n    self.error_handler.check_response(response)\nvenv/lib/python3.11/site-packages/selenium/webdriver/remote/errorhandler.py:232: in check_response\n    raise exception_class(message, screen, stacktrace)\nE   selenium.common.exceptions.StaleElementReferenceException: Message: stale element reference: stale element not found in the current frame\nE     (Session info: chrome=144.0.7559.96); For documentation on this error, please visit: https://www.selenium.dev/documentation/webdriver/troubleshooting/errors#stale-element-reference-exception\nE   Stacktrace:\nE   #0 0x556b94f694ba <unknown>\nE   #1 0x556b949d2492 <unknown>\nE   #2 0x556b949d95ab <unknown>\nE   #3 0x556b949dc119 <unknown>\nE   #4 0x556b94a71799 <unknown>\nE   #5 0x556b94a70700 <unknown>\nE   #6 0x556b94a196a2 <unknown>\nE   #7 0x556b94a1a491 <unknown>\nE   #8 0x556b94f2f479 <unknown>\nE   #9 0x556b94f32391 <unknown>\nE   #10 0x556b94f1ba89 <unknown>\nE   #11 0x556b94f32f4e <unknown>\nE   #12 0x556b94f02070 <unknown>\nE   #13 0x556b94f56ca8 <unknown>\nE   #14 0x556b94f56e78 <unknown>\nE   #15 0x556b94f68828 <unknown>\nE   #16 0x7f163e29caa4 <unknown>\nE   #17 0x7f163e329c6c <unknown>","steps":[{"name":"메인 페이지 접속","time":{"start":1769875852484,"stop":1769875854474,"duration":1990},"status":"passed","steps":[],"attachments":[],"parameters":[],"shouldDisplayMessage":false,"stepsCount":0,"attachmentsCount":0,"hasContent":false,"attachmentStep":false},{"name":"'과자' 검색","time":{"start":1769875854474,"stop":1769875854897,"duration":423},"status":"passed","steps":[],"attachments":[],"parameters":[],"shouldDisplayMessage":false,"stepsCount":0,"attachmentsCount":0,"hasContent":false,"attachmentStep":false},{"name":"3개 상품을 장바구니에 담기","time":{"start":1769875854897,"stop":1769875864476,"duration":9579},"status":"passed","steps":[],"attachments":[],"parameters":[],"shouldDisplayMessage":false,"stepsCount":0,"attachmentsCount":0,"hasContent":false,"attachmentStep":false},{"name":"장바구니로 이동","time":{"start":1769875864476,"stop":1769875864647,"duration":171},"status":"broken","statusMessage":"selenium.common.exceptions.StaleElementReferenceException: Message: stale element reference: stale element not found in the current frame\n  (Session info: chrome=144.0.7559.96); For documentation on this error, please visit: https://www.selenium.dev/documentation/webdriver/troubleshooting/errors#stale-element-reference-exception\nStacktrace:\n#0 0x556b94f694ba <unknown>\n#1 0x556b949d2492 <unknown>\n#2 0x556b949d95ab <unknown>\n#3 0x556b949dc119 <unknown>\n#4 0x556b94a71799 <unknown>\n#5 0x556b94a70700 <unknown>\n#6 0x556b94a196a2 <unknown>\n#7 0x556b94a1a491 <unknown>\n#8 0x556b94f2f479 <unknown>\n#9 0x556b94f32391 <unknown>\n#10 0x556b94f1ba89 <unknown>\n#11 0x556b94f32f4e <unknown>\n#12 0x556b94f02070 <unknown>\n#13 0x556b94f56ca8 <unknown>\n#14 0x556b94f56e78 <unknown>\n#15 0x556b94f68828 <unknown>\n#16 0x7f163e29caa4 <unknown>\n#17 0x7f163e329c6c <unknown>\n\n","statusTrace":"  File \"/home/runner/work/QATEST/QATEST/src/tests/ui/test_cart_management.py\", line 43, in test_add_multiple_items_to_cart\n    kurly_main_page.go_to_cart()\n  File \"/home/runner/work/QATEST/QATEST/src/pages/kurly_main_page.py\", line 115, in go_to_cart\n    self.driver.execute_script(\"arguments[0].scrollIntoView(true);\", cart_icon_el)\n  File \"/home/runner/work/QATEST/QATEST/venv/lib/python3.11/site-packages/selenium/webdriver/remote/webdriver.py\", line 444, in execute_script\n    return self.execute(command, {\"script\": script, \"args\": converted_args})[\"value\"]\n           ^^^^^^^^^^^^^^^^^^^^^^^^^^^^^^^^^^^^^^^^^^^^^^^^^^^^^^^^^^^^^^^^^\n  File \"/home/runner/work/QATEST/QATEST/venv/lib/python3.11/site-packages/selenium/webdriver/remote/webdriver.py\", line 384, in execute\n    self.error_handler.check_response(response)\n  File \"/home/runner/work/QATEST/QATEST/venv/lib/python3.11/site-packages/selenium/webdriver/remote/errorhandler.py\", line 232, in check_response\n    raise exception_class(message, screen, stacktrace)\n","steps":[],"attachments":[],"parameters":[],"shouldDisplayMessage":true,"stepsCount":0,"attachmentsCount":0,"hasContent":true,"attachmentStep":false}],"attachments":[{"uid":"bb121a27e36971b7","name":"log","source":"bb121a27e36971b7.txt","type":"text/plain","size":56581},{"uid":"c30256c6717b699b","name":"stderr","source":"c30256c6717b699b.txt","type":"text/plain","size":198}],"parameters":[],"shouldDisplayMessage":true,"stepsCount":4,"attachmentsCount":2,"hasContent":true,"attachmentStep":false},"afterStages":[{"name":"driver::0","time":{"start":1769875870888,"stop":1769875870974,"duration":86},"status":"passed","steps":[],"attachments":[],"parameters":[],"shouldDisplayMessage":false,"stepsCount":0,"attachmentsCount":0,"hasContent":false,"attachmentStep":false}],"labels":[{"name":"feature","value":"장바구니 관리"},{"name":"story","value":"장바구니 상품 관리"},{"name":"tag","value":"ui"},{"name":"parentSuite","value":"src.tests.ui"},{"name":"suite","value":"test_cart_management"},{"name":"subSuite","value":"TestCartManagement"},{"name":"host","value":"runnervmkj6or"},{"name":"thread","value":"2697-MainThread"},{"name":"framework","value":"pytest"},{"name":"language","value":"cpython3"},{"name":"package","value":"src.tests.ui.test_cart_management"},{"name":"resultFormat","value":"allure2"}],"parameters":[],"links":[],"hidden":false,"retry":false,"extra":{"severity":"normal","retries":[],"categories":[{"name":"Test defects","matchedStatuses":[],"flaky":false}],"tags":["ui"]},"source":"d29f1219754e744f.json","parameterValues":[]}