{"uid":"dd57237b6dadf843","name":"장바구니에서 상품 삭제","fullName":"src.tests.ui.test_cart_management.TestCartManagement#test_remove_item_from_cart","historyId":"b65bd31b2e0db8f54d0c135be914a15a","time":{"start":1768005256564,"stop":1768005260013,"duration":3449},"description":"장바구니에 담긴 상품을 삭제하고 개수가 줄어드는지 확인","descriptionHtml":"<p>장바구니에 담긴 상품을 삭제하고 개수가 줄어드는지 확인</p>\n","status":"broken","statusMessage":"selenium.common.exceptions.StaleElementReferenceException: Message: stale element reference: stale element not found in the current frame\n  (Session info: chrome=143.0.7499.169); For documentation on this error, please visit: https://www.selenium.dev/documentation/webdriver/troubleshooting/errors#stale-element-reference-exception\nStacktrace:\n#0 0x5578d68f340a <unknown>\n#1 0x5578d632776b <unknown>\n#2 0x5578d632e4cf <unknown>\n#3 0x5578d6330b54 <unknown>\n#4 0x5578d6330c23 <unknown>\n#5 0x5578d637c166 <unknown>\n#6 0x5578d6379ea5 <unknown>\n#7 0x5578d636d642 <unknown>\n#8 0x5578d636cfe7 <unknown>\n#9 0x5578d63c4760 <unknown>\n#10 0x5578d636b7b2 <unknown>\n#11 0x5578d636c461 <unknown>\n#12 0x5578d68bbdf9 <unknown>\n#13 0x5578d68bed5d <unknown>\n#14 0x5578d68a4b41 <unknown>\n#15 0x5578d68bf93b <unknown>\n#16 0x5578d688b870 <unknown>\n#17 0x5578d68e0828 <unknown>\n#18 0x5578d68e09fc <unknown>\n#19 0x5578d68f2763 <unknown>\n#20 0x7f849b49caa4 <unknown>\n#21 0x7f849b529c6c <unknown>","statusTrace":"src/tests/ui/test_cart_management.py:69: in test_remove_item_from_cart\n    kurly_search_page.click_nth_add_button(n=1)\nsrc/pages/kurly_search_page.py:175: in click_nth_add_button\n    self.click(nth_add_button)\nsrc/pages/base_page.py:273: in click\n    element.click()\nvenv/lib/python3.11/site-packages/selenium/webdriver/remote/webelement.py:94: in click\n    self._execute(Command.CLICK_ELEMENT)\nvenv/lib/python3.11/site-packages/selenium/webdriver/remote/webelement.py:402: in _execute\n    return self._parent.execute(command, params)\nvenv/lib/python3.11/site-packages/selenium/webdriver/remote/webdriver.py:384: in execute\n    self.error_handler.check_response(response)\nvenv/lib/python3.11/site-packages/selenium/webdriver/remote/errorhandler.py:232: in check_response\n    raise exception_class(message, screen, stacktrace)\nE   selenium.common.exceptions.StaleElementReferenceException: Message: stale element reference: stale element not found in the current frame\nE     (Session info: chrome=143.0.7499.169); For documentation on this error, please visit: https://www.selenium.dev/documentation/webdriver/troubleshooting/errors#stale-element-reference-exception\nE   Stacktrace:\nE   #0 0x5578d68f340a <unknown>\nE   #1 0x5578d632776b <unknown>\nE   #2 0x5578d632e4cf <unknown>\nE   #3 0x5578d6330b54 <unknown>\nE   #4 0x5578d6330c23 <unknown>\nE   #5 0x5578d637c166 <unknown>\nE   #6 0x5578d6379ea5 <unknown>\nE   #7 0x5578d636d642 <unknown>\nE   #8 0x5578d636cfe7 <unknown>\nE   #9 0x5578d63c4760 <unknown>\nE   #10 0x5578d636b7b2 <unknown>\nE   #11 0x5578d636c461 <unknown>\nE   #12 0x5578d68bbdf9 <unknown>\nE   #13 0x5578d68bed5d <unknown>\nE   #14 0x5578d68a4b41 <unknown>\nE   #15 0x5578d68bf93b <unknown>\nE   #16 0x5578d688b870 <unknown>\nE   #17 0x5578d68e0828 <unknown>\nE   #18 0x5578d68e09fc <unknown>\nE   #19 0x5578d68f2763 <unknown>\nE   #20 0x7f849b49caa4 <unknown>\nE   #21 0x7f849b529c6c <unknown>","flaky":false,"newFailed":false,"newBroken":false,"newPassed":false,"retriesCount":0,"retriesStatusChange":false,"beforeStages":[{"name":"driver","time":{"start":1768005241839,"stop":1768005242482,"duration":643},"status":"passed","steps":[],"attachments":[],"parameters":[],"shouldDisplayMessage":false,"stepsCount":0,"attachmentsCount":0,"hasContent":false,"attachmentStep":false},{"name":"kurly_search_page","time":{"start":1768005256564,"stop":1768005256564,"duration":0},"status":"passed","steps":[],"attachments":[],"parameters":[],"shouldDisplayMessage":false,"stepsCount":0,"attachmentsCount":0,"hasContent":false,"attachmentStep":false},{"name":"kurly_cart_page","time":{"start":1768005256564,"stop":1768005256564,"duration":0},"status":"passed","steps":[],"attachments":[],"parameters":[],"shouldDisplayMessage":false,"stepsCount":0,"attachmentsCount":0,"hasContent":false,"attachmentStep":false},{"name":"kurly_main_page","time":{"start":1768005256564,"stop":1768005256564,"duration":0},"status":"passed","steps":[],"attachments":[],"parameters":[],"shouldDisplayMessage":false,"stepsCount":0,"attachmentsCount":0,"hasContent":false,"attachmentStep":false}],"testStage":{"description":"장바구니에 담긴 상품을 삭제하고 개수가 줄어드는지 확인","status":"broken","statusMessage":"selenium.common.exceptions.StaleElementReferenceException: Message: stale element reference: stale element not found in the current frame\n  (Session info: chrome=143.0.7499.169); For documentation on this error, please visit: https://www.selenium.dev/documentation/webdriver/troubleshooting/errors#stale-element-reference-exception\nStacktrace:\n#0 0x5578d68f340a <unknown>\n#1 0x5578d632776b <unknown>\n#2 0x5578d632e4cf <unknown>\n#3 0x5578d6330b54 <unknown>\n#4 0x5578d6330c23 <unknown>\n#5 0x5578d637c166 <unknown>\n#6 0x5578d6379ea5 <unknown>\n#7 0x5578d636d642 <unknown>\n#8 0x5578d636cfe7 <unknown>\n#9 0x5578d63c4760 <unknown>\n#10 0x5578d636b7b2 <unknown>\n#11 0x5578d636c461 <unknown>\n#12 0x5578d68bbdf9 <unknown>\n#13 0x5578d68bed5d <unknown>\n#14 0x5578d68a4b41 <unknown>\n#15 0x5578d68bf93b <unknown>\n#16 0x5578d688b870 <unknown>\n#17 0x5578d68e0828 <unknown>\n#18 0x5578d68e09fc <unknown>\n#19 0x5578d68f2763 <unknown>\n#20 0x7f849b49caa4 <unknown>\n#21 0x7f849b529c6c <unknown>","statusTrace":"src/tests/ui/test_cart_management.py:69: in test_remove_item_from_cart\n    kurly_search_page.click_nth_add_button(n=1)\nsrc/pages/kurly_search_page.py:175: in click_nth_add_button\n    self.click(nth_add_button)\nsrc/pages/base_page.py:273: in click\n    element.click()\nvenv/lib/python3.11/site-packages/selenium/webdriver/remote/webelement.py:94: in click\n    self._execute(Command.CLICK_ELEMENT)\nvenv/lib/python3.11/site-packages/selenium/webdriver/remote/webelement.py:402: in _execute\n    return self._parent.execute(command, params)\nvenv/lib/python3.11/site-packages/selenium/webdriver/remote/webdriver.py:384: in execute\n    self.error_handler.check_response(response)\nvenv/lib/python3.11/site-packages/selenium/webdriver/remote/errorhandler.py:232: in check_response\n    raise exception_class(message, screen, stacktrace)\nE   selenium.common.exceptions.StaleElementReferenceException: Message: stale element reference: stale element not found in the current frame\nE     (Session info: chrome=143.0.7499.169); For documentation on this error, please visit: https://www.selenium.dev/documentation/webdriver/troubleshooting/errors#stale-element-reference-exception\nE   Stacktrace:\nE   #0 0x5578d68f340a <unknown>\nE   #1 0x5578d632776b <unknown>\nE   #2 0x5578d632e4cf <unknown>\nE   #3 0x5578d6330b54 <unknown>\nE   #4 0x5578d6330c23 <unknown>\nE   #5 0x5578d637c166 <unknown>\nE   #6 0x5578d6379ea5 <unknown>\nE   #7 0x5578d636d642 <unknown>\nE   #8 0x5578d636cfe7 <unknown>\nE   #9 0x5578d63c4760 <unknown>\nE   #10 0x5578d636b7b2 <unknown>\nE   #11 0x5578d636c461 <unknown>\nE   #12 0x5578d68bbdf9 <unknown>\nE   #13 0x5578d68bed5d <unknown>\nE   #14 0x5578d68a4b41 <unknown>\nE   #15 0x5578d68bf93b <unknown>\nE   #16 0x5578d688b870 <unknown>\nE   #17 0x5578d68e0828 <unknown>\nE   #18 0x5578d68e09fc <unknown>\nE   #19 0x5578d68f2763 <unknown>\nE   #20 0x7f849b49caa4 <unknown>\nE   #21 0x7f849b529c6c <unknown>","steps":[{"name":"메인 페이지 접속 및 검색","time":{"start":1768005256564,"stop":1768005259162,"duration":2598},"status":"passed","steps":[],"attachments":[],"parameters":[],"shouldDisplayMessage":false,"stepsCount":0,"attachmentsCount":0,"hasContent":false,"attachmentStep":false},{"name":"상품을 장바구니에 담기","time":{"start":1768005259162,"stop":1768005260012,"duration":850},"status":"broken","statusMessage":"selenium.common.exceptions.StaleElementReferenceException: Message: stale element reference: stale element not found in the current frame\n  (Session info: chrome=143.0.7499.169); For documentation on this error, please visit: https://www.selenium.dev/documentation/webdriver/troubleshooting/errors#stale-element-reference-exception\nStacktrace:\n#0 0x5578d68f340a <unknown>\n#1 0x5578d632776b <unknown>\n#2 0x5578d632e4cf <unknown>\n#3 0x5578d6330b54 <unknown>\n#4 0x5578d6330c23 <unknown>\n#5 0x5578d637c166 <unknown>\n#6 0x5578d6379ea5 <unknown>\n#7 0x5578d636d642 <unknown>\n#8 0x5578d636cfe7 <unknown>\n#9 0x5578d63c4760 <unknown>\n#10 0x5578d636b7b2 <unknown>\n#11 0x5578d636c461 <unknown>\n#12 0x5578d68bbdf9 <unknown>\n#13 0x5578d68bed5d <unknown>\n#14 0x5578d68a4b41 <unknown>\n#15 0x5578d68bf93b <unknown>\n#16 0x5578d688b870 <unknown>\n#17 0x5578d68e0828 <unknown>\n#18 0x5578d68e09fc <unknown>\n#19 0x5578d68f2763 <unknown>\n#20 0x7f849b49caa4 <unknown>\n#21 0x7f849b529c6c <unknown>\n\n","statusTrace":"  File \"/home/runner/work/QATEST/QATEST/src/tests/ui/test_cart_management.py\", line 69, in test_remove_item_from_cart\n    kurly_search_page.click_nth_add_button(n=1)\n  File \"/home/runner/work/QATEST/QATEST/src/pages/kurly_search_page.py\", line 175, in click_nth_add_button\n    self.click(nth_add_button)\n  File \"/home/runner/work/QATEST/QATEST/src/pages/base_page.py\", line 273, in click\n    element.click()\n  File \"/home/runner/work/QATEST/QATEST/venv/lib/python3.11/site-packages/selenium/webdriver/remote/webelement.py\", line 94, in click\n    self._execute(Command.CLICK_ELEMENT)\n  File \"/home/runner/work/QATEST/QATEST/venv/lib/python3.11/site-packages/selenium/webdriver/remote/webelement.py\", line 402, in _execute\n    return self._parent.execute(command, params)\n           ^^^^^^^^^^^^^^^^^^^^^^^^^^^^^^^^^^^^^\n  File \"/home/runner/work/QATEST/QATEST/venv/lib/python3.11/site-packages/selenium/webdriver/remote/webdriver.py\", line 384, in execute\n    self.error_handler.check_response(response)\n  File \"/home/runner/work/QATEST/QATEST/venv/lib/python3.11/site-packages/selenium/webdriver/remote/errorhandler.py\", line 232, in check_response\n    raise exception_class(message, screen, stacktrace)\n","steps":[],"attachments":[],"parameters":[],"shouldDisplayMessage":true,"stepsCount":0,"attachmentsCount":0,"hasContent":true,"attachmentStep":false}],"attachments":[{"uid":"44077248456f657d","name":"log","source":"44077248456f657d.txt","type":"text/plain","size":15566},{"uid":"781e0936821bedf7","name":"stderr","source":"781e0936821bedf7.txt","type":"text/plain","size":198}],"parameters":[],"shouldDisplayMessage":true,"stepsCount":2,"attachmentsCount":2,"hasContent":true,"attachmentStep":false},"afterStages":[{"name":"driver::0","time":{"start":1768005260045,"stop":1768005260113,"duration":68},"status":"passed","steps":[],"attachments":[],"parameters":[],"shouldDisplayMessage":false,"stepsCount":0,"attachmentsCount":0,"hasContent":false,"attachmentStep":false}],"labels":[{"name":"story","value":"장바구니 상품 관리"},{"name":"feature","value":"장바구니 관리"},{"name":"tag","value":"ui"},{"name":"parentSuite","value":"src.tests.ui"},{"name":"suite","value":"test_cart_management"},{"name":"subSuite","value":"TestCartManagement"},{"name":"host","value":"runnervmi13qx"},{"name":"thread","value":"2621-MainThread"},{"name":"framework","value":"pytest"},{"name":"language","value":"cpython3"},{"name":"package","value":"src.tests.ui.test_cart_management"},{"name":"resultFormat","value":"allure2"}],"parameters":[],"links":[],"hidden":false,"retry":false,"extra":{"severity":"normal","retries":[],"categories":[{"name":"Test defects","matchedStatuses":[],"flaky":false}],"tags":["ui"]},"source":"dd57237b6dadf843.json","parameterValues":[]}