{"uid":"de91737d03de70d","name":"장바구니 페이지 접근 테스트","fullName":"src.tests.ui.test_ui_cart.TestCart#test_cart_page_access","historyId":"ab05b45a73f200ad22d458bd2a280d4b","time":{"start":1768061367104,"stop":1768061374835,"duration":7731},"description":"\n    **목적:** 장바구니 아이콘 클릭 시 장바구니 페이지로 정상 이동하는지 확인\n\n    **테스트 단계:**\n    1. 마켓컬리 메인 페이지 접속\n    2. 장바구니 아이콘 클릭\n    3. URL에 'cart' 포함 확인\n    4. 페이지 제목 확인\n\n    **예상 결과:** 장바구니 페이지로 정상 이동\n    ","descriptionHtml":"<pre><code>**목적:** 장바구니 아이콘 클릭 시 장바구니 페이지로 정상 이동하는지 확인\n\n**테스트 단계:**\n1. 마켓컬리 메인 페이지 접속\n2. 장바구니 아이콘 클릭\n3. URL에 'cart' 포함 확인\n4. 페이지 제목 확인\n\n**예상 결과:** 장바구니 페이지로 정상 이동\n</code></pre>\n","status":"broken","statusMessage":"selenium.common.exceptions.TimeoutException: Message: ❌ 요소를 클릭할 수 없습니다: ('xpath', \"//button[@class='css-1e2hf7q eebvnww2']\")","statusTrace":"src/pages/base_page.py:272: in click\n    element = self.wait_clickable(locator, timeout)\nsrc/pages/base_page.py:127: in wait_clickable\n    return wait.until(EC.element_to_be_clickable(locator))\nvenv/lib/python3.11/site-packages/selenium/webdriver/support/wait.py:105: in until\n    raise TimeoutException(message, screen, stacktrace)\nE   selenium.common.exceptions.TimeoutException: Message: \nE   Stacktrace:\nE   #0 0x56492883640a <unknown>\nE   #1 0x56492826a76b <unknown>\nE   #2 0x5649282bbe88 <unknown>\nE   #3 0x5649282bc0c1 <unknown>\nE   #4 0x56492830a2c4 <unknown>\nE   #5 0x564928307760 <unknown>\nE   #6 0x5649282ae7b2 <unknown>\nE   #7 0x5649282af461 <unknown>\nE   #8 0x5649287fedf9 <unknown>\nE   #9 0x564928801d5d <unknown>\nE   #10 0x5649287e7b41 <unknown>\nE   #11 0x56492880293b <unknown>\nE   #12 0x5649287ce870 <unknown>\nE   #13 0x564928823828 <unknown>\nE   #14 0x5649288239fc <unknown>\nE   #15 0x564928835763 <unknown>\nE   #16 0x7f8b62c9caa4 <unknown>\nE   #17 0x7f8b62d29c6c <unknown>\n\nDuring handling of the above exception, another exception occurred:\nsrc/tests/ui/test_ui_cart.py:34: in test_cart_page_access\n    kurly_cart_page.click_cart_icon()\nsrc/pages/kurly_cart_page.py:55: in click_cart_icon\n    self.click(self.CART_ICON)\nsrc/pages/base_page.py:277: in click\n    raise TimeoutException(f\"❌ 요소를 클릭할 수 없습니다: {locator}\")\nE   selenium.common.exceptions.TimeoutException: Message: ❌ 요소를 클릭할 수 없습니다: ('xpath', \"//button[@class='css-1e2hf7q eebvnww2']\")","flaky":false,"newFailed":false,"newBroken":false,"newPassed":false,"retriesCount":0,"retriesStatusChange":false,"beforeStages":[{"name":"driver","time":{"start":1768061366554,"stop":1768061367104,"duration":550},"status":"passed","steps":[],"attachments":[],"parameters":[],"shouldDisplayMessage":false,"stepsCount":0,"attachmentsCount":0,"hasContent":false,"attachmentStep":false},{"name":"kurly_cart_page","time":{"start":1768061367104,"stop":1768061367104,"duration":0},"status":"passed","steps":[],"attachments":[],"parameters":[],"shouldDisplayMessage":false,"stepsCount":0,"attachmentsCount":0,"hasContent":false,"attachmentStep":false},{"name":"kurly_main_page","time":{"start":1768061367104,"stop":1768061367104,"duration":0},"status":"passed","steps":[],"attachments":[],"parameters":[],"shouldDisplayMessage":false,"stepsCount":0,"attachmentsCount":0,"hasContent":false,"attachmentStep":false}],"testStage":{"description":"\n    **목적:** 장바구니 아이콘 클릭 시 장바구니 페이지로 정상 이동하는지 확인\n\n    **테스트 단계:**\n    1. 마켓컬리 메인 페이지 접속\n    2. 장바구니 아이콘 클릭\n    3. URL에 'cart' 포함 확인\n    4. 페이지 제목 확인\n\n    **예상 결과:** 장바구니 페이지로 정상 이동\n    ","status":"broken","statusMessage":"selenium.common.exceptions.TimeoutException: Message: ❌ 요소를 클릭할 수 없습니다: ('xpath', \"//button[@class='css-1e2hf7q eebvnww2']\")","statusTrace":"src/pages/base_page.py:272: in click\n    element = self.wait_clickable(locator, timeout)\nsrc/pages/base_page.py:127: in wait_clickable\n    return wait.until(EC.element_to_be_clickable(locator))\nvenv/lib/python3.11/site-packages/selenium/webdriver/support/wait.py:105: in until\n    raise TimeoutException(message, screen, stacktrace)\nE   selenium.common.exceptions.TimeoutException: Message: \nE   Stacktrace:\nE   #0 0x56492883640a <unknown>\nE   #1 0x56492826a76b <unknown>\nE   #2 0x5649282bbe88 <unknown>\nE   #3 0x5649282bc0c1 <unknown>\nE   #4 0x56492830a2c4 <unknown>\nE   #5 0x564928307760 <unknown>\nE   #6 0x5649282ae7b2 <unknown>\nE   #7 0x5649282af461 <unknown>\nE   #8 0x5649287fedf9 <unknown>\nE   #9 0x564928801d5d <unknown>\nE   #10 0x5649287e7b41 <unknown>\nE   #11 0x56492880293b <unknown>\nE   #12 0x5649287ce870 <unknown>\nE   #13 0x564928823828 <unknown>\nE   #14 0x5649288239fc <unknown>\nE   #15 0x564928835763 <unknown>\nE   #16 0x7f8b62c9caa4 <unknown>\nE   #17 0x7f8b62d29c6c <unknown>\n\nDuring handling of the above exception, another exception occurred:\nsrc/tests/ui/test_ui_cart.py:34: in test_cart_page_access\n    kurly_cart_page.click_cart_icon()\nsrc/pages/kurly_cart_page.py:55: in click_cart_icon\n    self.click(self.CART_ICON)\nsrc/pages/base_page.py:277: in click\n    raise TimeoutException(f\"❌ 요소를 클릭할 수 없습니다: {locator}\")\nE   selenium.common.exceptions.TimeoutException: Message: ❌ 요소를 클릭할 수 없습니다: ('xpath', \"//button[@class='css-1e2hf7q eebvnww2']\")","steps":[{"name":"마켓컬리 메인 페이지로 이동","time":{"start":1768061367104,"stop":1768061369365,"duration":2261},"status":"passed","steps":[],"attachments":[],"parameters":[],"shouldDisplayMessage":false,"stepsCount":0,"attachmentsCount":0,"hasContent":false,"attachmentStep":false},{"name":"장바구니 아이콘 클릭","time":{"start":1768061369365,"stop":1768061374835,"duration":5470},"status":"broken","statusMessage":"selenium.common.exceptions.TimeoutException: Message: ❌ 요소를 클릭할 수 없습니다: ('xpath', \"//button[@class='css-1e2hf7q eebvnww2']\")\n\n","statusTrace":"  File \"/home/runner/work/QATEST/QATEST/src/tests/ui/test_ui_cart.py\", line 34, in test_cart_page_access\n    kurly_cart_page.click_cart_icon()\n  File \"/home/runner/work/QATEST/QATEST/src/pages/kurly_cart_page.py\", line 55, in click_cart_icon\n    self.click(self.CART_ICON)\n  File \"/home/runner/work/QATEST/QATEST/src/pages/base_page.py\", line 277, in click\n    raise TimeoutException(f\"❌ 요소를 클릭할 수 없습니다: {locator}\")\n","steps":[],"attachments":[],"parameters":[],"shouldDisplayMessage":true,"stepsCount":0,"attachmentsCount":0,"hasContent":true,"attachmentStep":false}],"attachments":[{"uid":"21390c399dab94bc","name":"log","source":"21390c399dab94bc.txt","type":"text/plain","size":210110},{"uid":"8daed56a55ad2294","name":"stderr","source":"8daed56a55ad2294.txt","type":"text/plain","size":470}],"parameters":[],"shouldDisplayMessage":true,"stepsCount":2,"attachmentsCount":2,"hasContent":true,"attachmentStep":false},"afterStages":[{"name":"driver::0","time":{"start":1768061374847,"stop":1768061374911,"duration":64},"status":"passed","steps":[],"attachments":[],"parameters":[],"shouldDisplayMessage":false,"stepsCount":0,"attachmentsCount":0,"hasContent":false,"attachmentStep":false}],"labels":[{"name":"feature","value":"장바구니"},{"name":"story","value":"장바구니 접근"},{"name":"severity","value":"critical"},{"name":"tag","value":"ui"},{"name":"parentSuite","value":"src.tests.ui"},{"name":"suite","value":"test_ui_cart"},{"name":"subSuite","value":"TestCart"},{"name":"host","value":"runnervmi13qx"},{"name":"thread","value":"2652-MainThread"},{"name":"framework","value":"pytest"},{"name":"language","value":"cpython3"},{"name":"package","value":"src.tests.ui.test_ui_cart"},{"name":"resultFormat","value":"allure2"}],"parameters":[],"links":[],"hidden":false,"retry":false,"extra":{"severity":"critical","retries":[],"categories":[{"name":"Test defects","matchedStatuses":[],"flaky":false}],"tags":["ui"]},"source":"de91737d03de70d.json","parameterValues":[]}