{"uid":"e51dc82c7eac9e72","name":"상품 검색 후 장바구니 추가 테스트","fullName":"src.tests.ui.test_ui_add_goods.TestAddGoods#test_add_goods_to_cart","historyId":"ae408fe597612d1ee15a91992e32f921","time":{"start":1767659696955,"stop":1767659700805,"duration":3850},"description":"\n    **목적:** 상품 검색 → 수량 조절 → 장바구니 담기 플로우가 정상 동작하는지 확인\n\n    **테스트 단계:**\n    1. 마켓컬리 메인 페이지 접속\n    2. '과자' 검색\n    3. 세 번째 상품의 장바구니 추가 버튼 클릭\n    4. 수량 올리기 (2회)\n    5. 수량 내리기 (2회)\n    6. 장바구니 담기 버튼 클릭\n    7. 검색 결과 확인\n\n    **예상 결과:** 상품이 장바구니에 정상적으로 담김\n    ","descriptionHtml":"<pre><code>**목적:** 상품 검색 → 수량 조절 → 장바구니 담기 플로우가 정상 동작하는지 확인\n\n**테스트 단계:**\n1. 마켓컬리 메인 페이지 접속\n2. '과자' 검색\n3. 세 번째 상품의 장바구니 추가 버튼 클릭\n4. 수량 올리기 (2회)\n5. 수량 내리기 (2회)\n6. 장바구니 담기 버튼 클릭\n7. 검색 결과 확인\n\n**예상 결과:** 상품이 장바구니에 정상적으로 담김\n</code></pre>\n","status":"broken","statusMessage":"selenium.common.exceptions.StaleElementReferenceException: Message: stale element reference: stale element not found in the current frame\n  (Session info: chrome=143.0.7499.109); For documentation on this error, please visit: https://www.selenium.dev/documentation/webdriver/troubleshooting/errors#stale-element-reference-exception\nStacktrace:\n#0 0x563e9315d61a <unknown>\n#1 0x563e92bda20b <unknown>\n#2 0x563e92be0f5f <unknown>\n#3 0x563e92be35f4 <unknown>\n#4 0x563e92be36c3 <unknown>\n#5 0x563e92c2d60b <unknown>\n#6 0x563e92c20037 <unknown>\n#7 0x563e92c1fa67 <unknown>\n#8 0x563e92c7720e <unknown>\n#9 0x563e92c1e232 <unknown>\n#10 0x563e92c1eee1 <unknown>\n#11 0x563e931263f9 <unknown>\n#12 0x563e9312934d <unknown>\n#13 0x563e9310f122 <unknown>\n#14 0x563e93129f2b <unknown>\n#15 0x563e930f5c30 <unknown>\n#16 0x563e9314ad78 <unknown>\n#17 0x563e9314af4c <unknown>\n#18 0x563e9315c973 <unknown>\n#19 0x7f941349caa4 <unknown>\n#20 0x7f9413529c6c <unknown>","statusTrace":"src/tests/ui/test_ui_add_goods.py:47: in test_add_goods_to_cart\n    kurly_goods_page.decrease_quantity(2)\nsrc/pages/kurly_goods_page.py:62: in decrease_quantity\n    self.click(self.QUANTITY_DOWN_BUTTON)\nsrc/pages/base_page.py:273: in click\n    element.click()\nvenv/lib/python3.11/site-packages/selenium/webdriver/remote/webelement.py:94: in click\n    self._execute(Command.CLICK_ELEMENT)\nvenv/lib/python3.11/site-packages/selenium/webdriver/remote/webelement.py:402: in _execute\n    return self._parent.execute(command, params)\nvenv/lib/python3.11/site-packages/selenium/webdriver/remote/webdriver.py:384: in execute\n    self.error_handler.check_response(response)\nvenv/lib/python3.11/site-packages/selenium/webdriver/remote/errorhandler.py:232: in check_response\n    raise exception_class(message, screen, stacktrace)\nE   selenium.common.exceptions.StaleElementReferenceException: Message: stale element reference: stale element not found in the current frame\nE     (Session info: chrome=143.0.7499.109); For documentation on this error, please visit: https://www.selenium.dev/documentation/webdriver/troubleshooting/errors#stale-element-reference-exception\nE   Stacktrace:\nE   #0 0x563e9315d61a <unknown>\nE   #1 0x563e92bda20b <unknown>\nE   #2 0x563e92be0f5f <unknown>\nE   #3 0x563e92be35f4 <unknown>\nE   #4 0x563e92be36c3 <unknown>\nE   #5 0x563e92c2d60b <unknown>\nE   #6 0x563e92c20037 <unknown>\nE   #7 0x563e92c1fa67 <unknown>\nE   #8 0x563e92c7720e <unknown>\nE   #9 0x563e92c1e232 <unknown>\nE   #10 0x563e92c1eee1 <unknown>\nE   #11 0x563e931263f9 <unknown>\nE   #12 0x563e9312934d <unknown>\nE   #13 0x563e9310f122 <unknown>\nE   #14 0x563e93129f2b <unknown>\nE   #15 0x563e930f5c30 <unknown>\nE   #16 0x563e9314ad78 <unknown>\nE   #17 0x563e9314af4c <unknown>\nE   #18 0x563e9315c973 <unknown>\nE   #19 0x7f941349caa4 <unknown>\nE   #20 0x7f9413529c6c <unknown>","flaky":false,"newFailed":false,"newBroken":false,"newPassed":false,"retriesCount":0,"retriesStatusChange":false,"beforeStages":[{"name":"driver","time":{"start":1767659696321,"stop":1767659696954,"duration":633},"status":"passed","steps":[],"attachments":[],"parameters":[],"shouldDisplayMessage":false,"stepsCount":0,"attachmentsCount":0,"hasContent":false,"attachmentStep":false},{"name":"kurly_search_page","time":{"start":1767659696954,"stop":1767659696954,"duration":0},"status":"passed","steps":[],"attachments":[],"parameters":[],"shouldDisplayMessage":false,"stepsCount":0,"attachmentsCount":0,"hasContent":false,"attachmentStep":false},{"name":"kurly_goods_page","time":{"start":1767659696954,"stop":1767659696954,"duration":0},"status":"passed","steps":[],"attachments":[],"parameters":[],"shouldDisplayMessage":false,"stepsCount":0,"attachmentsCount":0,"hasContent":false,"attachmentStep":false},{"name":"kurly_main_page","time":{"start":1767659696954,"stop":1767659696954,"duration":0},"status":"passed","steps":[],"attachments":[],"parameters":[],"shouldDisplayMessage":false,"stepsCount":0,"attachmentsCount":0,"hasContent":false,"attachmentStep":false}],"testStage":{"description":"\n    **목적:** 상품 검색 → 수량 조절 → 장바구니 담기 플로우가 정상 동작하는지 확인\n\n    **테스트 단계:**\n    1. 마켓컬리 메인 페이지 접속\n    2. '과자' 검색\n    3. 세 번째 상품의 장바구니 추가 버튼 클릭\n    4. 수량 올리기 (2회)\n    5. 수량 내리기 (2회)\n    6. 장바구니 담기 버튼 클릭\n    7. 검색 결과 확인\n\n    **예상 결과:** 상품이 장바구니에 정상적으로 담김\n    ","status":"broken","statusMessage":"selenium.common.exceptions.StaleElementReferenceException: Message: stale element reference: stale element not found in the current frame\n  (Session info: chrome=143.0.7499.109); For documentation on this error, please visit: https://www.selenium.dev/documentation/webdriver/troubleshooting/errors#stale-element-reference-exception\nStacktrace:\n#0 0x563e9315d61a <unknown>\n#1 0x563e92bda20b <unknown>\n#2 0x563e92be0f5f <unknown>\n#3 0x563e92be35f4 <unknown>\n#4 0x563e92be36c3 <unknown>\n#5 0x563e92c2d60b <unknown>\n#6 0x563e92c20037 <unknown>\n#7 0x563e92c1fa67 <unknown>\n#8 0x563e92c7720e <unknown>\n#9 0x563e92c1e232 <unknown>\n#10 0x563e92c1eee1 <unknown>\n#11 0x563e931263f9 <unknown>\n#12 0x563e9312934d <unknown>\n#13 0x563e9310f122 <unknown>\n#14 0x563e93129f2b <unknown>\n#15 0x563e930f5c30 <unknown>\n#16 0x563e9314ad78 <unknown>\n#17 0x563e9314af4c <unknown>\n#18 0x563e9315c973 <unknown>\n#19 0x7f941349caa4 <unknown>\n#20 0x7f9413529c6c <unknown>","statusTrace":"src/tests/ui/test_ui_add_goods.py:47: in test_add_goods_to_cart\n    kurly_goods_page.decrease_quantity(2)\nsrc/pages/kurly_goods_page.py:62: in decrease_quantity\n    self.click(self.QUANTITY_DOWN_BUTTON)\nsrc/pages/base_page.py:273: in click\n    element.click()\nvenv/lib/python3.11/site-packages/selenium/webdriver/remote/webelement.py:94: in click\n    self._execute(Command.CLICK_ELEMENT)\nvenv/lib/python3.11/site-packages/selenium/webdriver/remote/webelement.py:402: in _execute\n    return self._parent.execute(command, params)\nvenv/lib/python3.11/site-packages/selenium/webdriver/remote/webdriver.py:384: in execute\n    self.error_handler.check_response(response)\nvenv/lib/python3.11/site-packages/selenium/webdriver/remote/errorhandler.py:232: in check_response\n    raise exception_class(message, screen, stacktrace)\nE   selenium.common.exceptions.StaleElementReferenceException: Message: stale element reference: stale element not found in the current frame\nE     (Session info: chrome=143.0.7499.109); For documentation on this error, please visit: https://www.selenium.dev/documentation/webdriver/troubleshooting/errors#stale-element-reference-exception\nE   Stacktrace:\nE   #0 0x563e9315d61a <unknown>\nE   #1 0x563e92bda20b <unknown>\nE   #2 0x563e92be0f5f <unknown>\nE   #3 0x563e92be35f4 <unknown>\nE   #4 0x563e92be36c3 <unknown>\nE   #5 0x563e92c2d60b <unknown>\nE   #6 0x563e92c20037 <unknown>\nE   #7 0x563e92c1fa67 <unknown>\nE   #8 0x563e92c7720e <unknown>\nE   #9 0x563e92c1e232 <unknown>\nE   #10 0x563e92c1eee1 <unknown>\nE   #11 0x563e931263f9 <unknown>\nE   #12 0x563e9312934d <unknown>\nE   #13 0x563e9310f122 <unknown>\nE   #14 0x563e93129f2b <unknown>\nE   #15 0x563e930f5c30 <unknown>\nE   #16 0x563e9314ad78 <unknown>\nE   #17 0x563e9314af4c <unknown>\nE   #18 0x563e9315c973 <unknown>\nE   #19 0x7f941349caa4 <unknown>\nE   #20 0x7f9413529c6c <unknown>","steps":[{"name":"마켓컬리 메인 페이지로 이동","time":{"start":1767659696955,"stop":1767659699419,"duration":2464},"status":"passed","steps":[],"attachments":[],"parameters":[],"shouldDisplayMessage":false,"stepsCount":0,"attachmentsCount":0,"hasContent":false,"attachmentStep":false},{"name":"'과자' 검색","time":{"start":1767659699419,"stop":1767659699762,"duration":343},"status":"passed","steps":[],"attachments":[],"parameters":[],"shouldDisplayMessage":false,"stepsCount":0,"attachmentsCount":0,"hasContent":false,"attachmentStep":false},{"name":"세 번째 상품의 장바구니 추가 버튼 클릭","time":{"start":1767659699762,"stop":1767659699931,"duration":169},"status":"passed","steps":[],"attachments":[],"parameters":[],"shouldDisplayMessage":false,"stepsCount":0,"attachmentsCount":0,"hasContent":false,"attachmentStep":false},{"name":"수량 조절 (2회 증가, 2회 감소)","time":{"start":1767659699931,"stop":1767659700804,"duration":873},"status":"broken","statusMessage":"selenium.common.exceptions.StaleElementReferenceException: Message: stale element reference: stale element not found in the current frame\n  (Session info: chrome=143.0.7499.109); For documentation on this error, please visit: https://www.selenium.dev/documentation/webdriver/troubleshooting/errors#stale-element-reference-exception\nStacktrace:\n#0 0x563e9315d61a <unknown>\n#1 0x563e92bda20b <unknown>\n#2 0x563e92be0f5f <unknown>\n#3 0x563e92be35f4 <unknown>\n#4 0x563e92be36c3 <unknown>\n#5 0x563e92c2d60b <unknown>\n#6 0x563e92c20037 <unknown>\n#7 0x563e92c1fa67 <unknown>\n#8 0x563e92c7720e <unknown>\n#9 0x563e92c1e232 <unknown>\n#10 0x563e92c1eee1 <unknown>\n#11 0x563e931263f9 <unknown>\n#12 0x563e9312934d <unknown>\n#13 0x563e9310f122 <unknown>\n#14 0x563e93129f2b <unknown>\n#15 0x563e930f5c30 <unknown>\n#16 0x563e9314ad78 <unknown>\n#17 0x563e9314af4c <unknown>\n#18 0x563e9315c973 <unknown>\n#19 0x7f941349caa4 <unknown>\n#20 0x7f9413529c6c <unknown>\n\n","statusTrace":"  File \"/home/runner/work/QATEST/QATEST/src/tests/ui/test_ui_add_goods.py\", line 47, in test_add_goods_to_cart\n    kurly_goods_page.decrease_quantity(2)\n  File \"/home/runner/work/QATEST/QATEST/src/pages/kurly_goods_page.py\", line 62, in decrease_quantity\n    self.click(self.QUANTITY_DOWN_BUTTON)\n  File \"/home/runner/work/QATEST/QATEST/src/pages/base_page.py\", line 273, in click\n    element.click()\n  File \"/home/runner/work/QATEST/QATEST/venv/lib/python3.11/site-packages/selenium/webdriver/remote/webelement.py\", line 94, in click\n    self._execute(Command.CLICK_ELEMENT)\n  File \"/home/runner/work/QATEST/QATEST/venv/lib/python3.11/site-packages/selenium/webdriver/remote/webelement.py\", line 402, in _execute\n    return self._parent.execute(command, params)\n           ^^^^^^^^^^^^^^^^^^^^^^^^^^^^^^^^^^^^^\n  File \"/home/runner/work/QATEST/QATEST/venv/lib/python3.11/site-packages/selenium/webdriver/remote/webdriver.py\", line 384, in execute\n    self.error_handler.check_response(response)\n  File \"/home/runner/work/QATEST/QATEST/venv/lib/python3.11/site-packages/selenium/webdriver/remote/errorhandler.py\", line 232, in check_response\n    raise exception_class(message, screen, stacktrace)\n","steps":[],"attachments":[],"parameters":[],"shouldDisplayMessage":true,"stepsCount":0,"attachmentsCount":0,"hasContent":true,"attachmentStep":false}],"attachments":[{"uid":"78b0691563df1de4","name":"log","source":"78b0691563df1de4.txt","type":"text/plain","size":32656},{"uid":"681c9cdfeb308b03","name":"stderr","source":"681c9cdfeb308b03.txt","type":"text/plain","size":198}],"parameters":[],"shouldDisplayMessage":true,"stepsCount":4,"attachmentsCount":2,"hasContent":true,"attachmentStep":false},"afterStages":[{"name":"driver::0","time":{"start":1767659700832,"stop":1767659700898,"duration":66},"status":"passed","steps":[],"attachments":[],"parameters":[],"shouldDisplayMessage":false,"stepsCount":0,"attachmentsCount":0,"hasContent":false,"attachmentStep":false}],"labels":[{"name":"story","value":"상품 추가"},{"name":"severity","value":"critical"},{"name":"feature","value":"상품 관리"},{"name":"tag","value":"ui"},{"name":"parentSuite","value":"src.tests.ui"},{"name":"suite","value":"test_ui_add_goods"},{"name":"subSuite","value":"TestAddGoods"},{"name":"host","value":"runnervmh13bl"},{"name":"thread","value":"2606-MainThread"},{"name":"framework","value":"pytest"},{"name":"language","value":"cpython3"},{"name":"package","value":"src.tests.ui.test_ui_add_goods"},{"name":"resultFormat","value":"allure2"}],"parameters":[],"links":[],"hidden":false,"retry":false,"extra":{"severity":"critical","retries":[],"categories":[{"name":"Test defects","matchedStatuses":[],"flaky":false}],"tags":["ui"]},"source":"e51dc82c7eac9e72.json","parameterValues":[]}