{"uid":"e84c39f19c654091","name":"장바구니에서 상품 삭제","fullName":"src.tests.ui.test_cart_management.TestCartManagement#test_remove_item_from_cart","historyId":"b65bd31b2e0db8f54d0c135be914a15a","time":{"start":1768208086565,"stop":1768208090244,"duration":3679},"description":"장바구니에 담긴 상품을 삭제하고 개수가 줄어드는지 확인","descriptionHtml":"<p>장바구니에 담긴 상품을 삭제하고 개수가 줄어드는지 확인</p>\n","status":"broken","statusMessage":"selenium.common.exceptions.StaleElementReferenceException: Message: stale element reference: stale element not found in the current frame\n  (Session info: chrome=143.0.7499.169); For documentation on this error, please visit: https://www.selenium.dev/documentation/webdriver/troubleshooting/errors#stale-element-reference-exception\nStacktrace:\n#0 0x558668d6c40a <unknown>\n#1 0x5586687a076b <unknown>\n#2 0x5586687a74cf <unknown>\n#3 0x5586687a9b54 <unknown>\n#4 0x5586687a9c23 <unknown>\n#5 0x5586687f8b11 <unknown>\n#6 0x5586687f65ff <unknown>\n#7 0x5586687f41ea <unknown>\n#8 0x5586687f3329 <unknown>\n#9 0x5586687e6642 <unknown>\n#10 0x5586687e5fe7 <unknown>\n#11 0x55866883d760 <unknown>\n#12 0x5586687e47b2 <unknown>\n#13 0x5586687e5461 <unknown>\n#14 0x558668d34df9 <unknown>\n#15 0x558668d37d5d <unknown>\n#16 0x558668d1db41 <unknown>\n#17 0x558668d3893b <unknown>\n#18 0x558668d04870 <unknown>\n#19 0x558668d59828 <unknown>\n#20 0x558668d599fc <unknown>\n#21 0x558668d6b763 <unknown>\n#22 0x7f5d75e9caa4 <unknown>\n#23 0x7f5d75f29c6c <unknown>","statusTrace":"src/tests/ui/test_cart_management.py:70: in test_remove_item_from_cart\n    kurly_search_page.add_to_cart_in_alt()\nsrc/pages/kurly_search_page.py:211: in add_to_cart_in_alt\n    self.click(self.ADD_TO_CART_BUTTONS_IN_ALT)\nsrc/pages/base_page.py:273: in click\n    element.click()\nvenv/lib/python3.11/site-packages/selenium/webdriver/remote/webelement.py:94: in click\n    self._execute(Command.CLICK_ELEMENT)\nvenv/lib/python3.11/site-packages/selenium/webdriver/remote/webelement.py:402: in _execute\n    return self._parent.execute(command, params)\nvenv/lib/python3.11/site-packages/selenium/webdriver/remote/webdriver.py:384: in execute\n    self.error_handler.check_response(response)\nvenv/lib/python3.11/site-packages/selenium/webdriver/remote/errorhandler.py:232: in check_response\n    raise exception_class(message, screen, stacktrace)\nE   selenium.common.exceptions.StaleElementReferenceException: Message: stale element reference: stale element not found in the current frame\nE     (Session info: chrome=143.0.7499.169); For documentation on this error, please visit: https://www.selenium.dev/documentation/webdriver/troubleshooting/errors#stale-element-reference-exception\nE   Stacktrace:\nE   #0 0x558668d6c40a <unknown>\nE   #1 0x5586687a076b <unknown>\nE   #2 0x5586687a74cf <unknown>\nE   #3 0x5586687a9b54 <unknown>\nE   #4 0x5586687a9c23 <unknown>\nE   #5 0x5586687f8b11 <unknown>\nE   #6 0x5586687f65ff <unknown>\nE   #7 0x5586687f41ea <unknown>\nE   #8 0x5586687f3329 <unknown>\nE   #9 0x5586687e6642 <unknown>\nE   #10 0x5586687e5fe7 <unknown>\nE   #11 0x55866883d760 <unknown>\nE   #12 0x5586687e47b2 <unknown>\nE   #13 0x5586687e5461 <unknown>\nE   #14 0x558668d34df9 <unknown>\nE   #15 0x558668d37d5d <unknown>\nE   #16 0x558668d1db41 <unknown>\nE   #17 0x558668d3893b <unknown>\nE   #18 0x558668d04870 <unknown>\nE   #19 0x558668d59828 <unknown>\nE   #20 0x558668d599fc <unknown>\nE   #21 0x558668d6b763 <unknown>\nE   #22 0x7f5d75e9caa4 <unknown>\nE   #23 0x7f5d75f29c6c <unknown>","flaky":false,"newFailed":false,"newBroken":false,"newPassed":false,"retriesCount":0,"retriesStatusChange":false,"beforeStages":[{"name":"driver","time":{"start":1768208072397,"stop":1768208072906,"duration":509},"status":"passed","steps":[],"attachments":[],"parameters":[],"shouldDisplayMessage":false,"stepsCount":0,"attachmentsCount":0,"hasContent":false,"attachmentStep":false},{"name":"kurly_main_page","time":{"start":1768208086565,"stop":1768208086565,"duration":0},"status":"passed","steps":[],"attachments":[],"parameters":[],"shouldDisplayMessage":false,"stepsCount":0,"attachmentsCount":0,"hasContent":false,"attachmentStep":false},{"name":"kurly_cart_page","time":{"start":1768208086565,"stop":1768208086565,"duration":0},"status":"passed","steps":[],"attachments":[],"parameters":[],"shouldDisplayMessage":false,"stepsCount":0,"attachmentsCount":0,"hasContent":false,"attachmentStep":false},{"name":"kurly_search_page","time":{"start":1768208086565,"stop":1768208086565,"duration":0},"status":"passed","steps":[],"attachments":[],"parameters":[],"shouldDisplayMessage":false,"stepsCount":0,"attachmentsCount":0,"hasContent":false,"attachmentStep":false}],"testStage":{"description":"장바구니에 담긴 상품을 삭제하고 개수가 줄어드는지 확인","status":"broken","statusMessage":"selenium.common.exceptions.StaleElementReferenceException: Message: stale element reference: stale element not found in the current frame\n  (Session info: chrome=143.0.7499.169); For documentation on this error, please visit: https://www.selenium.dev/documentation/webdriver/troubleshooting/errors#stale-element-reference-exception\nStacktrace:\n#0 0x558668d6c40a <unknown>\n#1 0x5586687a076b <unknown>\n#2 0x5586687a74cf <unknown>\n#3 0x5586687a9b54 <unknown>\n#4 0x5586687a9c23 <unknown>\n#5 0x5586687f8b11 <unknown>\n#6 0x5586687f65ff <unknown>\n#7 0x5586687f41ea <unknown>\n#8 0x5586687f3329 <unknown>\n#9 0x5586687e6642 <unknown>\n#10 0x5586687e5fe7 <unknown>\n#11 0x55866883d760 <unknown>\n#12 0x5586687e47b2 <unknown>\n#13 0x5586687e5461 <unknown>\n#14 0x558668d34df9 <unknown>\n#15 0x558668d37d5d <unknown>\n#16 0x558668d1db41 <unknown>\n#17 0x558668d3893b <unknown>\n#18 0x558668d04870 <unknown>\n#19 0x558668d59828 <unknown>\n#20 0x558668d599fc <unknown>\n#21 0x558668d6b763 <unknown>\n#22 0x7f5d75e9caa4 <unknown>\n#23 0x7f5d75f29c6c <unknown>","statusTrace":"src/tests/ui/test_cart_management.py:70: in test_remove_item_from_cart\n    kurly_search_page.add_to_cart_in_alt()\nsrc/pages/kurly_search_page.py:211: in add_to_cart_in_alt\n    self.click(self.ADD_TO_CART_BUTTONS_IN_ALT)\nsrc/pages/base_page.py:273: in click\n    element.click()\nvenv/lib/python3.11/site-packages/selenium/webdriver/remote/webelement.py:94: in click\n    self._execute(Command.CLICK_ELEMENT)\nvenv/lib/python3.11/site-packages/selenium/webdriver/remote/webelement.py:402: in _execute\n    return self._parent.execute(command, params)\nvenv/lib/python3.11/site-packages/selenium/webdriver/remote/webdriver.py:384: in execute\n    self.error_handler.check_response(response)\nvenv/lib/python3.11/site-packages/selenium/webdriver/remote/errorhandler.py:232: in check_response\n    raise exception_class(message, screen, stacktrace)\nE   selenium.common.exceptions.StaleElementReferenceException: Message: stale element reference: stale element not found in the current frame\nE     (Session info: chrome=143.0.7499.169); For documentation on this error, please visit: https://www.selenium.dev/documentation/webdriver/troubleshooting/errors#stale-element-reference-exception\nE   Stacktrace:\nE   #0 0x558668d6c40a <unknown>\nE   #1 0x5586687a076b <unknown>\nE   #2 0x5586687a74cf <unknown>\nE   #3 0x5586687a9b54 <unknown>\nE   #4 0x5586687a9c23 <unknown>\nE   #5 0x5586687f8b11 <unknown>\nE   #6 0x5586687f65ff <unknown>\nE   #7 0x5586687f41ea <unknown>\nE   #8 0x5586687f3329 <unknown>\nE   #9 0x5586687e6642 <unknown>\nE   #10 0x5586687e5fe7 <unknown>\nE   #11 0x55866883d760 <unknown>\nE   #12 0x5586687e47b2 <unknown>\nE   #13 0x5586687e5461 <unknown>\nE   #14 0x558668d34df9 <unknown>\nE   #15 0x558668d37d5d <unknown>\nE   #16 0x558668d1db41 <unknown>\nE   #17 0x558668d3893b <unknown>\nE   #18 0x558668d04870 <unknown>\nE   #19 0x558668d59828 <unknown>\nE   #20 0x558668d599fc <unknown>\nE   #21 0x558668d6b763 <unknown>\nE   #22 0x7f5d75e9caa4 <unknown>\nE   #23 0x7f5d75f29c6c <unknown>","steps":[{"name":"메인 페이지 접속 및 검색","time":{"start":1768208086566,"stop":1768208089047,"duration":2481},"status":"passed","steps":[],"attachments":[],"parameters":[],"shouldDisplayMessage":false,"stepsCount":0,"attachmentsCount":0,"hasContent":false,"attachmentStep":false},{"name":"상품을 장바구니에 담기","time":{"start":1768208089047,"stop":1768208090243,"duration":1196},"status":"broken","statusMessage":"selenium.common.exceptions.StaleElementReferenceException: Message: stale element reference: stale element not found in the current frame\n  (Session info: chrome=143.0.7499.169); For documentation on this error, please visit: https://www.selenium.dev/documentation/webdriver/troubleshooting/errors#stale-element-reference-exception\nStacktrace:\n#0 0x558668d6c40a <unknown>\n#1 0x5586687a076b <unknown>\n#2 0x5586687a74cf <unknown>\n#3 0x5586687a9b54 <unknown>\n#4 0x5586687a9c23 <unknown>\n#5 0x5586687f8b11 <unknown>\n#6 0x5586687f65ff <unknown>\n#7 0x5586687f41ea <unknown>\n#8 0x5586687f3329 <unknown>\n#9 0x5586687e6642 <unknown>\n#10 0x5586687e5fe7 <unknown>\n#11 0x55866883d760 <unknown>\n#12 0x5586687e47b2 <unknown>\n#13 0x5586687e5461 <unknown>\n#14 0x558668d34df9 <unknown>\n#15 0x558668d37d5d <unknown>\n#16 0x558668d1db41 <unknown>\n#17 0x558668d3893b <unknown>\n#18 0x558668d04870 <unknown>\n#19 0x558668d59828 <unknown>\n#20 0x558668d599fc <unknown>\n#21 0x558668d6b763 <unknown>\n#22 0x7f5d75e9caa4 <unknown>\n#23 0x7f5d75f29c6c <unknown>\n\n","statusTrace":"  File \"/home/runner/work/QATEST/QATEST/src/tests/ui/test_cart_management.py\", line 70, in test_remove_item_from_cart\n    kurly_search_page.add_to_cart_in_alt()\n  File \"/home/runner/work/QATEST/QATEST/src/pages/kurly_search_page.py\", line 211, in add_to_cart_in_alt\n    self.click(self.ADD_TO_CART_BUTTONS_IN_ALT)\n  File \"/home/runner/work/QATEST/QATEST/src/pages/base_page.py\", line 273, in click\n    element.click()\n  File \"/home/runner/work/QATEST/QATEST/venv/lib/python3.11/site-packages/selenium/webdriver/remote/webelement.py\", line 94, in click\n    self._execute(Command.CLICK_ELEMENT)\n  File \"/home/runner/work/QATEST/QATEST/venv/lib/python3.11/site-packages/selenium/webdriver/remote/webelement.py\", line 402, in _execute\n    return self._parent.execute(command, params)\n           ^^^^^^^^^^^^^^^^^^^^^^^^^^^^^^^^^^^^^\n  File \"/home/runner/work/QATEST/QATEST/venv/lib/python3.11/site-packages/selenium/webdriver/remote/webdriver.py\", line 384, in execute\n    self.error_handler.check_response(response)\n  File \"/home/runner/work/QATEST/QATEST/venv/lib/python3.11/site-packages/selenium/webdriver/remote/errorhandler.py\", line 232, in check_response\n    raise exception_class(message, screen, stacktrace)\n","steps":[],"attachments":[],"parameters":[],"shouldDisplayMessage":true,"stepsCount":0,"attachmentsCount":0,"hasContent":true,"attachmentStep":false}],"attachments":[{"uid":"daa75292c78e5fe","name":"log","source":"daa75292c78e5fe.txt","type":"text/plain","size":19181},{"uid":"b9f2eede77da22c8","name":"stderr","source":"b9f2eede77da22c8.txt","type":"text/plain","size":198}],"parameters":[],"shouldDisplayMessage":true,"stepsCount":2,"attachmentsCount":2,"hasContent":true,"attachmentStep":false},"afterStages":[{"name":"driver::0","time":{"start":1768208090270,"stop":1768208090335,"duration":65},"status":"passed","steps":[],"attachments":[],"parameters":[],"shouldDisplayMessage":false,"stepsCount":0,"attachmentsCount":0,"hasContent":false,"attachmentStep":false}],"labels":[{"name":"feature","value":"장바구니 관리"},{"name":"story","value":"장바구니 상품 관리"},{"name":"tag","value":"ui"},{"name":"parentSuite","value":"src.tests.ui"},{"name":"suite","value":"test_cart_management"},{"name":"subSuite","value":"TestCartManagement"},{"name":"host","value":"runnervmi13qx"},{"name":"thread","value":"3472-MainThread"},{"name":"framework","value":"pytest"},{"name":"language","value":"cpython3"},{"name":"package","value":"src.tests.ui.test_cart_management"},{"name":"resultFormat","value":"allure2"}],"parameters":[],"links":[],"hidden":false,"retry":false,"extra":{"severity":"normal","retries":[],"categories":[{"name":"Test defects","matchedStatuses":[],"flaky":false}],"tags":["ui"]},"source":"e84c39f19c654091.json","parameterValues":[]}