{"uid":"f4584c5df8d9b8","name":"빈 계정 정보로 로그인 실패 테스트","fullName":"src.tests.ui.test_ui_login.TestLogin#test_login_with_empty_credentials","historyId":"c0b6c4c52adebffb925d6b84b9b80bd4","time":{"start":1769474287638,"stop":1769474290600,"duration":2962},"description":"\n    **목적:** 아이디나 비밀번호를 입력하지 않고 로그인 시도 시 적절한 처리가 되는지 확인\n\n    **테스트 단계:**\n    1. 마켓컬리 메인 페이지 접속\n    2. 로그인 버튼 클릭\n    3. 아이디와 비밀번호를 입력하지 않음\n    4. 로그인 버튼 클릭\n    5. 에러 메시지 또는 유효성 검사 메시지 표시 확인\n    ","descriptionHtml":"<pre><code>**목적:** 아이디나 비밀번호를 입력하지 않고 로그인 시도 시 적절한 처리가 되는지 확인\n\n**테스트 단계:**\n1. 마켓컬리 메인 페이지 접속\n2. 로그인 버튼 클릭\n3. 아이디와 비밀번호를 입력하지 않음\n4. 로그인 버튼 클릭\n5. 에러 메시지 또는 유효성 검사 메시지 표시 확인\n</code></pre>\n","status":"broken","statusMessage":"selenium.common.exceptions.ElementClickInterceptedException: Message: element click intercepted: Element <button class=\"css-4ojrwk e4nu7ef3\" type=\"submit\" height=\"54\" radius=\"6\">...</button> is not clickable at point (525, 419). Other element would receive the click: <input data-testid=\"input-box\" name=\"password\" placeholder=\"비밀번호를 입력해주세요\" type=\"password\" autocomplete=\"off\" class=\"css-u52dqk e1uzxhvi2\" value=\"\">\n  (Session info: chrome=144.0.7559.59)\nStacktrace:\n#0 0x56526a140afa <unknown>\n#1 0x565269b5a60f <unknown>\n#2 0x565269bb6cfb <unknown>\n#3 0x565269bb4932 <unknown>\n#4 0x565269bb1e79 <unknown>\n#5 0x565269bb0f67 <unknown>\n#6 0x565269ba3922 <unknown>\n#7 0x565269ba3267 <unknown>\n#8 0x565269bf862b <unknown>\n#9 0x565269ba1842 <unknown>\n#10 0x565269ba2631 <unknown>\n#11 0x56526a106689 <unknown>\n#12 0x56526a109581 <unknown>\n#13 0x56526a0f2ca9 <unknown>\n#14 0x56526a10a13e <unknown>\n#15 0x56526a0d93a0 <unknown>\n#16 0x56526a12dfc8 <unknown>\n#17 0x56526a12e19b <unknown>\n#18 0x56526a13fe68 <unknown>\n#19 0x7fb6db09caa4 <unknown>\n#20 0x7fb6db129c6c <unknown>","statusTrace":"src/tests/ui/test_ui_login.py:75: in test_login_with_empty_credentials\n    kurly_login_page.click_login_button()\nsrc/pages/kurly_login_page.py:67: in click_login_button\n    self.click(self.SUBMIT_BUTTON)\nsrc/pages/base_page.py:273: in click\n    element.click()\nvenv/lib/python3.11/site-packages/selenium/webdriver/remote/webelement.py:94: in click\n    self._execute(Command.CLICK_ELEMENT)\nvenv/lib/python3.11/site-packages/selenium/webdriver/remote/webelement.py:402: in _execute\n    return self._parent.execute(command, params)\nvenv/lib/python3.11/site-packages/selenium/webdriver/remote/webdriver.py:384: in execute\n    self.error_handler.check_response(response)\nvenv/lib/python3.11/site-packages/selenium/webdriver/remote/errorhandler.py:232: in check_response\n    raise exception_class(message, screen, stacktrace)\nE   selenium.common.exceptions.ElementClickInterceptedException: Message: element click intercepted: Element <button class=\"css-4ojrwk e4nu7ef3\" type=\"submit\" height=\"54\" radius=\"6\">...</button> is not clickable at point (525, 419). Other element would receive the click: <input data-testid=\"input-box\" name=\"password\" placeholder=\"비밀번호를 입력해주세요\" type=\"password\" autocomplete=\"off\" class=\"css-u52dqk e1uzxhvi2\" value=\"\">\nE     (Session info: chrome=144.0.7559.59)\nE   Stacktrace:\nE   #0 0x56526a140afa <unknown>\nE   #1 0x565269b5a60f <unknown>\nE   #2 0x565269bb6cfb <unknown>\nE   #3 0x565269bb4932 <unknown>\nE   #4 0x565269bb1e79 <unknown>\nE   #5 0x565269bb0f67 <unknown>\nE   #6 0x565269ba3922 <unknown>\nE   #7 0x565269ba3267 <unknown>\nE   #8 0x565269bf862b <unknown>\nE   #9 0x565269ba1842 <unknown>\nE   #10 0x565269ba2631 <unknown>\nE   #11 0x56526a106689 <unknown>\nE   #12 0x56526a109581 <unknown>\nE   #13 0x56526a0f2ca9 <unknown>\nE   #14 0x56526a10a13e <unknown>\nE   #15 0x56526a0d93a0 <unknown>\nE   #16 0x56526a12dfc8 <unknown>\nE   #17 0x56526a12e19b <unknown>\nE   #18 0x56526a13fe68 <unknown>\nE   #19 0x7fb6db09caa4 <unknown>\nE   #20 0x7fb6db129c6c <unknown>","flaky":false,"newFailed":false,"newBroken":false,"newPassed":false,"retriesCount":0,"retriesStatusChange":false,"beforeStages":[{"name":"driver","time":{"start":1769474281512,"stop":1769474282473,"duration":961},"status":"passed","steps":[],"attachments":[],"parameters":[],"shouldDisplayMessage":false,"stepsCount":0,"attachmentsCount":0,"hasContent":false,"attachmentStep":false},{"name":"kurly_login_page","time":{"start":1769474287638,"stop":1769474287638,"duration":0},"status":"passed","steps":[],"attachments":[],"parameters":[],"shouldDisplayMessage":false,"stepsCount":0,"attachmentsCount":0,"hasContent":false,"attachmentStep":false}],"testStage":{"description":"\n    **목적:** 아이디나 비밀번호를 입력하지 않고 로그인 시도 시 적절한 처리가 되는지 확인\n\n    **테스트 단계:**\n    1. 마켓컬리 메인 페이지 접속\n    2. 로그인 버튼 클릭\n    3. 아이디와 비밀번호를 입력하지 않음\n    4. 로그인 버튼 클릭\n    5. 에러 메시지 또는 유효성 검사 메시지 표시 확인\n    ","status":"broken","statusMessage":"selenium.common.exceptions.ElementClickInterceptedException: Message: element click intercepted: Element <button class=\"css-4ojrwk e4nu7ef3\" type=\"submit\" height=\"54\" radius=\"6\">...</button> is not clickable at point (525, 419). Other element would receive the click: <input data-testid=\"input-box\" name=\"password\" placeholder=\"비밀번호를 입력해주세요\" type=\"password\" autocomplete=\"off\" class=\"css-u52dqk e1uzxhvi2\" value=\"\">\n  (Session info: chrome=144.0.7559.59)\nStacktrace:\n#0 0x56526a140afa <unknown>\n#1 0x565269b5a60f <unknown>\n#2 0x565269bb6cfb <unknown>\n#3 0x565269bb4932 <unknown>\n#4 0x565269bb1e79 <unknown>\n#5 0x565269bb0f67 <unknown>\n#6 0x565269ba3922 <unknown>\n#7 0x565269ba3267 <unknown>\n#8 0x565269bf862b <unknown>\n#9 0x565269ba1842 <unknown>\n#10 0x565269ba2631 <unknown>\n#11 0x56526a106689 <unknown>\n#12 0x56526a109581 <unknown>\n#13 0x56526a0f2ca9 <unknown>\n#14 0x56526a10a13e <unknown>\n#15 0x56526a0d93a0 <unknown>\n#16 0x56526a12dfc8 <unknown>\n#17 0x56526a12e19b <unknown>\n#18 0x56526a13fe68 <unknown>\n#19 0x7fb6db09caa4 <unknown>\n#20 0x7fb6db129c6c <unknown>","statusTrace":"src/tests/ui/test_ui_login.py:75: in test_login_with_empty_credentials\n    kurly_login_page.click_login_button()\nsrc/pages/kurly_login_page.py:67: in click_login_button\n    self.click(self.SUBMIT_BUTTON)\nsrc/pages/base_page.py:273: in click\n    element.click()\nvenv/lib/python3.11/site-packages/selenium/webdriver/remote/webelement.py:94: in click\n    self._execute(Command.CLICK_ELEMENT)\nvenv/lib/python3.11/site-packages/selenium/webdriver/remote/webelement.py:402: in _execute\n    return self._parent.execute(command, params)\nvenv/lib/python3.11/site-packages/selenium/webdriver/remote/webdriver.py:384: in execute\n    self.error_handler.check_response(response)\nvenv/lib/python3.11/site-packages/selenium/webdriver/remote/errorhandler.py:232: in check_response\n    raise exception_class(message, screen, stacktrace)\nE   selenium.common.exceptions.ElementClickInterceptedException: Message: element click intercepted: Element <button class=\"css-4ojrwk e4nu7ef3\" type=\"submit\" height=\"54\" radius=\"6\">...</button> is not clickable at point (525, 419). Other element would receive the click: <input data-testid=\"input-box\" name=\"password\" placeholder=\"비밀번호를 입력해주세요\" type=\"password\" autocomplete=\"off\" class=\"css-u52dqk e1uzxhvi2\" value=\"\">\nE     (Session info: chrome=144.0.7559.59)\nE   Stacktrace:\nE   #0 0x56526a140afa <unknown>\nE   #1 0x565269b5a60f <unknown>\nE   #2 0x565269bb6cfb <unknown>\nE   #3 0x565269bb4932 <unknown>\nE   #4 0x565269bb1e79 <unknown>\nE   #5 0x565269bb0f67 <unknown>\nE   #6 0x565269ba3922 <unknown>\nE   #7 0x565269ba3267 <unknown>\nE   #8 0x565269bf862b <unknown>\nE   #9 0x565269ba1842 <unknown>\nE   #10 0x565269ba2631 <unknown>\nE   #11 0x56526a106689 <unknown>\nE   #12 0x56526a109581 <unknown>\nE   #13 0x56526a0f2ca9 <unknown>\nE   #14 0x56526a10a13e <unknown>\nE   #15 0x56526a0d93a0 <unknown>\nE   #16 0x56526a12dfc8 <unknown>\nE   #17 0x56526a12e19b <unknown>\nE   #18 0x56526a13fe68 <unknown>\nE   #19 0x7fb6db09caa4 <unknown>\nE   #20 0x7fb6db129c6c <unknown>","steps":[{"name":"빈 계정 정보로 로그인 시도","time":{"start":1769474288902,"stop":1769474290599,"duration":1697},"status":"broken","statusMessage":"selenium.common.exceptions.ElementClickInterceptedException: Message: element click intercepted: Element <button class=\"css-4ojrwk e4nu7ef3\" type=\"submit\" height=\"54\" radius=\"6\">...</button> is not clickable at point (525, 419). Other element would receive the click: <input data-testid=\"input-box\" name=\"password\" placeholder=\"비밀번호를 입력해주세요\" type=\"password\" autocomplete=\"off\" class=\"css-u52dqk e1uzxhvi2\" value=\"\">\n  (Session info: chrome=144.0.7559.59)\nStacktrace:\n#0 0x56526a140afa <unknown>\n#1 0x565269b5a60f <unknown>\n#2 0x565269bb6cfb <unknown>\n#3 0x565269bb4932 <unknown>\n#4 0x565269bb1e79 <unknown>\n#5 0x565269bb0f67 <unknown>\n#6 0x565269ba3922 <unknown>\n#7 0x565269ba3267 <unknown>\n#8 0x565269bf862b <unknown>\n#9 0x565269ba1842 <unknown>\n#10 0x565269ba2631 <unknown>\n#11 0x56526a106689 <unknown>\n#12 0x56526a109581 <unknown>\n#13 0x56526a0f2ca9 <unknown>\n#14 0x56526a10a13e <unknown>\n#15 0x56526a0d93a0 <unknown>\n#16 0x56526a12dfc8 <unknown>\n#17 0x56526a12e19b <unknown>\n#18 0x56526a13fe68 <unknown>\n#19 0x7fb6db09caa4 <unknown>\n#20 0x7fb6db129c6c <unknown>\n\n","statusTrace":"  File \"/home/runner/work/QATEST/QATEST/src/tests/ui/test_ui_login.py\", line 75, in test_login_with_empty_credentials\n    kurly_login_page.click_login_button()\n  File \"/home/runner/work/QATEST/QATEST/src/pages/kurly_login_page.py\", line 67, in click_login_button\n    self.click(self.SUBMIT_BUTTON)\n  File \"/home/runner/work/QATEST/QATEST/src/pages/base_page.py\", line 273, in click\n    element.click()\n  File \"/home/runner/work/QATEST/QATEST/venv/lib/python3.11/site-packages/selenium/webdriver/remote/webelement.py\", line 94, in click\n    self._execute(Command.CLICK_ELEMENT)\n  File \"/home/runner/work/QATEST/QATEST/venv/lib/python3.11/site-packages/selenium/webdriver/remote/webelement.py\", line 402, in _execute\n    return self._parent.execute(command, params)\n           ^^^^^^^^^^^^^^^^^^^^^^^^^^^^^^^^^^^^^\n  File \"/home/runner/work/QATEST/QATEST/venv/lib/python3.11/site-packages/selenium/webdriver/remote/webdriver.py\", line 384, in execute\n    self.error_handler.check_response(response)\n  File \"/home/runner/work/QATEST/QATEST/venv/lib/python3.11/site-packages/selenium/webdriver/remote/errorhandler.py\", line 232, in check_response\n    raise exception_class(message, screen, stacktrace)\n","steps":[],"attachments":[],"parameters":[],"shouldDisplayMessage":true,"stepsCount":0,"attachmentsCount":0,"hasContent":true,"attachmentStep":false}],"attachments":[{"uid":"96ac489b4af4e2c6","name":"log","source":"96ac489b4af4e2c6.txt","type":"text/plain","size":11568},{"uid":"b4453dbd744166bf","name":"stderr","source":"b4453dbd744166bf.txt","type":"text/plain","size":198}],"parameters":[],"shouldDisplayMessage":true,"stepsCount":1,"attachmentsCount":2,"hasContent":true,"attachmentStep":false},"afterStages":[{"name":"driver::0","time":{"start":1769474292837,"stop":1769474292910,"duration":73},"status":"passed","steps":[],"attachments":[],"parameters":[],"shouldDisplayMessage":false,"stepsCount":0,"attachmentsCount":0,"hasContent":false,"attachmentStep":false}],"labels":[{"name":"story","value":"로그인"},{"name":"severity","value":"critical"},{"name":"feature","value":"사용자 인증"},{"name":"tag","value":"ui"},{"name":"parentSuite","value":"src.tests.ui"},{"name":"suite","value":"test_ui_login"},{"name":"subSuite","value":"TestLogin"},{"name":"host","value":"runnervmymu0l"},{"name":"thread","value":"2656-MainThread"},{"name":"framework","value":"pytest"},{"name":"language","value":"cpython3"},{"name":"package","value":"src.tests.ui.test_ui_login"},{"name":"resultFormat","value":"allure2"}],"parameters":[],"links":[],"hidden":false,"retry":false,"extra":{"severity":"critical","retries":[],"categories":[{"name":"Test defects","matchedStatuses":[],"flaky":false}],"tags":["ui"]},"source":"f4584c5df8d9b8.json","parameterValues":[]}