{"uid":"f686116494f8c86c","name":"빈 계정 정보로 로그인 실패 테스트","fullName":"src.tests.ui.test_ui_login.TestLogin#test_login_with_empty_credentials","historyId":"c0b6c4c52adebffb925d6b84b9b80bd4","time":{"start":1768075804252,"stop":1768075808539,"duration":4287},"description":"\n    **목적:** 아이디나 비밀번호를 입력하지 않고 로그인 시도 시 적절한 처리가 되는지 확인\n\n    **테스트 단계:**\n    1. 마켓컬리 메인 페이지 접속\n    2. 로그인 버튼 클릭\n    3. 아이디와 비밀번호를 입력하지 않음\n    4. 로그인 버튼 클릭\n    5. 에러 메시지 또는 유효성 검사 메시지 표시 확인\n    ","descriptionHtml":"<pre><code>**목적:** 아이디나 비밀번호를 입력하지 않고 로그인 시도 시 적절한 처리가 되는지 확인\n\n**테스트 단계:**\n1. 마켓컬리 메인 페이지 접속\n2. 로그인 버튼 클릭\n3. 아이디와 비밀번호를 입력하지 않음\n4. 로그인 버튼 클릭\n5. 에러 메시지 또는 유효성 검사 메시지 표시 확인\n</code></pre>\n","status":"broken","statusMessage":"selenium.common.exceptions.ElementClickInterceptedException: Message: element click intercepted: Element <button class=\"css-4ojrwk e4nu7ef3\" type=\"submit\" height=\"54\" radius=\"6\">...</button> is not clickable at point (525, 419). Other element would receive the click: <input data-testid=\"input-box\" name=\"password\" placeholder=\"비밀번호를 입력해주세요\" type=\"password\" autocomplete=\"off\" class=\"css-u52dqk e1uzxhvi2\" value=\"\">\n  (Session info: chrome=143.0.7499.169)\nStacktrace:\n#0 0x5607b060540a <unknown>\n#1 0x5607b003976b <unknown>\n#2 0x5607b0091c04 <unknown>\n#3 0x5607b008fac8 <unknown>\n#4 0x5607b008d1ea <unknown>\n#5 0x5607b008c329 <unknown>\n#6 0x5607b007f642 <unknown>\n#7 0x5607b007efe7 <unknown>\n#8 0x5607b00d6760 <unknown>\n#9 0x5607b007d7b2 <unknown>\n#10 0x5607b007e461 <unknown>\n#11 0x5607b05cddf9 <unknown>\n#12 0x5607b05d0d5d <unknown>\n#13 0x5607b05b6b41 <unknown>\n#14 0x5607b05d193b <unknown>\n#15 0x5607b059d870 <unknown>\n#16 0x5607b05f2828 <unknown>\n#17 0x5607b05f29fc <unknown>\n#18 0x5607b0604763 <unknown>\n#19 0x7fa741e9caa4 <unknown>\n#20 0x7fa741f29c6c <unknown>","statusTrace":"src/tests/ui/test_ui_login.py:77: in test_login_with_empty_credentials\n    kurly_login_page.click_login_button()\nsrc/pages/kurly_login_page.py:67: in click_login_button\n    self.click(self.SUBMIT_BUTTON)\nsrc/pages/base_page.py:273: in click\n    element.click()\nvenv/lib/python3.11/site-packages/selenium/webdriver/remote/webelement.py:94: in click\n    self._execute(Command.CLICK_ELEMENT)\nvenv/lib/python3.11/site-packages/selenium/webdriver/remote/webelement.py:402: in _execute\n    return self._parent.execute(command, params)\nvenv/lib/python3.11/site-packages/selenium/webdriver/remote/webdriver.py:384: in execute\n    self.error_handler.check_response(response)\nvenv/lib/python3.11/site-packages/selenium/webdriver/remote/errorhandler.py:232: in check_response\n    raise exception_class(message, screen, stacktrace)\nE   selenium.common.exceptions.ElementClickInterceptedException: Message: element click intercepted: Element <button class=\"css-4ojrwk e4nu7ef3\" type=\"submit\" height=\"54\" radius=\"6\">...</button> is not clickable at point (525, 419). Other element would receive the click: <input data-testid=\"input-box\" name=\"password\" placeholder=\"비밀번호를 입력해주세요\" type=\"password\" autocomplete=\"off\" class=\"css-u52dqk e1uzxhvi2\" value=\"\">\nE     (Session info: chrome=143.0.7499.169)\nE   Stacktrace:\nE   #0 0x5607b060540a <unknown>\nE   #1 0x5607b003976b <unknown>\nE   #2 0x5607b0091c04 <unknown>\nE   #3 0x5607b008fac8 <unknown>\nE   #4 0x5607b008d1ea <unknown>\nE   #5 0x5607b008c329 <unknown>\nE   #6 0x5607b007f642 <unknown>\nE   #7 0x5607b007efe7 <unknown>\nE   #8 0x5607b00d6760 <unknown>\nE   #9 0x5607b007d7b2 <unknown>\nE   #10 0x5607b007e461 <unknown>\nE   #11 0x5607b05cddf9 <unknown>\nE   #12 0x5607b05d0d5d <unknown>\nE   #13 0x5607b05b6b41 <unknown>\nE   #14 0x5607b05d193b <unknown>\nE   #15 0x5607b059d870 <unknown>\nE   #16 0x5607b05f2828 <unknown>\nE   #17 0x5607b05f29fc <unknown>\nE   #18 0x5607b0604763 <unknown>\nE   #19 0x7fa741e9caa4 <unknown>\nE   #20 0x7fa741f29c6c <unknown>","flaky":false,"newFailed":false,"newBroken":false,"newPassed":false,"retriesCount":0,"retriesStatusChange":false,"beforeStages":[{"name":"driver","time":{"start":1768075798321,"stop":1768075798980,"duration":659},"status":"passed","steps":[],"attachments":[],"parameters":[],"shouldDisplayMessage":false,"stepsCount":0,"attachmentsCount":0,"hasContent":false,"attachmentStep":false},{"name":"kurly_login_page","time":{"start":1768075804251,"stop":1768075804251,"duration":0},"status":"passed","steps":[],"attachments":[],"parameters":[],"shouldDisplayMessage":false,"stepsCount":0,"attachmentsCount":0,"hasContent":false,"attachmentStep":false}],"testStage":{"description":"\n    **목적:** 아이디나 비밀번호를 입력하지 않고 로그인 시도 시 적절한 처리가 되는지 확인\n\n    **테스트 단계:**\n    1. 마켓컬리 메인 페이지 접속\n    2. 로그인 버튼 클릭\n    3. 아이디와 비밀번호를 입력하지 않음\n    4. 로그인 버튼 클릭\n    5. 에러 메시지 또는 유효성 검사 메시지 표시 확인\n    ","status":"broken","statusMessage":"selenium.common.exceptions.ElementClickInterceptedException: Message: element click intercepted: Element <button class=\"css-4ojrwk e4nu7ef3\" type=\"submit\" height=\"54\" radius=\"6\">...</button> is not clickable at point (525, 419). Other element would receive the click: <input data-testid=\"input-box\" name=\"password\" placeholder=\"비밀번호를 입력해주세요\" type=\"password\" autocomplete=\"off\" class=\"css-u52dqk e1uzxhvi2\" value=\"\">\n  (Session info: chrome=143.0.7499.169)\nStacktrace:\n#0 0x5607b060540a <unknown>\n#1 0x5607b003976b <unknown>\n#2 0x5607b0091c04 <unknown>\n#3 0x5607b008fac8 <unknown>\n#4 0x5607b008d1ea <unknown>\n#5 0x5607b008c329 <unknown>\n#6 0x5607b007f642 <unknown>\n#7 0x5607b007efe7 <unknown>\n#8 0x5607b00d6760 <unknown>\n#9 0x5607b007d7b2 <unknown>\n#10 0x5607b007e461 <unknown>\n#11 0x5607b05cddf9 <unknown>\n#12 0x5607b05d0d5d <unknown>\n#13 0x5607b05b6b41 <unknown>\n#14 0x5607b05d193b <unknown>\n#15 0x5607b059d870 <unknown>\n#16 0x5607b05f2828 <unknown>\n#17 0x5607b05f29fc <unknown>\n#18 0x5607b0604763 <unknown>\n#19 0x7fa741e9caa4 <unknown>\n#20 0x7fa741f29c6c <unknown>","statusTrace":"src/tests/ui/test_ui_login.py:77: in test_login_with_empty_credentials\n    kurly_login_page.click_login_button()\nsrc/pages/kurly_login_page.py:67: in click_login_button\n    self.click(self.SUBMIT_BUTTON)\nsrc/pages/base_page.py:273: in click\n    element.click()\nvenv/lib/python3.11/site-packages/selenium/webdriver/remote/webelement.py:94: in click\n    self._execute(Command.CLICK_ELEMENT)\nvenv/lib/python3.11/site-packages/selenium/webdriver/remote/webelement.py:402: in _execute\n    return self._parent.execute(command, params)\nvenv/lib/python3.11/site-packages/selenium/webdriver/remote/webdriver.py:384: in execute\n    self.error_handler.check_response(response)\nvenv/lib/python3.11/site-packages/selenium/webdriver/remote/errorhandler.py:232: in check_response\n    raise exception_class(message, screen, stacktrace)\nE   selenium.common.exceptions.ElementClickInterceptedException: Message: element click intercepted: Element <button class=\"css-4ojrwk e4nu7ef3\" type=\"submit\" height=\"54\" radius=\"6\">...</button> is not clickable at point (525, 419). Other element would receive the click: <input data-testid=\"input-box\" name=\"password\" placeholder=\"비밀번호를 입력해주세요\" type=\"password\" autocomplete=\"off\" class=\"css-u52dqk e1uzxhvi2\" value=\"\">\nE     (Session info: chrome=143.0.7499.169)\nE   Stacktrace:\nE   #0 0x5607b060540a <unknown>\nE   #1 0x5607b003976b <unknown>\nE   #2 0x5607b0091c04 <unknown>\nE   #3 0x5607b008fac8 <unknown>\nE   #4 0x5607b008d1ea <unknown>\nE   #5 0x5607b008c329 <unknown>\nE   #6 0x5607b007f642 <unknown>\nE   #7 0x5607b007efe7 <unknown>\nE   #8 0x5607b00d6760 <unknown>\nE   #9 0x5607b007d7b2 <unknown>\nE   #10 0x5607b007e461 <unknown>\nE   #11 0x5607b05cddf9 <unknown>\nE   #12 0x5607b05d0d5d <unknown>\nE   #13 0x5607b05b6b41 <unknown>\nE   #14 0x5607b05d193b <unknown>\nE   #15 0x5607b059d870 <unknown>\nE   #16 0x5607b05f2828 <unknown>\nE   #17 0x5607b05f29fc <unknown>\nE   #18 0x5607b0604763 <unknown>\nE   #19 0x7fa741e9caa4 <unknown>\nE   #20 0x7fa741f29c6c <unknown>","steps":[{"name":"빈 계정 정보로 로그인 시도","time":{"start":1768075806399,"stop":1768075808538,"duration":2139},"status":"broken","statusMessage":"selenium.common.exceptions.ElementClickInterceptedException: Message: element click intercepted: Element <button class=\"css-4ojrwk e4nu7ef3\" type=\"submit\" height=\"54\" radius=\"6\">...</button> is not clickable at point (525, 419). Other element would receive the click: <input data-testid=\"input-box\" name=\"password\" placeholder=\"비밀번호를 입력해주세요\" type=\"password\" autocomplete=\"off\" class=\"css-u52dqk e1uzxhvi2\" value=\"\">\n  (Session info: chrome=143.0.7499.169)\nStacktrace:\n#0 0x5607b060540a <unknown>\n#1 0x5607b003976b <unknown>\n#2 0x5607b0091c04 <unknown>\n#3 0x5607b008fac8 <unknown>\n#4 0x5607b008d1ea <unknown>\n#5 0x5607b008c329 <unknown>\n#6 0x5607b007f642 <unknown>\n#7 0x5607b007efe7 <unknown>\n#8 0x5607b00d6760 <unknown>\n#9 0x5607b007d7b2 <unknown>\n#10 0x5607b007e461 <unknown>\n#11 0x5607b05cddf9 <unknown>\n#12 0x5607b05d0d5d <unknown>\n#13 0x5607b05b6b41 <unknown>\n#14 0x5607b05d193b <unknown>\n#15 0x5607b059d870 <unknown>\n#16 0x5607b05f2828 <unknown>\n#17 0x5607b05f29fc <unknown>\n#18 0x5607b0604763 <unknown>\n#19 0x7fa741e9caa4 <unknown>\n#20 0x7fa741f29c6c <unknown>\n\n","statusTrace":"  File \"/home/runner/work/QATEST/QATEST/src/tests/ui/test_ui_login.py\", line 77, in test_login_with_empty_credentials\n    kurly_login_page.click_login_button()\n  File \"/home/runner/work/QATEST/QATEST/src/pages/kurly_login_page.py\", line 67, in click_login_button\n    self.click(self.SUBMIT_BUTTON)\n  File \"/home/runner/work/QATEST/QATEST/src/pages/base_page.py\", line 273, in click\n    element.click()\n  File \"/home/runner/work/QATEST/QATEST/venv/lib/python3.11/site-packages/selenium/webdriver/remote/webelement.py\", line 94, in click\n    self._execute(Command.CLICK_ELEMENT)\n  File \"/home/runner/work/QATEST/QATEST/venv/lib/python3.11/site-packages/selenium/webdriver/remote/webelement.py\", line 402, in _execute\n    return self._parent.execute(command, params)\n           ^^^^^^^^^^^^^^^^^^^^^^^^^^^^^^^^^^^^^\n  File \"/home/runner/work/QATEST/QATEST/venv/lib/python3.11/site-packages/selenium/webdriver/remote/webdriver.py\", line 384, in execute\n    self.error_handler.check_response(response)\n  File \"/home/runner/work/QATEST/QATEST/venv/lib/python3.11/site-packages/selenium/webdriver/remote/errorhandler.py\", line 232, in check_response\n    raise exception_class(message, screen, stacktrace)\n","steps":[],"attachments":[],"parameters":[],"shouldDisplayMessage":true,"stepsCount":0,"attachmentsCount":0,"hasContent":true,"attachmentStep":false}],"attachments":[{"uid":"b909c6abe5e0a00c","name":"log","source":"b909c6abe5e0a00c.txt","type":"text/plain","size":13141},{"uid":"529190a2d1a56027","name":"stderr","source":"529190a2d1a56027.txt","type":"text/plain","size":198}],"parameters":[],"shouldDisplayMessage":true,"stepsCount":1,"attachmentsCount":2,"hasContent":true,"attachmentStep":false},"afterStages":[{"name":"driver::0","time":{"start":1768075810654,"stop":1768075810725,"duration":71},"status":"passed","steps":[],"attachments":[],"parameters":[],"shouldDisplayMessage":false,"stepsCount":0,"attachmentsCount":0,"hasContent":false,"attachmentStep":false}],"labels":[{"name":"feature","value":"사용자 인증"},{"name":"story","value":"로그인"},{"name":"severity","value":"critical"},{"name":"tag","value":"ui"},{"name":"parentSuite","value":"src.tests.ui"},{"name":"suite","value":"test_ui_login"},{"name":"subSuite","value":"TestLogin"},{"name":"host","value":"runnervmi13qx"},{"name":"thread","value":"2577-MainThread"},{"name":"framework","value":"pytest"},{"name":"language","value":"cpython3"},{"name":"package","value":"src.tests.ui.test_ui_login"},{"name":"resultFormat","value":"allure2"}],"parameters":[],"links":[],"hidden":false,"retry":false,"extra":{"severity":"critical","retries":[],"categories":[{"name":"Test defects","matchedStatuses":[],"flaky":false}],"tags":["ui"]},"source":"f686116494f8c86c.json","parameterValues":[]}