{"uid":"f728dd76a6df82c7","name":"로그인 후 상품 추가 및 장바구니 확인","fullName":"src.tests.ui.test_ui_product_add_flow.TestProductAddFlow#test_full_product_add_flow","historyId":"dacb88d1bc79faddcdd33669bb6555cf","time":{"start":1767197430162,"stop":1767197435818,"duration":5656},"description":"\n    **목적:** 로그인부터 장바구니 담기까지 전체 플로우가 정상 동작하는지 확인\n\n    **테스트 단계:**\n    1. 마켓컬리 메인 페이지 접속\n    2. 로그인\n    3. 상품 검색 ('과자')\n    4. 상품 선택 및 장바구니 추가\n    5. 수량 조절\n    6. 장바구니 담기\n    7. 장바구니 페이지로 이동\n\n    **예상 결과:** 전체 플로우가 성공적으로 완료됨\n    ","descriptionHtml":"<pre><code>**목적:** 로그인부터 장바구니 담기까지 전체 플로우가 정상 동작하는지 확인\n\n**테스트 단계:**\n1. 마켓컬리 메인 페이지 접속\n2. 로그인\n3. 상품 검색 ('과자')\n4. 상품 선택 및 장바구니 추가\n5. 수량 조절\n6. 장바구니 담기\n7. 장바구니 페이지로 이동\n\n**예상 결과:** 전체 플로우가 성공적으로 완료됨\n</code></pre>\n","status":"broken","statusMessage":"selenium.common.exceptions.ElementClickInterceptedException: Message: element click intercepted: Element <button class=\"css-4ojrwk e4nu7ef3\" type=\"submit\" height=\"54\" radius=\"6\">...</button> is not clickable at point (525, 419). Other element would receive the click: <input data-testid=\"input-box\" name=\"password\" placeholder=\"비밀번호를 입력해주세요\" type=\"password\" autocomplete=\"off\" class=\"css-u52dqk e1uzxhvi2\" value=\"testpass\">\n  (Session info: chrome=143.0.7499.109)\nStacktrace:\n#0 0x56352e92e61a <unknown>\n#1 0x56352e3ab20b <unknown>\n#2 0x56352e403694 <unknown>\n#3 0x56352e401558 <unknown>\n#4 0x56352e3fec7a <unknown>\n#5 0x56352e3fddb9 <unknown>\n#6 0x56352e3f10c2 <unknown>\n#7 0x56352e3f0a67 <unknown>\n#8 0x56352e44820e <unknown>\n#9 0x56352e3ef232 <unknown>\n#10 0x56352e3efee1 <unknown>\n#11 0x56352e8f73f9 <unknown>\n#12 0x56352e8fa34d <unknown>\n#13 0x56352e8e0122 <unknown>\n#14 0x56352e8faf2b <unknown>\n#15 0x56352e8c6c30 <unknown>\n#16 0x56352e91bd78 <unknown>\n#17 0x56352e91bf4c <unknown>\n#18 0x56352e92d973 <unknown>\n#19 0x7fd25729caa4 <unknown>\n#20 0x7fd257329c6c <unknown>","statusTrace":"src/tests/ui/test_ui_product_add_flow.py:39: in test_full_product_add_flow\n    kurly_login_page.click_login_button()\nsrc/pages/kurly_login_page.py:63: in click_login_button\n    self.click(self.SUBMIT_BUTTON)\nsrc/pages/base_page.py:273: in click\n    element.click()\nvenv/lib/python3.11/site-packages/selenium/webdriver/remote/webelement.py:94: in click\n    self._execute(Command.CLICK_ELEMENT)\nvenv/lib/python3.11/site-packages/selenium/webdriver/remote/webelement.py:402: in _execute\n    return self._parent.execute(command, params)\nvenv/lib/python3.11/site-packages/selenium/webdriver/remote/webdriver.py:384: in execute\n    self.error_handler.check_response(response)\nvenv/lib/python3.11/site-packages/selenium/webdriver/remote/errorhandler.py:232: in check_response\n    raise exception_class(message, screen, stacktrace)\nE   selenium.common.exceptions.ElementClickInterceptedException: Message: element click intercepted: Element <button class=\"css-4ojrwk e4nu7ef3\" type=\"submit\" height=\"54\" radius=\"6\">...</button> is not clickable at point (525, 419). Other element would receive the click: <input data-testid=\"input-box\" name=\"password\" placeholder=\"비밀번호를 입력해주세요\" type=\"password\" autocomplete=\"off\" class=\"css-u52dqk e1uzxhvi2\" value=\"testpass\">\nE     (Session info: chrome=143.0.7499.109)\nE   Stacktrace:\nE   #0 0x56352e92e61a <unknown>\nE   #1 0x56352e3ab20b <unknown>\nE   #2 0x56352e403694 <unknown>\nE   #3 0x56352e401558 <unknown>\nE   #4 0x56352e3fec7a <unknown>\nE   #5 0x56352e3fddb9 <unknown>\nE   #6 0x56352e3f10c2 <unknown>\nE   #7 0x56352e3f0a67 <unknown>\nE   #8 0x56352e44820e <unknown>\nE   #9 0x56352e3ef232 <unknown>\nE   #10 0x56352e3efee1 <unknown>\nE   #11 0x56352e8f73f9 <unknown>\nE   #12 0x56352e8fa34d <unknown>\nE   #13 0x56352e8e0122 <unknown>\nE   #14 0x56352e8faf2b <unknown>\nE   #15 0x56352e8c6c30 <unknown>\nE   #16 0x56352e91bd78 <unknown>\nE   #17 0x56352e91bf4c <unknown>\nE   #18 0x56352e92d973 <unknown>\nE   #19 0x7fd25729caa4 <unknown>\nE   #20 0x7fd257329c6c <unknown>","flaky":false,"newFailed":false,"newBroken":false,"newPassed":false,"retriesCount":0,"retriesStatusChange":false,"beforeStages":[{"name":"driver","time":{"start":1767197429627,"stop":1767197430160,"duration":533},"status":"passed","steps":[],"attachments":[],"parameters":[],"shouldDisplayMessage":false,"stepsCount":0,"attachmentsCount":0,"hasContent":false,"attachmentStep":false},{"name":"kurly_main_page","time":{"start":1767197430161,"stop":1767197430161,"duration":0},"status":"passed","steps":[],"attachments":[],"parameters":[],"shouldDisplayMessage":false,"stepsCount":0,"attachmentsCount":0,"hasContent":false,"attachmentStep":false},{"name":"kurly_search_page","time":{"start":1767197430161,"stop":1767197430161,"duration":0},"status":"passed","steps":[],"attachments":[],"parameters":[],"shouldDisplayMessage":false,"stepsCount":0,"attachmentsCount":0,"hasContent":false,"attachmentStep":false},{"name":"kurly_cart_page","time":{"start":1767197430161,"stop":1767197430161,"duration":0},"status":"passed","steps":[],"attachments":[],"parameters":[],"shouldDisplayMessage":false,"stepsCount":0,"attachmentsCount":0,"hasContent":false,"attachmentStep":false},{"name":"kurly_product_page","time":{"start":1767197430161,"stop":1767197430161,"duration":0},"status":"passed","steps":[],"attachments":[],"parameters":[],"shouldDisplayMessage":false,"stepsCount":0,"attachmentsCount":0,"hasContent":false,"attachmentStep":false},{"name":"test_credentials","time":{"start":1767197430161,"stop":1767197430161,"duration":0},"status":"passed","steps":[],"attachments":[],"parameters":[],"shouldDisplayMessage":false,"stepsCount":0,"attachmentsCount":0,"hasContent":false,"attachmentStep":false},{"name":"kurly_login_page","time":{"start":1767197430161,"stop":1767197430161,"duration":0},"status":"passed","steps":[],"attachments":[],"parameters":[],"shouldDisplayMessage":false,"stepsCount":0,"attachmentsCount":0,"hasContent":false,"attachmentStep":false}],"testStage":{"description":"\n    **목적:** 로그인부터 장바구니 담기까지 전체 플로우가 정상 동작하는지 확인\n\n    **테스트 단계:**\n    1. 마켓컬리 메인 페이지 접속\n    2. 로그인\n    3. 상품 검색 ('과자')\n    4. 상품 선택 및 장바구니 추가\n    5. 수량 조절\n    6. 장바구니 담기\n    7. 장바구니 페이지로 이동\n\n    **예상 결과:** 전체 플로우가 성공적으로 완료됨\n    ","status":"broken","statusMessage":"selenium.common.exceptions.ElementClickInterceptedException: Message: element click intercepted: Element <button class=\"css-4ojrwk e4nu7ef3\" type=\"submit\" height=\"54\" radius=\"6\">...</button> is not clickable at point (525, 419). Other element would receive the click: <input data-testid=\"input-box\" name=\"password\" placeholder=\"비밀번호를 입력해주세요\" type=\"password\" autocomplete=\"off\" class=\"css-u52dqk e1uzxhvi2\" value=\"testpass\">\n  (Session info: chrome=143.0.7499.109)\nStacktrace:\n#0 0x56352e92e61a <unknown>\n#1 0x56352e3ab20b <unknown>\n#2 0x56352e403694 <unknown>\n#3 0x56352e401558 <unknown>\n#4 0x56352e3fec7a <unknown>\n#5 0x56352e3fddb9 <unknown>\n#6 0x56352e3f10c2 <unknown>\n#7 0x56352e3f0a67 <unknown>\n#8 0x56352e44820e <unknown>\n#9 0x56352e3ef232 <unknown>\n#10 0x56352e3efee1 <unknown>\n#11 0x56352e8f73f9 <unknown>\n#12 0x56352e8fa34d <unknown>\n#13 0x56352e8e0122 <unknown>\n#14 0x56352e8faf2b <unknown>\n#15 0x56352e8c6c30 <unknown>\n#16 0x56352e91bd78 <unknown>\n#17 0x56352e91bf4c <unknown>\n#18 0x56352e92d973 <unknown>\n#19 0x7fd25729caa4 <unknown>\n#20 0x7fd257329c6c <unknown>","statusTrace":"src/tests/ui/test_ui_product_add_flow.py:39: in test_full_product_add_flow\n    kurly_login_page.click_login_button()\nsrc/pages/kurly_login_page.py:63: in click_login_button\n    self.click(self.SUBMIT_BUTTON)\nsrc/pages/base_page.py:273: in click\n    element.click()\nvenv/lib/python3.11/site-packages/selenium/webdriver/remote/webelement.py:94: in click\n    self._execute(Command.CLICK_ELEMENT)\nvenv/lib/python3.11/site-packages/selenium/webdriver/remote/webelement.py:402: in _execute\n    return self._parent.execute(command, params)\nvenv/lib/python3.11/site-packages/selenium/webdriver/remote/webdriver.py:384: in execute\n    self.error_handler.check_response(response)\nvenv/lib/python3.11/site-packages/selenium/webdriver/remote/errorhandler.py:232: in check_response\n    raise exception_class(message, screen, stacktrace)\nE   selenium.common.exceptions.ElementClickInterceptedException: Message: element click intercepted: Element <button class=\"css-4ojrwk e4nu7ef3\" type=\"submit\" height=\"54\" radius=\"6\">...</button> is not clickable at point (525, 419). Other element would receive the click: <input data-testid=\"input-box\" name=\"password\" placeholder=\"비밀번호를 입력해주세요\" type=\"password\" autocomplete=\"off\" class=\"css-u52dqk e1uzxhvi2\" value=\"testpass\">\nE     (Session info: chrome=143.0.7499.109)\nE   Stacktrace:\nE   #0 0x56352e92e61a <unknown>\nE   #1 0x56352e3ab20b <unknown>\nE   #2 0x56352e403694 <unknown>\nE   #3 0x56352e401558 <unknown>\nE   #4 0x56352e3fec7a <unknown>\nE   #5 0x56352e3fddb9 <unknown>\nE   #6 0x56352e3f10c2 <unknown>\nE   #7 0x56352e3f0a67 <unknown>\nE   #8 0x56352e44820e <unknown>\nE   #9 0x56352e3ef232 <unknown>\nE   #10 0x56352e3efee1 <unknown>\nE   #11 0x56352e8f73f9 <unknown>\nE   #12 0x56352e8fa34d <unknown>\nE   #13 0x56352e8e0122 <unknown>\nE   #14 0x56352e8faf2b <unknown>\nE   #15 0x56352e8c6c30 <unknown>\nE   #16 0x56352e91bd78 <unknown>\nE   #17 0x56352e91bf4c <unknown>\nE   #18 0x56352e92d973 <unknown>\nE   #19 0x7fd25729caa4 <unknown>\nE   #20 0x7fd257329c6c <unknown>","steps":[{"name":"로그인 프로세스","time":{"start":1767197430162,"stop":1767197435817,"duration":5655},"status":"broken","statusMessage":"selenium.common.exceptions.ElementClickInterceptedException: Message: element click intercepted: Element <button class=\"css-4ojrwk e4nu7ef3\" type=\"submit\" height=\"54\" radius=\"6\">...</button> is not clickable at point (525, 419). Other element would receive the click: <input data-testid=\"input-box\" name=\"password\" placeholder=\"비밀번호를 입력해주세요\" type=\"password\" autocomplete=\"off\" class=\"css-u52dqk e1uzxhvi2\" value=\"testpass\">\n  (Session info: chrome=143.0.7499.109)\nStacktrace:\n#0 0x56352e92e61a <unknown>\n#1 0x56352e3ab20b <unknown>\n#2 0x56352e403694 <unknown>\n#3 0x56352e401558 <unknown>\n#4 0x56352e3fec7a <unknown>\n#5 0x56352e3fddb9 <unknown>\n#6 0x56352e3f10c2 <unknown>\n#7 0x56352e3f0a67 <unknown>\n#8 0x56352e44820e <unknown>\n#9 0x56352e3ef232 <unknown>\n#10 0x56352e3efee1 <unknown>\n#11 0x56352e8f73f9 <unknown>\n#12 0x56352e8fa34d <unknown>\n#13 0x56352e8e0122 <unknown>\n#14 0x56352e8faf2b <unknown>\n#15 0x56352e8c6c30 <unknown>\n#16 0x56352e91bd78 <unknown>\n#17 0x56352e91bf4c <unknown>\n#18 0x56352e92d973 <unknown>\n#19 0x7fd25729caa4 <unknown>\n#20 0x7fd257329c6c <unknown>\n\n","statusTrace":"  File \"/home/runner/work/QATEST/QATEST/src/tests/ui/test_ui_product_add_flow.py\", line 39, in test_full_product_add_flow\n    kurly_login_page.click_login_button()\n  File \"/home/runner/work/QATEST/QATEST/src/pages/kurly_login_page.py\", line 63, in click_login_button\n    self.click(self.SUBMIT_BUTTON)\n  File \"/home/runner/work/QATEST/QATEST/src/pages/base_page.py\", line 273, in click\n    element.click()\n  File \"/home/runner/work/QATEST/QATEST/venv/lib/python3.11/site-packages/selenium/webdriver/remote/webelement.py\", line 94, in click\n    self._execute(Command.CLICK_ELEMENT)\n  File \"/home/runner/work/QATEST/QATEST/venv/lib/python3.11/site-packages/selenium/webdriver/remote/webelement.py\", line 402, in _execute\n    return self._parent.execute(command, params)\n           ^^^^^^^^^^^^^^^^^^^^^^^^^^^^^^^^^^^^^\n  File \"/home/runner/work/QATEST/QATEST/venv/lib/python3.11/site-packages/selenium/webdriver/remote/webdriver.py\", line 384, in execute\n    self.error_handler.check_response(response)\n  File \"/home/runner/work/QATEST/QATEST/venv/lib/python3.11/site-packages/selenium/webdriver/remote/errorhandler.py\", line 232, in check_response\n    raise exception_class(message, screen, stacktrace)\n","steps":[],"attachments":[],"parameters":[],"shouldDisplayMessage":true,"stepsCount":0,"attachmentsCount":0,"hasContent":true,"attachmentStep":false}],"attachments":[{"uid":"72a632b29fcd156f","name":"log","source":"72a632b29fcd156f.txt","type":"text/plain","size":27634},{"uid":"1c8eefbd6a2eccb9","name":"stderr","source":"1c8eefbd6a2eccb9.txt","type":"text/plain","size":198}],"parameters":[],"shouldDisplayMessage":true,"stepsCount":1,"attachmentsCount":2,"hasContent":true,"attachmentStep":false},"afterStages":[{"name":"driver::0","time":{"start":1767197435842,"stop":1767197435906,"duration":64},"status":"passed","steps":[],"attachments":[],"parameters":[],"shouldDisplayMessage":false,"stepsCount":0,"attachmentsCount":0,"hasContent":false,"attachmentStep":false}],"labels":[{"name":"severity","value":"critical"},{"name":"story","value":"로그인 후 상품 추가"},{"name":"feature","value":"E2E 플로우"},{"name":"tag","value":"ui"},{"name":"parentSuite","value":"src.tests.ui"},{"name":"suite","value":"test_ui_product_add_flow"},{"name":"subSuite","value":"TestProductAddFlow"},{"name":"host","value":"runnervmh13bl"},{"name":"thread","value":"2649-MainThread"},{"name":"framework","value":"pytest"},{"name":"language","value":"cpython3"},{"name":"package","value":"src.tests.ui.test_ui_product_add_flow"},{"name":"resultFormat","value":"allure2"}],"parameters":[],"links":[],"hidden":false,"retry":false,"extra":{"severity":"critical","retries":[],"categories":[{"name":"Test defects","matchedStatuses":[],"flaky":false}],"tags":["ui"]},"source":"f728dd76a6df82c7.json","parameterValues":[]}