{"uid":"f96de409c409c2bb","name":"수량 증가/감소 버튼 동작 확인","fullName":"src.tests.ui.test_ui_quantity.TestQuantity#test_quantity_buttons","historyId":"bc751d264cd974d93764685f8036845e","time":{"start":1767500938517,"stop":1767500947646,"duration":9129},"description":"\n    **목적:** 상품 상세 팝업에서 수량 조절 버튼이 정상 작동하는지 확인\n\n    **테스트 단계:**\n    1. 마켓컬리 메인 페이지 접속\n    2. '과자' 검색\n    3. 세 번째 상품의 장바구니 추가 버튼 클릭\n    4. 수량 올리기 버튼 2회 클릭\n    5. 수량 내리기 버튼 1회 클릭\n    6. 최종 수량이 2인지 확인\n\n    **예상 결과:** 수량이 올바르게 조절됨 (최종 수량: 2)\n    ","descriptionHtml":"<pre><code>**목적:** 상품 상세 팝업에서 수량 조절 버튼이 정상 작동하는지 확인\n\n**테스트 단계:**\n1. 마켓컬리 메인 페이지 접속\n2. '과자' 검색\n3. 세 번째 상품의 장바구니 추가 버튼 클릭\n4. 수량 올리기 버튼 2회 클릭\n5. 수량 내리기 버튼 1회 클릭\n6. 최종 수량이 2인지 확인\n\n**예상 결과:** 수량이 올바르게 조절됨 (최종 수량: 2)\n</code></pre>\n","status":"broken","statusMessage":"selenium.common.exceptions.TimeoutException: Message: ❌ 요소를 클릭할 수 없습니다: ('xpath', \"//button[@aria-label='수량올리기']\")","statusTrace":"src/pages/base_page.py:272: in click\n    element = self.wait_clickable(locator, timeout)\nsrc/pages/base_page.py:127: in wait_clickable\n    return wait.until(EC.element_to_be_clickable(locator))\nvenv/lib/python3.11/site-packages/selenium/webdriver/support/wait.py:105: in until\n    raise TimeoutException(message, screen, stacktrace)\nE   selenium.common.exceptions.TimeoutException: Message: \nE   Stacktrace:\nE   #0 0x556496a8d61a <unknown>\nE   #1 0x55649650a20b <unknown>\nE   #2 0x55649655b90f <unknown>\nE   #3 0x55649655bb51 <unknown>\nE   #4 0x5564965a9d84 <unknown>\nE   #5 0x5564965a720e <unknown>\nE   #6 0x55649654e232 <unknown>\nE   #7 0x55649654eee1 <unknown>\nE   #8 0x556496a563f9 <unknown>\nE   #9 0x556496a5934d <unknown>\nE   #10 0x556496a3f122 <unknown>\nE   #11 0x556496a59f2b <unknown>\nE   #12 0x556496a25c30 <unknown>\nE   #13 0x556496a7ad78 <unknown>\nE   #14 0x556496a7af4c <unknown>\nE   #15 0x556496a8c973 <unknown>\nE   #16 0x7f565ac9caa4 <unknown>\nE   #17 0x7f565ad29c6c <unknown>\n\nDuring handling of the above exception, another exception occurred:\nsrc/tests/ui/test_ui_quantity.py:42: in test_quantity_buttons\n    kurly_search_page.quantity_up_in_alt(times=2)\nsrc/pages/kurly_search_page.py:197: in quantity_up_in_alt\n    self.click(self.QUANTITY_UP_BUTTON_IN_ALT)\nsrc/pages/base_page.py:277: in click\n    raise TimeoutException(f\"❌ 요소를 클릭할 수 없습니다: {locator}\")\nE   selenium.common.exceptions.TimeoutException: Message: ❌ 요소를 클릭할 수 없습니다: ('xpath', \"//button[@aria-label='수량올리기']\")","flaky":false,"newFailed":false,"newBroken":false,"newPassed":false,"retriesCount":0,"retriesStatusChange":false,"beforeStages":[{"name":"driver","time":{"start":1767500937952,"stop":1767500938517,"duration":565},"status":"passed","steps":[],"attachments":[],"parameters":[],"shouldDisplayMessage":false,"stepsCount":0,"attachmentsCount":0,"hasContent":false,"attachmentStep":false},{"name":"kurly_cart_page","time":{"start":1767500938517,"stop":1767500938517,"duration":0},"status":"passed","steps":[],"attachments":[],"parameters":[],"shouldDisplayMessage":false,"stepsCount":0,"attachmentsCount":0,"hasContent":false,"attachmentStep":false},{"name":"kurly_search_page","time":{"start":1767500938517,"stop":1767500938517,"duration":0},"status":"passed","steps":[],"attachments":[],"parameters":[],"shouldDisplayMessage":false,"stepsCount":0,"attachmentsCount":0,"hasContent":false,"attachmentStep":false},{"name":"kurly_main_page","time":{"start":1767500938517,"stop":1767500938517,"duration":0},"status":"passed","steps":[],"attachments":[],"parameters":[],"shouldDisplayMessage":false,"stepsCount":0,"attachmentsCount":0,"hasContent":false,"attachmentStep":false}],"testStage":{"description":"\n    **목적:** 상품 상세 팝업에서 수량 조절 버튼이 정상 작동하는지 확인\n\n    **테스트 단계:**\n    1. 마켓컬리 메인 페이지 접속\n    2. '과자' 검색\n    3. 세 번째 상품의 장바구니 추가 버튼 클릭\n    4. 수량 올리기 버튼 2회 클릭\n    5. 수량 내리기 버튼 1회 클릭\n    6. 최종 수량이 2인지 확인\n\n    **예상 결과:** 수량이 올바르게 조절됨 (최종 수량: 2)\n    ","status":"broken","statusMessage":"selenium.common.exceptions.TimeoutException: Message: ❌ 요소를 클릭할 수 없습니다: ('xpath', \"//button[@aria-label='수량올리기']\")","statusTrace":"src/pages/base_page.py:272: in click\n    element = self.wait_clickable(locator, timeout)\nsrc/pages/base_page.py:127: in wait_clickable\n    return wait.until(EC.element_to_be_clickable(locator))\nvenv/lib/python3.11/site-packages/selenium/webdriver/support/wait.py:105: in until\n    raise TimeoutException(message, screen, stacktrace)\nE   selenium.common.exceptions.TimeoutException: Message: \nE   Stacktrace:\nE   #0 0x556496a8d61a <unknown>\nE   #1 0x55649650a20b <unknown>\nE   #2 0x55649655b90f <unknown>\nE   #3 0x55649655bb51 <unknown>\nE   #4 0x5564965a9d84 <unknown>\nE   #5 0x5564965a720e <unknown>\nE   #6 0x55649654e232 <unknown>\nE   #7 0x55649654eee1 <unknown>\nE   #8 0x556496a563f9 <unknown>\nE   #9 0x556496a5934d <unknown>\nE   #10 0x556496a3f122 <unknown>\nE   #11 0x556496a59f2b <unknown>\nE   #12 0x556496a25c30 <unknown>\nE   #13 0x556496a7ad78 <unknown>\nE   #14 0x556496a7af4c <unknown>\nE   #15 0x556496a8c973 <unknown>\nE   #16 0x7f565ac9caa4 <unknown>\nE   #17 0x7f565ad29c6c <unknown>\n\nDuring handling of the above exception, another exception occurred:\nsrc/tests/ui/test_ui_quantity.py:42: in test_quantity_buttons\n    kurly_search_page.quantity_up_in_alt(times=2)\nsrc/pages/kurly_search_page.py:197: in quantity_up_in_alt\n    self.click(self.QUANTITY_UP_BUTTON_IN_ALT)\nsrc/pages/base_page.py:277: in click\n    raise TimeoutException(f\"❌ 요소를 클릭할 수 없습니다: {locator}\")\nE   selenium.common.exceptions.TimeoutException: Message: ❌ 요소를 클릭할 수 없습니다: ('xpath', \"//button[@aria-label='수량올리기']\")","steps":[{"name":"마켓컬리 메인 페이지로 이동","time":{"start":1767500938517,"stop":1767500940951,"duration":2434},"status":"passed","steps":[],"attachments":[],"parameters":[],"shouldDisplayMessage":false,"stepsCount":0,"attachmentsCount":0,"hasContent":false,"attachmentStep":false},{"name":"'과자' 검색","time":{"start":1767500940951,"stop":1767500941411,"duration":460},"status":"passed","steps":[],"attachments":[],"parameters":[],"shouldDisplayMessage":false,"stepsCount":0,"attachmentsCount":0,"hasContent":false,"attachmentStep":false},{"name":"세 번째 상품의 장바구니 추가 버튼 클릭","time":{"start":1767500941412,"stop":1767500942091,"duration":679},"status":"passed","steps":[],"attachments":[],"parameters":[],"shouldDisplayMessage":false,"stepsCount":0,"attachmentsCount":0,"hasContent":false,"attachmentStep":false},{"name":"수량 2회 증가","time":{"start":1767500942091,"stop":1767500947646,"duration":5555},"status":"broken","statusMessage":"selenium.common.exceptions.TimeoutException: Message: ❌ 요소를 클릭할 수 없습니다: ('xpath', \"//button[@aria-label='수량올리기']\")\n\n","statusTrace":"  File \"/home/runner/work/QATEST/QATEST/src/tests/ui/test_ui_quantity.py\", line 42, in test_quantity_buttons\n    kurly_search_page.quantity_up_in_alt(times=2)\n  File \"/home/runner/work/QATEST/QATEST/src/pages/kurly_search_page.py\", line 197, in quantity_up_in_alt\n    self.click(self.QUANTITY_UP_BUTTON_IN_ALT)\n  File \"/home/runner/work/QATEST/QATEST/src/pages/base_page.py\", line 277, in click\n    raise TimeoutException(f\"❌ 요소를 클릭할 수 없습니다: {locator}\")\n","steps":[],"attachments":[],"parameters":[],"shouldDisplayMessage":true,"stepsCount":0,"attachmentsCount":0,"hasContent":true,"attachmentStep":false}],"attachments":[{"uid":"a93c61fb28c45b2e","name":"log","source":"a93c61fb28c45b2e.txt","type":"text/plain","size":150127},{"uid":"cdb7181203cf9a85","name":"stderr","source":"cdb7181203cf9a85.txt","type":"text/plain","size":470}],"parameters":[],"shouldDisplayMessage":true,"stepsCount":4,"attachmentsCount":2,"hasContent":true,"attachmentStep":false},"afterStages":[{"name":"driver::0","time":{"start":1767500947672,"stop":1767500947743,"duration":71},"status":"passed","steps":[],"attachments":[],"parameters":[],"shouldDisplayMessage":false,"stepsCount":0,"attachmentsCount":0,"hasContent":false,"attachmentStep":false}],"labels":[{"name":"story","value":"수량 조절"},{"name":"feature","value":"상품 관리"},{"name":"severity","value":"normal"},{"name":"tag","value":"ui"},{"name":"parentSuite","value":"src.tests.ui"},{"name":"suite","value":"test_ui_quantity"},{"name":"subSuite","value":"TestQuantity"},{"name":"host","value":"runnervmh13bl"},{"name":"thread","value":"2613-MainThread"},{"name":"framework","value":"pytest"},{"name":"language","value":"cpython3"},{"name":"package","value":"src.tests.ui.test_ui_quantity"},{"name":"resultFormat","value":"allure2"}],"parameters":[],"links":[],"hidden":false,"retry":false,"extra":{"severity":"normal","retries":[],"categories":[{"name":"Test defects","matchedStatuses":[],"flaky":false}],"tags":["ui"]},"source":"f96de409c409c2bb.json","parameterValues":[]}