{"uid":"fa780af9fc9d1512","name":"상품 검색 후 장바구니 추가 테스트","fullName":"src.tests.ui.test_ui_add_goods.TestAddGoods#test_add_goods_to_cart","historyId":"ae408fe597612d1ee15a91992e32f921","time":{"start":1770149818577,"stop":1770149821508,"duration":2931},"description":"\n    **목적:** 상품 검색 → 수량 조절 → 장바구니 담기 플로우가 정상 동작하는지 확인\n\n    **테스트 단계:**\n    1. 마켓컬리 메인 페이지 접속\n    2. '과자' 검색\n    3. 세 번째 상품의 장바구니 추가 버튼 클릭\n    4. 수량 올리기 (2회)\n    5. 수량 내리기 (2회)\n    6. 장바구니 담기 버튼 클릭\n    7. 검색 결과 확인\n\n    **예상 결과:** 상품이 장바구니에 정상적으로 담김\n    ","descriptionHtml":"<pre><code>**목적:** 상품 검색 → 수량 조절 → 장바구니 담기 플로우가 정상 동작하는지 확인\n\n**테스트 단계:**\n1. 마켓컬리 메인 페이지 접속\n2. '과자' 검색\n3. 세 번째 상품의 장바구니 추가 버튼 클릭\n4. 수량 올리기 (2회)\n5. 수량 내리기 (2회)\n6. 장바구니 담기 버튼 클릭\n7. 검색 결과 확인\n\n**예상 결과:** 상품이 장바구니에 정상적으로 담김\n</code></pre>\n","status":"broken","statusMessage":"selenium.common.exceptions.StaleElementReferenceException: Message: stale element reference: stale element not found in the current frame\n  (Session info: chrome=144.0.7559.96); For documentation on this error, please visit: https://www.selenium.dev/documentation/webdriver/troubleshooting/errors#stale-element-reference-exception\nStacktrace:\n#0 0x563503a864ba <unknown>\n#1 0x5635034ef492 <unknown>\n#2 0x5635034f65ab <unknown>\n#3 0x5635034f8e19 <unknown>\n#4 0x5635034f8ec3 <unknown>\n#5 0x563503546730 <unknown>\n#6 0x5635035458a4 <unknown>\n#7 0x563503538b81 <unknown>\n#8 0x5635035380d7 <unknown>\n#9 0x56350358d700 <unknown>\n#10 0x5635035366a2 <unknown>\n#11 0x563503537491 <unknown>\n#12 0x563503a4c479 <unknown>\n#13 0x563503a4f391 <unknown>\n#14 0x563503a38a89 <unknown>\n#15 0x563503a4ff4e <unknown>\n#16 0x563503a1f070 <unknown>\n#17 0x563503a73ca8 <unknown>\n#18 0x563503a73e78 <unknown>\n#19 0x563503a85828 <unknown>\n#20 0x7f2e79e9caa4 <unknown>\n#21 0x7f2e79f29c6c <unknown>","statusTrace":"src/tests/ui/test_ui_add_goods.py:43: in test_add_goods_to_cart\n    kurly_search_page.click_nth_add_button(3)\nsrc/pages/kurly_search_page.py:176: in click_nth_add_button\n    self.click(nth_add_button)\nsrc/pages/base_page.py:273: in click\n    element.click()\nvenv/lib/python3.11/site-packages/selenium/webdriver/remote/webelement.py:94: in click\n    self._execute(Command.CLICK_ELEMENT)\nvenv/lib/python3.11/site-packages/selenium/webdriver/remote/webelement.py:402: in _execute\n    return self._parent.execute(command, params)\nvenv/lib/python3.11/site-packages/selenium/webdriver/remote/webdriver.py:384: in execute\n    self.error_handler.check_response(response)\nvenv/lib/python3.11/site-packages/selenium/webdriver/remote/errorhandler.py:232: in check_response\n    raise exception_class(message, screen, stacktrace)\nE   selenium.common.exceptions.StaleElementReferenceException: Message: stale element reference: stale element not found in the current frame\nE     (Session info: chrome=144.0.7559.96); For documentation on this error, please visit: https://www.selenium.dev/documentation/webdriver/troubleshooting/errors#stale-element-reference-exception\nE   Stacktrace:\nE   #0 0x563503a864ba <unknown>\nE   #1 0x5635034ef492 <unknown>\nE   #2 0x5635034f65ab <unknown>\nE   #3 0x5635034f8e19 <unknown>\nE   #4 0x5635034f8ec3 <unknown>\nE   #5 0x563503546730 <unknown>\nE   #6 0x5635035458a4 <unknown>\nE   #7 0x563503538b81 <unknown>\nE   #8 0x5635035380d7 <unknown>\nE   #9 0x56350358d700 <unknown>\nE   #10 0x5635035366a2 <unknown>\nE   #11 0x563503537491 <unknown>\nE   #12 0x563503a4c479 <unknown>\nE   #13 0x563503a4f391 <unknown>\nE   #14 0x563503a38a89 <unknown>\nE   #15 0x563503a4ff4e <unknown>\nE   #16 0x563503a1f070 <unknown>\nE   #17 0x563503a73ca8 <unknown>\nE   #18 0x563503a73e78 <unknown>\nE   #19 0x563503a85828 <unknown>\nE   #20 0x7f2e79e9caa4 <unknown>\nE   #21 0x7f2e79f29c6c <unknown>","flaky":false,"newFailed":false,"newBroken":false,"newPassed":false,"retriesCount":0,"retriesStatusChange":false,"beforeStages":[{"name":"driver","time":{"start":1770149817966,"stop":1770149818577,"duration":611},"status":"passed","steps":[],"attachments":[],"parameters":[],"shouldDisplayMessage":false,"stepsCount":0,"attachmentsCount":0,"hasContent":false,"attachmentStep":false},{"name":"kurly_search_page","time":{"start":1770149818577,"stop":1770149818577,"duration":0},"status":"passed","steps":[],"attachments":[],"parameters":[],"shouldDisplayMessage":false,"stepsCount":0,"attachmentsCount":0,"hasContent":false,"attachmentStep":false},{"name":"kurly_main_page","time":{"start":1770149818577,"stop":1770149818577,"duration":0},"status":"passed","steps":[],"attachments":[],"parameters":[],"shouldDisplayMessage":false,"stepsCount":0,"attachmentsCount":0,"hasContent":false,"attachmentStep":false},{"name":"kurly_goods_page","time":{"start":1770149818577,"stop":1770149818577,"duration":0},"status":"passed","steps":[],"attachments":[],"parameters":[],"shouldDisplayMessage":false,"stepsCount":0,"attachmentsCount":0,"hasContent":false,"attachmentStep":false}],"testStage":{"description":"\n    **목적:** 상품 검색 → 수량 조절 → 장바구니 담기 플로우가 정상 동작하는지 확인\n\n    **테스트 단계:**\n    1. 마켓컬리 메인 페이지 접속\n    2. '과자' 검색\n    3. 세 번째 상품의 장바구니 추가 버튼 클릭\n    4. 수량 올리기 (2회)\n    5. 수량 내리기 (2회)\n    6. 장바구니 담기 버튼 클릭\n    7. 검색 결과 확인\n\n    **예상 결과:** 상품이 장바구니에 정상적으로 담김\n    ","status":"broken","statusMessage":"selenium.common.exceptions.StaleElementReferenceException: Message: stale element reference: stale element not found in the current frame\n  (Session info: chrome=144.0.7559.96); For documentation on this error, please visit: https://www.selenium.dev/documentation/webdriver/troubleshooting/errors#stale-element-reference-exception\nStacktrace:\n#0 0x563503a864ba <unknown>\n#1 0x5635034ef492 <unknown>\n#2 0x5635034f65ab <unknown>\n#3 0x5635034f8e19 <unknown>\n#4 0x5635034f8ec3 <unknown>\n#5 0x563503546730 <unknown>\n#6 0x5635035458a4 <unknown>\n#7 0x563503538b81 <unknown>\n#8 0x5635035380d7 <unknown>\n#9 0x56350358d700 <unknown>\n#10 0x5635035366a2 <unknown>\n#11 0x563503537491 <unknown>\n#12 0x563503a4c479 <unknown>\n#13 0x563503a4f391 <unknown>\n#14 0x563503a38a89 <unknown>\n#15 0x563503a4ff4e <unknown>\n#16 0x563503a1f070 <unknown>\n#17 0x563503a73ca8 <unknown>\n#18 0x563503a73e78 <unknown>\n#19 0x563503a85828 <unknown>\n#20 0x7f2e79e9caa4 <unknown>\n#21 0x7f2e79f29c6c <unknown>","statusTrace":"src/tests/ui/test_ui_add_goods.py:43: in test_add_goods_to_cart\n    kurly_search_page.click_nth_add_button(3)\nsrc/pages/kurly_search_page.py:176: in click_nth_add_button\n    self.click(nth_add_button)\nsrc/pages/base_page.py:273: in click\n    element.click()\nvenv/lib/python3.11/site-packages/selenium/webdriver/remote/webelement.py:94: in click\n    self._execute(Command.CLICK_ELEMENT)\nvenv/lib/python3.11/site-packages/selenium/webdriver/remote/webelement.py:402: in _execute\n    return self._parent.execute(command, params)\nvenv/lib/python3.11/site-packages/selenium/webdriver/remote/webdriver.py:384: in execute\n    self.error_handler.check_response(response)\nvenv/lib/python3.11/site-packages/selenium/webdriver/remote/errorhandler.py:232: in check_response\n    raise exception_class(message, screen, stacktrace)\nE   selenium.common.exceptions.StaleElementReferenceException: Message: stale element reference: stale element not found in the current frame\nE     (Session info: chrome=144.0.7559.96); For documentation on this error, please visit: https://www.selenium.dev/documentation/webdriver/troubleshooting/errors#stale-element-reference-exception\nE   Stacktrace:\nE   #0 0x563503a864ba <unknown>\nE   #1 0x5635034ef492 <unknown>\nE   #2 0x5635034f65ab <unknown>\nE   #3 0x5635034f8e19 <unknown>\nE   #4 0x5635034f8ec3 <unknown>\nE   #5 0x563503546730 <unknown>\nE   #6 0x5635035458a4 <unknown>\nE   #7 0x563503538b81 <unknown>\nE   #8 0x5635035380d7 <unknown>\nE   #9 0x56350358d700 <unknown>\nE   #10 0x5635035366a2 <unknown>\nE   #11 0x563503537491 <unknown>\nE   #12 0x563503a4c479 <unknown>\nE   #13 0x563503a4f391 <unknown>\nE   #14 0x563503a38a89 <unknown>\nE   #15 0x563503a4ff4e <unknown>\nE   #16 0x563503a1f070 <unknown>\nE   #17 0x563503a73ca8 <unknown>\nE   #18 0x563503a73e78 <unknown>\nE   #19 0x563503a85828 <unknown>\nE   #20 0x7f2e79e9caa4 <unknown>\nE   #21 0x7f2e79f29c6c <unknown>","steps":[{"name":"마켓컬리 메인 페이지로 이동","time":{"start":1770149818578,"stop":1770149820396,"duration":1818},"status":"passed","steps":[],"attachments":[],"parameters":[],"shouldDisplayMessage":false,"stepsCount":0,"attachmentsCount":0,"hasContent":false,"attachmentStep":false},{"name":"'과자' 검색","time":{"start":1770149820396,"stop":1770149820658,"duration":262},"status":"passed","steps":[],"attachments":[],"parameters":[],"shouldDisplayMessage":false,"stepsCount":0,"attachmentsCount":0,"hasContent":false,"attachmentStep":false},{"name":"세 번째 상품의 장바구니 추가 버튼 클릭","time":{"start":1770149820658,"stop":1770149821507,"duration":849},"status":"broken","statusMessage":"selenium.common.exceptions.StaleElementReferenceException: Message: stale element reference: stale element not found in the current frame\n  (Session info: chrome=144.0.7559.96); For documentation on this error, please visit: https://www.selenium.dev/documentation/webdriver/troubleshooting/errors#stale-element-reference-exception\nStacktrace:\n#0 0x563503a864ba <unknown>\n#1 0x5635034ef492 <unknown>\n#2 0x5635034f65ab <unknown>\n#3 0x5635034f8e19 <unknown>\n#4 0x5635034f8ec3 <unknown>\n#5 0x563503546730 <unknown>\n#6 0x5635035458a4 <unknown>\n#7 0x563503538b81 <unknown>\n#8 0x5635035380d7 <unknown>\n#9 0x56350358d700 <unknown>\n#10 0x5635035366a2 <unknown>\n#11 0x563503537491 <unknown>\n#12 0x563503a4c479 <unknown>\n#13 0x563503a4f391 <unknown>\n#14 0x563503a38a89 <unknown>\n#15 0x563503a4ff4e <unknown>\n#16 0x563503a1f070 <unknown>\n#17 0x563503a73ca8 <unknown>\n#18 0x563503a73e78 <unknown>\n#19 0x563503a85828 <unknown>\n#20 0x7f2e79e9caa4 <unknown>\n#21 0x7f2e79f29c6c <unknown>\n\n","statusTrace":"  File \"/home/runner/work/QATEST/QATEST/src/tests/ui/test_ui_add_goods.py\", line 43, in test_add_goods_to_cart\n    kurly_search_page.click_nth_add_button(3)\n  File \"/home/runner/work/QATEST/QATEST/src/pages/kurly_search_page.py\", line 176, in click_nth_add_button\n    self.click(nth_add_button)\n  File \"/home/runner/work/QATEST/QATEST/src/pages/base_page.py\", line 273, in click\n    element.click()\n  File \"/home/runner/work/QATEST/QATEST/venv/lib/python3.11/site-packages/selenium/webdriver/remote/webelement.py\", line 94, in click\n    self._execute(Command.CLICK_ELEMENT)\n  File \"/home/runner/work/QATEST/QATEST/venv/lib/python3.11/site-packages/selenium/webdriver/remote/webelement.py\", line 402, in _execute\n    return self._parent.execute(command, params)\n           ^^^^^^^^^^^^^^^^^^^^^^^^^^^^^^^^^^^^^\n  File \"/home/runner/work/QATEST/QATEST/venv/lib/python3.11/site-packages/selenium/webdriver/remote/webdriver.py\", line 384, in execute\n    self.error_handler.check_response(response)\n  File \"/home/runner/work/QATEST/QATEST/venv/lib/python3.11/site-packages/selenium/webdriver/remote/errorhandler.py\", line 232, in check_response\n    raise exception_class(message, screen, stacktrace)\n","steps":[],"attachments":[],"parameters":[],"shouldDisplayMessage":true,"stepsCount":0,"attachmentsCount":0,"hasContent":true,"attachmentStep":false}],"attachments":[{"uid":"c8990ebe72ce5a5f","name":"log","source":"c8990ebe72ce5a5f.txt","type":"text/plain","size":22001},{"uid":"b016708ca3c693f1","name":"stderr","source":"b016708ca3c693f1.txt","type":"text/plain","size":198}],"parameters":[],"shouldDisplayMessage":true,"stepsCount":3,"attachmentsCount":2,"hasContent":true,"attachmentStep":false},"afterStages":[{"name":"driver::0","time":{"start":1770149821544,"stop":1770149821609,"duration":65},"status":"passed","steps":[],"attachments":[],"parameters":[],"shouldDisplayMessage":false,"stepsCount":0,"attachmentsCount":0,"hasContent":false,"attachmentStep":false}],"labels":[{"name":"severity","value":"critical"},{"name":"story","value":"상품 추가"},{"name":"feature","value":"상품 관리"},{"name":"tag","value":"ui"},{"name":"parentSuite","value":"src.tests.ui"},{"name":"suite","value":"test_ui_add_goods"},{"name":"subSuite","value":"TestAddGoods"},{"name":"host","value":"runnervmkj6or"},{"name":"thread","value":"2692-MainThread"},{"name":"framework","value":"pytest"},{"name":"language","value":"cpython3"},{"name":"package","value":"src.tests.ui.test_ui_add_goods"},{"name":"resultFormat","value":"allure2"}],"parameters":[],"links":[],"hidden":false,"retry":false,"extra":{"severity":"critical","retries":[],"categories":[{"name":"Test defects","matchedStatuses":[],"flaky":false}],"tags":["ui"]},"source":"fa780af9fc9d1512.json","parameterValues":[]}