{"uid":"fba3fe3d54a3fdf5","name":"장바구니에서 상품 삭제","fullName":"src.tests.ui.test_cart_management.TestCartManagement#test_remove_item_from_cart","historyId":"b65bd31b2e0db8f54d0c135be914a15a","time":{"start":1767442414341,"stop":1767442417128,"duration":2787},"description":"장바구니에 담긴 상품을 삭제하고 개수가 줄어드는지 확인","descriptionHtml":"<p>장바구니에 담긴 상품을 삭제하고 개수가 줄어드는지 확인</p>\n","status":"broken","statusMessage":"selenium.common.exceptions.StaleElementReferenceException: Message: stale element reference: stale element not found in the current frame\n  (Session info: chrome=143.0.7499.109); For documentation on this error, please visit: https://www.selenium.dev/documentation/webdriver/troubleshooting/errors#stale-element-reference-exception\nStacktrace:\n#0 0x564f4ed0261a <unknown>\n#1 0x564f4e77f20b <unknown>\n#2 0x564f4e785f5f <unknown>\n#3 0x564f4e788909 <unknown>\n#4 0x564f4e81d25a <unknown>\n#5 0x564f4e81c20e <unknown>\n#6 0x564f4e7c3232 <unknown>\n#7 0x564f4e7c3ee1 <unknown>\n#8 0x564f4eccb3f9 <unknown>\n#9 0x564f4ecce34d <unknown>\n#10 0x564f4ecb4122 <unknown>\n#11 0x564f4eccef2b <unknown>\n#12 0x564f4ec9ac30 <unknown>\n#13 0x564f4ecefd78 <unknown>\n#14 0x564f4eceff4c <unknown>\n#15 0x564f4ed01973 <unknown>\n#16 0x7f8631c9caa4 <unknown>\n#17 0x7f8631d29c6c <unknown>","statusTrace":"src/tests/ui/test_cart_management.py:69: in test_remove_item_from_cart\n    kurly_search_page.click_nth_add_button(n=1)\nsrc/pages/kurly_search_page.py:175: in click_nth_add_button\n    self.click(nth_add_button)\nsrc/pages/base_page.py:272: in click\n    element = self.wait_clickable(locator, timeout)\nsrc/pages/base_page.py:127: in wait_clickable\n    return wait.until(EC.element_to_be_clickable(locator))\nvenv/lib/python3.11/site-packages/selenium/webdriver/support/wait.py:96: in until\n    value = method(self._driver)\nvenv/lib/python3.11/site-packages/selenium/webdriver/support/expected_conditions.py:364: in _predicate\n    element = visibility_of(target)(driver)\nvenv/lib/python3.11/site-packages/selenium/webdriver/support/expected_conditions.py:173: in _predicate\n    return _element_if_visible(element)\nvenv/lib/python3.11/site-packages/selenium/webdriver/support/expected_conditions.py:179: in _element_if_visible\n    return element if element.is_displayed() == visibility else False\nvenv/lib/python3.11/site-packages/selenium/webdriver/remote/webelement.py:259: in is_displayed\n    return self.parent.execute_script(f\"/* isDisplayed */return ({isDisplayed_js}).apply(null, arguments);\", self)\nvenv/lib/python3.11/site-packages/selenium/webdriver/remote/webdriver.py:444: in execute_script\n    return self.execute(command, {\"script\": script, \"args\": converted_args})[\"value\"]\nvenv/lib/python3.11/site-packages/selenium/webdriver/remote/webdriver.py:384: in execute\n    self.error_handler.check_response(response)\nvenv/lib/python3.11/site-packages/selenium/webdriver/remote/errorhandler.py:232: in check_response\n    raise exception_class(message, screen, stacktrace)\nE   selenium.common.exceptions.StaleElementReferenceException: Message: stale element reference: stale element not found in the current frame\nE     (Session info: chrome=143.0.7499.109); For documentation on this error, please visit: https://www.selenium.dev/documentation/webdriver/troubleshooting/errors#stale-element-reference-exception\nE   Stacktrace:\nE   #0 0x564f4ed0261a <unknown>\nE   #1 0x564f4e77f20b <unknown>\nE   #2 0x564f4e785f5f <unknown>\nE   #3 0x564f4e788909 <unknown>\nE   #4 0x564f4e81d25a <unknown>\nE   #5 0x564f4e81c20e <unknown>\nE   #6 0x564f4e7c3232 <unknown>\nE   #7 0x564f4e7c3ee1 <unknown>\nE   #8 0x564f4eccb3f9 <unknown>\nE   #9 0x564f4ecce34d <unknown>\nE   #10 0x564f4ecb4122 <unknown>\nE   #11 0x564f4eccef2b <unknown>\nE   #12 0x564f4ec9ac30 <unknown>\nE   #13 0x564f4ecefd78 <unknown>\nE   #14 0x564f4eceff4c <unknown>\nE   #15 0x564f4ed01973 <unknown>\nE   #16 0x7f8631c9caa4 <unknown>\nE   #17 0x7f8631d29c6c <unknown>","flaky":false,"newFailed":false,"newBroken":false,"newPassed":false,"retriesCount":0,"retriesStatusChange":false,"beforeStages":[{"name":"driver","time":{"start":1767442401619,"stop":1767442402226,"duration":607},"status":"passed","steps":[],"attachments":[],"parameters":[],"shouldDisplayMessage":false,"stepsCount":0,"attachmentsCount":0,"hasContent":false,"attachmentStep":false},{"name":"kurly_cart_page","time":{"start":1767442414341,"stop":1767442414341,"duration":0},"status":"passed","steps":[],"attachments":[],"parameters":[],"shouldDisplayMessage":false,"stepsCount":0,"attachmentsCount":0,"hasContent":false,"attachmentStep":false},{"name":"kurly_main_page","time":{"start":1767442414341,"stop":1767442414341,"duration":0},"status":"passed","steps":[],"attachments":[],"parameters":[],"shouldDisplayMessage":false,"stepsCount":0,"attachmentsCount":0,"hasContent":false,"attachmentStep":false},{"name":"kurly_search_page","time":{"start":1767442414341,"stop":1767442414341,"duration":0},"status":"passed","steps":[],"attachments":[],"parameters":[],"shouldDisplayMessage":false,"stepsCount":0,"attachmentsCount":0,"hasContent":false,"attachmentStep":false}],"testStage":{"description":"장바구니에 담긴 상품을 삭제하고 개수가 줄어드는지 확인","status":"broken","statusMessage":"selenium.common.exceptions.StaleElementReferenceException: Message: stale element reference: stale element not found in the current frame\n  (Session info: chrome=143.0.7499.109); For documentation on this error, please visit: https://www.selenium.dev/documentation/webdriver/troubleshooting/errors#stale-element-reference-exception\nStacktrace:\n#0 0x564f4ed0261a <unknown>\n#1 0x564f4e77f20b <unknown>\n#2 0x564f4e785f5f <unknown>\n#3 0x564f4e788909 <unknown>\n#4 0x564f4e81d25a <unknown>\n#5 0x564f4e81c20e <unknown>\n#6 0x564f4e7c3232 <unknown>\n#7 0x564f4e7c3ee1 <unknown>\n#8 0x564f4eccb3f9 <unknown>\n#9 0x564f4ecce34d <unknown>\n#10 0x564f4ecb4122 <unknown>\n#11 0x564f4eccef2b <unknown>\n#12 0x564f4ec9ac30 <unknown>\n#13 0x564f4ecefd78 <unknown>\n#14 0x564f4eceff4c <unknown>\n#15 0x564f4ed01973 <unknown>\n#16 0x7f8631c9caa4 <unknown>\n#17 0x7f8631d29c6c <unknown>","statusTrace":"src/tests/ui/test_cart_management.py:69: in test_remove_item_from_cart\n    kurly_search_page.click_nth_add_button(n=1)\nsrc/pages/kurly_search_page.py:175: in click_nth_add_button\n    self.click(nth_add_button)\nsrc/pages/base_page.py:272: in click\n    element = self.wait_clickable(locator, timeout)\nsrc/pages/base_page.py:127: in wait_clickable\n    return wait.until(EC.element_to_be_clickable(locator))\nvenv/lib/python3.11/site-packages/selenium/webdriver/support/wait.py:96: in until\n    value = method(self._driver)\nvenv/lib/python3.11/site-packages/selenium/webdriver/support/expected_conditions.py:364: in _predicate\n    element = visibility_of(target)(driver)\nvenv/lib/python3.11/site-packages/selenium/webdriver/support/expected_conditions.py:173: in _predicate\n    return _element_if_visible(element)\nvenv/lib/python3.11/site-packages/selenium/webdriver/support/expected_conditions.py:179: in _element_if_visible\n    return element if element.is_displayed() == visibility else False\nvenv/lib/python3.11/site-packages/selenium/webdriver/remote/webelement.py:259: in is_displayed\n    return self.parent.execute_script(f\"/* isDisplayed */return ({isDisplayed_js}).apply(null, arguments);\", self)\nvenv/lib/python3.11/site-packages/selenium/webdriver/remote/webdriver.py:444: in execute_script\n    return self.execute(command, {\"script\": script, \"args\": converted_args})[\"value\"]\nvenv/lib/python3.11/site-packages/selenium/webdriver/remote/webdriver.py:384: in execute\n    self.error_handler.check_response(response)\nvenv/lib/python3.11/site-packages/selenium/webdriver/remote/errorhandler.py:232: in check_response\n    raise exception_class(message, screen, stacktrace)\nE   selenium.common.exceptions.StaleElementReferenceException: Message: stale element reference: stale element not found in the current frame\nE     (Session info: chrome=143.0.7499.109); For documentation on this error, please visit: https://www.selenium.dev/documentation/webdriver/troubleshooting/errors#stale-element-reference-exception\nE   Stacktrace:\nE   #0 0x564f4ed0261a <unknown>\nE   #1 0x564f4e77f20b <unknown>\nE   #2 0x564f4e785f5f <unknown>\nE   #3 0x564f4e788909 <unknown>\nE   #4 0x564f4e81d25a <unknown>\nE   #5 0x564f4e81c20e <unknown>\nE   #6 0x564f4e7c3232 <unknown>\nE   #7 0x564f4e7c3ee1 <unknown>\nE   #8 0x564f4eccb3f9 <unknown>\nE   #9 0x564f4ecce34d <unknown>\nE   #10 0x564f4ecb4122 <unknown>\nE   #11 0x564f4eccef2b <unknown>\nE   #12 0x564f4ec9ac30 <unknown>\nE   #13 0x564f4ecefd78 <unknown>\nE   #14 0x564f4eceff4c <unknown>\nE   #15 0x564f4ed01973 <unknown>\nE   #16 0x7f8631c9caa4 <unknown>\nE   #17 0x7f8631d29c6c <unknown>","steps":[{"name":"메인 페이지 접속 및 검색","time":{"start":1767442414341,"stop":1767442416080,"duration":1739},"status":"passed","steps":[],"attachments":[],"parameters":[],"shouldDisplayMessage":false,"stepsCount":0,"attachmentsCount":0,"hasContent":false,"attachmentStep":false},{"name":"상품을 장바구니에 담기","time":{"start":1767442416080,"stop":1767442417126,"duration":1046},"status":"broken","statusMessage":"selenium.common.exceptions.StaleElementReferenceException: Message: stale element reference: stale element not found in the current frame\n  (Session info: chrome=143.0.7499.109); For documentation on this error, please visit: https://www.selenium.dev/documentation/webdriver/troubleshooting/errors#stale-element-reference-exception\nStacktrace:\n#0 0x564f4ed0261a <unknown>\n#1 0x564f4e77f20b <unknown>\n#2 0x564f4e785f5f <unknown>\n#3 0x564f4e788909 <unknown>\n#4 0x564f4e81d25a <unknown>\n#5 0x564f4e81c20e <unknown>\n#6 0x564f4e7c3232 <unknown>\n#7 0x564f4e7c3ee1 <unknown>\n#8 0x564f4eccb3f9 <unknown>\n#9 0x564f4ecce34d <unknown>\n#10 0x564f4ecb4122 <unknown>\n#11 0x564f4eccef2b <unknown>\n#12 0x564f4ec9ac30 <unknown>\n#13 0x564f4ecefd78 <unknown>\n#14 0x564f4eceff4c <unknown>\n#15 0x564f4ed01973 <unknown>\n#16 0x7f8631c9caa4 <unknown>\n#17 0x7f8631d29c6c <unknown>\n\n","statusTrace":"  File \"/home/runner/work/QATEST/QATEST/src/tests/ui/test_cart_management.py\", line 69, in test_remove_item_from_cart\n    kurly_search_page.click_nth_add_button(n=1)\n  File \"/home/runner/work/QATEST/QATEST/src/pages/kurly_search_page.py\", line 175, in click_nth_add_button\n    self.click(nth_add_button)\n  File \"/home/runner/work/QATEST/QATEST/src/pages/base_page.py\", line 272, in click\n    element = self.wait_clickable(locator, timeout)\n              ^^^^^^^^^^^^^^^^^^^^^^^^^^^^^^^^^^^^^\n  File \"/home/runner/work/QATEST/QATEST/src/pages/base_page.py\", line 127, in wait_clickable\n    return wait.until(EC.element_to_be_clickable(locator))\n           ^^^^^^^^^^^^^^^^^^^^^^^^^^^^^^^^^^^^^^^^^^^^^^^\n  File \"/home/runner/work/QATEST/QATEST/venv/lib/python3.11/site-packages/selenium/webdriver/support/wait.py\", line 96, in until\n    value = method(self._driver)\n            ^^^^^^^^^^^^^^^^^^^^\n  File \"/home/runner/work/QATEST/QATEST/venv/lib/python3.11/site-packages/selenium/webdriver/support/expected_conditions.py\", line 364, in _predicate\n    element = visibility_of(target)(driver)\n              ^^^^^^^^^^^^^^^^^^^^^^^^^^^^^\n  File \"/home/runner/work/QATEST/QATEST/venv/lib/python3.11/site-packages/selenium/webdriver/support/expected_conditions.py\", line 173, in _predicate\n    return _element_if_visible(element)\n           ^^^^^^^^^^^^^^^^^^^^^^^^^^^^\n  File \"/home/runner/work/QATEST/QATEST/venv/lib/python3.11/site-packages/selenium/webdriver/support/expected_conditions.py\", line 179, in _element_if_visible\n    return element if element.is_displayed() == visibility else False\n                      ^^^^^^^^^^^^^^^^^^^^^^\n  File \"/home/runner/work/QATEST/QATEST/venv/lib/python3.11/site-packages/selenium/webdriver/remote/webelement.py\", line 259, in is_displayed\n    return self.parent.execute_script(f\"/* isDisplayed */return ({isDisplayed_js}).apply(null, arguments);\", self)\n           ^^^^^^^^^^^^^^^^^^^^^^^^^^^^^^^^^^^^^^^^^^^^^^^^^^^^^^^^^^^^^^^^^^^^^^^^^^^^^^^^^^^^^^^^^^^^^^^^^^^^^^^\n  File \"/home/runner/work/QATEST/QATEST/venv/lib/python3.11/site-packages/selenium/webdriver/remote/webdriver.py\", line 444, in execute_script\n    return self.execute(command, {\"script\": script, \"args\": converted_args})[\"value\"]\n           ^^^^^^^^^^^^^^^^^^^^^^^^^^^^^^^^^^^^^^^^^^^^^^^^^^^^^^^^^^^^^^^^^\n  File \"/home/runner/work/QATEST/QATEST/venv/lib/python3.11/site-packages/selenium/webdriver/remote/webdriver.py\", line 384, in execute\n    self.error_handler.check_response(response)\n  File \"/home/runner/work/QATEST/QATEST/venv/lib/python3.11/site-packages/selenium/webdriver/remote/errorhandler.py\", line 232, in check_response\n    raise exception_class(message, screen, stacktrace)\n","steps":[],"attachments":[],"parameters":[],"shouldDisplayMessage":true,"stepsCount":0,"attachmentsCount":0,"hasContent":true,"attachmentStep":false}],"attachments":[{"uid":"5e37cde82f9cec2f","name":"log","source":"5e37cde82f9cec2f.txt","type":"text/plain","size":13702},{"uid":"b77a71e0f08e6521","name":"stderr","source":"b77a71e0f08e6521.txt","type":"text/plain","size":198}],"parameters":[],"shouldDisplayMessage":true,"stepsCount":2,"attachmentsCount":2,"hasContent":true,"attachmentStep":false},"afterStages":[{"name":"driver::0","time":{"start":1767442417174,"stop":1767442417254,"duration":80},"status":"passed","steps":[],"attachments":[],"parameters":[],"shouldDisplayMessage":false,"stepsCount":0,"attachmentsCount":0,"hasContent":false,"attachmentStep":false}],"labels":[{"name":"feature","value":"장바구니 관리"},{"name":"story","value":"장바구니 상품 관리"},{"name":"tag","value":"ui"},{"name":"parentSuite","value":"src.tests.ui"},{"name":"suite","value":"test_cart_management"},{"name":"subSuite","value":"TestCartManagement"},{"name":"host","value":"runnervmh13bl"},{"name":"thread","value":"2715-MainThread"},{"name":"framework","value":"pytest"},{"name":"language","value":"cpython3"},{"name":"package","value":"src.tests.ui.test_cart_management"},{"name":"resultFormat","value":"allure2"}],"parameters":[],"links":[],"hidden":false,"retry":false,"extra":{"severity":"normal","retries":[],"categories":[{"name":"Test defects","matchedStatuses":[],"flaky":false}],"tags":["ui"]},"source":"fba3fe3d54a3fdf5.json","parameterValues":[]}