{"uid":"fcc63ca7559d52ab","name":"여러 상품을 장바구니에 담기","fullName":"src.tests.ui.test_cart_management.TestCartManagement#test_add_multiple_items_to_cart","historyId":"b10392ec03b6bdb85794b4326da8c28d","time":{"start":1767115592304,"stop":1767115600399,"duration":8095},"description":"여러 상품을 장바구니에 담고 모두 장바구니에 있는지 확인","descriptionHtml":"<p>여러 상품을 장바구니에 담고 모두 장바구니에 있는지 확인</p>\n","status":"broken","statusMessage":"selenium.common.exceptions.TimeoutException: Message: ❌ 요소를 클릭할 수 없습니다: ('xpath', \"(//button[@aria-label='장바구니 담기'])[1]\")","statusTrace":"src/pages/base_page.py:272: in click\n    element = self.wait_clickable(locator, timeout)\nsrc/pages/base_page.py:127: in wait_clickable\n    return wait.until(EC.element_to_be_clickable(locator))\nvenv/lib/python3.11/site-packages/selenium/webdriver/support/wait.py:105: in until\n    raise TimeoutException(message, screen, stacktrace)\nE   selenium.common.exceptions.TimeoutException: Message: \nE   Stacktrace:\nE   #0 0x5648e512861a <unknown>\nE   #1 0x5648e4ba520b <unknown>\nE   #2 0x5648e4bf690f <unknown>\nE   #3 0x5648e4bf6b51 <unknown>\nE   #4 0x5648e4c44d84 <unknown>\nE   #5 0x5648e4c4220e <unknown>\nE   #6 0x5648e4be9232 <unknown>\nE   #7 0x5648e4be9ee1 <unknown>\nE   #8 0x5648e50f13f9 <unknown>\nE   #9 0x5648e50f434d <unknown>\nE   #10 0x5648e50da122 <unknown>\nE   #11 0x5648e50f4f2b <unknown>\nE   #12 0x5648e50c0c30 <unknown>\nE   #13 0x5648e5115d78 <unknown>\nE   #14 0x5648e5115f4c <unknown>\nE   #15 0x5648e5127973 <unknown>\nE   #16 0x7fc60cc9caa4 <unknown>\nE   #17 0x7fc60cd29c6c <unknown>\n\nDuring handling of the above exception, another exception occurred:\nsrc/tests/ui/test_cart_management.py:30: in test_add_multiple_items_to_cart\n    kurly_product_page.click_nth_add_button(n=i)\nsrc/pages/kurly_product_page.py:177: in click_nth_add_button\n    self.click(nth_add_button_locator)\nsrc/pages/base_page.py:277: in click\n    raise TimeoutException(f\"❌ 요소를 클릭할 수 없습니다: {locator}\")\nE   selenium.common.exceptions.TimeoutException: Message: ❌ 요소를 클릭할 수 없습니다: ('xpath', \"(//button[@aria-label='장바구니 담기'])[1]\")","flaky":false,"newFailed":false,"newBroken":false,"newPassed":false,"retriesCount":0,"retriesStatusChange":false,"beforeStages":[{"name":"driver","time":{"start":1767115591719,"stop":1767115592303,"duration":584},"status":"passed","steps":[],"attachments":[],"parameters":[],"shouldDisplayMessage":false,"stepsCount":0,"attachmentsCount":0,"hasContent":false,"attachmentStep":false},{"name":"kurly_main_page","time":{"start":1767115592303,"stop":1767115592303,"duration":0},"status":"passed","steps":[],"attachments":[],"parameters":[],"shouldDisplayMessage":false,"stepsCount":0,"attachmentsCount":0,"hasContent":false,"attachmentStep":false},{"name":"kurly_cart_page","time":{"start":1767115592303,"stop":1767115592303,"duration":0},"status":"passed","steps":[],"attachments":[],"parameters":[],"shouldDisplayMessage":false,"stepsCount":0,"attachmentsCount":0,"hasContent":false,"attachmentStep":false},{"name":"kurly_product_page","time":{"start":1767115592303,"stop":1767115592303,"duration":0},"status":"passed","steps":[],"attachments":[],"parameters":[],"shouldDisplayMessage":false,"stepsCount":0,"attachmentsCount":0,"hasContent":false,"attachmentStep":false}],"testStage":{"description":"여러 상품을 장바구니에 담고 모두 장바구니에 있는지 확인","status":"broken","statusMessage":"selenium.common.exceptions.TimeoutException: Message: ❌ 요소를 클릭할 수 없습니다: ('xpath', \"(//button[@aria-label='장바구니 담기'])[1]\")","statusTrace":"src/pages/base_page.py:272: in click\n    element = self.wait_clickable(locator, timeout)\nsrc/pages/base_page.py:127: in wait_clickable\n    return wait.until(EC.element_to_be_clickable(locator))\nvenv/lib/python3.11/site-packages/selenium/webdriver/support/wait.py:105: in until\n    raise TimeoutException(message, screen, stacktrace)\nE   selenium.common.exceptions.TimeoutException: Message: \nE   Stacktrace:\nE   #0 0x5648e512861a <unknown>\nE   #1 0x5648e4ba520b <unknown>\nE   #2 0x5648e4bf690f <unknown>\nE   #3 0x5648e4bf6b51 <unknown>\nE   #4 0x5648e4c44d84 <unknown>\nE   #5 0x5648e4c4220e <unknown>\nE   #6 0x5648e4be9232 <unknown>\nE   #7 0x5648e4be9ee1 <unknown>\nE   #8 0x5648e50f13f9 <unknown>\nE   #9 0x5648e50f434d <unknown>\nE   #10 0x5648e50da122 <unknown>\nE   #11 0x5648e50f4f2b <unknown>\nE   #12 0x5648e50c0c30 <unknown>\nE   #13 0x5648e5115d78 <unknown>\nE   #14 0x5648e5115f4c <unknown>\nE   #15 0x5648e5127973 <unknown>\nE   #16 0x7fc60cc9caa4 <unknown>\nE   #17 0x7fc60cd29c6c <unknown>\n\nDuring handling of the above exception, another exception occurred:\nsrc/tests/ui/test_cart_management.py:30: in test_add_multiple_items_to_cart\n    kurly_product_page.click_nth_add_button(n=i)\nsrc/pages/kurly_product_page.py:177: in click_nth_add_button\n    self.click(nth_add_button_locator)\nsrc/pages/base_page.py:277: in click\n    raise TimeoutException(f\"❌ 요소를 클릭할 수 없습니다: {locator}\")\nE   selenium.common.exceptions.TimeoutException: Message: ❌ 요소를 클릭할 수 없습니다: ('xpath', \"(//button[@aria-label='장바구니 담기'])[1]\")","steps":[{"name":"메인 페이지 접속","time":{"start":1767115592304,"stop":1767115594375,"duration":2071},"status":"passed","steps":[],"attachments":[],"parameters":[],"shouldDisplayMessage":false,"stepsCount":0,"attachmentsCount":0,"hasContent":false,"attachmentStep":false},{"name":"'과자' 검색","time":{"start":1767115594375,"stop":1767115594836,"duration":461},"status":"passed","steps":[],"attachments":[],"parameters":[],"shouldDisplayMessage":false,"stepsCount":0,"attachmentsCount":0,"hasContent":false,"attachmentStep":false},{"name":"3개 상품을 장바구니에 담기","time":{"start":1767115594836,"stop":1767115600399,"duration":5563},"status":"broken","statusMessage":"selenium.common.exceptions.TimeoutException: Message: ❌ 요소를 클릭할 수 없습니다: ('xpath', \"(//button[@aria-label='장바구니 담기'])[1]\")\n\n","statusTrace":"  File \"/home/runner/work/QATEST/QATEST/src/tests/ui/test_cart_management.py\", line 30, in test_add_multiple_items_to_cart\n    kurly_product_page.click_nth_add_button(n=i)\n  File \"/home/runner/work/QATEST/QATEST/src/pages/kurly_product_page.py\", line 177, in click_nth_add_button\n    self.click(nth_add_button_locator)\n  File \"/home/runner/work/QATEST/QATEST/src/pages/base_page.py\", line 277, in click\n    raise TimeoutException(f\"❌ 요소를 클릭할 수 없습니다: {locator}\")\n","steps":[{"name":"1번째 상품 담기","time":{"start":1767115594837,"stop":1767115600398,"duration":5561},"status":"broken","statusMessage":"selenium.common.exceptions.TimeoutException: Message: ❌ 요소를 클릭할 수 없습니다: ('xpath', \"(//button[@aria-label='장바구니 담기'])[1]\")\n\n","statusTrace":"  File \"/home/runner/work/QATEST/QATEST/src/tests/ui/test_cart_management.py\", line 30, in test_add_multiple_items_to_cart\n    kurly_product_page.click_nth_add_button(n=i)\n  File \"/home/runner/work/QATEST/QATEST/src/pages/kurly_product_page.py\", line 177, in click_nth_add_button\n    self.click(nth_add_button_locator)\n  File \"/home/runner/work/QATEST/QATEST/src/pages/base_page.py\", line 277, in click\n    raise TimeoutException(f\"❌ 요소를 클릭할 수 없습니다: {locator}\")\n","steps":[],"attachments":[],"parameters":[],"shouldDisplayMessage":true,"stepsCount":0,"attachmentsCount":0,"hasContent":true,"attachmentStep":false}],"attachments":[],"parameters":[],"shouldDisplayMessage":false,"stepsCount":1,"attachmentsCount":0,"hasContent":true,"attachmentStep":false}],"attachments":[{"uid":"299cad26b66a9f60","name":"log","source":"299cad26b66a9f60.txt","type":"text/plain","size":155883},{"uid":"5ea42481a9f6eeb5","name":"stderr","source":"5ea42481a9f6eeb5.txt","type":"text/plain","size":486}],"parameters":[],"shouldDisplayMessage":true,"stepsCount":4,"attachmentsCount":2,"hasContent":true,"attachmentStep":false},"afterStages":[{"name":"driver::0","time":{"start":1767115607859,"stop":1767115607924,"duration":65},"status":"passed","steps":[],"attachments":[],"parameters":[],"shouldDisplayMessage":false,"stepsCount":0,"attachmentsCount":0,"hasContent":false,"attachmentStep":false}],"labels":[{"name":"story","value":"장바구니 상품 관리"},{"name":"feature","value":"장바구니 관리"},{"name":"tag","value":"ui"},{"name":"parentSuite","value":"src.tests.ui"},{"name":"suite","value":"test_cart_management"},{"name":"subSuite","value":"TestCartManagement"},{"name":"host","value":"runnervmh13bl"},{"name":"thread","value":"2628-MainThread"},{"name":"framework","value":"pytest"},{"name":"language","value":"cpython3"},{"name":"package","value":"src.tests.ui.test_cart_management"},{"name":"resultFormat","value":"allure2"}],"parameters":[],"links":[],"hidden":false,"retry":false,"extra":{"severity":"normal","retries":[],"categories":[{"name":"Test defects","matchedStatuses":[],"flaky":false}],"tags":["ui"]},"source":"fcc63ca7559d52ab.json","parameterValues":[]}