{"uid":"fe6b4ab794f9930e","name":"수량 증가/감소 버튼 동작 확인","fullName":"src.tests.ui.test_ui_quantity.TestQuantity#test_quantity_buttons","historyId":"bc751d264cd974d93764685f8036845e","time":{"start":1769271020404,"stop":1769271023864,"duration":3460},"description":"\n    **목적:** 상품 상세 팝업에서 수량 조절 버튼이 정상 작동하는지 확인\n\n    **테스트 단계:**\n    1. 마켓컬리 메인 페이지 접속\n    2. '과자' 검색\n    3. 세 번째 상품의 장바구니 추가 버튼 클릭\n    4. 수량 올리기 버튼 2회 클릭\n    5. 수량 내리기 버튼 1회 클릭\n    6. 최종 수량이 2인지 확인\n\n    **예상 결과:** 수량이 올바르게 조절됨 (최종 수량: 2)\n    ","descriptionHtml":"<pre><code>**목적:** 상품 상세 팝업에서 수량 조절 버튼이 정상 작동하는지 확인\n\n**테스트 단계:**\n1. 마켓컬리 메인 페이지 접속\n2. '과자' 검색\n3. 세 번째 상품의 장바구니 추가 버튼 클릭\n4. 수량 올리기 버튼 2회 클릭\n5. 수량 내리기 버튼 1회 클릭\n6. 최종 수량이 2인지 확인\n\n**예상 결과:** 수량이 올바르게 조절됨 (최종 수량: 2)\n</code></pre>\n","status":"broken","statusMessage":"selenium.common.exceptions.StaleElementReferenceException: Message: stale element reference: stale element not found in the current frame\n  (Session info: chrome=144.0.7559.59); For documentation on this error, please visit: https://www.selenium.dev/documentation/webdriver/troubleshooting/errors#stale-element-reference-exception\nStacktrace:\n#0 0x55ce33bdbafa <unknown>\n#1 0x55ce335f560f <unknown>\n#2 0x55ce335fc712 <unknown>\n#3 0x55ce335ff289 <unknown>\n#4 0x55ce336946c9 <unknown>\n#5 0x55ce3369362b <unknown>\n#6 0x55ce3363c842 <unknown>\n#7 0x55ce3363d631 <unknown>\n#8 0x55ce33ba1689 <unknown>\n#9 0x55ce33ba4581 <unknown>\n#10 0x55ce33b8dca9 <unknown>\n#11 0x55ce33ba513e <unknown>\n#12 0x55ce33b743a0 <unknown>\n#13 0x55ce33bc8fc8 <unknown>\n#14 0x55ce33bc919b <unknown>\n#15 0x55ce33bdae68 <unknown>\n#16 0x7f2a74c9caa4 <unknown>\n#17 0x7f2a74d29c6c <unknown>","statusTrace":"src/tests/ui/test_ui_quantity.py:38: in test_quantity_buttons\n    kurly_search_page.click_nth_add_button(3)\nsrc/pages/kurly_search_page.py:176: in click_nth_add_button\n    self.click(nth_add_button)\nsrc/pages/base_page.py:272: in click\n    element = self.wait_clickable(locator, timeout)\nsrc/pages/base_page.py:127: in wait_clickable\n    return wait.until(EC.element_to_be_clickable(locator))\nvenv/lib/python3.11/site-packages/selenium/webdriver/support/wait.py:96: in until\n    value = method(self._driver)\nvenv/lib/python3.11/site-packages/selenium/webdriver/support/expected_conditions.py:364: in _predicate\n    element = visibility_of(target)(driver)\nvenv/lib/python3.11/site-packages/selenium/webdriver/support/expected_conditions.py:173: in _predicate\n    return _element_if_visible(element)\nvenv/lib/python3.11/site-packages/selenium/webdriver/support/expected_conditions.py:179: in _element_if_visible\n    return element if element.is_displayed() == visibility else False\nvenv/lib/python3.11/site-packages/selenium/webdriver/remote/webelement.py:259: in is_displayed\n    return self.parent.execute_script(f\"/* isDisplayed */return ({isDisplayed_js}).apply(null, arguments);\", self)\nvenv/lib/python3.11/site-packages/selenium/webdriver/remote/webdriver.py:444: in execute_script\n    return self.execute(command, {\"script\": script, \"args\": converted_args})[\"value\"]\nvenv/lib/python3.11/site-packages/selenium/webdriver/remote/webdriver.py:384: in execute\n    self.error_handler.check_response(response)\nvenv/lib/python3.11/site-packages/selenium/webdriver/remote/errorhandler.py:232: in check_response\n    raise exception_class(message, screen, stacktrace)\nE   selenium.common.exceptions.StaleElementReferenceException: Message: stale element reference: stale element not found in the current frame\nE     (Session info: chrome=144.0.7559.59); For documentation on this error, please visit: https://www.selenium.dev/documentation/webdriver/troubleshooting/errors#stale-element-reference-exception\nE   Stacktrace:\nE   #0 0x55ce33bdbafa <unknown>\nE   #1 0x55ce335f560f <unknown>\nE   #2 0x55ce335fc712 <unknown>\nE   #3 0x55ce335ff289 <unknown>\nE   #4 0x55ce336946c9 <unknown>\nE   #5 0x55ce3369362b <unknown>\nE   #6 0x55ce3363c842 <unknown>\nE   #7 0x55ce3363d631 <unknown>\nE   #8 0x55ce33ba1689 <unknown>\nE   #9 0x55ce33ba4581 <unknown>\nE   #10 0x55ce33b8dca9 <unknown>\nE   #11 0x55ce33ba513e <unknown>\nE   #12 0x55ce33b743a0 <unknown>\nE   #13 0x55ce33bc8fc8 <unknown>\nE   #14 0x55ce33bc919b <unknown>\nE   #15 0x55ce33bdae68 <unknown>\nE   #16 0x7f2a74c9caa4 <unknown>\nE   #17 0x7f2a74d29c6c <unknown>","flaky":false,"newFailed":false,"newBroken":false,"newPassed":false,"retriesCount":0,"retriesStatusChange":false,"beforeStages":[{"name":"driver","time":{"start":1769271019831,"stop":1769271020403,"duration":572},"status":"passed","steps":[],"attachments":[],"parameters":[],"shouldDisplayMessage":false,"stepsCount":0,"attachmentsCount":0,"hasContent":false,"attachmentStep":false},{"name":"kurly_search_page","time":{"start":1769271020404,"stop":1769271020404,"duration":0},"status":"passed","steps":[],"attachments":[],"parameters":[],"shouldDisplayMessage":false,"stepsCount":0,"attachmentsCount":0,"hasContent":false,"attachmentStep":false},{"name":"kurly_main_page","time":{"start":1769271020404,"stop":1769271020404,"duration":0},"status":"passed","steps":[],"attachments":[],"parameters":[],"shouldDisplayMessage":false,"stepsCount":0,"attachmentsCount":0,"hasContent":false,"attachmentStep":false}],"testStage":{"description":"\n    **목적:** 상품 상세 팝업에서 수량 조절 버튼이 정상 작동하는지 확인\n\n    **테스트 단계:**\n    1. 마켓컬리 메인 페이지 접속\n    2. '과자' 검색\n    3. 세 번째 상품의 장바구니 추가 버튼 클릭\n    4. 수량 올리기 버튼 2회 클릭\n    5. 수량 내리기 버튼 1회 클릭\n    6. 최종 수량이 2인지 확인\n\n    **예상 결과:** 수량이 올바르게 조절됨 (최종 수량: 2)\n    ","status":"broken","statusMessage":"selenium.common.exceptions.StaleElementReferenceException: Message: stale element reference: stale element not found in the current frame\n  (Session info: chrome=144.0.7559.59); For documentation on this error, please visit: https://www.selenium.dev/documentation/webdriver/troubleshooting/errors#stale-element-reference-exception\nStacktrace:\n#0 0x55ce33bdbafa <unknown>\n#1 0x55ce335f560f <unknown>\n#2 0x55ce335fc712 <unknown>\n#3 0x55ce335ff289 <unknown>\n#4 0x55ce336946c9 <unknown>\n#5 0x55ce3369362b <unknown>\n#6 0x55ce3363c842 <unknown>\n#7 0x55ce3363d631 <unknown>\n#8 0x55ce33ba1689 <unknown>\n#9 0x55ce33ba4581 <unknown>\n#10 0x55ce33b8dca9 <unknown>\n#11 0x55ce33ba513e <unknown>\n#12 0x55ce33b743a0 <unknown>\n#13 0x55ce33bc8fc8 <unknown>\n#14 0x55ce33bc919b <unknown>\n#15 0x55ce33bdae68 <unknown>\n#16 0x7f2a74c9caa4 <unknown>\n#17 0x7f2a74d29c6c <unknown>","statusTrace":"src/tests/ui/test_ui_quantity.py:38: in test_quantity_buttons\n    kurly_search_page.click_nth_add_button(3)\nsrc/pages/kurly_search_page.py:176: in click_nth_add_button\n    self.click(nth_add_button)\nsrc/pages/base_page.py:272: in click\n    element = self.wait_clickable(locator, timeout)\nsrc/pages/base_page.py:127: in wait_clickable\n    return wait.until(EC.element_to_be_clickable(locator))\nvenv/lib/python3.11/site-packages/selenium/webdriver/support/wait.py:96: in until\n    value = method(self._driver)\nvenv/lib/python3.11/site-packages/selenium/webdriver/support/expected_conditions.py:364: in _predicate\n    element = visibility_of(target)(driver)\nvenv/lib/python3.11/site-packages/selenium/webdriver/support/expected_conditions.py:173: in _predicate\n    return _element_if_visible(element)\nvenv/lib/python3.11/site-packages/selenium/webdriver/support/expected_conditions.py:179: in _element_if_visible\n    return element if element.is_displayed() == visibility else False\nvenv/lib/python3.11/site-packages/selenium/webdriver/remote/webelement.py:259: in is_displayed\n    return self.parent.execute_script(f\"/* isDisplayed */return ({isDisplayed_js}).apply(null, arguments);\", self)\nvenv/lib/python3.11/site-packages/selenium/webdriver/remote/webdriver.py:444: in execute_script\n    return self.execute(command, {\"script\": script, \"args\": converted_args})[\"value\"]\nvenv/lib/python3.11/site-packages/selenium/webdriver/remote/webdriver.py:384: in execute\n    self.error_handler.check_response(response)\nvenv/lib/python3.11/site-packages/selenium/webdriver/remote/errorhandler.py:232: in check_response\n    raise exception_class(message, screen, stacktrace)\nE   selenium.common.exceptions.StaleElementReferenceException: Message: stale element reference: stale element not found in the current frame\nE     (Session info: chrome=144.0.7559.59); For documentation on this error, please visit: https://www.selenium.dev/documentation/webdriver/troubleshooting/errors#stale-element-reference-exception\nE   Stacktrace:\nE   #0 0x55ce33bdbafa <unknown>\nE   #1 0x55ce335f560f <unknown>\nE   #2 0x55ce335fc712 <unknown>\nE   #3 0x55ce335ff289 <unknown>\nE   #4 0x55ce336946c9 <unknown>\nE   #5 0x55ce3369362b <unknown>\nE   #6 0x55ce3363c842 <unknown>\nE   #7 0x55ce3363d631 <unknown>\nE   #8 0x55ce33ba1689 <unknown>\nE   #9 0x55ce33ba4581 <unknown>\nE   #10 0x55ce33b8dca9 <unknown>\nE   #11 0x55ce33ba513e <unknown>\nE   #12 0x55ce33b743a0 <unknown>\nE   #13 0x55ce33bc8fc8 <unknown>\nE   #14 0x55ce33bc919b <unknown>\nE   #15 0x55ce33bdae68 <unknown>\nE   #16 0x7f2a74c9caa4 <unknown>\nE   #17 0x7f2a74d29c6c <unknown>","steps":[{"name":"마켓컬리 메인 페이지로 이동","time":{"start":1769271020404,"stop":1769271022445,"duration":2041},"status":"passed","steps":[],"attachments":[],"parameters":[],"shouldDisplayMessage":false,"stepsCount":0,"attachmentsCount":0,"hasContent":false,"attachmentStep":false},{"name":"'과자' 검색","time":{"start":1769271022445,"stop":1769271022960,"duration":515},"status":"passed","steps":[],"attachments":[],"parameters":[],"shouldDisplayMessage":false,"stepsCount":0,"attachmentsCount":0,"hasContent":false,"attachmentStep":false},{"name":"세 번째 상품의 장바구니 추가 버튼 클릭","time":{"start":1769271022960,"stop":1769271023863,"duration":903},"status":"broken","statusMessage":"selenium.common.exceptions.StaleElementReferenceException: Message: stale element reference: stale element not found in the current frame\n  (Session info: chrome=144.0.7559.59); For documentation on this error, please visit: https://www.selenium.dev/documentation/webdriver/troubleshooting/errors#stale-element-reference-exception\nStacktrace:\n#0 0x55ce33bdbafa <unknown>\n#1 0x55ce335f560f <unknown>\n#2 0x55ce335fc712 <unknown>\n#3 0x55ce335ff289 <unknown>\n#4 0x55ce336946c9 <unknown>\n#5 0x55ce3369362b <unknown>\n#6 0x55ce3363c842 <unknown>\n#7 0x55ce3363d631 <unknown>\n#8 0x55ce33ba1689 <unknown>\n#9 0x55ce33ba4581 <unknown>\n#10 0x55ce33b8dca9 <unknown>\n#11 0x55ce33ba513e <unknown>\n#12 0x55ce33b743a0 <unknown>\n#13 0x55ce33bc8fc8 <unknown>\n#14 0x55ce33bc919b <unknown>\n#15 0x55ce33bdae68 <unknown>\n#16 0x7f2a74c9caa4 <unknown>\n#17 0x7f2a74d29c6c <unknown>\n\n","statusTrace":"  File \"/home/runner/work/QATEST/QATEST/src/tests/ui/test_ui_quantity.py\", line 38, in test_quantity_buttons\n    kurly_search_page.click_nth_add_button(3)\n  File \"/home/runner/work/QATEST/QATEST/src/pages/kurly_search_page.py\", line 176, in click_nth_add_button\n    self.click(nth_add_button)\n  File \"/home/runner/work/QATEST/QATEST/src/pages/base_page.py\", line 272, in click\n    element = self.wait_clickable(locator, timeout)\n              ^^^^^^^^^^^^^^^^^^^^^^^^^^^^^^^^^^^^^\n  File \"/home/runner/work/QATEST/QATEST/src/pages/base_page.py\", line 127, in wait_clickable\n    return wait.until(EC.element_to_be_clickable(locator))\n           ^^^^^^^^^^^^^^^^^^^^^^^^^^^^^^^^^^^^^^^^^^^^^^^\n  File \"/home/runner/work/QATEST/QATEST/venv/lib/python3.11/site-packages/selenium/webdriver/support/wait.py\", line 96, in until\n    value = method(self._driver)\n            ^^^^^^^^^^^^^^^^^^^^\n  File \"/home/runner/work/QATEST/QATEST/venv/lib/python3.11/site-packages/selenium/webdriver/support/expected_conditions.py\", line 364, in _predicate\n    element = visibility_of(target)(driver)\n              ^^^^^^^^^^^^^^^^^^^^^^^^^^^^^\n  File \"/home/runner/work/QATEST/QATEST/venv/lib/python3.11/site-packages/selenium/webdriver/support/expected_conditions.py\", line 173, in _predicate\n    return _element_if_visible(element)\n           ^^^^^^^^^^^^^^^^^^^^^^^^^^^^\n  File \"/home/runner/work/QATEST/QATEST/venv/lib/python3.11/site-packages/selenium/webdriver/support/expected_conditions.py\", line 179, in _element_if_visible\n    return element if element.is_displayed() == visibility else False\n                      ^^^^^^^^^^^^^^^^^^^^^^\n  File \"/home/runner/work/QATEST/QATEST/venv/lib/python3.11/site-packages/selenium/webdriver/remote/webelement.py\", line 259, in is_displayed\n    return self.parent.execute_script(f\"/* isDisplayed */return ({isDisplayed_js}).apply(null, arguments);\", self)\n           ^^^^^^^^^^^^^^^^^^^^^^^^^^^^^^^^^^^^^^^^^^^^^^^^^^^^^^^^^^^^^^^^^^^^^^^^^^^^^^^^^^^^^^^^^^^^^^^^^^^^^^^\n  File \"/home/runner/work/QATEST/QATEST/venv/lib/python3.11/site-packages/selenium/webdriver/remote/webdriver.py\", line 444, in execute_script\n    return self.execute(command, {\"script\": script, \"args\": converted_args})[\"value\"]\n           ^^^^^^^^^^^^^^^^^^^^^^^^^^^^^^^^^^^^^^^^^^^^^^^^^^^^^^^^^^^^^^^^^\n  File \"/home/runner/work/QATEST/QATEST/venv/lib/python3.11/site-packages/selenium/webdriver/remote/webdriver.py\", line 384, in execute\n    self.error_handler.check_response(response)\n  File \"/home/runner/work/QATEST/QATEST/venv/lib/python3.11/site-packages/selenium/webdriver/remote/errorhandler.py\", line 232, in check_response\n    raise exception_class(message, screen, stacktrace)\n","steps":[],"attachments":[],"parameters":[],"shouldDisplayMessage":true,"stepsCount":0,"attachmentsCount":0,"hasContent":true,"attachmentStep":false}],"attachments":[{"uid":"e08ad9bfd8d7b8fa","name":"log","source":"e08ad9bfd8d7b8fa.txt","type":"text/plain","size":20126},{"uid":"36b1e017c66e3f03","name":"stderr","source":"36b1e017c66e3f03.txt","type":"text/plain","size":198}],"parameters":[],"shouldDisplayMessage":true,"stepsCount":3,"attachmentsCount":2,"hasContent":true,"attachmentStep":false},"afterStages":[{"name":"driver::0","time":{"start":1769271023919,"stop":1769271023985,"duration":66},"status":"passed","steps":[],"attachments":[],"parameters":[],"shouldDisplayMessage":false,"stepsCount":0,"attachmentsCount":0,"hasContent":false,"attachmentStep":false}],"labels":[{"name":"severity","value":"normal"},{"name":"feature","value":"상품 관리"},{"name":"story","value":"수량 조절"},{"name":"tag","value":"ui"},{"name":"parentSuite","value":"src.tests.ui"},{"name":"suite","value":"test_ui_quantity"},{"name":"subSuite","value":"TestQuantity"},{"name":"host","value":"runnervmymu0l"},{"name":"thread","value":"2665-MainThread"},{"name":"framework","value":"pytest"},{"name":"language","value":"cpython3"},{"name":"package","value":"src.tests.ui.test_ui_quantity"},{"name":"resultFormat","value":"allure2"}],"parameters":[],"links":[],"hidden":false,"retry":false,"extra":{"severity":"normal","retries":[],"categories":[{"name":"Test defects","matchedStatuses":[],"flaky":false}],"tags":["ui"]},"source":"fe6b4ab794f9930e.json","parameterValues":[]}