{"name": "FAILED ê¸°ëŠ¥ ë™ì‘ í•˜ëŠ”ì§€ í™•ì¸", "status": "failed", "statusDetails": {"message": "Failed: ğŸ“Œ ì˜ˆìƒëœ ì‹¤íŒ¨: ì˜ëª»ëœ XPATHë¡œ ì¸í•´ í´ë¦­í•  ìˆ˜ ì—†ìŒ", "trace": "driver = <selenium.webdriver.chrome.webdriver.WebDriver (session=\"2788da312d7e90bd94deefdc0f64c1e9\")>\n\n    @allure.feature(\"UI í…ŒìŠ¤íŠ¸\")\n    @allure.story(\"ê²€ìƒ‰ì°½ FAILED í…ŒìŠ¤íŠ¸\")\n    @allure.title(\"FAILED ê¸°ëŠ¥ ë™ì‘ í•˜ëŠ”ì§€ í™•ì¸\")\n    def test_fail_screenshot(driver):\n        \"\"\"\n        ì¼ë¶€ëŸ¬ ì‹¤íŒ¨í•˜ê²Œ ë§Œë“œëŠ” í…ŒìŠ¤íŠ¸\n        - ì˜¬ë°”ë¥´ì§€ ì•Šì€ ìš”ì†Œ ì„ íƒ\n        - ê²€ìƒ‰ì°½ì´ ì—†ëŠ” ìš”ì†Œë¥¼ í´ë¦­ ì‹œë„í•˜ì—¬ ì‹¤íŒ¨ ìœ ë°œ\n        \"\"\"\n        driver.get(\"https://www.kurly.com/main\")\n        try:\n    \n>           driver.find_element(By.XPATH, \"//input[@id='wrong_search_id']\").click()\n\nsrc/tests/ui_tests/test_fail_screenshot.py:17: \n_ _ _ _ _ _ _ _ _ _ _ _ _ _ _ _ _ _ _ _ _ _ _ _ _ _ _ _ _ _ _ _ _ _ _ _ _ _ _ _ \nvenv/lib/python3.11/site-packages/selenium/webdriver/remote/webdriver.py:770: in find_element\n    return self.execute(Command.FIND_ELEMENT, {\"using\": by, \"value\": value})[\"value\"]\nvenv/lib/python3.11/site-packages/selenium/webdriver/remote/webdriver.py:384: in execute\n    self.error_handler.check_response(response)\n_ _ _ _ _ _ _ _ _ _ _ _ _ _ _ _ _ _ _ _ _ _ _ _ _ _ _ _ _ _ _ _ _ _ _ _ _ _ _ _ \n\nself = <selenium.webdriver.remote.errorhandler.ErrorHandler object at 0x7f31aa5ae110>\nresponse = {'status': 404, 'value': '{\"value\":{\"error\":\"no such element\",\"message\":\"no such element: Unable to locate element: {\\...\\\\n#17 0x55bf6305eb36 \\\\u003Cunknown>\\\\n#18 0x7f524909caa4 \\\\u003Cunknown>\\\\n#19 0x7f5249129c3c \\\\u003Cunknown>\\\\n\"}}'}\n\n    def check_response(self, response: Dict[str, Any]) -> None:\n        \"\"\"Checks that a JSON response from the WebDriver does not have an\n        error.\n    \n        :Args:\n         - response - The JSON response from the WebDriver server as a dictionary\n           object.\n    \n        :Raises: If the response contains an error message.\n        \"\"\"\n        status = response.get(\"status\", None)\n        if not status or status == ErrorCode.SUCCESS:\n            return\n        value = None\n        message = response.get(\"message\", \"\")\n        screen: str = response.get(\"screen\", \"\")\n        stacktrace = None\n        if isinstance(status, int):\n            value_json = response.get(\"value\", None)\n            if value_json and isinstance(value_json, str):\n                import json\n    \n                try:\n                    value = json.loads(value_json)\n                    if len(value) == 1:\n                        value = value[\"value\"]\n                    status = value.get(\"error\", None)\n                    if not status:\n                        status = value.get(\"status\", ErrorCode.UNKNOWN_ERROR)\n                        message = value.get(\"value\") or value.get(\"message\")\n                        if not isinstance(message, str):\n                            value = message\n                            message = message.get(\"message\")\n                    else:\n                        message = value.get(\"message\", None)\n                except ValueError:\n                    pass\n    \n        exception_class: Type[WebDriverException]\n        e = ErrorCode()\n        error_codes = [item for item in dir(e) if not item.startswith(\"__\")]\n        for error_code in error_codes:\n            error_info = getattr(ErrorCode, error_code)\n            if isinstance(error_info, list) and status in error_info:\n                exception_class = getattr(ExceptionMapping, error_code, WebDriverException)\n                break\n        else:\n            exception_class = WebDriverException\n    \n        if not value:\n            value = response[\"value\"]\n        if isinstance(value, str):\n            raise exception_class(value)\n        if message == \"\" and \"message\" in value:\n            message = value[\"message\"]\n    \n        screen = None  # type: ignore[assignment]\n        if \"screen\" in value:\n            screen = value[\"screen\"]\n    \n        stacktrace = None\n        st_value = value.get(\"stackTrace\") or value.get(\"stacktrace\")\n        if st_value:\n            if isinstance(st_value, str):\n                stacktrace = st_value.split(\"\\n\")\n            else:\n                stacktrace = []\n                try:\n                    for frame in st_value:\n                        line = frame.get(\"lineNumber\", \"\")\n                        file = frame.get(\"fileName\", \"<anonymous>\")\n                        if line:\n                            file = f\"{file}:{line}\"\n                        meth = frame.get(\"methodName\", \"<anonymous>\")\n                        if \"className\" in frame:\n                            meth = f\"{frame['className']}.{meth}\"\n                        msg = \"    at %s (%s)\"\n                        msg = msg % (meth, file)\n                        stacktrace.append(msg)\n                except TypeError:\n                    pass\n        if exception_class == UnexpectedAlertPresentException:\n            alert_text = None\n            if \"data\" in value:\n                alert_text = value[\"data\"].get(\"text\")\n            elif \"alert\" in value:\n                alert_text = value[\"alert\"].get(\"text\")\n            raise exception_class(message, screen, stacktrace, alert_text)  # type: ignore[call-arg]  # mypy is not smart enough here\n>       raise exception_class(message, screen, stacktrace)\nE       selenium.common.exceptions.NoSuchElementException: Message: no such element: Unable to locate element: {\"method\":\"xpath\",\"selector\":\"//input[@id='wrong_search_id']\"}\nE         (Session info: chrome=135.0.7049.84); For documentation on this error, please visit: https://www.selenium.dev/documentation/webdriver/troubleshooting/errors#no-such-element-exception\nE       Stacktrace:\nE       #0 0x55bf6305fcea <unknown>\nE       #1 0x55bf62b105f0 <unknown>\nE       #2 0x55bf62b61a33 <unknown>\nE       #3 0x55bf62b61c21 <unknown>\nE       #4 0x55bf62bb0274 <unknown>\nE       #5 0x55bf62b8768d <unknown>\nE       #6 0x55bf62bad660 <unknown>\nE       #7 0x55bf62b87433 <unknown>\nE       #8 0x55bf62b53ea3 <unknown>\nE       #9 0x55bf62b54b01 <unknown>\nE       #10 0x55bf63024b3b <unknown>\nE       #11 0x55bf63028a21 <unknown>\nE       #12 0x55bf6300bc32 <unknown>\nE       #13 0x55bf63029594 <unknown>\nE       #14 0x55bf62fefeef <unknown>\nE       #15 0x55bf6304dd98 <unknown>\nE       #16 0x55bf6304df76 <unknown>\nE       #17 0x55bf6305eb36 <unknown>\nE       #18 0x7f524909caa4 <unknown>\nE       #19 0x7f5249129c3c <unknown>\n\nvenv/lib/python3.11/site-packages/selenium/webdriver/remote/errorhandler.py:232: NoSuchElementException\n\nDuring handling of the above exception, another exception occurred:\n\ndriver = <selenium.webdriver.chrome.webdriver.WebDriver (session=\"2788da312d7e90bd94deefdc0f64c1e9\")>\n\n    @allure.feature(\"UI í…ŒìŠ¤íŠ¸\")\n    @allure.story(\"ê²€ìƒ‰ì°½ FAILED í…ŒìŠ¤íŠ¸\")\n    @allure.title(\"FAILED ê¸°ëŠ¥ ë™ì‘ í•˜ëŠ”ì§€ í™•ì¸\")\n    def test_fail_screenshot(driver):\n        \"\"\"\n        ì¼ë¶€ëŸ¬ ì‹¤íŒ¨í•˜ê²Œ ë§Œë“œëŠ” í…ŒìŠ¤íŠ¸\n        - ì˜¬ë°”ë¥´ì§€ ì•Šì€ ìš”ì†Œ ì„ íƒ\n        - ê²€ìƒ‰ì°½ì´ ì—†ëŠ” ìš”ì†Œë¥¼ í´ë¦­ ì‹œë„í•˜ì—¬ ì‹¤íŒ¨ ìœ ë°œ\n        \"\"\"\n        driver.get(\"https://www.kurly.com/main\")\n        try:\n    \n            driver.find_element(By.XPATH, \"//input[@id='wrong_search_id']\").click()\n        except Exception:\n            driver.save_screenshot(\"unexpected_result.png\")\n>           pytest.fail(\"ğŸ“Œ ì˜ˆìƒëœ ì‹¤íŒ¨: ì˜ëª»ëœ XPATHë¡œ ì¸í•´ í´ë¦­í•  ìˆ˜ ì—†ìŒ\")\nE           Failed: ğŸ“Œ ì˜ˆìƒëœ ì‹¤íŒ¨: ì˜ëª»ëœ XPATHë¡œ ì¸í•´ í´ë¦­í•  ìˆ˜ ì—†ìŒ\n\nsrc/tests/ui_tests/test_fail_screenshot.py:20: Failed"}, "description": "\n    ì¼ë¶€ëŸ¬ ì‹¤íŒ¨í•˜ê²Œ ë§Œë“œëŠ” í…ŒìŠ¤íŠ¸\n    - ì˜¬ë°”ë¥´ì§€ ì•Šì€ ìš”ì†Œ ì„ íƒ\n    - ê²€ìƒ‰ì°½ì´ ì—†ëŠ” ìš”ì†Œë¥¼ í´ë¦­ ì‹œë„í•˜ì—¬ ì‹¤íŒ¨ ìœ ë°œ\n    ", "attachments": [{"name": "Failure Screenshot", "source": "57fa1d59-c8bd-41a3-a7c1-9a0afb5c7f4b-attachment.png", "type": "image/png"}, {"name": "Failure Screenshot", "source": "032ec23f-31ed-43e8-9b4d-a1b112570f76-attachment.png", "type": "image/png"}], "start": 1745137794064, "stop": 1745137799596, "uuid": "4fe0228c-b44e-4dfd-bdbf-a94b5ac0f4ce", "historyId": "295b0300b44e64aac7e9de8f2dd396ad", "testCaseId": "295b0300b44e64aac7e9de8f2dd396ad", "fullName": "src.tests.ui_tests.test_fail_screenshot#test_fail_screenshot", "labels": [{"name": "story", "value": "ê²€ìƒ‰ì°½ FAILED í…ŒìŠ¤íŠ¸"}, {"name": "feature", "value": "UI í…ŒìŠ¤íŠ¸"}, {"name": "parentSuite", "value": "src.tests.ui_tests"}, {"name": "suite", "value": "test_fail_screenshot"}, {"name": "host", "value": "fv-az1075-294"}, {"name": "thread", "value": "2598-MainThread"}, {"name": "framework", "value": "pytest"}, {"name": "language", "value": "cpython3"}, {"name": "package", "value": "src.tests.ui_tests.test_fail_screenshot"}]}