{"uid":"9fa5a2a3a3f58a2f","name":"test_add_product_to_cart_flow","fullName":"src.tests.ui.test_add_product_to_cart#test_add_product_to_cart_flow","historyId":"b6c9214debbb5abccc2ca62719810bbe","time":{"start":1767071995582,"stop":1767072000890,"duration":5308},"description":"\n    상품을 장바구니에 추가하는 전체 플로우 테스트\n    Steps:\n        1. 세 번째 상품의 추가 버튼 클릭\n        2. 수량 2회 증가\n        3. 수량 2회 감소\n        4. 장바구니에 담기\n    ","descriptionHtml":"<pre><code>상품을 장바구니에 추가하는 전체 플로우 테스트\nSteps:\n    1. 세 번째 상품의 추가 버튼 클릭\n    2. 수량 2회 증가\n    3. 수량 2회 감소\n    4. 장바구니에 담기\n</code></pre>\n","status":"broken","statusMessage":"selenium.common.exceptions.TimeoutException: Message: ❌ 요소를 클릭할 수 없습니다: ('xpath', '//a[3]//div[2]//button[1]')","statusTrace":"src/pages/base_page.py:273: in click\n    element = self.wait_clickable(locator, timeout)\nsrc/pages/base_page.py:128: in wait_clickable\n    return wait.until(EC.element_to_be_clickable(locator))\nvenv/lib/python3.11/site-packages/selenium/webdriver/support/wait.py:105: in until\n    raise TimeoutException(message, screen, stacktrace)\nE   selenium.common.exceptions.TimeoutException: Message: \nE   Stacktrace:\nE   #0 0x56044bb3461a <unknown>\nE   #1 0x56044b5b120b <unknown>\nE   #2 0x56044b60290f <unknown>\nE   #3 0x56044b602b51 <unknown>\nE   #4 0x56044b650d84 <unknown>\nE   #5 0x56044b64e20e <unknown>\nE   #6 0x56044b5f5232 <unknown>\nE   #7 0x56044b5f5ee1 <unknown>\nE   #8 0x56044bafd3f9 <unknown>\nE   #9 0x56044bb0034d <unknown>\nE   #10 0x56044bae6122 <unknown>\nE   #11 0x56044bb00f2b <unknown>\nE   #12 0x56044baccc30 <unknown>\nE   #13 0x56044bb21d78 <unknown>\nE   #14 0x56044bb21f4c <unknown>\nE   #15 0x56044bb33973 <unknown>\nE   #16 0x7f9f4409caa4 <unknown>\nE   #17 0x7f9f44129c6c <unknown>\n\nDuring handling of the above exception, another exception occurred:\nsrc/tests/ui/test_add_product_to_cart.py:22: in test_add_product_to_cart_flow\n    kurly_product_page.click_third_product_add_button()\nsrc/pages/kurly_product_page.py:78: in click_third_product_add_button\n    self.click(self.ADD_TO_CART_BUTTON_IN_LIST)\nsrc/pages/base_page.py:278: in click\n    raise TimeoutException(f\"❌ 요소를 클릭할 수 없습니다: {locator}\")\nE   selenium.common.exceptions.TimeoutException: Message: ❌ 요소를 클릭할 수 없습니다: ('xpath', '//a[3]//div[2]//button[1]')","flaky":false,"newFailed":false,"newBroken":false,"newPassed":false,"retriesCount":0,"retriesStatusChange":false,"beforeStages":[{"name":"driver","time":{"start":1767071988762,"stop":1767071995582,"duration":6820},"status":"passed","steps":[],"attachments":[],"parameters":[],"shouldDisplayMessage":false,"stepsCount":0,"attachmentsCount":0,"hasContent":false,"attachmentStep":false},{"name":"kurly_product_page","time":{"start":1767071995582,"stop":1767071995582,"duration":0},"status":"passed","steps":[],"attachments":[],"parameters":[],"shouldDisplayMessage":false,"stepsCount":0,"attachmentsCount":0,"hasContent":false,"attachmentStep":false}],"testStage":{"description":"\n    상품을 장바구니에 추가하는 전체 플로우 테스트\n    Steps:\n        1. 세 번째 상품의 추가 버튼 클릭\n        2. 수량 2회 증가\n        3. 수량 2회 감소\n        4. 장바구니에 담기\n    ","status":"broken","statusMessage":"selenium.common.exceptions.TimeoutException: Message: ❌ 요소를 클릭할 수 없습니다: ('xpath', '//a[3]//div[2]//button[1]')","statusTrace":"src/pages/base_page.py:273: in click\n    element = self.wait_clickable(locator, timeout)\nsrc/pages/base_page.py:128: in wait_clickable\n    return wait.until(EC.element_to_be_clickable(locator))\nvenv/lib/python3.11/site-packages/selenium/webdriver/support/wait.py:105: in until\n    raise TimeoutException(message, screen, stacktrace)\nE   selenium.common.exceptions.TimeoutException: Message: \nE   Stacktrace:\nE   #0 0x56044bb3461a <unknown>\nE   #1 0x56044b5b120b <unknown>\nE   #2 0x56044b60290f <unknown>\nE   #3 0x56044b602b51 <unknown>\nE   #4 0x56044b650d84 <unknown>\nE   #5 0x56044b64e20e <unknown>\nE   #6 0x56044b5f5232 <unknown>\nE   #7 0x56044b5f5ee1 <unknown>\nE   #8 0x56044bafd3f9 <unknown>\nE   #9 0x56044bb0034d <unknown>\nE   #10 0x56044bae6122 <unknown>\nE   #11 0x56044bb00f2b <unknown>\nE   #12 0x56044baccc30 <unknown>\nE   #13 0x56044bb21d78 <unknown>\nE   #14 0x56044bb21f4c <unknown>\nE   #15 0x56044bb33973 <unknown>\nE   #16 0x7f9f4409caa4 <unknown>\nE   #17 0x7f9f44129c6c <unknown>\n\nDuring handling of the above exception, another exception occurred:\nsrc/tests/ui/test_add_product_to_cart.py:22: in test_add_product_to_cart_flow\n    kurly_product_page.click_third_product_add_button()\nsrc/pages/kurly_product_page.py:78: in click_third_product_add_button\n    self.click(self.ADD_TO_CART_BUTTON_IN_LIST)\nsrc/pages/base_page.py:278: in click\n    raise TimeoutException(f\"❌ 요소를 클릭할 수 없습니다: {locator}\")\nE   selenium.common.exceptions.TimeoutException: Message: ❌ 요소를 클릭할 수 없습니다: ('xpath', '//a[3]//div[2]//button[1]')","steps":[{"name":"상품 추가 버튼 클릭","time":{"start":1767071995583,"stop":1767072000889,"duration":5306},"status":"broken","statusMessage":"selenium.common.exceptions.TimeoutException: Message: ❌ 요소를 클릭할 수 없습니다: ('xpath', '//a[3]//div[2]//button[1]')\n\n","statusTrace":"  File \"/home/runner/work/QATEST/QATEST/src/tests/ui/test_add_product_to_cart.py\", line 22, in test_add_product_to_cart_flow\n    kurly_product_page.click_third_product_add_button()\n  File \"/home/runner/work/QATEST/QATEST/src/pages/kurly_product_page.py\", line 78, in click_third_product_add_button\n    self.click(self.ADD_TO_CART_BUTTON_IN_LIST)\n  File \"/home/runner/work/QATEST/QATEST/src/pages/base_page.py\", line 278, in click\n    raise TimeoutException(f\"❌ 요소를 클릭할 수 없습니다: {locator}\")\n","steps":[],"attachments":[],"parameters":[],"shouldDisplayMessage":true,"stepsCount":0,"attachmentsCount":0,"hasContent":true,"attachmentStep":false}],"attachments":[{"uid":"186522ab1eaaab3b","name":"log","source":"186522ab1eaaab3b.txt","type":"text/plain","size":35302},{"uid":"5de862c40240c145","name":"stderr","source":"5de862c40240c145.txt","type":"text/plain","size":244}],"parameters":[],"shouldDisplayMessage":true,"stepsCount":1,"attachmentsCount":2,"hasContent":true,"attachmentStep":false},"afterStages":[{"name":"driver::0","time":{"start":1767072000940,"stop":1767072001001,"duration":61},"status":"passed","steps":[],"attachments":[],"parameters":[],"shouldDisplayMessage":false,"stepsCount":0,"attachmentsCount":0,"hasContent":false,"attachmentStep":false}],"labels":[{"name":"feature","value":"장바구니 기능"},{"name":"story","value":"상품 추가 플로우"},{"name":"tag","value":"ui"},{"name":"parentSuite","value":"src.tests.ui"},{"name":"suite","value":"test_add_product_to_cart"},{"name":"host","value":"runnervmh13bl"},{"name":"thread","value":"2591-MainThread"},{"name":"framework","value":"pytest"},{"name":"language","value":"cpython3"},{"name":"package","value":"src.tests.ui.test_add_product_to_cart"},{"name":"resultFormat","value":"allure2"}],"parameters":[],"links":[],"hidden":false,"retry":false,"extra":{"severity":"normal","retries":[],"categories":[{"name":"Test defects","matchedStatuses":[],"flaky":false}],"tags":["ui"]},"source":"9fa5a2a3a3f58a2f.json","parameterValues":[]}