{"uid":"b44175f3972a7333","name":"정상적인 검색어로 상품 검색","fullName":"src.tests.ui.test_ui_search.TestSearch#test_search_valid_keyword","historyId":"22a40ca574a2ab9c3cd565898a8baa6c","time":{"start":1767072071935,"stop":1767072078739,"duration":6804},"description":"\n    **목적:** 유효한 검색어로 검색 시 적절한 검색 결과가 표시되는지 확인\n\n    **테스트 단계:**\n    1. 마켓컬리 메인 페이지 접속\n    2. 검색창에 검색어 입력 (예: \"사과\")\n    3. 검색 버튼 클릭\n    4. 검색 결과 확인\n\n    **예상 결과:** 검색어와 관련된 상품이 1개 이상 표시됨\n    ","descriptionHtml":"<pre><code>**목적:** 유효한 검색어로 검색 시 적절한 검색 결과가 표시되는지 확인\n\n**테스트 단계:**\n1. 마켓컬리 메인 페이지 접속\n2. 검색창에 검색어 입력 (예: &quot;사과&quot;)\n3. 검색 버튼 클릭\n4. 검색 결과 확인\n\n**예상 결과:** 검색어와 관련된 상품이 1개 이상 표시됨\n</code></pre>\n","status":"broken","statusMessage":"selenium.common.exceptions.TimeoutException: Message: ❌ 요소들을 찾을 수 없습니다: ('xpath', \"//div[contains(@class,'product-list')]//a\")","statusTrace":"src/pages/base_page.py:253: in find_elements\n    return wait.until(EC.presence_of_all_elements_located(locator))\nvenv/lib/python3.11/site-packages/selenium/webdriver/support/wait.py:105: in until\n    raise TimeoutException(message, screen, stacktrace)\nE   selenium.common.exceptions.TimeoutException: Message:\n\nDuring handling of the above exception, another exception occurred:\nsrc/tests/ui/test_ui_search.py:44: in test_search_valid_keyword\n    results_count = kurly_main_page.get_search_results_count()\nsrc/pages/kurly_main_page.py:87: in get_search_results_count\n    results = self.find_elements(self.SEARCH_RESULTS)\nsrc/pages/base_page.py:258: in find_elements\n    raise TimeoutException(f\"❌ 요소들을 찾을 수 없습니다: {locator}\")\nE   selenium.common.exceptions.TimeoutException: Message: ❌ 요소들을 찾을 수 없습니다: ('xpath', \"//div[contains(@class,'product-list')]//a\")","flaky":false,"newFailed":false,"newBroken":false,"newPassed":false,"retriesCount":0,"retriesStatusChange":false,"beforeStages":[{"name":"driver","time":{"start":1767072054986,"stop":1767072055708,"duration":722},"status":"passed","steps":[],"attachments":[],"parameters":[],"shouldDisplayMessage":false,"stepsCount":0,"attachmentsCount":0,"hasContent":false,"attachmentStep":false},{"name":"kurly_main_page","time":{"start":1767072071935,"stop":1767072071935,"duration":0},"status":"passed","steps":[],"attachments":[],"parameters":[],"shouldDisplayMessage":false,"stepsCount":0,"attachmentsCount":0,"hasContent":false,"attachmentStep":false}],"testStage":{"description":"\n    **목적:** 유효한 검색어로 검색 시 적절한 검색 결과가 표시되는지 확인\n\n    **테스트 단계:**\n    1. 마켓컬리 메인 페이지 접속\n    2. 검색창에 검색어 입력 (예: \"사과\")\n    3. 검색 버튼 클릭\n    4. 검색 결과 확인\n\n    **예상 결과:** 검색어와 관련된 상품이 1개 이상 표시됨\n    ","status":"broken","statusMessage":"selenium.common.exceptions.TimeoutException: Message: ❌ 요소들을 찾을 수 없습니다: ('xpath', \"//div[contains(@class,'product-list')]//a\")","statusTrace":"src/pages/base_page.py:253: in find_elements\n    return wait.until(EC.presence_of_all_elements_located(locator))\nvenv/lib/python3.11/site-packages/selenium/webdriver/support/wait.py:105: in until\n    raise TimeoutException(message, screen, stacktrace)\nE   selenium.common.exceptions.TimeoutException: Message:\n\nDuring handling of the above exception, another exception occurred:\nsrc/tests/ui/test_ui_search.py:44: in test_search_valid_keyword\n    results_count = kurly_main_page.get_search_results_count()\nsrc/pages/kurly_main_page.py:87: in get_search_results_count\n    results = self.find_elements(self.SEARCH_RESULTS)\nsrc/pages/base_page.py:258: in find_elements\n    raise TimeoutException(f\"❌ 요소들을 찾을 수 없습니다: {locator}\")\nE   selenium.common.exceptions.TimeoutException: Message: ❌ 요소들을 찾을 수 없습니다: ('xpath', \"//div[contains(@class,'product-list')]//a\")","steps":[{"name":"마켓컬리 메인 페이지로 이동","time":{"start":1767072071935,"stop":1767072073066,"duration":1131},"status":"passed","steps":[],"attachments":[],"parameters":[],"shouldDisplayMessage":false,"stepsCount":0,"attachmentsCount":0,"hasContent":false,"attachmentStep":false},{"name":"'계란' 검색","time":{"start":1767072073066,"stop":1767072073307,"duration":241},"status":"passed","steps":[],"attachments":[],"parameters":[],"shouldDisplayMessage":false,"stepsCount":0,"attachmentsCount":0,"hasContent":false,"attachmentStep":false},{"name":"검색 결과 확인","time":{"start":1767072073307,"stop":1767072078739,"duration":5432},"status":"broken","statusMessage":"selenium.common.exceptions.TimeoutException: Message: ❌ 요소들을 찾을 수 없습니다: ('xpath', \"//div[contains(@class,'product-list')]//a\")\n\n","statusTrace":"  File \"/home/runner/work/QATEST/QATEST/src/tests/ui/test_ui_search.py\", line 44, in test_search_valid_keyword\n    results_count = kurly_main_page.get_search_results_count()\n                    ^^^^^^^^^^^^^^^^^^^^^^^^^^^^^^^^^^^^^^^^^^\n  File \"/home/runner/work/QATEST/QATEST/src/pages/kurly_main_page.py\", line 87, in get_search_results_count\n    results = self.find_elements(self.SEARCH_RESULTS)\n              ^^^^^^^^^^^^^^^^^^^^^^^^^^^^^^^^^^^^^^^\n  File \"/home/runner/work/QATEST/QATEST/src/pages/base_page.py\", line 258, in find_elements\n    raise TimeoutException(f\"❌ 요소들을 찾을 수 없습니다: {locator}\")\n","steps":[],"attachments":[],"parameters":[],"shouldDisplayMessage":true,"stepsCount":0,"attachmentsCount":0,"hasContent":true,"attachmentStep":false}],"attachments":[{"uid":"6f4341c197a35ad7","name":"log","source":"6f4341c197a35ad7.txt","type":"text/plain","size":145634},{"uid":"f26f7f2ef2dd4ef0","name":"stderr","source":"f26f7f2ef2dd4ef0.txt","type":"text/plain","size":616}],"parameters":[],"shouldDisplayMessage":true,"stepsCount":3,"attachmentsCount":2,"hasContent":true,"attachmentStep":false},"afterStages":[{"name":"driver::0","time":{"start":1767072085410,"stop":1767072085489,"duration":79},"status":"passed","steps":[],"attachments":[],"parameters":[],"shouldDisplayMessage":false,"stepsCount":0,"attachmentsCount":0,"hasContent":false,"attachmentStep":false}],"labels":[{"name":"feature","value":"상품 검색"},{"name":"story","value":"검색 기능"},{"name":"severity","value":"critical"},{"name":"tag","value":"ui"},{"name":"parentSuite","value":"src.tests.ui"},{"name":"suite","value":"test_ui_search"},{"name":"subSuite","value":"TestSearch"},{"name":"host","value":"runnervmh13bl"},{"name":"thread","value":"2591-MainThread"},{"name":"framework","value":"pytest"},{"name":"language","value":"cpython3"},{"name":"package","value":"src.tests.ui.test_ui_search"},{"name":"resultFormat","value":"allure2"}],"parameters":[{"name":"keyword","value":"'계란'"}],"links":[],"hidden":false,"retry":false,"extra":{"severity":"critical","retries":[],"categories":[{"name":"Test defects","matchedStatuses":[],"flaky":false}],"tags":["ui"]},"source":"b44175f3972a7333.json","parameterValues":["'계란'"]}