{"uid":"dfe19cdf3e155eb4","name":"장바구니 페이지 접근 테스트","fullName":"src.tests.ui.test_ui_cart.TestCart#test_cart_page_access","historyId":"ab05b45a73f200ad22d458bd2a280d4b","time":{"start":1767070852459,"stop":1767070862435,"duration":9976},"description":"\n    **목적:** 장바구니 아이콘 클릭 시 장바구니 페이지로 정상 이동하는지 확인\n\n    **테스트 단계:**\n    1. 마켓컬리 메인 페이지 접속\n    2. 장바구니 아이콘 클릭\n    3. URL에 'cart' 포함 확인\n    4. 페이지 제목 확인\n\n    **예상 결과:** 장바구니 페이지로 정상 이동\n    ","descriptionHtml":"<pre><code>**목적:** 장바구니 아이콘 클릭 시 장바구니 페이지로 정상 이동하는지 확인\n\n**테스트 단계:**\n1. 마켓컬리 메인 페이지 접속\n2. 장바구니 아이콘 클릭\n3. URL에 'cart' 포함 확인\n4. 페이지 제목 확인\n\n**예상 결과:** 장바구니 페이지로 정상 이동\n</code></pre>\n","status":"broken","statusMessage":"selenium.common.exceptions.TimeoutException: Message: ❌ 요소를 클릭할 수 없습니다: ('css selector', '.css-1e2hf7q.eebvnww2')","statusTrace":"src/pages/base_page.py:273: in click\n    element = self.wait_clickable(locator, timeout)\nsrc/pages/base_page.py:128: in wait_clickable\n    return wait.until(EC.element_to_be_clickable(locator))\nvenv/lib/python3.11/site-packages/selenium/webdriver/support/wait.py:105: in until\n    raise TimeoutException(message, screen, stacktrace)\nE   selenium.common.exceptions.TimeoutException: Message: \nE   Stacktrace:\nE   #0 0x5579a129d61a <unknown>\nE   #1 0x5579a0d1a20b <unknown>\nE   #2 0x5579a0d6b90f <unknown>\nE   #3 0x5579a0d6bb51 <unknown>\nE   #4 0x5579a0db9d84 <unknown>\nE   #5 0x5579a0db720e <unknown>\nE   #6 0x5579a0d5e232 <unknown>\nE   #7 0x5579a0d5eee1 <unknown>\nE   #8 0x5579a12663f9 <unknown>\nE   #9 0x5579a126934d <unknown>\nE   #10 0x5579a124f122 <unknown>\nE   #11 0x5579a1269f2b <unknown>\nE   #12 0x5579a1235c30 <unknown>\nE   #13 0x5579a128ad78 <unknown>\nE   #14 0x5579a128af4c <unknown>\nE   #15 0x5579a129c973 <unknown>\nE   #16 0x7f0c2ee9caa4 <unknown>\nE   #17 0x7f0c2ef29c6c <unknown>\n\nDuring handling of the above exception, another exception occurred:\nsrc/tests/ui/test_ui_cart.py:34: in test_cart_page_access\n    kurly_cart_page.click_cart_icon()\nsrc/pages/kurly_cart_page.py:48: in click_cart_icon\n    self.click(self.CART_ICON)\nsrc/pages/base_page.py:278: in click\n    raise TimeoutException(f\"❌ 요소를 클릭할 수 없습니다: {locator}\")\nE   selenium.common.exceptions.TimeoutException: Message: ❌ 요소를 클릭할 수 없습니다: ('css selector', '.css-1e2hf7q.eebvnww2')","flaky":false,"newFailed":false,"newBroken":false,"newPassed":false,"retriesCount":0,"retriesStatusChange":false,"beforeStages":[{"name":"driver","time":{"start":1767070851861,"stop":1767070852459,"duration":598},"status":"passed","steps":[],"attachments":[],"parameters":[],"shouldDisplayMessage":false,"stepsCount":0,"attachmentsCount":0,"hasContent":false,"attachmentStep":false},{"name":"kurly_cart_page","time":{"start":1767070852459,"stop":1767070852459,"duration":0},"status":"passed","steps":[],"attachments":[],"parameters":[],"shouldDisplayMessage":false,"stepsCount":0,"attachmentsCount":0,"hasContent":false,"attachmentStep":false},{"name":"kurly_main_page","time":{"start":1767070852459,"stop":1767070852459,"duration":0},"status":"passed","steps":[],"attachments":[],"parameters":[],"shouldDisplayMessage":false,"stepsCount":0,"attachmentsCount":0,"hasContent":false,"attachmentStep":false}],"testStage":{"description":"\n    **목적:** 장바구니 아이콘 클릭 시 장바구니 페이지로 정상 이동하는지 확인\n\n    **테스트 단계:**\n    1. 마켓컬리 메인 페이지 접속\n    2. 장바구니 아이콘 클릭\n    3. URL에 'cart' 포함 확인\n    4. 페이지 제목 확인\n\n    **예상 결과:** 장바구니 페이지로 정상 이동\n    ","status":"broken","statusMessage":"selenium.common.exceptions.TimeoutException: Message: ❌ 요소를 클릭할 수 없습니다: ('css selector', '.css-1e2hf7q.eebvnww2')","statusTrace":"src/pages/base_page.py:273: in click\n    element = self.wait_clickable(locator, timeout)\nsrc/pages/base_page.py:128: in wait_clickable\n    return wait.until(EC.element_to_be_clickable(locator))\nvenv/lib/python3.11/site-packages/selenium/webdriver/support/wait.py:105: in until\n    raise TimeoutException(message, screen, stacktrace)\nE   selenium.common.exceptions.TimeoutException: Message: \nE   Stacktrace:\nE   #0 0x5579a129d61a <unknown>\nE   #1 0x5579a0d1a20b <unknown>\nE   #2 0x5579a0d6b90f <unknown>\nE   #3 0x5579a0d6bb51 <unknown>\nE   #4 0x5579a0db9d84 <unknown>\nE   #5 0x5579a0db720e <unknown>\nE   #6 0x5579a0d5e232 <unknown>\nE   #7 0x5579a0d5eee1 <unknown>\nE   #8 0x5579a12663f9 <unknown>\nE   #9 0x5579a126934d <unknown>\nE   #10 0x5579a124f122 <unknown>\nE   #11 0x5579a1269f2b <unknown>\nE   #12 0x5579a1235c30 <unknown>\nE   #13 0x5579a128ad78 <unknown>\nE   #14 0x5579a128af4c <unknown>\nE   #15 0x5579a129c973 <unknown>\nE   #16 0x7f0c2ee9caa4 <unknown>\nE   #17 0x7f0c2ef29c6c <unknown>\n\nDuring handling of the above exception, another exception occurred:\nsrc/tests/ui/test_ui_cart.py:34: in test_cart_page_access\n    kurly_cart_page.click_cart_icon()\nsrc/pages/kurly_cart_page.py:48: in click_cart_icon\n    self.click(self.CART_ICON)\nsrc/pages/base_page.py:278: in click\n    raise TimeoutException(f\"❌ 요소를 클릭할 수 없습니다: {locator}\")\nE   selenium.common.exceptions.TimeoutException: Message: ❌ 요소를 클릭할 수 없습니다: ('css selector', '.css-1e2hf7q.eebvnww2')","steps":[{"name":"마켓컬리 메인 페이지로 이동","time":{"start":1767070852460,"stop":1767070857053,"duration":4593},"status":"passed","steps":[],"attachments":[],"parameters":[],"shouldDisplayMessage":false,"stepsCount":0,"attachmentsCount":0,"hasContent":false,"attachmentStep":false},{"name":"장바구니 아이콘 클릭","time":{"start":1767070857053,"stop":1767070862434,"duration":5381},"status":"broken","statusMessage":"selenium.common.exceptions.TimeoutException: Message: ❌ 요소를 클릭할 수 없습니다: ('css selector', '.css-1e2hf7q.eebvnww2')\n\n","statusTrace":"  File \"/home/runner/work/QATEST/QATEST/src/tests/ui/test_ui_cart.py\", line 34, in test_cart_page_access\n    kurly_cart_page.click_cart_icon()\n  File \"/home/runner/work/QATEST/QATEST/src/pages/kurly_cart_page.py\", line 48, in click_cart_icon\n    self.click(self.CART_ICON)\n  File \"/home/runner/work/QATEST/QATEST/src/pages/base_page.py\", line 278, in click\n    raise TimeoutException(f\"❌ 요소를 클릭할 수 없습니다: {locator}\")\n","steps":[],"attachments":[],"parameters":[],"shouldDisplayMessage":true,"stepsCount":0,"attachmentsCount":0,"hasContent":true,"attachmentStep":false}],"attachments":[{"uid":"f61fbe86f102a86a","name":"log","source":"f61fbe86f102a86a.txt","type":"text/plain","size":281901},{"uid":"8157d56caeca1678","name":"stderr","source":"8157d56caeca1678.txt","type":"text/plain","size":455}],"parameters":[],"shouldDisplayMessage":true,"stepsCount":2,"attachmentsCount":2,"hasContent":true,"attachmentStep":false},"afterStages":[{"name":"driver::0","time":{"start":1767070862448,"stop":1767070862517,"duration":69},"status":"passed","steps":[],"attachments":[],"parameters":[],"shouldDisplayMessage":false,"stepsCount":0,"attachmentsCount":0,"hasContent":false,"attachmentStep":false}],"labels":[{"name":"severity","value":"critical"},{"name":"feature","value":"장바구니"},{"name":"story","value":"장바구니 접근"},{"name":"tag","value":"ui"},{"name":"parentSuite","value":"src.tests.ui"},{"name":"suite","value":"test_ui_cart"},{"name":"subSuite","value":"TestCart"},{"name":"host","value":"runnervmh13bl"},{"name":"thread","value":"2586-MainThread"},{"name":"framework","value":"pytest"},{"name":"language","value":"cpython3"},{"name":"package","value":"src.tests.ui.test_ui_cart"},{"name":"resultFormat","value":"allure2"}],"parameters":[],"links":[],"hidden":false,"retry":false,"extra":{"severity":"critical","retries":[],"categories":[{"name":"Test defects","matchedStatuses":[],"flaky":false}],"tags":["ui"]},"source":"dfe19cdf3e155eb4.json","parameterValues":[]}